3A\198_8871_combined.png 3B\213_7140_combined.png 1
3A\198_8901_representative.png 3B\212_7170_combined.png -1
3A\198_8891_combined.png 3B\212_7124_combined.png -1
3A\198_8897_combined.png 3B\213_7134_combined.png 1
3A\198_8895_combined.png 3B\212_7136_combined.png -1
3A\198_8899_combined.png 3B\213_7140_combined.png 1
3A\198_8877_combined.png 3B\212_7120_combined.png -1
3A\198_8901_representative.png 3B\213_7154_combined.png 1
3A\198_8895_combined.png 3B\212_7172_combined.png -1
3A\198_8899_combined.png 3B\212_7146_combined.png -1
3A\198_8901_combined.png 3B\212_7152_combined.png -1
3A\198_8895_combined.png 3B\212_7170_combined.png -1
3A\196_8915_combined.png 3B\212_7164_combined.png 1
3A\196_8889_combined.png 3B\216_7170_combined.png -1
3A\196_8911_combined.png 3B\216_7150_combined.png -1
3A\196_8877_combined.png 3B\212_7170_combined.png 1
3A\196_8901_combined.png 3B\216_7160_combined.png -1
3A\196_8917_combined.png 3B\212_7130_combined.png 1
3A\196_8915_combined.png 3B\216_7184_combined.png -1
3A\196_8857_combined.png 3B\212_7112_combined.png 1
3A\196_8899_combined.png 3B\216_7146_combined.png -1
3A\196_8891_combined.png 3B\216_7148_combined.png -1
3A\196_8895_combined.png 3B\216_7164_combined.png -1
3A\196_8893_combined.png 3B\216_7180_combined.png -1
3A\200_8919_combined.png 3B\216_7178_combined.png 1
3A\200_8899_combined.png 3B\1_830_combined.png -1
3A\200_8925_combined.png 3B\1_804_combined.png -1
3A\200_8931_combined.png 3B\216_7158_combined.png 1
3A\200_8945_combined.png 3B\1_840_combined.png -1
3A\200_8949_combined.png 3B\216_7188_combined.png 1
3A\200_8893_combined.png 3B\1_830_combined.png -1
3A\200_8937_combined.png 3B\216_7196_combined.png 1
3A\200_8923_combined.png 3B\1_800_combined.png -1
3A\200_8895_combined.png 3B\1_808_combined.png -1
3A\200_8945_combined.png 3B\1_830_combined.png -1
3A\200_8951_combined.png 3B\1_826_combined.png -1
3A\2_965_combined.png 3B\1_810_combined.png 1
3A\2_979_combined.png 3B\122_4260_combined.png -1
3A\2_977_combined.png 3B\122_4260_combined.png -1
3A\2_957_combined.png 3B\1_802_combined.png 1
3A\2_993_combined.png 3B\122_4244_combined.png -1
3A\2_1005_combined.png 3B\1_818_combined.png 1
3A\2_939_combined.png 3B\122_4202_combined.png -1
3A\2_929_combined.png 3B\1_832_combined.png 1
3A\2_945_combined.png 3B\122_4208_combined.png -1
3A\2_943_combined.png 3B\122_4248_combined.png -1
3A\2_979_combined.png 3B\122_4236_combined.png -1
3A\2_1009_combined.png 3B\122_4224_combined.png -1
3A\104_5247_combined.png 3B\122_4238_combined.png 1
3A\104_5215_combined.png 3B\126_4356_combined.png -1
3A\104_5231_combined.png 3B\126_4378_combined.png -1
3A\104_5231_combined.png 3B\122_4210_combined.png 1
3A\104_5251_combined.png 3B\126_4346_combined.png -1
3A\104_5241_combined.png 3B\122_4216_combined.png 1
3A\104_5223_combined.png 3B\126_4388_combined.png -1
3A\104_5275_combined.png 3B\122_4220_combined.png 1
3A\104_5227_combined.png 3B\126_4350_combined.png -1
3A\104_5257_combined.png 3B\126_4372_combined.png -1
3A\104_5217_combined.png 3B\126_4384_combined.png -1
3A\104_5247_combined.png 3B\126_4368_combined.png -1
3A\107_5367_combined.png 3B\126_4378_combined.png 1
3A\107_5405_combined.png 3B\193_6574_representative.png -1
3A\107_5405_combined.png 3B\193_6586_combined.png -1
3A\107_5405_combined.png 3B\126_4360_combined.png 1
3A\107_5417_combined.png 3B\193_6574_representative.png -1
3A\107_5367_combined.png 3B\126_4348_combined.png 1
3A\107_5387_combined.png 3B\193_6584_combined.png -1
3A\107_5395_combined.png 3B\126_4388_combined.png 1
3A\107_5445_combined.png 3B\193_6606_combined.png -1
3A\107_5439_combined.png 3B\193_6594_combined.png -1
3A\107_5379_combined.png 3B\193_6602_combined.png -1
3A\107_5445_representative.png 3B\193_6572_combined.png -1
3A\173_8213_combined.png 3B\193_6586_combined.png 1
3A\173_8199_combined.png 3B\106_3706_combined.png -1
3A\173_8217_combined.png 3B\106_3688_combined.png -1
3A\173_8231_combined.png 3B\193_6598_combined.png 1
3A\173_8233_combined.png 3B\106_3694_combined.png -1
3A\173_8185_combined.png 3B\193_6590_combined.png 1
3A\173_8199_combined.png 3B\106_3710_combined.png -1
3A\173_8223_combined.png 3B\193_6596_combined.png 1
3A\173_8195_combined.png 3B\106_3684_combined.png -1
3A\173_8207_combined.png 3B\106_3684_combined.png -1
3A\173_8195_combined.png 3B\106_3662_combined.png -1
3A\173_8195_combined.png 3B\106_3716_combined.png -1
3A\87_4561_combined.png 3B\106_3658_combined.png 1
3A\87_4571_combined.png 3B\112_3970_combined.png -1
3A\87_4553_combined.png 3B\112_3940_combined.png -1
3A\87_4591_combined.png 3B\106_3696_combined.png 1
3A\87_4579_combined.png 3B\112_3972_combined.png -1
3A\87_4577_combined.png 3B\106_3718_combined.png 1
3A\87_4599_combined.png 3B\112_3976_combined.png -1
3A\87_4603_combined.png 3B\106_3684_combined.png 1
3A\87_4553_combined.png 3B\112_3976_combined.png -1
3A\87_4573_combined.png 3B\112_3948_combined.png -1
3A\87_4553_combined.png 3B\112_3944_combined.png -1
3A\87_4565_combined.png 3B\112_3990_combined.png -1
3A\93_4885_combined.png 3B\112_3966_combined.png 1
3A\93_4877_combined.png 3B\181_6234_combined.png -1
3A\93_4889_combined.png 3B\181_6226_combined.png -1
3A\93_4887_combined.png 3B\112_3944_combined.png 1
3A\93_4933_combined.png 3B\181_6202_combined.png -1
3A\93_4883_combined.png 3B\112_3932_combined.png 1
3A\93_4913_combined.png 3B\181_6218_combined.png -1
3A\93_4893_combined.png 3B\112_3958_combined.png 1
3A\93_4935_combined.png 3B\181_6236_combined.png -1
3A\93_4883_combined.png 3B\181_6232_combined.png -1
3A\93_4921_combined.png 3B\181_6198_combined.png -1
3A\93_4919_combined.png 3B\181_6220_combined.png -1
3A\165_7749_combined.png 3B\181_6206_combined.png 1
3A\165_7757_representative.png 3B\53_2156_combined.png -1
3A\165_7697_combined.png 3B\53_2168_combined.png -1
3A\165_7697_combined.png 3B\181_6192_combined.png 1
3A\165_7703_combined.png 3B\53_2150_combined.png -1
3A\165_7733_combined.png 3B\181_6222_combined.png 1
3A\165_7709_combined.png 3B\53_2146_combined.png -1
3A\165_7719_combined.png 3B\181_6226_combined.png 1
3A\165_7729_combined.png 3B\53_2148_combined.png -1
3A\165_7713_combined.png 3B\53_2142_combined.png -1
3A\165_7725_combined.png 3B\53_2138_combined.png -1
3A\165_7705_combined.png 3B\53_2136_combined.png -1
3A\39_2677_combined.png 3B\53_2168_combined.png 1
3A\39_2659_combined.png 3B\170_5838_combined.png -1
3A\39_2665_combined.png 3B\170_5832_combined.png -1
3A\39_2671_combined.png 3B\53_2168_combined.png 1
3A\39_2625_combined.png 3B\170_5864_combined.png -1
3A\39_2643_combined.png 3B\53_2164_combined.png 1
3A\39_2637_combined.png 3B\170_5890_combined.png -1
3A\39_2641_combined.png 3B\53_2138_representative.png 1
3A\39_2665_combined.png 3B\170_5834_combined.png -1
3A\39_2627_combined.png 3B\170_5846_combined.png -1
3A\39_2659_combined.png 3B\170_5884_combined.png -1
3A\39_2641_combined.png 3B\170_5858_combined.png -1
3A\152_7285_combined.png 3B\170_5832_combined.png 1
3A\152_7297_combined.png 3B\40_1860_combined.png -1
3A\152_7297_combined.png 3B\40_1848_combined.png -1
3A\152_7273_combined.png 3B\170_5844_combined.png 1
3A\152_7285_combined.png 3B\40_1834_combined.png -1
3A\152_7327_representative.png 3B\170_5896_combined.png 1
3A\152_7297_combined.png 3B\40_1852_combined.png -1
3A\152_7285_combined.png 3B\170_5898_combined.png 1
3A\152_7255_combined.png 3B\40_1862_combined.png -1
3A\152_7287_combined.png 3B\40_1838_combined.png -1
3A\152_7323_combined.png 3B\40_1838_combined.png -1
3A\152_7317_combined.png 3B\40_1848_combined.png -1
3A\30_2221_combined.png 3B\40_1852_combined.png 1
3A\30_2243_combined.png 3B\26_1370_combined.png -1
3A\30_2237_combined.png 3B\26_1396_combined.png -1
3A\30_2261_combined.png 3B\40_1862_combined.png 1
3A\30_2223_combined.png 3B\26_1380_combined.png -1
3A\30_2253_combined.png 3B\40_1868_combined.png 1
3A\30_2229_combined.png 3B\26_1368_combined.png -1
3A\30_2249_combined.png 3B\40_1844_combined.png 1
3A\30_2233_combined.png 3B\26_1396_combined.png -1
3A\30_2219_combined.png 3B\26_1392_combined.png -1
3A\30_2267_combined.png 3B\26_1370_combined.png -1
3A\30_2267_combined.png 3B\26_1412_combined.png -1
3A\18_1671_combined.png 3B\26_1412_representative.png 1
3A\18_1723_combined.png 3B\15_1270_combined.png -1
3A\18_1719_combined.png 3B\15_1230_combined.png -1
3A\18_1705_combined.png 3B\26_1394_combined.png 1
3A\18_1701_combined.png 3B\15_1230_combined.png -1
3A\18_1681_combined.png 3B\26_1374_combined.png 1
3A\18_1723_combined.png 3B\15_1270_combined.png -1
3A\18_1669_combined.png 3B\26_1412_combined.png 1
3A\18_1721_combined.png 3B\15_1256_combined.png -1
3A\18_1653_combined.png 3B\15_1232_combined.png -1
3A\18_1685_combined.png 3B\15_1234_combined.png -1
3A\18_1699_combined.png 3B\15_1240_combined.png -1
3A\12_1493_combined.png 3B\15_1258_combined.png 1
3A\12_1525_combined.png 3B\39_1798_combined.png -1
3A\12_1549_representative.png 3B\39_1764_combined.png -1
3A\12_1499_combined.png 3B\15_1262_combined.png 1
3A\12_1479_combined.png 3B\39_1790_combined.png -1
3A\12_1483_combined.png 3B\15_1264_combined.png 1
3A\12_1481_combined.png 3B\39_1794_combined.png -1
3A\12_1487_combined.png 3B\15_1260_combined.png 1
3A\12_1479_combined.png 3B\39_1764_combined.png -1
3A\12_1517_combined.png 3B\39_1772_combined.png -1
3A\12_1483_combined.png 3B\39_1798_combined.png -1
3A\12_1549_combined.png 3B\39_1800_combined.png -1
3A\29_2203_combined.png 3B\39_1776_combined.png 1
3A\29_2165_combined.png 3B\124_4342_combined.png -1
3A\29_2153_combined.png 3B\124_4354_combined.png -1
3A\29_2151_combined.png 3B\39_1796_combined.png 1
3A\29_2175_combined.png 3B\124_4326_combined.png -1
3A\29_2189_combined.png 3B\39_1758_combined.png 1
3A\29_2159_combined.png 3B\124_4360_combined.png -1
3A\29_2193_combined.png 3B\39_1774_combined.png 1
3A\29_2167_combined.png 3B\124_4324_combined.png -1
3A\29_2211_representative.png 3B\124_4348_combined.png -1
3A\29_2209_combined.png 3B\124_4322_combined.png -1
3A\29_2153_combined.png 3B\124_4328_combined.png -1
3A\106_5395_combined.png 3B\124_4334_combined.png 1
3A\106_5409_representative.png 3B\120_4174_combined.png -1
3A\106_5369_combined.png 3B\120_4204_combined.png -1
3A\106_5345_combined.png 3B\124_4344_combined.png 1
3A\106_5357_combined.png 3B\120_4182_combined.png -1
3A\106_5407_combined.png 3B\124_4340_combined.png 1
3A\106_5377_combined.png 3B\120_4164_combined.png -1
3A\106_5407_combined.png 3B\124_4360_representative.png 1
3A\106_5337_combined.png 3B\120_4182_combined.png -1
3A\106_5371_combined.png 3B\120_4198_combined.png -1
3A\106_5405_combined.png 3B\120_4160_combined.png -1
3A\106_5401_combined.png 3B\120_4208_combined.png -1
3A\102_5215_combined.png 3B\120_4204_combined.png 1
3A\102_5233_combined.png 3B\183_6242_combined.png -1
3A\102_5231_combined.png 3B\183_6232_combined.png -1
3A\102_5173_combined.png 3B\120_4202_combined.png 1
3A\102_5223_combined.png 3B\183_6234_combined.png -1
3A\102_5211_combined.png 3B\120_4174_combined.png 1
3A\102_5235_combined.png 3B\183_6254_representative.png -1
3A\102_5217_combined.png 3B\120_4176_combined.png 1
3A\102_5187_combined.png 3B\183_6228_combined.png -1
3A\102_5245_representative.png 3B\183_6238_combined.png -1
3A\102_5215_combined.png 3B\183_6236_combined.png -1
3A\102_5203_combined.png 3B\183_6254_representative.png -1
3A\166_7755_combined.png 3B\183_6228_combined.png 1
3A\166_7769_combined.png 3B\150_5362_combined.png -1
3A\166_7721_combined.png 3B\150_5330_combined.png -1
3A\166_7733_combined.png 3B\183_6234_combined.png 1
3A\166_7777_combined.png 3B\150_5334_combined.png -1
3A\166_7771_combined.png 3B\183_6232_combined.png 1
3A\166_7775_combined.png 3B\150_5350_combined.png -1
3A\166_7733_combined.png 3B\183_6240_combined.png 1
3A\166_7759_combined.png 3B\150_5324_combined.png -1
3A\166_7775_combined.png 3B\150_5366_combined.png -1
3A\166_7721_combined.png 3B\150_5358_combined.png -1
3A\166_7759_combined.png 3B\150_5350_combined.png -1
3A\139_6663_representative.png 3B\150_5366_combined.png 1
3A\139_6637_combined.png 3B\109_3730_combined.png -1
3A\139_6601_combined.png 3B\109_3726_combined.png -1
3A\139_6585_combined.png 3B\150_5356_combined.png 1
3A\139_6623_combined.png 3B\109_3720_combined.png -1
3A\139_6603_combined.png 3B\150_5318_combined.png 1
3A\139_6581_combined.png 3B\109_3726_combined.png -1
3A\139_6633_combined.png 3B\150_5356_combined.png 1
3A\139_6591_combined.png 3B\109_3712_combined.png -1
3A\139_6597_combined.png 3B\109_3712_combined.png -1
3A\139_6655_combined.png 3B\109_3734_combined.png -1
3A\139_6599_combined.png 3B\109_3738_combined.png -1
3A\89_4597_combined.png 3B\109_3716_combined.png 1
3A\89_4631_combined.png 3B\123_4280_combined.png -1
3A\89_4623_combined.png 3B\123_4268_combined.png -1
3A\89_4631_combined.png 3B\109_3736_combined.png 1
3A\89_4613_combined.png 3B\123_4302_combined.png -1
3A\89_4617_combined.png 3B\109_3726_combined.png 1
3A\89_4603_combined.png 3B\123_4278_combined.png -1
3A\89_4593_combined.png 3B\109_3732_combined.png 1
3A\89_4609_combined.png 3B\123_4304_combined.png -1
3A\89_4613_combined.png 3B\123_4286_combined.png -1
3A\89_4619_combined.png 3B\123_4286_combined.png -1
3A\89_4631_combined.png 3B\123_4280_combined.png -1
3A\105_5327_combined.png 3B\123_4274_combined.png 1
3A\105_5321_combined.png 3B\129_4416_combined.png -1
3A\105_5275_combined.png 3B\129_4420_combined.png -1
3A\105_5319_combined.png 3B\123_4302_combined.png 1
3A\105_5313_combined.png 3B\129_4416_combined.png -1
3A\105_5329_combined.png 3B\123_4252_combined.png 1
3A\105_5291_combined.png 3B\129_4402_combined.png -1
3A\105_5315_combined.png 3B\123_4286_combined.png 1
3A\105_5313_combined.png 3B\129_4410_combined.png -1
3A\105_5307_combined.png 3B\129_4418_combined.png -1
3A\105_5303_combined.png 3B\129_4436_combined.png -1
3A\105_5289_combined.png 3B\129_4396_combined.png -1
3A\112_5475_combined.png 3B\129_4400_combined.png 1
3A\112_5511_combined.png 3B\174_5918_combined.png -1
3A\112_5487_combined.png 3B\174_5938_combined.png -1
3A\112_5459_combined.png 3B\129_4412_combined.png 1
3A\112_5471_combined.png 3B\174_5938_combined.png -1
3A\112_5453_combined.png 3B\129_4402_combined.png 1
3A\112_5503_combined.png 3B\174_5944_combined.png -1
3A\112_5497_combined.png 3B\129_4420_combined.png 1
3A\112_5481_combined.png 3B\174_5922_combined.png -1
3A\112_5455_combined.png 3B\174_5904_combined.png -1
3A\112_5473_combined.png 3B\174_5936_combined.png -1
3A\112_5453_combined.png 3B\174_5906_combined.png -1
3A\155_7339_combined.png 3B\174_5932_combined.png 1
3A\155_7333_combined.png 3B\220_7278_representative.png -1
3A\155_7363_combined.png 3B\220_7278_combined.png -1
3A\155_7383_combined.png 3B\174_5910_combined.png 1
3A\155_7385_representative.png 3B\220_7256_combined.png -1
3A\155_7329_combined.png 3B\174_5932_combined.png 1
3A\155_7337_combined.png 3B\220_7270_combined.png -1
3A\155_7333_combined.png 3B\174_5918_combined.png 1
3A\155_7339_combined.png 3B\220_7270_combined.png -1
3A\155_7383_combined.png 3B\220_7250_combined.png -1
3A\155_7363_combined.png 3B\220_7246_combined.png -1
3A\155_7383_combined.png 3B\220_7244_combined.png -1
3A\203_9017_combined.png 3B\220_7256_combined.png 1
3A\203_9029_combined.png 3B\71_2714_combined.png -1
3A\203_9025_combined.png 3B\71_2716_combined.png -1
3A\203_9039_combined.png 3B\220_7252_combined.png 1
3A\203_9031_combined.png 3B\71_2696_combined.png -1
3A\203_9025_combined.png 3B\220_7238_combined.png 1
3A\203_9059_combined.png 3B\71_2732_combined.png -1
3A\203_9039_combined.png 3B\220_7254_combined.png 1
3A\203_9043_combined.png 3B\71_2750_combined.png -1
3A\203_9025_combined.png 3B\71_2700_combined.png -1
3A\203_9043_combined.png 3B\71_2726_combined.png -1
3A\203_9009_combined.png 3B\71_2704_combined.png -1
3A\51_3323_combined.png 3B\71_2730_combined.png 1
3A\51_3343_combined.png 3B\223_7418_combined.png -1
3A\51_3333_combined.png 3B\223_7420_combined.png -1
3A\51_3335_combined.png 3B\71_2736_combined.png 1
3A\51_3393_combined.png 3B\223_7426_representative.png -1
3A\51_3327_combined.png 3B\71_2728_combined.png 1
3A\51_3321_combined.png 3B\223_7410_combined.png -1
3A\51_3361_combined.png 3B\71_2752_representative.png 1
3A\51_3329_combined.png 3B\223_7406_combined.png -1
3A\51_3373_combined.png 3B\223_7424_combined.png -1
3A\51_3323_combined.png 3B\223_7418_combined.png -1
3A\51_3339_combined.png 3B\223_7426_combined.png -1
3A\207_9199_combined.png 3B\223_7416_combined.png 1
3A\207_9169_combined.png 3B\59_2404_representative.png -1
3A\207_9201_combined.png 3B\59_2378_combined.png -1
3A\207_9223_combined.png 3B\223_7406_combined.png 1
3A\207_9169_combined.png 3B\59_2390_combined.png -1
3A\207_9171_combined.png 3B\223_7422_combined.png 1
3A\207_9207_combined.png 3B\59_2378_combined.png -1
3A\207_9225_combined.png 3B\223_7414_combined.png 1
3A\207_9169_combined.png 3B\59_2396_combined.png -1
3A\207_9229_representative.png 3B\59_2374_combined.png -1
3A\207_9199_combined.png 3B\59_2376_combined.png -1
3A\207_9203_combined.png 3B\59_2380_combined.png -1
3A\45_2913_combined.png 3B\59_2396_combined.png 1
3A\45_2933_combined.png 3B\28_1404_combined.png -1
3A\45_2951_combined.png 3B\28_1398_combined.png -1
3A\45_2917_combined.png 3B\59_2368_combined.png 1
3A\45_2911_combined.png 3B\28_1402_combined.png -1
3A\45_2957_combined.png 3B\59_2370_combined.png 1
3A\45_2903_combined.png 3B\28_1432_combined.png -1
3A\45_2933_combined.png 3B\59_2386_combined.png 1
3A\45_2955_combined.png 3B\28_1386_combined.png -1
3A\45_2963_representative.png 3B\28_1426_combined.png -1
3A\45_2939_combined.png 3B\28_1434_representative.png -1
3A\45_2941_combined.png 3B\28_1386_combined.png -1
3A\20_1729_combined.png 3B\28_1398_combined.png 1
3A\20_1733_combined.png 3B\132_4510_combined.png -1
3A\20_1683_combined.png 3B\132_4492_combined.png -1
3A\20_1665_combined.png 3B\28_1422_combined.png 1
3A\20_1737_combined.png 3B\132_4454_combined.png -1
3A\20_1743_combined.png 3B\28_1380_combined.png 1
3A\20_1747_combined.png 3B\132_4482_combined.png -1
3A\20_1693_combined.png 3B\28_1398_combined.png 1
3A\20_1741_combined.png 3B\132_4470_combined.png -1
3A\20_1743_combined.png 3B\132_4470_combined.png -1
3A\20_1737_combined.png 3B\132_4464_combined.png -1
3A\20_1673_combined.png 3B\132_4494_combined.png -1
3A\117_5527_combined.png 3B\132_4506_combined.png 1
3A\117_5591_combined.png 3B\32_1408_combined.png -1
3A\117_5557_combined.png 3B\32_1440_combined.png -1
3A\117_5565_combined.png 3B\132_4466_combined.png 1
3A\117_5529_combined.png 3B\32_1432_combined.png -1
3A\117_5567_combined.png 3B\132_4512_combined.png 1
3A\117_5543_combined.png 3B\32_1408_combined.png -1
3A\117_5595_representative.png 3B\132_4496_combined.png 1
3A\117_5575_combined.png 3B\32_1428_combined.png -1
3A\117_5535_combined.png 3B\32_1414_combined.png -1
3A\117_5527_combined.png 3B\32_1428_combined.png -1
3A\117_5565_combined.png 3B\32_1424_combined.png -1
3A\21_1707_combined.png 3B\32_1416_combined.png 1
3A\21_1697_combined.png 3B\137_4956_combined.png -1
3A\21_1729_combined.png 3B\137_4956_combined.png -1
3A\21_1701_combined.png 3B\32_1428_combined.png 1
3A\21_1721_combined.png 3B\137_4944_combined.png -1
3A\21_1703_combined.png 3B\32_1426_combined.png 1
3A\21_1691_combined.png 3B\137_4954_combined.png -1
3A\21_1723_combined.png 3B\32_1432_combined.png 1
3A\21_1751_combined.png 3B\137_4956_combined.png -1
3A\21_1785_combined.png 3B\137_4930_combined.png -1
3A\21_1689_combined.png 3B\137_4956_combined.png -1
3A\21_1679_combined.png 3B\137_4942_combined.png -1
3A\122_6157_combined.png 3B\137_4934_combined.png 1
3A\122_6119_combined.png 3B\100_3494_combined.png -1
3A\122_6165_representative.png 3B\100_3498_combined.png -1
3A\122_6123_combined.png 3B\137_4952_combined.png 1
3A\122_6135_combined.png 3B\100_3516_combined.png -1
3A\122_6161_combined.png 3B\137_4948_combined.png 1
3A\122_6165_representative.png 3B\100_3514_combined.png -1
3A\122_6125_combined.png 3B\137_4964_representative.png 1
3A\122_6121_combined.png 3B\100_3528_combined.png -1
3A\122_6163_combined.png 3B\100_3492_combined.png -1
3A\122_6123_combined.png 3B\100_3530_representative.png -1
3A\122_6159_combined.png 3B\100_3470_combined.png -1
3A\82_4283_combined.png 3B\100_3498_combined.png 1
3A\82_4275_combined.png 3B\219_7264_combined.png -1
3A\82_4351_combined.png 3B\219_7256_combined.png -1
3A\82_4305_combined.png 3B\100_3472_combined.png 1
3A\82_4315_combined.png 3B\219_7232_combined.png -1
3A\82_4333_combined.png 3B\100_3482_combined.png 1
3A\82_4321_combined.png 3B\219_7254_combined.png -1
3A\82_4307_combined.png 3B\100_3530_combined.png 1
3A\82_4271_combined.png 3B\219_7254_combined.png -1
3A\82_4333_combined.png 3B\219_7270_combined.png -1
3A\82_4331_combined.png 3B\219_7250_combined.png -1
3A\82_4307_combined.png 3B\219_7246_combined.png -1
3A\202_9047_combined.png 3B\219_7264_combined.png 1
3A\202_9011_combined.png 3B\215_7168_combined.png -1
3A\202_9001_combined.png 3B\215_7178_combined.png -1
3A\202_8993_combined.png 3B\219_7262_combined.png 1
3A\202_9007_combined.png 3B\215_7162_combined.png -1
3A\202_8999_combined.png 3B\219_7260_combined.png 1
3A\202_9037_combined.png 3B\215_7146_combined.png -1
3A\202_9033_combined.png 3B\219_7262_combined.png 1
3A\202_9027_combined.png 3B\215_7146_combined.png -1
3A\202_9039_combined.png 3B\215_7170_combined.png -1
3A\202_8985_combined.png 3B\215_7174_combined.png -1
3A\202_9019_combined.png 3B\215_7170_combined.png -1
3A\197_8903_combined.png 3B\215_7142_combined.png 1
3A\197_8933_combined.png 3B\171_5864_combined.png -1
3A\197_8881_combined.png 3B\171_5872_combined.png -1
3A\197_8919_combined.png 3B\215_7168_combined.png 1
3A\197_8933_combined.png 3B\171_5854_combined.png -1
3A\197_8889_combined.png 3B\215_7166_combined.png 1
3A\197_8913_combined.png 3B\171_5880_combined.png -1
3A\197_8903_combined.png 3B\215_7164_combined.png 1
3A\197_8879_combined.png 3B\171_5856_combined.png -1
3A\197_8915_combined.png 3B\171_5916_representative.png -1
3A\197_8895_combined.png 3B\171_5882_combined.png -1
3A\197_8883_combined.png 3B\171_5878_combined.png -1
3A\153_7357_combined.png 3B\171_5876_combined.png 1
3A\153_7287_combined.png 3B\179_6160_combined.png -1
3A\153_7329_combined.png 3B\179_6190_combined.png -1
3A\153_7299_combined.png 3B\171_5898_combined.png 1
3A\153_7283_combined.png 3B\179_6144_combined.png -1
3A\153_7341_combined.png 3B\171_5898_combined.png 1
3A\153_7329_combined.png 3B\179_6180_combined.png -1
3A\153_7335_combined.png 3B\171_5880_combined.png 1
3A\153_7301_combined.png 3B\179_6164_combined.png -1
3A\153_7341_combined.png 3B\179_6150_combined.png -1
3A\153_7337_combined.png 3B\179_6170_combined.png -1
3A\153_7289_combined.png 3B\179_6188_combined.png -1
3A\162_7627_combined.png 3B\179_6166_combined.png 1
3A\162_7635_combined.png 3B\145_5088_combined.png -1
3A\162_7637_combined.png 3B\145_5120_combined.png -1
3A\162_7675_combined.png 3B\179_6192_combined.png 1
3A\162_7665_combined.png 3B\145_5116_combined.png -1
3A\162_7647_combined.png 3B\179_6152_combined.png 1
3A\162_7623_combined.png 3B\145_5076_combined.png -1
3A\162_7639_combined.png 3B\179_6148_combined.png 1
3A\162_7683_combined.png 3B\145_5120_combined.png -1
3A\162_7669_combined.png 3B\145_5122_representative.png -1
3A\162_7649_combined.png 3B\145_5108_combined.png -1
3A\162_7673_combined.png 3B\145_5080_combined.png -1
3A\129_6309_combined.png 3B\145_5120_combined.png 1
3A\129_6357_combined.png 3B\116_4030_combined.png -1
3A\129_6305_combined.png 3B\116_4036_combined.png -1
3A\129_6355_combined.png 3B\145_5098_combined.png 1
3A\129_6315_combined.png 3B\116_4044_representative.png -1
3A\129_6299_combined.png 3B\145_5112_combined.png 1
3A\129_6327_combined.png 3B\116_3996_combined.png -1
3A\129_6295_combined.png 3B\145_5080_combined.png 1
3A\129_6297_combined.png 3B\116_4016_combined.png -1
3A\129_6347_combined.png 3B\116_4020_combined.png -1
3A\129_6355_combined.png 3B\116_4032_combined.png -1
3A\129_6329_combined.png 3B\116_4012_combined.png -1
3A\96_5009_combined.png 3B\116_3996_combined.png 1
3A\96_4991_combined.png 3B\177_5986_combined.png -1
3A\96_4983_combined.png 3B\177_6020_combined.png -1
3A\96_4973_combined.png 3B\116_4018_combined.png 1
3A\96_4989_combined.png 3B\177_6020_combined.png -1
3A\96_4993_combined.png 3B\116_3996_combined.png 1
3A\96_4959_combined.png 3B\177_5980_combined.png -1
3A\96_5015_combined.png 3B\116_4002_combined.png 1
3A\96_4959_combined.png 3B\177_5986_combined.png -1
3A\96_4987_combined.png 3B\177_5998_combined.png -1
3A\96_4961_combined.png 3B\177_6018_combined.png -1
3A\96_4987_combined.png 3B\177_5972_combined.png -1
3A\159_7427_combined.png 3B\177_6014_combined.png 1
3A\159_7461_combined.png 3B\130_4456_combined.png -1
3A\159_7441_combined.png 3B\130_4426_combined.png -1
3A\159_7481_combined.png 3B\177_6006_combined.png 1
3A\159_7433_combined.png 3B\130_4412_combined.png -1
3A\159_7489_representative.png 3B\177_5998_combined.png 1
3A\159_7441_combined.png 3B\130_4440_combined.png -1
3A\159_7455_combined.png 3B\177_5994_combined.png 1
3A\159_7465_combined.png 3B\130_4458_combined.png -1
3A\159_7433_combined.png 3B\130_4438_combined.png -1
3A\159_7489_combined.png 3B\130_4420_combined.png -1
3A\159_7435_combined.png 3B\130_4422_combined.png -1
3A\114_5507_combined.png 3B\130_4458_combined.png 1
3A\114_5501_combined.png 3B\93_3406_combined.png -1
3A\114_5509_combined.png 3B\93_3396_combined.png -1
3A\114_5485_combined.png 3B\130_4410_combined.png 1
3A\114_5529_combined.png 3B\93_3390_combined.png -1
3A\114_5483_representative.png 3B\130_4440_combined.png 1
3A\114_5515_combined.png 3B\93_3398_combined.png -1
3A\114_5523_combined.png 3B\130_4444_combined.png 1
3A\114_5525_combined.png 3B\93_3406_combined.png -1
3A\114_5501_combined.png 3B\93_3406_combined.png -1
3A\114_5513_combined.png 3B\93_3392_combined.png -1
3A\114_5517_combined.png 3B\93_3380_combined.png -1
3A\76_4187_combined.png 3B\93_3402_combined.png 1
3A\76_4225_representative.png 3B\118_4120_combined.png -1
3A\76_4201_combined.png 3B\118_4136_combined.png -1
3A\76_4169_combined.png 3B\93_3398_combined.png 1
3A\76_4185_combined.png 3B\118_4150_combined.png -1
3A\76_4169_combined.png 3B\93_3384_combined.png 1
3A\76_4177_combined.png 3B\118_4112_combined.png -1
3A\76_4203_combined.png 3B\93_3390_combined.png 1
3A\76_4225_representative.png 3B\118_4142_combined.png -1
3A\76_4173_combined.png 3B\118_4116_combined.png -1
3A\76_4193_combined.png 3B\118_4108_combined.png -1
3A\76_4187_combined.png 3B\118_4140_combined.png -1
3A\99_5093_combined.png 3B\118_4114_combined.png 1
3A\99_5119_combined.png 3B\178_6050_combined.png -1
3A\99_5091_combined.png 3B\178_6012_combined.png -1
3A\99_5065_combined.png 3B\118_4108_combined.png 1
3A\99_5097_combined.png 3B\178_6012_combined.png -1
3A\99_5127_combined.png 3B\118_4138_combined.png 1
3A\99_5117_combined.png 3B\178_5994_representative.png -1
3A\99_5141_combined.png 3B\118_4158_combined.png 1
3A\99_5083_combined.png 3B\178_6032_combined.png -1
3A\99_5155_representative.png 3B\178_6036_combined.png -1
3A\99_5099_combined.png 3B\178_6040_combined.png -1
3A\99_5139_combined.png 3B\178_6036_combined.png -1
3A\161_7491_combined.png 3B\178_6006_combined.png 1
3A\161_7463_combined.png 3B\6_908_combined.png -1
3A\161_7471_combined.png 3B\6_900_combined.png -1
3A\161_7469_combined.png 3B\178_6026_combined.png 1
3A\161_7487_combined.png 3B\6_896_combined.png -1
3A\161_7515_combined.png 3B\178_6030_combined.png 1
3A\161_7455_combined.png 3B\6_890_combined.png -1
3A\161_7501_combined.png 3B\178_6046_combined.png 1
3A\161_7455_combined.png 3B\6_914_combined.png -1
3A\161_7487_combined.png 3B\6_912_combined.png -1
3A\161_7511_combined.png 3B\6_914_combined.png -1
3A\161_7479_combined.png 3B\6_892_combined.png -1
3A\6_1087_combined.png 3B\6_910_combined.png 1
3A\6_1091_combined.png 3B\54_2156_combined.png -1
3A\6_1045_combined.png 3B\54_2162_combined.png -1
3A\6_1027_combined.png 3B\6_920_representative.png 1
3A\6_1097_combined.png 3B\54_2160_combined.png -1
3A\6_1097_combined.png 3B\6_918_combined.png 1
3A\6_1071_combined.png 3B\54_2152_combined.png -1
3A\6_1031_combined.png 3B\6_912_combined.png 1
3A\6_1081_combined.png 3B\54_2146_combined.png -1
3A\6_1027_combined.png 3B\54_2172_combined.png -1
3A\6_1073_combined.png 3B\54_2154_combined.png -1
3A\6_1083_combined.png 3B\54_2154_combined.png -1
3A\40_2689_combined.png 3B\54_2138_representative.png 1
3A\40_2643_combined.png 3B\151_5316_combined.png -1
3A\40_2655_combined.png 3B\151_5318_combined.png -1
3A\40_2679_combined.png 3B\54_2190_combined.png 1
3A\40_2647_combined.png 3B\151_5318_combined.png -1
3A\40_2647_combined.png 3B\54_2156_combined.png 1
3A\40_2651_combined.png 3B\151_5340_combined.png -1
3A\40_2683_combined.png 3B\54_2190_combined.png 1
3A\40_2671_combined.png 3B\151_5334_combined.png -1
3A\40_2671_combined.png 3B\151_5324_combined.png -1
3A\40_2655_combined.png 3B\151_5322_combined.png -1
3A\40_2647_combined.png 3B\151_5320_combined.png -1
3A\140_6617_combined.png 3B\151_5344_combined.png 1
3A\140_6637_combined.png 3B\188_6474_combined.png -1
3A\140_6657_combined.png 3B\188_6538_combined.png -1
3A\140_6645_combined.png 3B\151_5348_combined.png 1
3A\140_6623_combined.png 3B\188_6520_combined.png -1
3A\140_6591_combined.png 3B\151_5334_combined.png 1
3A\140_6653_combined.png 3B\188_6476_combined.png -1
3A\140_6625_combined.png 3B\151_5316_combined.png 1
3A\140_6605_combined.png 3B\188_6490_combined.png -1
3A\140_6619_combined.png 3B\188_6530_combined.png -1
3A\140_6645_combined.png 3B\188_6504_combined.png -1
3A\140_6645_combined.png 3B\188_6500_combined.png -1
3A\169_8123_combined.png 3B\188_6488_combined.png 1
3A\169_8143_combined.png 3B\186_6362_combined.png -1
3A\169_8027_combined.png 3B\186_6352_combined.png -1
3A\169_8023_combined.png 3B\188_6524_combined.png 1
3A\169_8135_combined.png 3B\186_6378_combined.png -1
3A\169_8111_combined.png 3B\188_6538_combined.png 1
3A\169_8043_combined.png 3B\186_6342_combined.png -1
3A\169_8085_combined.png 3B\188_6486_combined.png 1
3A\169_8027_combined.png 3B\186_6376_combined.png -1
3A\169_8141_combined.png 3B\186_6378_combined.png -1
3A\169_8105_combined.png 3B\186_6374_combined.png -1
3A\169_8127_combined.png 3B\186_6378_representative.png -1
3A\168_7863_combined.png 3B\186_6358_combined.png 1
3A\168_7913_combined.png 3B\144_5102_combined.png -1
3A\168_7919_combined.png 3B\144_5084_combined.png -1
3A\168_7897_combined.png 3B\186_6374_combined.png 1
3A\168_7909_combined.png 3B\144_5082_combined.png -1
3A\168_7905_combined.png 3B\186_6370_combined.png 1
3A\168_7885_combined.png 3B\144_5110_combined.png -1
3A\168_7891_combined.png 3B\186_6376_combined.png 1
3A\168_7875_combined.png 3B\144_5114_combined.png -1
3A\168_7863_combined.png 3B\144_5076_combined.png -1
3A\168_7871_combined.png 3B\144_5096_combined.png -1
3A\168_7911_combined.png 3B\144_5102_combined.png -1
3A\128_6273_combined.png 3B\144_5110_combined.png 1
3A\128_6263_combined.png 3B\72_2708_combined.png -1
3A\128_6237_combined.png 3B\72_2712_combined.png -1
3A\128_6231_combined.png 3B\144_5090_combined.png 1
3A\128_6215_combined.png 3B\72_2716_combined.png -1
3A\128_6279_combined.png 3B\144_5096_combined.png 1
3A\128_6277_combined.png 3B\72_2772_combined.png -1
3A\128_6257_combined.png 3B\144_5106_combined.png 1
3A\128_6255_combined.png 3B\72_2728_combined.png -1
3A\128_6223_combined.png 3B\72_2742_combined.png -1
3A\128_6277_combined.png 3B\72_2774_combined.png -1
3A\128_6267_combined.png 3B\72_2754_combined.png -1
3A\53_3365_combined.png 3B\72_2736_combined.png 1
3A\53_3347_combined.png 3B\34_1588_combined.png -1
3A\53_3339_combined.png 3B\34_1524_combined.png -1
3A\53_3359_combined.png 3B\72_2768_combined.png 1
3A\53_3387_combined.png 3B\34_1534_combined.png -1
3A\53_3371_combined.png 3B\72_2710_combined.png 1
3A\53_3387_combined.png 3B\34_1528_combined.png -1
3A\53_3377_combined.png 3B\72_2718_combined.png 1
3A\53_3379_combined.png 3B\34_1520_combined.png -1
3A\53_3387_representative.png 3B\34_1568_combined.png -1
3A\53_3379_combined.png 3B\34_1534_combined.png -1
3A\53_3385_combined.png 3B\34_1588_combined.png -1
3A\24_1907_combined.png 3B\34_1580_combined.png 1
3A\24_1909_combined.png 3B\211_7144_combined.png -1
3A\24_1933_combined.png 3B\211_7114_combined.png -1
3A\24_1917_combined.png 3B\34_1584_combined.png 1
3A\24_1905_combined.png 3B\211_7102_combined.png -1
3A\24_1887_combined.png 3B\34_1586_combined.png 1
3A\24_1885_combined.png 3B\211_7108_combined.png -1
3A\24_1919_combined.png 3B\34_1578_combined.png 1
3A\24_1883_combined.png 3B\211_7116_combined.png -1
3A\24_1899_combined.png 3B\211_7122_combined.png -1
3A\24_1917_combined.png 3B\211_7138_combined.png -1
3A\24_1899_combined.png 3B\211_7102_combined.png -1
3A\193_8865_combined.png 3B\211_7106_combined.png 1
3A\193_8889_combined.png 3B\92_3382_combined.png -1
3A\193_8881_combined.png 3B\92_3400_combined.png -1
3A\193_8885_combined.png 3B\211_7104_combined.png 1
3A\193_8861_combined.png 3B\92_3366_combined.png -1
3A\193_8849_combined.png 3B\211_7132_combined.png 1
3A\193_8837_combined.png 3B\92_3398_combined.png -1
3A\193_8857_combined.png 3B\211_7138_combined.png 1
3A\193_8825_combined.png 3B\92_3394_combined.png -1
3A\193_8833_combined.png 3B\92_3384_combined.png -1
3A\193_8863_combined.png 3B\92_3364_combined.png -1
3A\193_8885_combined.png 3B\92_3394_combined.png -1
3A\75_4215_combined.png 3B\92_3372_combined.png 1
3A\75_4149_combined.png 3B\91_3160_combined.png -1
3A\75_4181_combined.png 3B\91_3212_combined.png -1
3A\75_4183_combined.png 3B\92_3406_combined.png 1
3A\75_4179_combined.png 3B\91_3186_combined.png -1
3A\75_4175_combined.png 3B\92_3412_combined.png 1
3A\75_4229_combined.png 3B\91_3212_combined.png -1
3A\75_4171_combined.png 3B\92_3364_combined.png 1
3A\75_4215_combined.png 3B\91_3152_combined.png -1
3A\75_4221_combined.png 3B\91_3206_combined.png -1
3A\75_4219_combined.png 3B\91_3196_combined.png -1
3A\75_4165_combined.png 3B\91_3138_combined.png -1
3A\74_3917_combined.png 3B\91_3146_combined.png 1
3A\74_3941_combined.png 3B\11_1184_combined.png -1
3A\74_3933_combined.png 3B\11_1166_combined.png -1
3A\74_3961_combined.png 3B\91_3206_combined.png 1
3A\74_3921_combined.png 3B\11_1180_combined.png -1
3A\74_3953_combined.png 3B\91_3142_combined.png 1
3A\74_3961_combined.png 3B\11_1192_combined.png -1
3A\74_3899_combined.png 3B\91_3208_combined.png 1
3A\74_3907_combined.png 3B\11_1148_combined.png -1
3A\74_3931_combined.png 3B\11_1156_combined.png -1
3A\74_3897_combined.png 3B\11_1184_combined.png -1
3A\74_3957_combined.png 3B\11_1166_combined.png -1
3A\9_1391_combined.png 3B\11_1160_combined.png 1
3A\9_1423_combined.png 3B\105_3586_combined.png -1
3A\9_1431_combined.png 3B\105_3622_representative.png -1
3A\9_1395_combined.png 3B\11_1142_combined.png 1
3A\9_1437_combined.png 3B\105_3576_combined.png -1
3A\9_1441_combined.png 3B\11_1168_combined.png 1
3A\9_1407_combined.png 3B\105_3584_combined.png -1
3A\9_1383_combined.png 3B\11_1168_combined.png 1
3A\9_1443_combined.png 3B\105_3588_combined.png -1
3A\9_1443_combined.png 3B\105_3612_combined.png -1
3A\9_1403_combined.png 3B\105_3612_combined.png -1
3A\9_1423_combined.png 3B\105_3620_combined.png -1
3A\85_4427_combined.png 3B\105_3570_combined.png 1
3A\85_4425_combined.png 3B\195_6632_combined.png -1
3A\85_4475_combined.png 3B\195_6648_combined.png -1
3A\85_4435_combined.png 3B\105_3614_combined.png 1
3A\85_4451_combined.png 3B\195_6646_combined.png -1
3A\85_4443_combined.png 3B\105_3590_combined.png 1
3A\85_4431_combined.png 3B\195_6606_combined.png -1
3A\85_4427_combined.png 3B\105_3602_combined.png 1
3A\85_4465_combined.png 3B\195_6598_combined.png -1
3A\85_4463_combined.png 3B\195_6616_combined.png -1
3A\85_4467_combined.png 3B\195_6590_combined.png -1
3A\85_4479_combined.png 3B\195_6646_combined.png -1
3A\177_8219_combined.png 3B\195_6622_combined.png 1
3A\177_8269_combined.png 3B\191_6568_combined.png -1
3A\177_8247_combined.png 3B\191_6556_combined.png -1
3A\177_8219_combined.png 3B\195_6654_representative.png 1
3A\177_8231_combined.png 3B\191_6586_combined.png -1
3A\177_8265_combined.png 3B\195_6592_combined.png 1
3A\177_8211_combined.png 3B\191_6544_combined.png -1
3A\177_8213_combined.png 3B\195_6630_combined.png 1
3A\177_8207_combined.png 3B\191_6586_combined.png -1
3A\177_8251_combined.png 3B\191_6582_combined.png -1
3A\177_8263_combined.png 3B\191_6594_combined.png -1
3A\177_8243_combined.png 3B\191_6560_combined.png -1
3A\171_8187_combined.png 3B\191_6566_combined.png 1
3A\171_8153_combined.png 3B\24_1356_combined.png -1
3A\171_8137_combined.png 3B\24_1348_combined.png -1
3A\171_8183_combined.png 3B\191_6568_combined.png 1
3A\171_8141_combined.png 3B\24_1352_combined.png -1
3A\171_8177_combined.png 3B\191_6548_combined.png 1
3A\171_8189_combined.png 3B\24_1348_combined.png -1
3A\171_8199_combined.png 3B\191_6594_combined.png 1
3A\171_8145_combined.png 3B\24_1364_combined.png -1
3A\171_8181_combined.png 3B\24_1342_combined.png -1
3A\171_8139_combined.png 3B\24_1348_combined.png -1
3A\171_8151_combined.png 3B\24_1374_combined.png -1
3A\17_1615_combined.png 3B\24_1374_combined.png 1
3A\17_1639_combined.png 3B\136_4874_combined.png -1
3A\17_1665_combined.png 3B\136_4890_combined.png -1
3A\17_1609_combined.png 3B\24_1340_combined.png 1
3A\17_1649_combined.png 3B\136_4856_combined.png -1
3A\17_1623_combined.png 3B\24_1376_combined.png 1
3A\17_1637_combined.png 3B\136_4864_combined.png -1
3A\17_1605_combined.png 3B\24_1348_combined.png 1
3A\17_1607_combined.png 3B\136_4844_combined.png -1
3A\17_1671_combined.png 3B\136_4906_combined.png -1
3A\17_1627_combined.png 3B\136_4890_combined.png -1
3A\17_1647_combined.png 3B\136_4880_combined.png -1
3A\120_6025_combined.png 3B\136_4904_combined.png 1
3A\120_6063_combined.png 3B\164_5666_combined.png -1
3A\120_6015_combined.png 3B\164_5680_combined.png -1
3A\120_6079_combined.png 3B\136_4854_combined.png 1
3A\120_6089_representative.png 3B\164_5696_combined.png -1
3A\120_6049_combined.png 3B\136_4890_combined.png 1
3A\120_6079_combined.png 3B\164_5670_combined.png -1
3A\120_6055_combined.png 3B\136_4842_combined.png 1
3A\120_6049_combined.png 3B\164_5654_combined.png -1
3A\120_6075_combined.png 3B\164_5656_combined.png -1
3A\120_6055_combined.png 3B\164_5698_combined.png -1
3A\120_6083_combined.png 3B\164_5680_combined.png -1
3A\146_7067_combined.png 3B\164_5688_combined.png 1
3A\146_7069_combined.png 3B\226_7468_combined.png -1
3A\146_7037_combined.png 3B\226_7472_combined.png -1
3A\146_7017_combined.png 3B\164_5680_combined.png 1
3A\146_7051_combined.png 3B\226_7458_combined.png -1
3A\146_7035_combined.png 3B\164_5688_combined.png 1
3A\146_7051_combined.png 3B\226_7484_combined.png -1
3A\146_7065_combined.png 3B\164_5680_combined.png 1
3A\146_7069_combined.png 3B\226_7480_combined.png -1
3A\146_7071_combined.png 3B\226_7470_combined.png -1
3A\146_7061_combined.png 3B\226_7468_combined.png -1
3A\146_7067_combined.png 3B\226_7482_combined.png -1
3A\208_9283_combined.png 3B\226_7468_combined.png 1
3A\208_9313_combined.png 3B\25_1384_combined.png -1
3A\208_9323_combined.png 3B\25_1368_combined.png -1
3A\208_9295_combined.png 3B\226_7464_combined.png 1
3A\208_9293_combined.png 3B\25_1414_combined.png -1
3A\208_9289_combined.png 3B\226_7470_combined.png 1
3A\208_9293_combined.png 3B\25_1400_combined.png -1
3A\208_9315_combined.png 3B\226_7468_combined.png 1
3A\208_9297_combined.png 3B\25_1410_combined.png -1
3A\208_9291_combined.png 3B\25_1396_combined.png -1
3A\208_9271_combined.png 3B\25_1374_combined.png -1
3A\208_9273_combined.png 3B\25_1416_combined.png -1
3A\19_1707_combined.png 3B\25_1392_combined.png 1
3A\19_1713_combined.png 3B\74_2736_combined.png -1
3A\19_1703_combined.png 3B\74_2738_combined.png -1
3A\19_1701_combined.png 3B\25_1404_combined.png 1
3A\19_1709_combined.png 3B\74_2746_combined.png -1
3A\19_1677_combined.png 3B\25_1388_combined.png 1
3A\19_1711_combined.png 3B\74_2744_combined.png -1
3A\19_1687_combined.png 3B\25_1392_combined.png 1
3A\19_1701_combined.png 3B\74_2730_combined.png -1
3A\19_1709_combined.png 3B\74_2730_combined.png -1
3A\19_1715_combined.png 3B\74_2738_combined.png -1
3A\19_1667_combined.png 3B\74_2736_combined.png -1
3A\55_3361_combined.png 3B\74_2734_combined.png 1
3A\55_3385_representative.png 3B\36_1696_combined.png -1
3A\55_3385_representative.png 3B\36_1666_combined.png -1
3A\55_3371_combined.png 3B\74_2746_combined.png 1
3A\55_3359_combined.png 3B\36_1670_combined.png -1
3A\55_3369_combined.png 3B\74_2730_combined.png 1
3A\55_3385_representative.png 3B\36_1666_combined.png -1
3A\55_3367_combined.png 3B\74_2740_combined.png 1
3A\55_3373_combined.png 3B\36_1680_combined.png -1
3A\55_3381_combined.png 3B\36_1690_combined.png -1
3A\55_3373_combined.png 3B\36_1672_combined.png -1
3A\55_3373_combined.png 3B\36_1698_combined.png -1
3A\26_2029_combined.png 3B\36_1658_combined.png 1
3A\26_2063_combined.png 3B\111_3954_combined.png -1
3A\26_2037_combined.png 3B\111_3938_combined.png -1
3A\26_2083_combined.png 3B\36_1692_combined.png 1
3A\26_2067_combined.png 3B\111_3940_combined.png -1
3A\26_2081_combined.png 3B\36_1688_combined.png 1
3A\26_2083_combined.png 3B\111_3938_combined.png -1
3A\26_2045_combined.png 3B\36_1684_combined.png 1
3A\26_2017_combined.png 3B\111_3930_combined.png -1
3A\26_2053_combined.png 3B\111_3960_combined.png -1
3A\26_2057_combined.png 3B\111_3948_combined.png -1
3A\26_2067_combined.png 3B\111_3972_combined.png -1
3A\92_4895_combined.png 3B\111_3946_combined.png 1
3A\92_4897_combined.png 3B\79_2842_combined.png -1
3A\92_4881_combined.png 3B\79_2834_combined.png -1
3A\92_4857_combined.png 3B\111_3978_combined.png 1
3A\92_4937_combined.png 3B\79_2792_combined.png -1
3A\92_4889_combined.png 3B\111_3982_representative.png 1
3A\92_4865_combined.png 3B\79_2798_combined.png -1
3A\92_4873_combined.png 3B\111_3948_combined.png 1
3A\92_4883_combined.png 3B\79_2814_combined.png -1
3A\92_4901_combined.png 3B\79_2810_combined.png -1
3A\92_4897_combined.png 3B\79_2810_combined.png -1
3A\92_4923_combined.png 3B\79_2842_combined.png -1
3A\64_3501_combined.png 3B\79_2832_combined.png 1
3A\64_3479_combined.png 3B\41_1918_combined.png -1
3A\64_3471_combined.png 3B\41_1882_combined.png -1
3A\64_3483_combined.png 3B\79_2844_representative.png 1
3A\64_3481_combined.png 3B\41_1876_combined.png -1
3A\64_3483_combined.png 3B\79_2842_combined.png 1
3A\64_3469_combined.png 3B\41_1902_combined.png -1
3A\64_3445_combined.png 3B\79_2840_combined.png 1
3A\64_3471_combined.png 3B\41_1914_combined.png -1
3A\64_3495_combined.png 3B\41_1920_combined.png -1
3A\64_3459_combined.png 3B\41_1922_combined.png -1
3A\64_3485_combined.png 3B\41_1896_combined.png -1
3A\31_2357_combined.png 3B\41_1900_combined.png 1
3A\31_2325_combined.png 3B\101_3510_combined.png -1
3A\31_2337_combined.png 3B\101_3534_combined.png -1
3A\31_2323_combined.png 3B\41_1882_combined.png 1
3A\31_2317_combined.png 3B\101_3536_combined.png -1
3A\31_2357_combined.png 3B\41_1908_combined.png 1
3A\31_2317_combined.png 3B\101_3500_combined.png -1
3A\31_2331_combined.png 3B\41_1912_combined.png 1
3A\31_2303_combined.png 3B\101_3526_combined.png -1
3A\31_2339_combined.png 3B\101_3472_combined.png -1
3A\31_2295_combined.png 3B\101_3472_combined.png -1
3A\31_2325_combined.png 3B\101_3508_combined.png -1
3A\83_4369_combined.png 3B\101_3524_combined.png 1
3A\83_4361_combined.png 3B\103_3552_combined.png -1
3A\83_4321_combined.png 3B\103_3532_combined.png -1
3A\83_4375_combined.png 3B\101_3506_combined.png 1
3A\83_4329_combined.png 3B\103_3544_combined.png -1
3A\83_4331_combined.png 3B\101_3526_combined.png 1
3A\83_4371_combined.png 3B\103_3562_combined.png -1
3A\83_4329_combined.png 3B\101_3492_combined.png 1
3A\83_4365_combined.png 3B\103_3542_combined.png -1
3A\83_4343_combined.png 3B\103_3572_combined.png -1
3A\83_4327_combined.png 3B\103_3556_combined.png -1
3A\83_4337_combined.png 3B\103_3556_combined.png -1
3A\84_4421_combined.png 3B\103_3570_combined.png 1
3A\84_4407_combined.png 3B\180_6212_combined.png -1
3A\84_4407_combined.png 3B\180_6208_combined.png -1
3A\84_4425_combined.png 3B\103_3536_combined.png 1
3A\84_4405_combined.png 3B\180_6206_combined.png -1
3A\84_4413_combined.png 3B\103_3566_combined.png 1
3A\84_4383_combined.png 3B\180_6190_combined.png -1
3A\84_4397_combined.png 3B\103_3564_combined.png 1
3A\84_4417_combined.png 3B\180_6204_combined.png -1
3A\84_4393_combined.png 3B\180_6210_combined.png -1
3A\84_4397_combined.png 3B\180_6168_combined.png -1
3A\84_4393_combined.png 3B\180_6174_combined.png -1
3A\163_7657_combined.png 3B\180_6168_combined.png 1
3A\163_7681_combined.png 3B\166_5716_combined.png -1
3A\163_7729_combined.png 3B\166_5738_combined.png -1
3A\163_7667_combined.png 3B\180_6200_combined.png 1
3A\163_7677_combined.png 3B\166_5700_combined.png -1
3A\163_7689_combined.png 3B\180_6206_combined.png 1
3A\163_7723_combined.png 3B\166_5696_combined.png -1
3A\163_7725_combined.png 3B\180_6208_combined.png 1
3A\163_7707_combined.png 3B\166_5718_combined.png -1
3A\163_7695_combined.png 3B\166_5742_combined.png -1
3A\163_7709_combined.png 3B\166_5718_combined.png -1
3A\163_7695_combined.png 3B\166_5742_combined.png -1
3A\148_7105_combined.png 3B\166_5730_combined.png 1
3A\148_7109_combined.png 3B\121_4200_combined.png -1
3A\148_7097_combined.png 3B\121_4192_combined.png -1
3A\148_7105_combined.png 3B\166_5698_combined.png 1
3A\148_7099_combined.png 3B\121_4200_combined.png -1
3A\148_7107_combined.png 3B\166_5690_combined.png 1
3A\148_7101_combined.png 3B\121_4218_combined.png -1
3A\148_7069_combined.png 3B\166_5740_combined.png 1
3A\148_7127_combined.png 3B\121_4228_combined.png -1
3A\148_7131_combined.png 3B\121_4230_representative.png -1
3A\148_7093_combined.png 3B\121_4212_combined.png -1
3A\148_7081_combined.png 3B\121_4194_combined.png -1
3A\103_5211_combined.png 3B\121_4212_combined.png 1
3A\103_5217_combined.png 3B\17_1268_combined.png -1
3A\103_5217_combined.png 3B\17_1288_combined.png -1
3A\103_5197_combined.png 3B\121_4224_combined.png 1
3A\103_5201_combined.png 3B\17_1282_combined.png -1
3A\103_5217_representative.png 3B\121_4190_combined.png 1
3A\103_5201_combined.png 3B\17_1290_combined.png -1
3A\103_5201_combined.png 3B\121_4218_combined.png 1
3A\103_5209_combined.png 3B\17_1282_combined.png -1
3A\103_5217_representative.png 3B\17_1260_combined.png -1
3A\103_5193_combined.png 3B\17_1292_combined.png -1
3A\103_5217_representative.png 3B\17_1244_combined.png -1
3A\13_1515_combined.png 3B\17_1242_combined.png 1
3A\13_1507_combined.png 3B\160_5530_combined.png -1
3A\13_1543_combined.png 3B\160_5532_combined.png -1
3A\13_1541_combined.png 3B\17_1252_combined.png 1
3A\13_1571_combined.png 3B\160_5510_combined.png -1
3A\13_1541_combined.png 3B\17_1294_representative.png 1
3A\13_1515_combined.png 3B\160_5512_combined.png -1
3A\13_1485_combined.png 3B\17_1256_combined.png 1
3A\13_1555_combined.png 3B\160_5530_combined.png -1
3A\13_1501_combined.png 3B\160_5494_combined.png -1
3A\13_1575_combined.png 3B\160_5506_combined.png -1
3A\13_1501_combined.png 3B\160_5508_combined.png -1
3A\143_6867_combined.png 3B\160_5518_combined.png 1
3A\143_6861_combined.png 3B\209_7056_combined.png -1
3A\143_6869_combined.png 3B\209_7046_combined.png -1
3A\143_6843_combined.png 3B\160_5532_representative.png 1
3A\143_6869_combined.png 3B\209_7058_combined.png -1
3A\143_6855_combined.png 3B\160_5532_combined.png 1
3A\143_6853_combined.png 3B\209_7082_representative.png -1
3A\143_6869_combined.png 3B\160_5500_combined.png 1
3A\143_6873_combined.png 3B\209_7050_combined.png -1
3A\143_6857_combined.png 3B\209_7062_combined.png -1
3A\143_6865_combined.png 3B\209_7054_combined.png -1
3A\143_6877_combined.png 3B\209_7082_combined.png -1
3A\192_8757_combined.png 3B\209_7076_combined.png 1
3A\192_8793_combined.png 3B\139_4976_combined.png -1
3A\192_8751_combined.png 3B\139_4986_combined.png -1
3A\192_8779_combined.png 3B\209_7078_combined.png 1
3A\192_8761_combined.png 3B\139_4954_combined.png -1
3A\192_8799_combined.png 3B\209_7042_combined.png 1
3A\192_8809_representative.png 3B\139_4980_combined.png -1
3A\192_8773_combined.png 3B\209_7068_combined.png 1
3A\192_8793_combined.png 3B\139_4974_combined.png -1
3A\192_8779_combined.png 3B\139_4984_combined.png -1
3A\192_8789_combined.png 3B\139_4974_combined.png -1
3A\192_8759_combined.png 3B\139_4992_combined.png -1
3A\123_6179_combined.png 3B\139_4976_combined.png 1
3A\123_6179_combined.png 3B\22_1374_combined.png -1
3A\123_6171_combined.png 3B\22_1324_combined.png -1
3A\123_6139_combined.png 3B\139_4966_combined.png 1
3A\123_6193_combined.png 3B\22_1312_combined.png -1
3A\123_6187_combined.png 3B\139_4970_combined.png 1
3A\123_6183_combined.png 3B\22_1360_combined.png -1
3A\123_6199_combined.png 3B\139_4968_combined.png 1
3A\123_6163_combined.png 3B\22_1378_combined.png -1
3A\123_6161_combined.png 3B\22_1370_combined.png -1
3A\123_6177_combined.png 3B\22_1332_combined.png -1
3A\123_6189_combined.png 3B\22_1378_combined.png -1
3A\16_1641_combined.png 3B\22_1370_combined.png 1
3A\16_1611_combined.png 3B\222_7362_combined.png -1
3A\16_1627_combined.png 3B\222_7352_combined.png -1
3A\16_1599_combined.png 3B\22_1360_combined.png 1
3A\16_1587_combined.png 3B\222_7354_combined.png -1
3A\16_1635_combined.png 3B\22_1356_combined.png 1
3A\16_1669_combined.png 3B\222_7356_combined.png -1
3A\16_1667_combined.png 3B\22_1316_combined.png 1
3A\16_1645_combined.png 3B\222_7348_combined.png -1
3A\16_1669_combined.png 3B\222_7364_combined.png -1
3A\16_1605_combined.png 3B\222_7404_combined.png -1
3A\16_1655_combined.png 3B\222_7392_combined.png -1
3A\206_9149_combined.png 3B\222_7372_combined.png 1
3A\206_9205_combined.png 3B\89_2898_combined.png -1
3A\206_9169_combined.png 3B\89_2894_combined.png -1
3A\206_9111_combined.png 3B\222_7364_combined.png 1
3A\206_9127_combined.png 3B\89_2878_representative.png -1
3A\206_9119_combined.png 3B\222_7384_combined.png 1
3A\206_9213_combined.png 3B\89_2896_combined.png -1
3A\206_9123_combined.png 3B\222_7400_combined.png 1
3A\206_9143_combined.png 3B\89_2892_combined.png -1
3A\206_9217_combined.png 3B\89_2876_combined.png -1
3A\206_9209_combined.png 3B\89_2882_combined.png -1
3A\206_9213_combined.png 3B\89_2884_combined.png -1
3A\71_3569_combined.png 3B\89_2896_combined.png 1
3A\71_3583_combined.png 3B\149_5272_combined.png -1
3A\71_3577_combined.png 3B\149_5288_combined.png -1
3A\71_3553_combined.png 3B\89_2896_combined.png 1
3A\71_3565_combined.png 3B\149_5270_combined.png -1
3A\71_3565_combined.png 3B\89_2888_combined.png 1
3A\71_3589_combined.png 3B\149_5282_combined.png -1
3A\71_3589_representative.png 3B\89_2904_combined.png 1
3A\71_3569_combined.png 3B\149_5274_combined.png -1
3A\71_3585_combined.png 3B\149_5298_combined.png -1
3A\71_3543_combined.png 3B\149_5288_combined.png -1
3A\71_3575_combined.png 3B\149_5292_combined.png -1
3A\138_6539_combined.png 3B\149_5302_combined.png 1
3A\138_6565_combined.png 3B\192_6598_combined.png -1
3A\138_6545_combined.png 3B\192_6584_combined.png -1
3A\138_6571_combined.png 3B\149_5300_combined.png 1
3A\138_6555_combined.png 3B\192_6592_combined.png -1
3A\138_6583_combined.png 3B\149_5282_combined.png 1
3A\138_6563_combined.png 3B\192_6600_combined.png -1
3A\138_6529_combined.png 3B\149_5286_combined.png 1
3A\138_6539_combined.png 3B\192_6594_combined.png -1
3A\138_6547_combined.png 3B\192_6578_combined.png -1
3A\138_6579_combined.png 3B\192_6592_combined.png -1
3A\138_6535_combined.png 3B\192_6582_combined.png -1
3A\172_8203_combined.png 3B\192_6574_combined.png 1
3A\172_8153_combined.png 3B\167_5722_combined.png -1
3A\172_8193_combined.png 3B\167_5732_combined.png -1
3A\172_8149_combined.png 3B\192_6596_combined.png 1
3A\172_8203_combined.png 3B\167_5772_combined.png -1
3A\172_8143_combined.png 3B\192_6566_combined.png 1
3A\172_8173_combined.png 3B\167_5718_combined.png -1
3A\172_8203_combined.png 3B\192_6596_combined.png 1
3A\172_8173_combined.png 3B\167_5738_combined.png -1
3A\172_8143_combined.png 3B\167_5742_combined.png -1
3A\172_8155_combined.png 3B\167_5738_combined.png -1
3A\172_8169_combined.png 3B\167_5772_combined.png -1
3A\149_7155_combined.png 3B\167_5726_combined.png 1
3A\149_7157_combined.png 3B\3_806_combined.png -1
3A\149_7135_combined.png 3B\3_812_combined.png -1
3A\149_7173_combined.png 3B\167_5758_combined.png 1
3A\149_7157_combined.png 3B\3_802_combined.png -1
3A\149_7169_combined.png 3B\167_5718_combined.png 1
3A\149_7175_combined.png 3B\3_822_combined.png -1
3A\149_7183_representative.png 3B\167_5732_combined.png 1
3A\149_7175_combined.png 3B\3_808_combined.png -1
3A\149_7169_combined.png 3B\3_810_combined.png -1
3A\149_7139_combined.png 3B\3_810_combined.png -1
3A\149_7115_combined.png 3B\3_802_representative.png -1
3A\3_985_combined.png 3B\3_820_combined.png 1
3A\3_973_combined.png 3B\207_6950_combined.png -1
3A\3_983_combined.png 3B\207_6964_combined.png -1
3A\3_951_combined.png 3B\3_802_combined.png 1
3A\3_929_combined.png 3B\207_6966_combined.png -1
3A\3_945_combined.png 3B\3_802_representative.png 1
3A\3_967_combined.png 3B\207_6998_combined.png -1
3A\3_929_combined.png 3B\3_802_representative.png 1
3A\3_959_combined.png 3B\207_6998_combined.png -1
3A\3_933_combined.png 3B\207_6978_combined.png -1
3A\3_931_combined.png 3B\207_6940_combined.png -1
3A\3_971_combined.png 3B\207_6950_combined.png -1
3A\188_8657_combined.png 3B\207_6946_combined.png 1
3A\188_8633_combined.png 3B\95_3436_combined.png -1
3A\188_8643_combined.png 3B\95_3410_combined.png -1
3A\188_8647_combined.png 3B\207_6946_combined.png 1
3A\188_8615_combined.png 3B\95_3422_combined.png -1
3A\188_8615_combined.png 3B\207_6960_combined.png 1
3A\188_8637_combined.png 3B\95_3442_combined.png -1
3A\188_8649_combined.png 3B\207_6952_combined.png 1
3A\188_8627_combined.png 3B\95_3426_combined.png -1
3A\188_8627_combined.png 3B\95_3416_combined.png -1
3A\188_8633_combined.png 3B\95_3438_combined.png -1
3A\188_8621_combined.png 3B\95_3448_combined.png -1
3A\77_4201_combined.png 3B\95_3416_combined.png 1
3A\77_4221_combined.png 3B\75_2802_combined.png -1
3A\77_4211_combined.png 3B\75_2764_combined.png -1
3A\77_4201_combined.png 3B\95_3452_representative.png 1
3A\77_4247_combined.png 3B\75_2770_combined.png -1
3A\77_4247_combined.png 3B\95_3452_representative.png 1
3A\77_4225_combined.png 3B\75_2766_combined.png -1
3A\77_4205_combined.png 3B\95_3432_combined.png 1
3A\77_4225_combined.png 3B\75_2744_combined.png -1
3A\77_4271_combined.png 3B\75_2752_combined.png -1
3A\77_4201_combined.png 3B\75_2762_combined.png -1
3A\77_4197_combined.png 3B\75_2762_combined.png -1
3A\65_3445_combined.png 3B\75_2772_combined.png 1
3A\65_3479_combined.png 3B\221_7244_combined.png -1
3A\65_3481_combined.png 3B\221_7254_combined.png -1
3A\65_3439_representative.png 3B\75_2812_combined.png 1
3A\65_3477_combined.png 3B\221_7242_combined.png -1
3A\65_3473_combined.png 3B\75_2796_combined.png 1
3A\65_3437_combined.png 3B\221_7242_combined.png -1
3A\65_3439_representative.png 3B\75_2782_combined.png 1
3A\65_3465_combined.png 3B\221_7238_combined.png -1
3A\65_3479_combined.png 3B\221_7272_combined.png -1
3A\65_3439_representative.png 3B\221_7250_combined.png -1
3A\65_3479_combined.png 3B\221_7262_combined.png -1
3A\205_9035_combined.png 3B\221_7246_combined.png 1
3A\205_9045_combined.png 3B\159_5500_combined.png -1
3A\205_9029_combined.png 3B\159_5472_combined.png -1
3A\205_9043_combined.png 3B\221_7280_combined.png 1
3A\205_9041_combined.png 3B\159_5458_combined.png -1
3A\205_9029_combined.png 3B\221_7248_combined.png 1
3A\205_9027_combined.png 3B\159_5462_combined.png -1
3A\205_9033_combined.png 3B\221_7250_combined.png 1
3A\205_9027_combined.png 3B\159_5444_combined.png -1
3A\205_9059_representative.png 3B\159_5452_combined.png -1
3A\205_9059_combined.png 3B\159_5492_combined.png -1
3A\205_9057_combined.png 3B\159_5468_combined.png -1
3A\142_6821_combined.png 3B\159_5464_combined.png 1
3A\142_6833_combined.png 3B\77_2806_combined.png -1
3A\142_6783_combined.png 3B\77_2818_combined.png -1
3A\142_6833_combined.png 3B\159_5484_combined.png 1
3A\142_6781_combined.png 3B\77_2824_combined.png -1
3A\142_6809_combined.png 3B\159_5488_combined.png 1
3A\142_6805_combined.png 3B\77_2810_combined.png -1
3A\142_6773_combined.png 3B\159_5474_combined.png 1
3A\142_6791_combined.png 3B\77_2808_combined.png -1
3A\142_6817_combined.png 3B\77_2788_combined.png -1
3A\142_6813_combined.png 3B\77_2800_combined.png -1
3A\142_6829_combined.png 3B\77_2802_combined.png -1
3A\61_3469_combined.png 3B\77_2818_combined.png 1
3A\61_3447_combined.png 3B\169_5812_combined.png -1
3A\61_3477_combined.png 3B\169_5836_combined.png -1
3A\61_3445_combined.png 3B\77_2818_combined.png 1
3A\61_3429_combined.png 3B\169_5834_combined.png -1
3A\61_3461_combined.png 3B\77_2778_combined.png 1
3A\61_3433_representative.png 3B\169_5812_combined.png -1
3A\61_3457_combined.png 3B\77_2790_combined.png 1
3A\61_3481_combined.png 3B\169_5808_combined.png -1
3A\61_3451_combined.png 3B\169_5834_combined.png -1
3A\61_3465_combined.png 3B\169_5804_combined.png -1
3A\61_3429_combined.png 3B\169_5808_combined.png -1
3A\151_7237_combined.png 3B\169_5826_combined.png 1
3A\151_7263_combined.png 3B\140_5006_combined.png -1
3A\151_7265_combined.png 3B\140_4966_combined.png -1
3A\151_7223_combined.png 3B\169_5816_combined.png 1
3A\151_7247_combined.png 3B\140_5000_combined.png -1
3A\151_7201_combined.png 3B\169_5826_combined.png 1
3A\151_7239_combined.png 3B\140_5018_combined.png -1
3A\151_7215_combined.png 3B\169_5816_combined.png 1
3A\151_7209_combined.png 3B\140_4968_combined.png -1
3A\151_7219_combined.png 3B\140_5008_combined.png -1
3A\151_7241_combined.png 3B\140_4984_combined.png -1
3A\151_7235_combined.png 3B\140_4974_combined.png -1
3A\125_6221_combined.png 3B\140_4972_combined.png 1
3A\125_6187_combined.png 3B\142_5024_combined.png -1
3A\125_6205_combined.png 3B\142_4988_combined.png -1
3A\125_6183_combined.png 3B\140_4974_combined.png 1
3A\125_6169_representative.png 3B\142_4984_combined.png -1
3A\125_6217_combined.png 3B\140_5020_combined.png 1
3A\125_6181_combined.png 3B\142_5000_combined.png -1
3A\125_6169_representative.png 3B\140_5002_combined.png 1
3A\125_6171_combined.png 3B\142_5028_representative.png -1
3A\125_6185_combined.png 3B\142_4984_combined.png -1
3A\125_6187_combined.png 3B\142_5024_combined.png -1
3A\125_6223_combined.png 3B\142_4996_combined.png -1
3A\126_6227_combined.png 3B\142_5018_combined.png 1
3A\126_6211_combined.png 3B\82_2816_combined.png -1
3A\126_6183_combined.png 3B\82_2804_representative.png -1
3A\126_6197_combined.png 3B\142_4990_combined.png 1
3A\126_6239_combined.png 3B\82_2812_combined.png -1
3A\126_6217_combined.png 3B\142_5000_combined.png 1
3A\126_6225_combined.png 3B\82_2820_combined.png -1
3A\126_6241_combined.png 3B\142_5010_combined.png 1
3A\126_6179_combined.png 3B\82_2810_combined.png -1
3A\126_6247_combined.png 3B\82_2820_combined.png -1
3A\126_6215_combined.png 3B\82_2804_representative.png -1
3A\126_6249_representative.png 3B\82_2808_combined.png -1
3A\67_3471_combined.png 3B\82_2810_combined.png 1
3A\67_3457_combined.png 3B\190_6522_combined.png -1
3A\67_3477_combined.png 3B\190_6524_combined.png -1
3A\67_3469_combined.png 3B\82_2814_combined.png 1
3A\67_3457_combined.png 3B\190_6556_combined.png -1
3A\67_3457_combined.png 3B\82_2802_combined.png 1
3A\67_3477_combined.png 3B\190_6534_combined.png -1
3A\67_3463_combined.png 3B\82_2808_combined.png 1
3A\67_3473_combined.png 3B\190_6536_combined.png -1
3A\67_3455_combined.png 3B\190_6562_combined.png -1
3A\67_3455_combined.png 3B\190_6562_combined.png -1
3A\67_3477_combined.png 3B\190_6522_combined.png -1
3A\170_8147_combined.png 3B\190_6558_combined.png 1
3A\170_8121_combined.png 3B\110_3920_combined.png -1
3A\170_8111_combined.png 3B\110_3916_combined.png -1
3A\170_8101_combined.png 3B\190_6502_combined.png 1
3A\170_8099_combined.png 3B\110_3948_combined.png -1
3A\170_8145_combined.png 3B\190_6526_combined.png 1
3A\170_8123_combined.png 3B\110_3930_combined.png -1
3A\170_8117_combined.png 3B\190_6556_combined.png 1
3A\170_8165_representative.png 3B\110_3934_combined.png -1
3A\170_8153_combined.png 3B\110_3934_combined.png -1
3A\170_8165_combined.png 3B\110_3954_combined.png -1
3A\170_8141_combined.png 3B\110_3964_combined.png -1
3A\91_4903_combined.png 3B\110_3940_combined.png 1
3A\91_4847_combined.png 3B\12_1198_combined.png -1
3A\91_4859_combined.png 3B\12_1174_combined.png -1
3A\91_4871_combined.png 3B\110_3924_combined.png 1
3A\91_4879_combined.png 3B\12_1168_combined.png -1
3A\91_4915_combined.png 3B\110_3916_combined.png 1
3A\91_4893_combined.png 3B\12_1188_combined.png -1
3A\91_4839_combined.png 3B\110_3964_combined.png 1
3A\91_4895_combined.png 3B\12_1164_combined.png -1
3A\91_4857_combined.png 3B\12_1160_combined.png -1
3A\91_4901_combined.png 3B\12_1180_combined.png -1
3A\91_4903_combined.png 3B\12_1168_combined.png -1
3A\10_1469_combined.png 3B\12_1166_combined.png 1
3A\10_1399_combined.png 3B\114_3994_combined.png -1
3A\10_1443_combined.png 3B\114_3974_combined.png -1
3A\10_1399_combined.png 3B\12_1172_combined.png 1
3A\10_1455_combined.png 3B\114_4014_combined.png -1
3A\10_1395_combined.png 3B\12_1194_combined.png 1
3A\10_1417_combined.png 3B\114_3990_combined.png -1
3A\10_1431_combined.png 3B\12_1192_combined.png 1
3A\10_1467_combined.png 3B\114_3996_combined.png -1
3A\10_1463_combined.png 3B\114_4020_combined.png -1
3A\10_1443_combined.png 3B\114_4010_combined.png -1
3A\10_1397_combined.png 3B\114_4024_combined.png -1
3A\95_4949_combined.png 3B\114_4024_combined.png 1
3A\95_4925_combined.png 3B\67_2462_combined.png -1
3A\95_4921_combined.png 3B\67_2452_combined.png -1
3A\95_4937_combined.png 3B\114_3990_combined.png 1
3A\95_4983_combined.png 3B\67_2450_combined.png -1
3A\95_4927_combined.png 3B\114_3974_combined.png 1
3A\95_4965_combined.png 3B\67_2454_combined.png -1
3A\95_4949_combined.png 3B\114_3992_combined.png 1
3A\95_4987_combined.png 3B\67_2448_representative.png -1
3A\95_4935_combined.png 3B\67_2462_combined.png -1
3A\95_4951_combined.png 3B\67_2456_combined.png -1
3A\95_4963_combined.png 3B\67_2448_combined.png -1
3A\48_3051_combined.png 3B\67_2446_combined.png 1
3A\48_3099_combined.png 3B\125_4352_combined.png -1
3A\48_3053_combined.png 3B\125_4408_combined.png -1
3A\48_3027_combined.png 3B\67_2466_combined.png 1
3A\48_3057_combined.png 3B\125_4354_combined.png -1
3A\48_3031_combined.png 3B\67_2458_combined.png 1
3A\48_3081_combined.png 3B\125_4398_combined.png -1
3A\48_3075_combined.png 3B\67_2462_combined.png 1
3A\48_3087_combined.png 3B\125_4394_combined.png -1
3A\48_3043_combined.png 3B\125_4386_combined.png -1
3A\48_3075_combined.png 3B\125_4406_combined.png -1
3A\48_3039_combined.png 3B\125_4368_combined.png -1
3A\110_5463_combined.png 3B\125_4390_combined.png 1
3A\110_5399_combined.png 3B\146_5154_combined.png -1
3A\110_5413_combined.png 3B\146_5140_combined.png -1
3A\110_5411_combined.png 3B\125_4378_combined.png 1
3A\110_5453_combined.png 3B\146_5148_combined.png -1
3A\110_5397_combined.png 3B\125_4342_combined.png 1
3A\110_5443_combined.png 3B\146_5128_combined.png -1
3A\110_5413_combined.png 3B\125_4408_representative.png 1
3A\110_5437_combined.png 3B\146_5158_combined.png -1
3A\110_5403_combined.png 3B\146_5126_combined.png -1
3A\110_5421_combined.png 3B\146_5156_combined.png -1
3A\110_5435_combined.png 3B\146_5132_combined.png -1
3A\131_6367_combined.png 3B\146_5120_combined.png 1
3A\131_6405_combined.png 3B\131_4444_combined.png -1
3A\131_6373_combined.png 3B\131_4432_combined.png -1
3A\131_6403_combined.png 3B\146_5116_combined.png 1
3A\131_6405_combined.png 3B\131_4446_combined.png -1
3A\131_6395_combined.png 3B\146_5116_combined.png 1
3A\131_6385_combined.png 3B\131_4448_combined.png -1
3A\131_6383_combined.png 3B\146_5130_combined.png 1
3A\131_6387_combined.png 3B\131_4450_combined.png -1
3A\131_6389_combined.png 3B\131_4418_combined.png -1
3A\131_6343_combined.png 3B\131_4426_combined.png -1
3A\131_6391_combined.png 3B\131_4450_combined.png -1
3A\113_5471_combined.png 3B\131_4454_representative.png 1
3A\113_5465_combined.png 3B\97_3464_combined.png -1
3A\113_5525_combined.png 3B\97_3490_combined.png -1
3A\113_5473_combined.png 3B\131_4432_combined.png 1
3A\113_5499_combined.png 3B\97_3500_combined.png -1
3A\113_5505_combined.png 3B\131_4452_combined.png 1
3A\113_5499_combined.png 3B\97_3498_combined.png -1
3A\113_5523_combined.png 3B\131_4450_combined.png 1
3A\113_5501_combined.png 3B\97_3480_combined.png -1
3A\113_5517_combined.png 3B\97_3500_combined.png -1
3A\113_5507_combined.png 3B\97_3500_combined.png -1
3A\113_5519_combined.png 3B\97_3500_representative.png -1
3A\81_4277_combined.png 3B\97_3450_combined.png 1
3A\81_4279_combined.png 3B\43_1958_combined.png -1
3A\81_4271_combined.png 3B\43_1972_combined.png -1
3A\81_4327_representative.png 3B\97_3436_combined.png 1
3A\81_4259_combined.png 3B\43_1970_combined.png -1
3A\81_4273_combined.png 3B\97_3484_combined.png 1
3A\81_4267_combined.png 3B\43_1948_combined.png -1
3A\81_4327_representative.png 3B\97_3494_combined.png 1
3A\81_4319_combined.png 3B\43_1988_combined.png -1
3A\81_4327_combined.png 3B\43_1970_combined.png -1
3A\81_4299_combined.png 3B\43_1980_combined.png -1
3A\81_4301_combined.png 3B\43_1968_combined.png -1
3A\33_2451_representative.png 3B\43_1952_combined.png 1
3A\33_2439_combined.png 3B\134_4508_combined.png -1
3A\33_2415_combined.png 3B\134_4512_combined.png -1
3A\33_2449_combined.png 3B\43_1984_combined.png 1
3A\33_2371_combined.png 3B\134_4532_combined.png -1
3A\33_2423_combined.png 3B\43_1962_combined.png 1
3A\33_2417_combined.png 3B\134_4488_combined.png -1
3A\33_2377_combined.png 3B\43_1950_combined.png 1
3A\33_2385_combined.png 3B\134_4560_representative.png -1
3A\33_2425_combined.png 3B\134_4544_combined.png -1
3A\33_2425_combined.png 3B\134_4522_combined.png -1
3A\33_2373_combined.png 3B\134_4526_combined.png -1
3A\119_5581_combined.png 3B\134_4546_combined.png 1
3A\119_5597_combined.png 3B\206_6970_combined.png -1
3A\119_5607_combined.png 3B\206_6970_combined.png -1
3A\119_5645_combined.png 3B\134_4554_combined.png 1
3A\119_5577_combined.png 3B\206_6958_combined.png -1
3A\119_5583_combined.png 3B\134_4508_combined.png 1
3A\119_5609_combined.png 3B\206_6944_combined.png -1
3A\119_5615_combined.png 3B\134_4522_combined.png 1
3A\119_5625_combined.png 3B\206_6954_combined.png -1
3A\119_5583_combined.png 3B\206_6966_combined.png -1
3A\119_5613_combined.png 3B\206_6990_combined.png -1
3A\119_5583_combined.png 3B\206_6958_combined.png -1
3A\189_8661_combined.png 3B\206_6962_combined.png 1
3A\189_8633_combined.png 3B\94_3438_combined.png -1
3A\189_8663_combined.png 3B\94_3402_combined.png -1
3A\189_8643_combined.png 3B\206_6970_combined.png 1
3A\189_8689_combined.png 3B\94_3424_combined.png -1
3A\189_8665_combined.png 3B\206_6948_combined.png 1
3A\189_8635_combined.png 3B\94_3420_combined.png -1
3A\189_8687_combined.png 3B\206_6986_combined.png 1
3A\189_8681_combined.png 3B\94_3410_combined.png -1
3A\189_8657_combined.png 3B\94_3394_combined.png -1
3A\189_8647_combined.png 3B\94_3432_combined.png -1
3A\189_8669_combined.png 3B\94_3392_combined.png -1
3A\78_4209_combined.png 3B\94_3408_combined.png 1
3A\78_4227_combined.png 3B\176_5988_combined.png -1
3A\78_4215_combined.png 3B\176_5952_combined.png -1
3A\78_4257_combined.png 3B\94_3394_combined.png 1
3A\78_4235_combined.png 3B\176_5988_combined.png -1
3A\78_4203_combined.png 3B\94_3434_combined.png 1
3A\78_4211_combined.png 3B\176_5972_combined.png -1
3A\78_4235_combined.png 3B\94_3402_combined.png 1
3A\78_4259_combined.png 3B\176_5990_combined.png -1
3A\78_4261_representative.png 3B\176_6002_combined.png -1
3A\78_4249_combined.png 3B\176_5998_combined.png -1
3A\78_4239_combined.png 3B\176_5974_combined.png -1
3A\158_7435_combined.png 3B\176_5982_combined.png 1
3A\158_7417_combined.png 3B\68_2500_combined.png -1
3A\158_7407_combined.png 3B\68_2476_combined.png -1
3A\158_7405_combined.png 3B\176_5994_combined.png 1
3A\158_7435_combined.png 3B\68_2526_combined.png -1
3A\158_7419_combined.png 3B\176_5950_combined.png 1
3A\158_7435_combined.png 3B\68_2534_combined.png -1
3A\158_7419_combined.png 3B\176_5998_combined.png 1
3A\158_7433_combined.png 3B\68_2496_combined.png -1
3A\158_7451_combined.png 3B\68_2512_combined.png -1
3A\158_7401_combined.png 3B\68_2538_combined.png -1
3A\158_7427_combined.png 3B\68_2548_combined.png -1
3A\49_3107_combined.png 3B\68_2526_combined.png 1
3A\49_3093_combined.png 3B\163_5620_combined.png -1
3A\49_3123_combined.png 3B\163_5634_representative.png -1
3A\49_3097_combined.png 3B\68_2496_combined.png 1
3A\49_3119_combined.png 3B\163_5598_combined.png -1
3A\49_3129_combined.png 3B\68_2530_combined.png 1
3A\49_3089_combined.png 3B\163_5596_combined.png -1
3A\49_3101_combined.png 3B\68_2520_combined.png 1
3A\49_3077_combined.png 3B\163_5634_representative.png -1
3A\49_3127_combined.png 3B\163_5598_combined.png -1
3A\49_3117_combined.png 3B\163_5626_combined.png -1
3A\49_3119_combined.png 3B\163_5624_combined.png -1
3A\144_6985_combined.png 3B\163_5622_combined.png 1
3A\144_6989_combined.png 3B\61_2432_combined.png -1
3A\144_6949_combined.png 3B\61_2422_combined.png -1
3A\144_6907_combined.png 3B\163_5626_combined.png 1
3A\144_6969_combined.png 3B\61_2410_combined.png -1
3A\144_6951_combined.png 3B\163_5606_combined.png 1
3A\144_6927_combined.png 3B\61_2436_combined.png -1
3A\144_6919_combined.png 3B\163_5634_representative.png 1
3A\144_6949_combined.png 3B\61_2412_combined.png -1
3A\144_6923_combined.png 3B\61_2390_combined.png -1
3A\144_6995_combined.png 3B\61_2424_combined.png -1
3A\144_6997_representative.png 3B\61_2418_combined.png -1
3A\47_2949_combined.png 3B\61_2410_combined.png 1
3A\47_2983_combined.png 3B\9_1110_combined.png -1
3A\47_2951_combined.png 3B\9_1098_combined.png -1
3A\47_2969_combined.png 3B\61_2396_combined.png 1
3A\47_3009_combined.png 3B\9_1072_combined.png -1
3A\47_2977_combined.png 3B\61_2420_combined.png 1
3A\47_2967_combined.png 3B\9_1120_combined.png -1
3A\47_2937_combined.png 3B\61_2426_combined.png 1
3A\47_3001_combined.png 3B\9_1094_combined.png -1
3A\47_2993_combined.png 3B\9_1072_combined.png -1
3A\47_3003_combined.png 3B\9_1118_combined.png -1
3A\47_2965_combined.png 3B\9_1100_combined.png -1
3A\8_1339_combined.png 3B\9_1090_combined.png 1
3A\8_1363_combined.png 3B\37_1724_combined.png -1
3A\8_1361_combined.png 3B\37_1696_combined.png -1
3A\8_1349_combined.png 3B\9_1106_combined.png 1
3A\8_1363_combined.png 3B\37_1698_combined.png -1
3A\8_1309_combined.png 3B\9_1068_combined.png 1
3A\8_1303_combined.png 3B\37_1738_combined.png -1
3A\8_1315_combined.png 3B\9_1086_combined.png 1
3A\8_1319_combined.png 3B\37_1712_combined.png -1
3A\8_1307_combined.png 3B\37_1696_combined.png -1
3A\8_1349_combined.png 3B\37_1708_combined.png -1
3A\8_1351_combined.png 3B\37_1712_combined.png -1
3A\27_2109_combined.png 3B\37_1708_combined.png 1
3A\27_2115_combined.png 3B\113_3960_combined.png -1
3A\27_2107_combined.png 3B\113_3972_combined.png -1
3A\27_2119_combined.png 3B\37_1726_combined.png 1
3A\27_2095_combined.png 3B\113_3988_combined.png -1
3A\27_2095_combined.png 3B\37_1702_combined.png 1
3A\27_2127_combined.png 3B\113_3962_combined.png -1
3A\27_2061_combined.png 3B\37_1736_combined.png 1
3A\27_2093_combined.png 3B\113_3968_combined.png -1
3A\27_2105_combined.png 3B\113_3964_combined.png -1
3A\27_2111_combined.png 3B\113_4008_combined.png -1
3A\27_2111_combined.png 3B\113_3980_combined.png -1
3A\94_4941_combined.png 3B\113_3998_combined.png 1
3A\94_4963_combined.png 3B\2_808_combined.png -1
3A\94_4957_combined.png 3B\2_804_combined.png -1
3A\94_4953_combined.png 3B\113_3974_combined.png 1
3A\94_4961_combined.png 3B\2_808_combined.png -1
3A\94_4899_combined.png 3B\113_4006_combined.png 1
3A\94_4917_combined.png 3B\2_804_combined.png -1
3A\94_4935_combined.png 3B\113_3998_combined.png 1
3A\94_4907_combined.png 3B\2_804_combined.png -1
3A\94_4941_combined.png 3B\2_812_combined.png -1
3A\94_4931_combined.png 3B\2_800_combined.png -1
3A\94_4923_combined.png 3B\2_804_combined.png -1
3A\1_971_combined.png 3B\2_804_combined.png 1
3A\1_923_combined.png 3B\173_5900_combined.png -1
3A\1_949_combined.png 3B\173_5902_representative.png -1
3A\1_929_combined.png 3B\2_812_combined.png 1
3A\1_913_combined.png 3B\173_5904_combined.png -1
3A\1_969_combined.png 3B\2_812_combined.png 1
3A\1_929_combined.png 3B\173_5924_combined.png -1
3A\1_973_combined.png 3B\2_804_combined.png 1
3A\1_913_combined.png 3B\173_5924_combined.png -1
3A\1_923_combined.png 3B\173_5914_combined.png -1
3A\1_935_combined.png 3B\173_5906_combined.png -1
3A\1_925_combined.png 3B\173_5910_combined.png -1
3A\156_7341_combined.png 3B\173_5902_combined.png 1
3A\156_7351_combined.png 3B\202_6856_combined.png -1
3A\156_7331_combined.png 3B\202_6814_combined.png -1
3A\156_7337_combined.png 3B\173_5918_combined.png 1
3A\156_7347_combined.png 3B\202_6858_combined.png -1
3A\156_7329_combined.png 3B\173_5908_combined.png 1
3A\156_7363_combined.png 3B\202_6842_combined.png -1
3A\156_7339_combined.png 3B\173_5916_combined.png 1
3A\156_7341_combined.png 3B\202_6828_combined.png -1
3A\156_7355_combined.png 3B\202_6850_combined.png -1
3A\156_7335_combined.png 3B\202_6850_combined.png -1
3A\156_7357_combined.png 3B\202_6860_combined.png -1
3A\182_8519_combined.png 3B\202_6846_combined.png 1
3A\182_8503_combined.png 3B\201_6814_combined.png -1
3A\182_8483_combined.png 3B\201_6830_combined.png -1
3A\182_8515_combined.png 3B\202_6850_combined.png 1
3A\182_8513_combined.png 3B\201_6790_combined.png -1
3A\182_8513_combined.png 3B\202_6854_combined.png 1
3A\182_8509_combined.png 3B\201_6834_combined.png -1
3A\182_8509_combined.png 3B\202_6818_combined.png 1
3A\182_8483_representative.png 3B\201_6816_combined.png -1
3A\182_8525_combined.png 3B\201_6834_combined.png -1
3A\182_8511_combined.png 3B\201_6820_combined.png -1
3A\182_8513_combined.png 3B\201_6794_combined.png -1
3A\180_8467_combined.png 3B\201_6834_combined.png 1
3A\180_8449_combined.png 3B\117_4144_combined.png -1
3A\180_8497_combined.png 3B\117_4116_combined.png -1
3A\180_8499_combined.png 3B\201_6828_combined.png 1
3A\180_8463_combined.png 3B\117_4100_combined.png -1
3A\180_8475_combined.png 3B\201_6794_combined.png 1
3A\180_8447_combined.png 3B\117_4096_combined.png -1
3A\180_8463_combined.png 3B\201_6834_representative.png 1
3A\180_8467_combined.png 3B\117_4136_combined.png -1
3A\180_8459_combined.png 3B\117_4110_combined.png -1
3A\180_8457_combined.png 3B\117_4084_combined.png -1
3A\180_8429_combined.png 3B\117_4124_combined.png -1
3A\100_5137_combined.png 3B\117_4146_representative.png 1
3A\100_5127_combined.png 3B\213_7130_combined.png -1
3A\100_5103_combined.png 3B\213_7148_combined.png -1
3A\100_5137_combined.png 3B\117_4140_combined.png 1
3A\100_5077_combined.png 3B\213_7148_combined.png -1
3A\100_5131_combined.png 3B\117_4138_combined.png 1
3A\100_5139_combined.png 3B\213_7132_combined.png -1
3A\100_5121_combined.png 3B\117_4100_combined.png 1
3A\100_5115_combined.png 3B\213_7156_combined.png -1
3A\100_5107_combined.png 3B\213_7144_combined.png -1
3A\100_5119_combined.png 3B\213_7130_representative.png -1
3A\100_5077_combined.png 3B\213_7130_combined.png -1
