1A\10_2375_combined.png 1B\2_1970_combined.png 1
1A\10_2389_combined.png 1B\203_8290_combined.png -1
1A\10_2377_combined.png 1B\203_8280_combined.png -1
1A\10_2389_combined.png 1B\2_1928_combined.png 1
1A\10_2379_combined.png 1B\203_8266_combined.png -1
1A\10_2379_combined.png 1B\2_1944_combined.png 1
1A\10_2381_combined.png 1B\203_8280_combined.png -1
1A\10_2393_combined.png 1B\2_1970_combined.png 1
1A\10_2395_combined.png 1B\203_8268_combined.png -1
1A\10_2395_combined.png 1B\203_8262_combined.png -1
1A\10_2375_combined.png 1B\203_8260_combined.png -1
1A\10_2395_combined.png 1B\203_8260_combined.png -1
1A\152_10313_combined.png 1B\203_8276_combined.png 1
1A\152_10271_combined.png 1B\114_5820_combined.png -1
1A\152_10289_combined.png 1B\114_5782_combined.png -1
1A\152_10269_combined.png 1B\203_8282_combined.png 1
1A\152_10309_combined.png 1B\114_5814_combined.png -1
1A\152_10309_combined.png 1B\203_8246_combined.png 1
1A\152_10311_combined.png 1B\114_5794_combined.png -1
1A\152_10289_combined.png 1B\203_8292_combined.png 1
1A\152_10273_combined.png 1B\114_5778_combined.png -1
1A\152_10295_combined.png 1B\114_5804_combined.png -1
1A\152_10271_combined.png 1B\114_5800_combined.png -1
1A\152_10275_combined.png 1B\114_5788_combined.png -1
1A\88_7149_combined.png 1B\114_5778_combined.png 1
1A\88_7163_combined.png 1B\72_4144_combined.png -1
1A\88_7183_combined.png 1B\72_4152_combined.png -1
1A\88_7155_combined.png 1B\114_5832_representative.png 1
1A\88_7167_combined.png 1B\72_4154_combined.png -1
1A\88_7185_combined.png 1B\114_5826_combined.png 1
1A\88_7137_combined.png 1B\72_4152_combined.png -1
1A\88_7149_combined.png 1B\114_5832_representative.png 1
1A\88_7139_representative.png 1B\72_4152_combined.png -1
1A\88_7147_combined.png 1B\72_4130_combined.png -1
1A\88_7179_combined.png 1B\72_4162_combined.png -1
1A\88_7167_combined.png 1B\72_4166_combined.png -1
1A\60_5135_combined.png 1B\72_4130_combined.png 1
1A\60_5141_combined.png 1B\181_7380_combined.png -1
1A\60_5161_combined.png 1B\181_7350_representative.png -1
1A\60_5169_combined.png 1B\72_4150_combined.png 1
1A\60_5165_combined.png 1B\181_7366_combined.png -1
1A\60_5147_combined.png 1B\72_4176_combined.png 1
1A\60_5173_representative.png 1B\181_7392_combined.png -1
1A\60_5131_combined.png 1B\72_4132_combined.png 1
1A\60_5157_combined.png 1B\181_7380_combined.png -1
1A\60_5135_combined.png 1B\181_7360_combined.png -1
1A\60_5169_combined.png 1B\181_7396_combined.png -1
1A\60_5155_combined.png 1B\181_7350_representative.png -1
1A\132_9137_combined.png 1B\181_7390_combined.png 1
1A\132_9145_combined.png 1B\85_4744_combined.png -1
1A\132_9171_combined.png 1B\85_4696_combined.png -1
1A\132_9151_combined.png 1B\181_7380_combined.png 1
1A\132_9167_combined.png 1B\85_4708_combined.png -1
1A\132_9123_representative.png 1B\181_7350_representative.png 1
1A\132_9159_combined.png 1B\85_4734_combined.png -1
1A\132_9123_representative.png 1B\181_7398_combined.png 1
1A\132_9137_combined.png 1B\85_4702_combined.png -1
1A\132_9181_combined.png 1B\85_4732_combined.png -1
1A\132_9147_combined.png 1B\85_4722_combined.png -1
1A\132_9123_representative.png 1B\85_4714_combined.png -1
1A\68_5829_combined.png 1B\85_4728_combined.png 1
1A\68_5851_combined.png 1B\51_3426_combined.png -1
1A\68_5819_combined.png 1B\51_3424_combined.png -1
1A\68_5801_combined.png 1B\85_4726_combined.png 1
1A\68_5815_combined.png 1B\51_3406_combined.png -1
1A\68_5797_combined.png 1B\85_4694_combined.png 1
1A\68_5823_combined.png 1B\51_3416_combined.png -1
1A\68_5809_combined.png 1B\85_4740_combined.png 1
1A\68_5851_combined.png 1B\51_3410_combined.png -1
1A\68_5833_combined.png 1B\51_3418_combined.png -1
1A\68_5803_combined.png 1B\51_3416_combined.png -1
1A\68_5809_combined.png 1B\51_3422_combined.png -1
1A\43_4227_combined.png 1B\51_3426_combined.png 1
1A\43_4197_combined.png 1B\216_8612_combined.png -1
1A\43_4199_combined.png 1B\216_8648_combined.png -1
1A\43_4195_representative.png 1B\51_3418_combined.png 1
1A\43_4199_combined.png 1B\216_8646_combined.png -1
1A\43_4199_combined.png 1B\51_3420_combined.png 1
1A\43_4193_combined.png 1B\216_8622_combined.png -1
1A\43_4199_combined.png 1B\51_3414_combined.png 1
1A\43_4219_combined.png 1B\216_8624_combined.png -1
1A\43_4213_combined.png 1B\216_8642_combined.png -1
1A\43_4197_combined.png 1B\216_8648_combined.png -1
1A\43_4219_combined.png 1B\216_8648_combined.png -1
1A\159_10755_combined.png 1B\216_8622_combined.png 1
1A\159_10763_combined.png 1B\272_10138_combined.png -1
1A\159_10761_combined.png 1B\272_10154_representative.png -1
1A\159_10765_combined.png 1B\216_8620_combined.png 1
1A\159_10775_combined.png 1B\272_10146_combined.png -1
1A\159_10751_combined.png 1B\216_8612_combined.png 1
1A\159_10753_combined.png 1B\272_10152_combined.png -1
1A\159_10775_combined.png 1B\216_8632_combined.png 1
1A\159_10749_combined.png 1B\272_10148_combined.png -1
1A\159_10753_combined.png 1B\272_10150_combined.png -1
1A\159_10751_combined.png 1B\272_10154_combined.png -1
1A\159_10771_combined.png 1B\272_10138_combined.png -1
1A\199_12605_combined.png 1B\272_10128_combined.png 1
1A\199_12641_combined.png 1B\13_2258_combined.png -1
1A\199_12611_combined.png 1B\13_2258_combined.png -1
1A\199_12635_combined.png 1B\272_10126_combined.png 1
1A\199_12625_combined.png 1B\13_2242_combined.png -1
1A\199_12611_combined.png 1B\272_10134_combined.png 1
1A\199_12629_combined.png 1B\13_2250_combined.png -1
1A\199_12629_combined.png 1B\272_10152_combined.png 1
1A\199_12615_combined.png 1B\13_2262_combined.png -1
1A\199_12641_combined.png 1B\13_2262_combined.png -1
1A\199_12633_combined.png 1B\13_2250_combined.png -1
1A\199_12631_combined.png 1B\13_2262_combined.png -1
1A\17_2747_combined.png 1B\13_2248_combined.png 1
1A\17_2749_combined.png 1B\115_5796_combined.png -1
1A\17_2767_combined.png 1B\115_5804_combined.png -1
1A\17_2769_combined.png 1B\13_2250_combined.png 1
1A\17_2741_representative.png 1B\115_5804_combined.png -1
1A\17_2747_combined.png 1B\13_2262_combined.png 1
1A\17_2741_combined.png 1B\115_5796_combined.png -1
1A\17_2767_combined.png 1B\13_2256_combined.png 1
1A\17_2759_combined.png 1B\115_5784_combined.png -1
1A\17_2765_combined.png 1B\115_5802_combined.png -1
1A\17_2741_combined.png 1B\115_5786_representative.png -1
1A\17_2757_combined.png 1B\115_5788_combined.png -1
1A\89_7167_representative.png 1B\115_5804_combined.png 1
1A\89_7187_combined.png 1B\250_9620_combined.png -1
1A\89_7169_combined.png 1B\250_9628_combined.png -1
1A\89_7179_combined.png 1B\115_5796_combined.png 1
1A\89_7173_combined.png 1B\250_9630_combined.png -1
1A\89_7187_combined.png 1B\115_5796_combined.png 1
1A\89_7191_combined.png 1B\250_9630_combined.png -1
1A\89_7189_combined.png 1B\115_5804_combined.png 1
1A\89_7183_combined.png 1B\250_9614_combined.png -1
1A\89_7165_combined.png 1B\250_9626_combined.png -1
1A\89_7195_combined.png 1B\250_9612_combined.png -1
1A\89_7181_combined.png 1B\250_9626_combined.png -1
1A\183_12005_representative.png 1B\250_9626_combined.png 1
1A\183_11989_combined.png 1B\224_9032_combined.png -1
1A\183_11997_combined.png 1B\224_9012_representative.png -1
1A\183_11995_combined.png 1B\250_9632_combined.png 1
1A\183_11979_combined.png 1B\224_9016_combined.png -1
1A\183_12005_combined.png 1B\250_9612_combined.png 1
1A\183_11993_combined.png 1B\224_9022_combined.png -1
1A\183_11985_combined.png 1B\250_9636_combined.png 1
1A\183_11995_combined.png 1B\224_9032_combined.png -1
1A\183_12005_representative.png 1B\224_9034_combined.png -1
1A\183_11977_combined.png 1B\224_9018_combined.png -1
1A\183_11983_combined.png 1B\224_9032_combined.png -1
1A\164_11203_combined.png 1B\224_9020_combined.png 1
1A\164_11233_combined.png 1B\24_2566_combined.png -1
1A\164_11231_combined.png 1B\24_2564_combined.png -1
1A\164_11203_combined.png 1B\224_9014_combined.png 1
1A\164_11219_combined.png 1B\24_2560_combined.png -1
1A\164_11223_combined.png 1B\224_9010_combined.png 1
1A\164_11229_combined.png 1B\24_2566_combined.png -1
1A\164_11219_combined.png 1B\224_9028_combined.png 1
1A\164_11203_representative.png 1B\24_2558_representative.png -1
1A\164_11211_combined.png 1B\24_2580_combined.png -1
1A\164_11233_combined.png 1B\24_2578_combined.png -1
1A\164_11219_combined.png 1B\24_2566_combined.png -1
1A\26_3147_representative.png 1B\24_2556_combined.png 1
1A\26_3167_combined.png 1B\225_9084_combined.png -1
1A\26_3145_combined.png 1B\225_9066_combined.png -1
1A\26_3173_combined.png 1B\24_2570_combined.png 1
1A\26_3161_combined.png 1B\225_9070_combined.png -1
1A\26_3161_combined.png 1B\24_2566_combined.png 1
1A\26_3157_combined.png 1B\225_9066_combined.png -1
1A\26_3165_combined.png 1B\24_2560_combined.png 1
1A\26_3169_combined.png 1B\225_9080_combined.png -1
1A\26_3159_combined.png 1B\225_9090_combined.png -1
1A\26_3153_combined.png 1B\225_9070_combined.png -1
1A\26_3165_combined.png 1B\225_9068_combined.png -1
1A\165_11279_combined.png 1B\225_9086_combined.png 1
1A\165_11307_combined.png 1B\125_6036_combined.png -1
1A\165_11285_combined.png 1B\125_6018_combined.png -1
1A\165_11285_combined.png 1B\225_9090_combined.png 1
1A\165_11303_combined.png 1B\125_6032_combined.png -1
1A\165_11297_combined.png 1B\225_9086_combined.png 1
1A\165_11305_combined.png 1B\125_6014_combined.png -1
1A\165_11275_combined.png 1B\225_9080_combined.png 1
1A\165_11293_combined.png 1B\125_6022_combined.png -1
1A\165_11295_combined.png 1B\125_6032_combined.png -1
1A\165_11275_combined.png 1B\125_6020_combined.png -1
1A\165_11279_combined.png 1B\125_6028_combined.png -1
1A\95_7471_combined.png 1B\125_6030_combined.png 1
1A\95_7453_representative.png 1B\66_4012_combined.png -1
1A\95_7451_combined.png 1B\66_4014_combined.png -1
1A\95_7467_combined.png 1B\125_6012_representative.png 1
1A\95_7461_combined.png 1B\66_3994_combined.png -1
1A\95_7471_combined.png 1B\125_6028_combined.png 1
1A\95_7475_combined.png 1B\66_4000_combined.png -1
1A\95_7467_combined.png 1B\125_6028_combined.png 1
1A\95_7471_combined.png 1B\66_4006_combined.png -1
1A\95_7483_combined.png 1B\66_4026_combined.png -1
1A\95_7481_combined.png 1B\66_4018_combined.png -1
1A\95_7487_combined.png 1B\66_4002_combined.png -1
1A\56_4985_combined.png 1B\66_4018_combined.png 1
1A\56_4975_combined.png 1B\126_6026_combined.png -1
1A\56_4937_representative.png 1B\126_6028_combined.png -1
1A\56_4979_combined.png 1B\66_4002_combined.png 1
1A\56_4991_combined.png 1B\126_6056_combined.png -1
1A\56_4947_combined.png 1B\66_4004_combined.png 1
1A\56_4957_combined.png 1B\126_6060_combined.png -1
1A\56_4973_combined.png 1B\66_4028_combined.png 1
1A\56_4937_combined.png 1B\126_6042_combined.png -1
1A\56_4961_combined.png 1B\126_6054_combined.png -1
1A\56_4957_combined.png 1B\126_6040_combined.png -1
1A\56_4937_representative.png 1B\126_6056_combined.png -1
1A\96_7509_combined.png 1B\126_6046_combined.png 1
1A\96_7495_combined.png 1B\173_7200_combined.png -1
1A\96_7467_combined.png 1B\173_7204_combined.png -1
1A\96_7505_combined.png 1B\126_6032_combined.png 1
1A\96_7507_combined.png 1B\173_7208_combined.png -1
1A\96_7475_combined.png 1B\126_6036_combined.png 1
1A\96_7489_combined.png 1B\173_7202_combined.png -1
1A\96_7481_combined.png 1B\126_6046_combined.png 1
1A\96_7469_representative.png 1B\173_7228_combined.png -1
1A\96_7509_combined.png 1B\173_7194_combined.png -1
1A\96_7513_combined.png 1B\173_7220_combined.png -1
1A\96_7513_combined.png 1B\173_7212_combined.png -1
1A\127_8947_combined.png 1B\173_7204_combined.png 1
1A\127_8949_combined.png 1B\179_7316_combined.png -1
1A\127_8983_combined.png 1B\179_7306_combined.png -1
1A\127_8957_combined.png 1B\173_7212_combined.png 1
1A\127_8951_combined.png 1B\179_7298_combined.png -1
1A\127_8993_representative.png 1B\173_7226_combined.png 1
1A\127_8985_combined.png 1B\179_7336_combined.png -1
1A\127_8987_combined.png 1B\173_7194_combined.png 1
1A\127_8993_combined.png 1B\179_7306_combined.png -1
1A\127_8947_combined.png 1B\179_7282_combined.png -1
1A\127_8963_combined.png 1B\179_7290_combined.png -1
1A\127_8987_combined.png 1B\179_7282_combined.png -1
1A\129_9085_combined.png 1B\179_7312_combined.png 1
1A\129_9053_combined.png 1B\215_8600_combined.png -1
1A\129_9065_combined.png 1B\215_8604_combined.png -1
1A\129_9075_combined.png 1B\179_7336_combined.png 1
1A\129_9033_combined.png 1B\215_8588_combined.png -1
1A\129_9033_combined.png 1B\179_7286_combined.png 1
1A\129_9051_combined.png 1B\215_8622_combined.png -1
1A\129_9027_combined.png 1B\179_7308_combined.png 1
1A\129_9059_combined.png 1B\215_8610_combined.png -1
1A\129_9047_combined.png 1B\215_8596_combined.png -1
1A\129_9035_combined.png 1B\215_8620_combined.png -1
1A\129_9091_combined.png 1B\215_8618_combined.png -1
1A\158_10699_combined.png 1B\215_8628_combined.png 1
1A\158_10705_combined.png 1B\75_4202_combined.png -1
1A\158_10705_combined.png 1B\75_4202_combined.png -1
1A\158_10711_combined.png 1B\215_8604_combined.png 1
1A\158_10731_combined.png 1B\75_4214_combined.png -1
1A\158_10711_combined.png 1B\215_8628_combined.png 1
1A\158_10699_combined.png 1B\75_4214_combined.png -1
1A\158_10715_combined.png 1B\215_8594_combined.png 1
1A\158_10713_combined.png 1B\75_4214_combined.png -1
1A\158_10721_combined.png 1B\75_4206_combined.png -1
1A\158_10727_combined.png 1B\75_4206_combined.png -1
1A\158_10717_combined.png 1B\75_4198_combined.png -1
1A\62_5203_combined.png 1B\75_4202_combined.png 1
1A\62_5195_combined.png 1B\256_9750_combined.png -1
1A\62_5191_representative.png 1B\256_9750_combined.png -1
1A\62_5205_combined.png 1B\75_4220_combined.png 1
1A\62_5189_combined.png 1B\256_9746_combined.png -1
1A\62_5213_combined.png 1B\75_4220_combined.png 1
1A\62_5217_combined.png 1B\256_9758_combined.png -1
1A\62_5213_combined.png 1B\75_4210_combined.png 1
1A\62_5223_combined.png 1B\256_9762_combined.png -1
1A\62_5191_representative.png 1B\256_9744_combined.png -1
1A\62_5221_combined.png 1B\256_9760_combined.png -1
1A\62_5205_combined.png 1B\256_9760_combined.png -1
1A\188_12145_combined.png 1B\256_9746_combined.png 1
1A\188_12149_combined.png 1B\136_6366_representative.png -1
1A\188_12163_combined.png 1B\136_6314_combined.png -1
1A\188_12155_combined.png 1B\256_9746_combined.png 1
1A\188_12135_combined.png 1B\136_6298_combined.png -1
1A\188_12175_representative.png 1B\256_9778_combined.png 1
1A\188_12133_combined.png 1B\136_6340_combined.png -1
1A\188_12139_combined.png 1B\256_9748_combined.png 1
1A\188_12159_combined.png 1B\136_6358_combined.png -1
1A\188_12169_combined.png 1B\136_6352_combined.png -1
1A\188_12131_combined.png 1B\136_6304_combined.png -1
1A\188_12161_combined.png 1B\136_6360_combined.png -1
1A\106_7863_combined.png 1B\136_6300_combined.png 1
1A\106_7893_combined.png 1B\8_2084_combined.png -1
1A\106_7907_combined.png 1B\8_2082_combined.png -1
1A\106_7863_combined.png 1B\136_6364_combined.png 1
1A\106_7873_combined.png 1B\8_2056_combined.png -1
1A\106_7899_combined.png 1B\136_6360_combined.png 1
1A\106_7851_combined.png 1B\8_2060_combined.png -1
1A\106_7857_combined.png 1B\136_6310_combined.png 1
1A\106_7893_combined.png 1B\8_2072_combined.png -1
1A\106_7863_combined.png 1B\8_2048_combined.png -1
1A\106_7849_combined.png 1B\8_2080_combined.png -1
1A\106_7887_combined.png 1B\8_2048_combined.png -1
1A\13_2507_combined.png 1B\8_2056_combined.png 1
1A\13_2529_combined.png 1B\207_8430_combined.png -1
1A\13_2485_combined.png 1B\207_8456_combined.png -1
1A\13_2493_combined.png 1B\8_2078_combined.png 1
1A\13_2497_combined.png 1B\207_8430_combined.png -1
1A\13_2493_combined.png 1B\8_2084_combined.png 1
1A\13_2497_combined.png 1B\207_8438_combined.png -1
1A\13_2483_representative.png 1B\8_2044_combined.png 1
1A\13_2493_combined.png 1B\207_8454_combined.png -1
1A\13_2485_combined.png 1B\207_8432_combined.png -1
1A\13_2535_combined.png 1B\207_8438_combined.png -1
1A\13_2529_combined.png 1B\207_8426_combined.png -1
1A\155_10527_representative.png 1B\207_8438_combined.png 1
1A\155_10499_combined.png 1B\37_2856_combined.png -1
1A\155_10493_combined.png 1B\37_2848_combined.png -1
1A\155_10509_combined.png 1B\207_8456_combined.png 1
1A\155_10513_combined.png 1B\37_2836_combined.png -1
1A\155_10509_combined.png 1B\207_8454_combined.png 1
1A\155_10499_combined.png 1B\37_2840_combined.png -1
1A\155_10503_combined.png 1B\207_8456_representative.png 1
1A\155_10489_combined.png 1B\37_2856_combined.png -1
1A\155_10495_combined.png 1B\37_2844_combined.png -1
1A\155_10475_combined.png 1B\37_2826_representative.png -1
1A\155_10485_combined.png 1B\37_2846_combined.png -1
1A\35_3493_combined.png 1B\37_2844_combined.png 1
1A\35_3469_combined.png 1B\236_9442_combined.png -1
1A\35_3503_combined.png 1B\236_9454_representative.png -1
1A\35_3475_combined.png 1B\37_2856_combined.png 1
1A\35_3507_combined.png 1B\236_9446_combined.png -1
1A\35_3477_combined.png 1B\37_2836_combined.png 1
1A\35_3483_combined.png 1B\236_9418_combined.png -1
1A\35_3471_combined.png 1B\37_2846_combined.png 1
1A\35_3469_representative.png 1B\236_9452_combined.png -1
1A\35_3497_combined.png 1B\236_9444_combined.png -1
1A\35_3473_combined.png 1B\236_9430_combined.png -1
1A\35_3507_combined.png 1B\236_9426_combined.png -1
1A\173_11753_combined.png 1B\236_9448_combined.png 1
1A\173_11769_combined.png 1B\222_8942_combined.png -1
1A\173_11741_combined.png 1B\222_8958_combined.png -1
1A\173_11753_combined.png 1B\236_9426_combined.png 1
1A\173_11747_combined.png 1B\222_8914_combined.png -1
1A\173_11755_combined.png 1B\236_9430_combined.png 1
1A\173_11763_combined.png 1B\222_8944_combined.png -1
1A\173_11733_combined.png 1B\236_9442_combined.png 1
1A\173_11759_combined.png 1B\222_8954_combined.png -1
1A\173_11743_combined.png 1B\222_8938_combined.png -1
1A\173_11771_combined.png 1B\222_8958_combined.png -1
1A\173_11729_combined.png 1B\222_8956_combined.png -1
1A\162_11177_combined.png 1B\222_8940_combined.png 1
1A\162_11185_representative.png 1B\149_6582_representative.png -1
1A\162_11141_combined.png 1B\149_6570_combined.png -1
1A\162_11141_combined.png 1B\222_8954_combined.png 1
1A\162_11167_combined.png 1B\149_6542_combined.png -1
1A\162_11137_combined.png 1B\222_8952_combined.png 1
1A\162_11135_combined.png 1B\149_6576_combined.png -1
1A\162_11167_combined.png 1B\222_8988_representative.png 1
1A\162_11155_combined.png 1B\149_6546_combined.png -1
1A\162_11183_combined.png 1B\149_6548_combined.png -1
1A\162_11173_combined.png 1B\149_6582_combined.png -1
1A\162_11149_combined.png 1B\149_6554_combined.png -1
1A\113_8151_combined.png 1B\149_6548_combined.png 1
1A\113_8179_combined.png 1B\180_7350_combined.png -1
1A\113_8185_combined.png 1B\180_7358_combined.png -1
1A\113_8163_combined.png 1B\149_6554_combined.png 1
1A\113_8141_combined.png 1B\180_7350_combined.png -1
1A\113_8153_combined.png 1B\149_6546_combined.png 1
1A\113_8145_combined.png 1B\180_7358_combined.png -1
1A\113_8175_combined.png 1B\149_6546_combined.png 1
1A\113_8173_combined.png 1B\180_7348_combined.png -1
1A\113_8171_combined.png 1B\180_7354_combined.png -1
1A\113_8151_combined.png 1B\180_7360_combined.png -1
1A\113_8163_combined.png 1B\180_7338_combined.png -1
1A\131_9121_combined.png 1B\180_7354_combined.png 1
1A\131_9129_combined.png 1B\90_4978_combined.png -1
1A\131_9129_combined.png 1B\90_4966_combined.png -1
1A\131_9145_combined.png 1B\180_7340_combined.png 1
1A\131_9137_combined.png 1B\90_4950_combined.png -1
1A\131_9137_combined.png 1B\180_7354_combined.png 1
1A\131_9121_combined.png 1B\90_4954_combined.png -1
1A\131_9131_combined.png 1B\180_7342_combined.png 1
1A\131_9125_combined.png 1B\90_4966_combined.png -1
1A\131_9123_combined.png 1B\90_4954_combined.png -1
1A\131_9135_combined.png 1B\90_4978_representative.png -1
1A\131_9137_combined.png 1B\90_4948_combined.png -1
1A\70_6153_combined.png 1B\90_4972_combined.png 1
1A\70_6159_combined.png 1B\18_2448_combined.png -1
1A\70_6125_combined.png 1B\18_2426_combined.png -1
1A\70_6133_combined.png 1B\90_4962_combined.png 1
1A\70_6173_combined.png 1B\18_2430_combined.png -1
1A\70_6135_combined.png 1B\90_4974_combined.png 1
1A\70_6163_combined.png 1B\18_2424_combined.png -1
1A\70_6163_combined.png 1B\90_4952_combined.png 1
1A\70_6149_combined.png 1B\18_2422_combined.png -1
1A\70_6179_combined.png 1B\18_2418_combined.png -1
1A\70_6135_combined.png 1B\18_2418_combined.png -1
1A\70_6173_combined.png 1B\18_2448_representative.png -1
1A\21_2999_combined.png 1B\18_2442_combined.png 1
1A\21_2975_combined.png 1B\60_3706_combined.png -1
1A\21_2997_combined.png 1B\60_3716_combined.png -1
1A\21_3001_combined.png 1B\18_2432_combined.png 1
1A\21_2985_combined.png 1B\60_3734_combined.png -1
1A\21_2989_combined.png 1B\18_2438_combined.png 1
1A\21_3003_combined.png 1B\60_3712_combined.png -1
1A\21_3009_combined.png 1B\18_2448_combined.png 1
1A\21_2973_combined.png 1B\60_3728_combined.png -1
1A\21_3001_combined.png 1B\60_3716_combined.png -1
1A\21_3009_combined.png 1B\60_3726_combined.png -1
1A\21_2981_combined.png 1B\60_3724_combined.png -1
1A\51_4581_combined.png 1B\60_3696_combined.png 1
1A\51_4607_combined.png 1B\226_9178_combined.png -1
1A\51_4593_combined.png 1B\226_9154_combined.png -1
1A\51_4595_combined.png 1B\60_3720_combined.png 1
1A\51_4617_combined.png 1B\226_9174_combined.png -1
1A\51_4579_combined.png 1B\60_3728_combined.png 1
1A\51_4599_combined.png 1B\226_9144_combined.png -1
1A\51_4609_combined.png 1B\60_3726_combined.png 1
1A\51_4581_combined.png 1B\226_9162_combined.png -1
1A\51_4585_combined.png 1B\226_9176_combined.png -1
1A\51_4591_combined.png 1B\226_9120_combined.png -1
1A\51_4593_combined.png 1B\226_9180_combined.png -1
1A\166_11385_combined.png 1B\226_9166_combined.png 1
1A\166_11383_combined.png 1B\139_6430_combined.png -1
1A\166_11395_combined.png 1B\139_6438_combined.png -1
1A\166_11377_combined.png 1B\226_9158_combined.png 1
1A\166_11409_combined.png 1B\139_6416_combined.png -1
1A\166_11379_combined.png 1B\226_9166_combined.png 1
1A\166_11403_combined.png 1B\139_6416_combined.png -1
1A\166_11415_combined.png 1B\226_9122_combined.png 1
1A\166_11395_combined.png 1B\139_6426_combined.png -1
1A\166_11403_combined.png 1B\139_6412_combined.png -1
1A\166_11387_combined.png 1B\139_6438_combined.png -1
1A\166_11379_combined.png 1B\139_6438_combined.png -1
1A\108_7969_combined.png 1B\139_6428_combined.png 1
1A\108_7971_combined.png 1B\34_2774_representative.png -1
1A\108_7965_combined.png 1B\34_2768_combined.png -1
1A\108_7957_combined.png 1B\139_6426_combined.png 1
1A\108_7975_combined.png 1B\34_2754_combined.png -1
1A\108_7955_combined.png 1B\139_6410_combined.png 1
1A\108_7957_combined.png 1B\34_2774_representative.png -1
1A\108_7955_combined.png 1B\139_6410_combined.png 1
1A\108_7993_combined.png 1B\34_2752_combined.png -1
1A\108_7975_combined.png 1B\34_2762_combined.png -1
1A\108_7985_combined.png 1B\34_2764_combined.png -1
1A\108_7983_combined.png 1B\34_2774_combined.png -1
1A\33_3415_combined.png 1B\34_2746_combined.png 1
1A\33_3419_combined.png 1B\110_5508_combined.png -1
1A\33_3397_combined.png 1B\110_5482_combined.png -1
1A\33_3409_combined.png 1B\34_2768_combined.png 1
1A\33_3381_combined.png 1B\110_5488_combined.png -1
1A\33_3395_combined.png 1B\34_2766_combined.png 1
1A\33_3397_combined.png 1B\110_5508_combined.png -1
1A\33_3405_combined.png 1B\34_2750_combined.png 1
1A\33_3419_combined.png 1B\110_5492_combined.png -1
1A\33_3397_combined.png 1B\110_5478_combined.png -1
1A\33_3415_combined.png 1B\110_5506_combined.png -1
1A\33_3417_combined.png 1B\110_5508_combined.png -1
1A\86_6791_combined.png 1B\110_5506_combined.png 1
1A\86_6839_combined.png 1B\182_7376_representative.png -1
1A\86_6813_combined.png 1B\182_7410_combined.png -1
1A\86_6801_combined.png 1B\110_5468_combined.png 1
1A\86_6821_combined.png 1B\182_7410_combined.png -1
1A\86_6795_combined.png 1B\110_5474_combined.png 1
1A\86_6835_combined.png 1B\182_7382_combined.png -1
1A\86_6799_combined.png 1B\110_5460_combined.png 1
1A\86_6827_combined.png 1B\182_7430_combined.png -1
1A\86_6817_combined.png 1B\182_7390_combined.png -1
1A\86_6793_combined.png 1B\182_7374_combined.png -1
1A\86_6839_representative.png 1B\182_7424_combined.png -1
1A\133_9213_combined.png 1B\182_7396_combined.png 1
1A\133_9183_combined.png 1B\121_5930_combined.png -1
1A\133_9175_combined.png 1B\121_5944_combined.png -1
1A\133_9181_combined.png 1B\182_7422_combined.png 1
1A\133_9199_combined.png 1B\121_5918_combined.png -1
1A\133_9197_combined.png 1B\182_7400_combined.png 1
1A\133_9199_combined.png 1B\121_5948_combined.png -1
1A\133_9179_combined.png 1B\182_7400_combined.png 1
1A\133_9213_combined.png 1B\121_5916_combined.png -1
1A\133_9169_combined.png 1B\121_5912_representative.png -1
1A\133_9167_combined.png 1B\121_5942_combined.png -1
1A\133_9207_combined.png 1B\121_5922_combined.png -1
1A\93_7325_representative.png 1B\121_5946_combined.png 1
1A\93_7365_combined.png 1B\200_8120_combined.png -1
1A\93_7375_combined.png 1B\200_8100_combined.png -1
1A\93_7375_combined.png 1B\121_5934_combined.png 1
1A\93_7329_combined.png 1B\200_8126_combined.png -1
1A\93_7345_combined.png 1B\121_5958_combined.png 1
1A\93_7357_combined.png 1B\200_8114_combined.png -1
1A\93_7343_combined.png 1B\121_5926_combined.png 1
1A\93_7357_combined.png 1B\200_8098_combined.png -1
1A\93_7331_combined.png 1B\200_8034_combined.png -1
1A\93_7381_combined.png 1B\200_8102_combined.png -1
1A\93_7349_combined.png 1B\200_8050_combined.png -1
1A\149_9993_combined.png 1B\200_8050_combined.png 1
1A\149_10063_combined.png 1B\93_5090_combined.png -1
1A\149_9987_combined.png 1B\93_5078_combined.png -1
1A\149_9995_combined.png 1B\200_8066_combined.png 1
1A\149_10015_combined.png 1B\93_5082_combined.png -1
1A\149_10049_combined.png 1B\200_8126_combined.png 1
1A\149_10053_combined.png 1B\93_5098_combined.png -1
1A\149_10065_combined.png 1B\200_8112_combined.png 1
1A\149_10043_combined.png 1B\93_5100_combined.png -1
1A\149_9995_combined.png 1B\93_5082_combined.png -1
1A\149_10005_combined.png 1B\93_5078_combined.png -1
1A\149_10015_combined.png 1B\93_5080_combined.png -1
1A\72_6313_combined.png 1B\93_5096_combined.png 1
1A\72_6305_combined.png 1B\120_5898_combined.png -1
1A\72_6291_combined.png 1B\120_5908_combined.png -1
1A\72_6309_combined.png 1B\93_5086_combined.png 1
1A\72_6299_combined.png 1B\120_5918_representative.png -1
1A\72_6309_combined.png 1B\93_5082_combined.png 1
1A\72_6303_combined.png 1B\120_5892_combined.png -1
1A\72_6289_combined.png 1B\93_5100_combined.png 1
1A\72_6301_combined.png 1B\120_5886_combined.png -1
1A\72_6299_combined.png 1B\120_5914_combined.png -1
1A\72_6311_combined.png 1B\120_5886_combined.png -1
1A\72_6295_combined.png 1B\120_5918_combined.png -1
1A\92_7331_combined.png 1B\120_5918_representative.png 1
1A\92_7323_combined.png 1B\19_2444_representative.png -1
1A\92_7337_combined.png 1B\19_2462_combined.png -1
1A\92_7339_combined.png 1B\120_5892_combined.png 1
1A\92_7333_combined.png 1B\19_2444_combined.png -1
1A\92_7323_combined.png 1B\120_5886_combined.png 1
1A\92_7303_combined.png 1B\19_2444_representative.png -1
1A\92_7323_combined.png 1B\120_5916_combined.png 1
1A\92_7319_combined.png 1B\19_2442_combined.png -1
1A\92_7349_representative.png 1B\19_2446_combined.png -1
1A\92_7313_combined.png 1B\19_2472_combined.png -1
1A\92_7345_combined.png 1B\19_2452_combined.png -1
1A\22_3015_combined.png 1B\19_2464_combined.png 1
1A\22_3023_combined.png 1B\33_2698_combined.png -1
1A\22_3005_combined.png 1B\33_2692_combined.png -1
1A\22_3015_combined.png 1B\19_2448_combined.png 1
1A\22_3011_combined.png 1B\33_2700_combined.png -1
1A\22_3005_combined.png 1B\19_2444_representative.png 1
1A\22_3017_combined.png 1B\33_2712_combined.png -1
1A\22_3015_combined.png 1B\19_2458_combined.png 1
1A\22_3011_combined.png 1B\33_2730_combined.png -1
1A\22_3001_combined.png 1B\33_2702_combined.png -1
1A\22_3027_combined.png 1B\33_2688_combined.png -1
1A\22_3005_combined.png 1B\33_2696_combined.png -1
1A\31_3357_combined.png 1B\33_2678_combined.png 1
1A\31_3381_representative.png 1B\22_2564_combined.png -1
1A\31_3371_combined.png 1B\22_2562_combined.png -1
1A\31_3343_combined.png 1B\33_2730_combined.png 1
1A\31_3371_combined.png 1B\22_2544_combined.png -1
1A\31_3375_combined.png 1B\33_2698_combined.png 1
1A\31_3355_combined.png 1B\22_2562_combined.png -1
1A\31_3361_combined.png 1B\33_2722_combined.png 1
1A\31_3379_combined.png 1B\22_2554_combined.png -1
1A\31_3363_combined.png 1B\22_2556_combined.png -1
1A\31_3357_combined.png 1B\22_2562_combined.png -1
1A\31_3347_combined.png 1B\22_2564_combined.png -1
1A\23_3141_combined.png 1B\22_2552_combined.png 1
1A\23_3157_combined.png 1B\189_7596_combined.png -1
1A\23_3153_combined.png 1B\189_7574_combined.png -1
1A\23_3127_combined.png 1B\22_2544_combined.png 1
1A\23_3121_combined.png 1B\189_7568_combined.png -1
1A\23_3111_combined.png 1B\22_2570_combined.png 1
1A\23_3137_combined.png 1B\189_7558_combined.png -1
1A\23_3111_combined.png 1B\22_2552_combined.png 1
1A\23_3131_combined.png 1B\189_7582_combined.png -1
1A\23_3145_combined.png 1B\189_7552_combined.png -1
1A\23_3139_combined.png 1B\189_7590_combined.png -1
1A\23_3151_combined.png 1B\189_7596_combined.png -1
1A\139_9399_combined.png 1B\189_7596_combined.png 1
1A\139_9393_combined.png 1B\129_6064_combined.png -1
1A\139_9419_combined.png 1B\129_6086_combined.png -1
1A\139_9449_representative.png 1B\189_7558_combined.png 1
1A\139_9441_combined.png 1B\129_6066_combined.png -1
1A\139_9387_combined.png 1B\189_7558_combined.png 1
1A\139_9433_combined.png 1B\129_6080_combined.png -1
1A\139_9449_representative.png 1B\189_7570_combined.png 1
1A\139_9417_combined.png 1B\129_6104_combined.png -1
1A\139_9399_combined.png 1B\129_6072_combined.png -1
1A\139_9421_combined.png 1B\129_6078_combined.png -1
1A\139_9393_combined.png 1B\129_6062_combined.png -1
1A\98_7547_combined.png 1B\129_6104_combined.png 1
1A\98_7581_representative.png 1B\94_5156_combined.png -1
1A\98_7555_combined.png 1B\94_5158_combined.png -1
1A\98_7535_combined.png 1B\129_6070_combined.png 1
1A\98_7521_combined.png 1B\94_5176_combined.png -1
1A\98_7563_combined.png 1B\129_6096_combined.png 1
1A\98_7551_combined.png 1B\94_5142_combined.png -1
1A\98_7521_combined.png 1B\129_6070_combined.png 1
1A\98_7577_combined.png 1B\94_5138_combined.png -1
1A\98_7555_combined.png 1B\94_5178_combined.png -1
1A\98_7567_combined.png 1B\94_5150_combined.png -1
1A\98_7549_combined.png 1B\94_5164_combined.png -1
1A\73_6431_representative.png 1B\94_5158_combined.png 1
1A\73_6401_combined.png 1B\131_6148_combined.png -1
1A\73_6401_combined.png 1B\131_6154_combined.png -1
1A\73_6415_combined.png 1B\94_5166_combined.png 1
1A\73_6427_combined.png 1B\131_6138_combined.png -1
1A\73_6405_combined.png 1B\94_5160_combined.png 1
1A\73_6393_combined.png 1B\131_6146_combined.png -1
1A\73_6409_combined.png 1B\94_5178_combined.png 1
1A\73_6413_combined.png 1B\131_6148_combined.png -1
1A\73_6419_combined.png 1B\131_6122_representative.png -1
1A\73_6411_combined.png 1B\131_6124_combined.png -1
1A\73_6431_combined.png 1B\131_6140_combined.png -1
1A\100_7589_representative.png 1B\131_6138_combined.png 1
1A\100_7595_combined.png 1B\53_3462_combined.png -1
1A\100_7621_combined.png 1B\53_3478_combined.png -1
1A\100_7633_combined.png 1B\131_6130_combined.png 1
1A\100_7623_combined.png 1B\53_3478_combined.png -1
1A\100_7593_combined.png 1B\131_6122_representative.png 1
1A\100_7623_combined.png 1B\53_3480_combined.png -1
1A\100_7633_combined.png 1B\131_6142_combined.png 1
1A\100_7621_combined.png 1B\53_3464_combined.png -1
1A\100_7631_combined.png 1B\53_3452_combined.png -1
1A\100_7619_combined.png 1B\53_3472_combined.png -1
1A\100_7597_combined.png 1B\53_3456_combined.png -1
1A\46_4305_combined.png 1B\53_3480_combined.png 1
1A\46_4273_combined.png 1B\144_6518_combined.png -1
1A\46_4295_combined.png 1B\144_6500_representative.png -1
1A\46_4277_combined.png 1B\53_3460_combined.png 1
1A\46_4273_combined.png 1B\144_6518_combined.png -1
1A\46_4275_combined.png 1B\53_3480_combined.png 1
1A\46_4279_combined.png 1B\144_6500_representative.png -1
1A\46_4275_combined.png 1B\53_3478_combined.png 1
1A\46_4293_combined.png 1B\144_6502_combined.png -1
1A\46_4277_combined.png 1B\144_6514_combined.png -1
1A\46_4285_combined.png 1B\144_6500_combined.png -1
1A\46_4289_combined.png 1B\144_6518_combined.png -1
1A\110_8097_combined.png 1B\144_6502_combined.png 1
1A\110_8075_combined.png 1B\274_10198_combined.png -1
1A\110_8089_combined.png 1B\274_10182_representative.png -1
1A\110_8077_combined.png 1B\144_6512_combined.png 1
1A\110_8067_combined.png 1B\274_10182_combined.png -1
1A\110_8073_combined.png 1B\144_6512_combined.png 1
1A\110_8095_combined.png 1B\274_10182_representative.png -1
1A\110_8101_combined.png 1B\144_6514_combined.png 1
1A\110_8063_combined.png 1B\274_10188_combined.png -1
1A\110_8061_combined.png 1B\274_10182_representative.png -1
1A\110_8067_combined.png 1B\274_10182_representative.png -1
1A\110_8063_representative.png 1B\274_10192_combined.png -1
1A\200_12691_combined.png 1B\274_10194_combined.png 1
1A\200_12687_combined.png 1B\201_8170_combined.png -1
1A\200_12673_combined.png 1B\201_8146_combined.png -1
1A\200_12697_combined.png 1B\274_10192_combined.png 1
1A\200_12685_combined.png 1B\201_8104_combined.png -1
1A\200_12665_representative.png 1B\274_10186_combined.png 1
1A\200_12691_combined.png 1B\201_8150_combined.png -1
1A\200_12667_combined.png 1B\274_10192_combined.png 1
1A\200_12679_combined.png 1B\201_8154_combined.png -1
1A\200_12675_combined.png 1B\201_8128_combined.png -1
1A\200_12701_combined.png 1B\201_8150_combined.png -1
1A\200_12665_representative.png 1B\201_8108_combined.png -1
1A\151_10099_combined.png 1B\201_8136_combined.png 1
1A\151_10087_combined.png 1B\140_6506_combined.png -1
1A\151_10097_combined.png 1B\140_6508_combined.png -1
1A\151_10061_combined.png 1B\201_8148_combined.png 1
1A\151_10065_combined.png 1B\140_6490_combined.png -1
1A\151_10075_combined.png 1B\201_8168_combined.png 1
1A\151_10073_combined.png 1B\140_6480_combined.png -1
1A\151_10111_combined.png 1B\201_8160_combined.png 1
1A\151_10053_representative.png 1B\140_6480_combined.png -1
1A\151_10051_combined.png 1B\140_6492_combined.png -1
1A\151_10097_combined.png 1B\140_6528_combined.png -1
1A\151_10057_combined.png 1B\140_6466_combined.png -1
1A\109_8031_combined.png 1B\140_6496_combined.png 1
1A\109_8033_representative.png 1B\108_5438_combined.png -1
1A\109_8041_combined.png 1B\108_5430_combined.png -1
1A\109_8075_combined.png 1B\140_6512_combined.png 1
1A\109_8045_combined.png 1B\108_5424_combined.png -1
1A\109_8031_combined.png 1B\140_6462_combined.png 1
1A\109_8057_combined.png 1B\108_5432_combined.png -1
1A\109_8077_combined.png 1B\140_6520_combined.png 1
1A\109_8043_combined.png 1B\108_5422_combined.png -1
1A\109_8059_combined.png 1B\108_5444_combined.png -1
1A\109_8073_combined.png 1B\108_5422_combined.png -1
1A\109_8049_combined.png 1B\108_5450_combined.png -1
1A\84_6747_combined.png 1B\108_5456_combined.png 1
1A\84_6747_combined.png 1B\133_6216_combined.png -1
1A\84_6765_combined.png 1B\133_6202_combined.png -1
1A\84_6747_combined.png 1B\108_5424_combined.png 1
1A\84_6759_combined.png 1B\133_6196_combined.png -1
1A\84_6727_combined.png 1B\108_5436_combined.png 1
1A\84_6735_combined.png 1B\133_6184_combined.png -1
1A\84_6775_representative.png 1B\108_5422_combined.png 1
1A\84_6741_combined.png 1B\133_6208_combined.png -1
1A\84_6755_combined.png 1B\133_6218_combined.png -1
1A\84_6769_combined.png 1B\133_6218_combined.png -1
1A\84_6775_representative.png 1B\133_6184_combined.png -1
1A\103_7725_combined.png 1B\133_6210_combined.png 1
1A\103_7687_combined.png 1B\42_3000_combined.png -1
1A\103_7717_combined.png 1B\42_3100_combined.png -1
1A\103_7701_combined.png 1B\133_6214_combined.png 1
1A\103_7715_combined.png 1B\42_3004_combined.png -1
1A\103_7719_combined.png 1B\133_6200_combined.png 1
1A\103_7711_combined.png 1B\42_3076_combined.png -1
1A\103_7709_combined.png 1B\133_6200_combined.png 1
1A\103_7703_combined.png 1B\42_3080_combined.png -1
1A\103_7687_combined.png 1B\42_3090_combined.png -1
1A\103_7715_combined.png 1B\42_3014_combined.png -1
1A\103_7711_combined.png 1B\42_3048_combined.png -1
1A\40_3857_representative.png 1B\42_3106_combined.png 1
1A\40_3847_combined.png 1B\151_6622_combined.png -1
1A\40_3833_combined.png 1B\151_6614_combined.png -1
1A\40_3831_combined.png 1B\42_3098_combined.png 1
1A\40_3851_combined.png 1B\151_6624_combined.png -1
1A\40_3843_combined.png 1B\42_3042_combined.png 1
1A\40_3853_combined.png 1B\151_6598_combined.png -1
1A\40_3843_combined.png 1B\42_3084_combined.png 1
1A\40_3833_combined.png 1B\151_6606_combined.png -1
1A\40_3839_combined.png 1B\151_6604_combined.png -1
1A\40_3841_combined.png 1B\151_6612_combined.png -1
1A\40_3843_combined.png 1B\151_6620_combined.png -1
1A\114_8213_combined.png 1B\151_6590_combined.png 1
1A\114_8165_combined.png 1B\17_2422_combined.png -1
1A\114_8217_combined.png 1B\17_2418_combined.png -1
1A\114_8219_combined.png 1B\151_6594_combined.png 1
1A\114_8171_combined.png 1B\17_2418_combined.png -1
1A\114_8187_combined.png 1B\151_6610_combined.png 1
1A\114_8191_combined.png 1B\17_2410_representative.png -1
1A\114_8207_combined.png 1B\151_6594_combined.png 1
1A\114_8175_combined.png 1B\17_2420_combined.png -1
1A\114_8173_combined.png 1B\17_2422_combined.png -1
1A\114_8169_combined.png 1B\17_2426_combined.png -1
1A\114_8219_combined.png 1B\17_2432_combined.png -1
1A\20_2979_combined.png 1B\17_2414_combined.png 1
1A\20_2963_combined.png 1B\239_9508_combined.png -1
1A\20_2973_combined.png 1B\239_9508_combined.png -1
1A\20_2973_combined.png 1B\17_2408_combined.png 1
1A\20_2983_combined.png 1B\239_9508_combined.png -1
1A\20_2983_combined.png 1B\17_2426_combined.png 1
1A\20_2953_combined.png 1B\239_9510_combined.png -1
1A\20_2971_combined.png 1B\17_2420_combined.png 1
1A\20_2951_combined.png 1B\239_9506_combined.png -1
1A\20_2957_combined.png 1B\239_9520_combined.png -1
1A\20_2953_combined.png 1B\239_9504_combined.png -1
1A\20_2967_combined.png 1B\239_9508_combined.png -1
1A\175_11823_combined.png 1B\239_9508_combined.png 1
1A\175_11819_combined.png 1B\198_7982_combined.png -1
1A\175_11847_combined.png 1B\198_7982_combined.png -1
1A\175_11827_combined.png 1B\239_9516_combined.png 1
1A\175_11821_combined.png 1B\198_7994_combined.png -1
1A\175_11863_combined.png 1B\239_9524_combined.png 1
1A\175_11821_combined.png 1B\198_7998_combined.png -1
1A\175_11845_combined.png 1B\239_9506_combined.png 1
1A\175_11865_representative.png 1B\198_7984_representative.png -1
1A\175_11817_combined.png 1B\198_7990_combined.png -1
1A\175_11829_combined.png 1B\198_7992_combined.png -1
1A\175_11851_combined.png 1B\198_7988_combined.png -1
1A\148_9919_representative.png 1B\198_7998_combined.png 1
1A\148_9925_combined.png 1B\154_6644_combined.png -1
1A\148_9943_combined.png 1B\154_6658_combined.png -1
1A\148_9943_combined.png 1B\198_7984_representative.png 1
1A\148_9939_combined.png 1B\154_6638_combined.png -1
1A\148_9917_combined.png 1B\198_7998_combined.png 1
1A\148_9929_combined.png 1B\154_6644_combined.png -1
1A\148_9927_combined.png 1B\198_7998_combined.png 1
1A\148_9925_combined.png 1B\154_6646_combined.png -1
1A\148_9929_combined.png 1B\154_6634_combined.png -1
1A\148_9931_combined.png 1B\154_6638_combined.png -1
1A\148_9921_combined.png 1B\154_6646_combined.png -1
1A\116_8255_combined.png 1B\154_6666_combined.png 1
1A\116_8269_combined.png 1B\61_3742_combined.png -1
1A\116_8279_combined.png 1B\61_3742_combined.png -1
1A\116_8235_combined.png 1B\154_6636_combined.png 1
1A\116_8275_combined.png 1B\61_3728_combined.png -1
1A\116_8237_combined.png 1B\154_6636_representative.png 1
1A\116_8247_combined.png 1B\61_3734_combined.png -1
1A\116_8237_combined.png 1B\154_6634_combined.png 1
1A\116_8271_combined.png 1B\61_3742_combined.png -1
1A\116_8239_combined.png 1B\61_3728_combined.png -1
1A\116_8255_combined.png 1B\61_3738_combined.png -1
1A\116_8267_combined.png 1B\61_3724_combined.png -1
1A\52_4593_representative.png 1B\61_3730_combined.png 1
1A\52_4613_combined.png 1B\39_3000_representative.png -1
1A\52_4597_combined.png 1B\39_2982_combined.png -1
1A\52_4613_combined.png 1B\61_3726_combined.png 1
1A\52_4621_combined.png 1B\39_2974_combined.png -1
1A\52_4597_combined.png 1B\61_3724_combined.png 1
1A\52_4605_combined.png 1B\39_2978_combined.png -1
1A\52_4617_combined.png 1B\61_3724_representative.png 1
1A\52_4621_combined.png 1B\39_3000_representative.png -1
1A\52_4595_combined.png 1B\39_2988_combined.png -1
1A\52_4611_combined.png 1B\39_2988_combined.png -1
1A\52_4609_combined.png 1B\39_2980_combined.png -1
1A\37_3679_combined.png 1B\39_2998_combined.png 1
1A\37_3653_representative.png 1B\95_5248_combined.png -1
1A\37_3653_combined.png 1B\95_5180_combined.png -1
1A\37_3655_combined.png 1B\39_2994_combined.png 1
1A\37_3669_combined.png 1B\95_5204_combined.png -1
1A\37_3653_representative.png 1B\39_2994_combined.png 1
1A\37_3691_combined.png 1B\95_5190_combined.png -1
1A\37_3677_combined.png 1B\39_2982_combined.png 1
1A\37_3657_combined.png 1B\95_5204_combined.png -1
1A\37_3667_combined.png 1B\95_5188_combined.png -1
1A\37_3653_combined.png 1B\95_5196_combined.png -1
1A\37_3669_combined.png 1B\95_5228_combined.png -1
1A\74_6417_combined.png 1B\95_5254_combined.png 1
1A\74_6401_combined.png 1B\1_1802_combined.png -1
1A\74_6431_combined.png 1B\1_1804_combined.png -1
1A\74_6407_combined.png 1B\95_5242_combined.png 1
1A\74_6447_combined.png 1B\1_1804_combined.png -1
1A\74_6451_combined.png 1B\95_5210_combined.png 1
1A\74_6413_combined.png 1B\1_1808_combined.png -1
1A\74_6441_combined.png 1B\95_5252_combined.png 1
1A\74_6411_combined.png 1B\1_1810_combined.png -1
1A\74_6423_combined.png 1B\1_1800_combined.png -1
1A\74_6417_combined.png 1B\1_1812_combined.png -1
1A\74_6425_combined.png 1B\1_1806_combined.png -1
1A\7_2177_combined.png 1B\1_1816_representative.png 1
1A\7_2211_combined.png 1B\137_6336_combined.png -1
1A\7_2161_combined.png 1B\137_6356_combined.png -1
1A\7_2201_combined.png 1B\1_1812_combined.png 1
1A\7_2225_representative.png 1B\137_6358_combined.png -1
1A\7_2209_combined.png 1B\1_1814_combined.png 1
1A\7_2207_combined.png 1B\137_6340_combined.png -1
1A\7_2169_combined.png 1B\1_1816_representative.png 1
1A\7_2173_combined.png 1B\137_6332_combined.png -1
1A\7_2209_combined.png 1B\137_6340_combined.png -1
1A\7_2193_combined.png 1B\137_6354_combined.png -1
1A\7_2219_combined.png 1B\137_6330_combined.png -1
1A\107_7873_combined.png 1B\137_6352_combined.png 1
1A\107_7889_combined.png 1B\264_9920_combined.png -1
1A\107_7893_combined.png 1B\264_9920_combined.png -1
1A\107_7873_combined.png 1B\137_6340_combined.png 1
1A\107_7879_combined.png 1B\264_9906_combined.png -1
1A\107_7863_combined.png 1B\137_6330_combined.png 1
1A\107_7883_combined.png 1B\264_9912_combined.png -1
1A\107_7901_combined.png 1B\137_6336_combined.png 1
1A\107_7891_combined.png 1B\264_9924_combined.png -1
1A\107_7887_combined.png 1B\264_9894_combined.png -1
1A\107_7885_combined.png 1B\264_9920_combined.png -1
1A\107_7877_combined.png 1B\264_9902_combined.png -1
1A\196_12345_combined.png 1B\264_9896_combined.png 1
1A\196_12353_combined.png 1B\14_2320_combined.png -1
1A\196_12317_combined.png 1B\14_2292_combined.png -1
1A\196_12357_combined.png 1B\264_9898_combined.png 1
1A\196_12343_combined.png 1B\14_2296_combined.png -1
1A\196_12333_combined.png 1B\264_9918_combined.png 1
1A\196_12349_combined.png 1B\14_2320_combined.png -1
1A\196_12349_combined.png 1B\264_9908_combined.png 1
1A\196_12351_combined.png 1B\14_2308_combined.png -1
1A\196_12337_combined.png 1B\14_2314_combined.png -1
1A\196_12349_combined.png 1B\14_2300_combined.png -1
1A\196_12333_combined.png 1B\14_2320_combined.png -1
1A\18_2835_combined.png 1B\14_2316_combined.png 1
1A\18_2819_combined.png 1B\35_2812_combined.png -1
1A\18_2797_representative.png 1B\35_2806_combined.png -1
1A\18_2837_combined.png 1B\14_2298_combined.png 1
1A\18_2823_combined.png 1B\35_2798_combined.png -1
1A\18_2821_combined.png 1B\14_2296_combined.png 1
1A\18_2831_combined.png 1B\35_2788_combined.png -1
1A\18_2811_combined.png 1B\14_2300_combined.png 1
1A\18_2799_combined.png 1B\35_2806_combined.png -1
1A\18_2843_combined.png 1B\35_2816_combined.png -1
1A\18_2795_combined.png 1B\35_2810_combined.png -1
1A\18_2795_combined.png 1B\35_2816_combined.png -1
1A\34_3445_combined.png 1B\35_2816_combined.png 1
1A\34_3463_combined.png 1B\142_6488_combined.png -1
1A\34_3453_combined.png 1B\142_6478_combined.png -1
1A\34_3439_combined.png 1B\35_2800_combined.png 1
1A\34_3457_combined.png 1B\142_6478_combined.png -1
1A\34_3463_combined.png 1B\35_2796_combined.png 1
1A\34_3445_combined.png 1B\142_6490_combined.png -1
1A\34_3445_combined.png 1B\35_2792_combined.png 1
1A\34_3441_combined.png 1B\142_6476_combined.png -1
1A\34_3435_combined.png 1B\142_6484_combined.png -1
1A\34_3463_combined.png 1B\142_6476_combined.png -1
1A\34_3439_combined.png 1B\142_6476_combined.png -1
1A\111_8103_combined.png 1B\142_6486_combined.png 1
1A\111_8111_combined.png 1B\11_2190_combined.png -1
1A\111_8085_combined.png 1B\11_2182_combined.png -1
1A\111_8113_representative.png 1B\142_6490_combined.png 1
1A\111_8087_combined.png 1B\11_2186_combined.png -1
1A\111_8101_combined.png 1B\142_6492_combined.png 1
1A\111_8097_combined.png 1B\11_2186_combined.png -1
1A\111_8111_combined.png 1B\142_6494_combined.png 1
1A\111_8113_combined.png 1B\11_2186_combined.png -1
1A\111_8101_combined.png 1B\11_2192_combined.png -1
1A\111_8089_combined.png 1B\11_2182_combined.png -1
1A\111_8101_combined.png 1B\11_2186_combined.png -1
1A\16_2705_representative.png 1B\11_2192_combined.png 1
1A\16_2675_combined.png 1B\92_5050_combined.png -1
1A\16_2667_combined.png 1B\92_5036_combined.png -1
1A\16_2679_combined.png 1B\11_2190_combined.png 1
1A\16_2689_combined.png 1B\92_5064_combined.png -1
1A\16_2689_combined.png 1B\11_2198_combined.png 1
1A\16_2673_combined.png 1B\92_5034_combined.png -1
1A\16_2701_combined.png 1B\11_2198_combined.png 1
1A\16_2681_combined.png 1B\92_5052_combined.png -1
1A\16_2687_combined.png 1B\92_5062_combined.png -1
1A\16_2701_combined.png 1B\92_5062_combined.png -1
1A\16_2687_combined.png 1B\92_5034_combined.png -1
1A\71_6243_combined.png 1B\92_5034_combined.png 1
1A\71_6261_combined.png 1B\185_7480_combined.png -1
1A\71_6261_combined.png 1B\185_7478_combined.png -1
1A\71_6283_combined.png 1B\92_5068_combined.png 1
1A\71_6277_combined.png 1B\185_7500_combined.png -1
1A\71_6275_combined.png 1B\92_5030_combined.png 1
1A\71_6265_combined.png 1B\185_7490_combined.png -1
1A\71_6247_combined.png 1B\92_5054_combined.png 1
1A\71_6277_combined.png 1B\185_7478_combined.png -1
1A\71_6275_combined.png 1B\185_7502_combined.png -1
1A\71_6271_combined.png 1B\185_7494_combined.png -1
1A\71_6255_combined.png 1B\185_7462_combined.png -1
1A\135_9331_combined.png 1B\185_7462_combined.png 1
1A\135_9275_combined.png 1B\223_9024_combined.png -1
1A\135_9329_combined.png 1B\223_8990_combined.png -1
1A\135_9287_combined.png 1B\185_7464_combined.png 1
1A\135_9307_combined.png 1B\223_9030_combined.png -1
1A\135_9309_combined.png 1B\185_7508_combined.png 1
1A\135_9325_combined.png 1B\223_9032_representative.png -1
1A\135_9333_combined.png 1B\185_7486_combined.png 1
1A\135_9311_combined.png 1B\223_8990_combined.png -1
1A\135_9327_combined.png 1B\223_9016_combined.png -1
1A\135_9301_combined.png 1B\223_9012_combined.png -1
1A\135_9327_combined.png 1B\223_9002_combined.png -1
1A\163_11235_combined.png 1B\223_9014_combined.png 1
1A\163_11221_combined.png 1B\187_7506_combined.png -1
1A\163_11203_combined.png 1B\187_7508_combined.png -1
1A\163_11203_combined.png 1B\223_8994_combined.png 1
1A\163_11225_combined.png 1B\187_7520_combined.png -1
1A\163_11199_combined.png 1B\223_9002_combined.png 1
1A\163_11225_combined.png 1B\187_7514_combined.png -1
1A\163_11237_combined.png 1B\223_8986_combined.png 1
1A\163_11239_combined.png 1B\187_7512_combined.png -1
1A\163_11217_combined.png 1B\187_7494_combined.png -1
1A\163_11211_combined.png 1B\187_7520_combined.png -1
1A\163_11205_combined.png 1B\187_7506_combined.png -1
1A\136_9347_combined.png 1B\187_7528_combined.png 1
1A\136_9331_combined.png 1B\104_5380_combined.png -1
1A\136_9309_combined.png 1B\104_5382_combined.png -1
1A\136_9315_combined.png 1B\187_7510_combined.png 1
1A\136_9333_combined.png 1B\104_5372_combined.png -1
1A\136_9345_combined.png 1B\187_7496_representative.png 1
1A\136_9349_combined.png 1B\104_5382_combined.png -1
1A\136_9323_combined.png 1B\187_7512_combined.png 1
1A\136_9339_combined.png 1B\104_5372_combined.png -1
1A\136_9355_combined.png 1B\104_5372_combined.png -1
1A\136_9341_combined.png 1B\104_5368_representative.png -1
1A\136_9349_combined.png 1B\104_5368_combined.png -1
1A\82_6663_combined.png 1B\104_5378_combined.png 1
1A\82_6659_combined.png 1B\220_8858_combined.png -1
1A\82_6667_combined.png 1B\220_8884_representative.png -1
1A\82_6655_combined.png 1B\104_5368_representative.png 1
1A\82_6647_combined.png 1B\220_8880_combined.png -1
1A\82_6665_combined.png 1B\104_5382_combined.png 1
1A\82_6667_combined.png 1B\220_8854_combined.png -1
1A\82_6657_combined.png 1B\104_5368_representative.png 1
1A\82_6655_combined.png 1B\220_8864_combined.png -1
1A\82_6649_combined.png 1B\220_8882_combined.png -1
1A\82_6665_combined.png 1B\220_8878_combined.png -1
1A\82_6649_representative.png 1B\220_8876_combined.png -1
1A\160_11043_combined.png 1B\220_8868_combined.png 1
1A\160_11045_combined.png 1B\184_7472_representative.png -1
1A\160_11031_combined.png 1B\184_7470_combined.png -1
1A\160_11047_combined.png 1B\220_8858_combined.png 1
1A\160_11027_combined.png 1B\184_7446_combined.png -1
1A\160_11017_combined.png 1B\220_8868_combined.png 1
1A\160_11049_combined.png 1B\184_7438_combined.png -1
1A\160_11021_combined.png 1B\220_8878_combined.png 1
1A\160_11039_combined.png 1B\184_7448_combined.png -1
1A\160_11051_combined.png 1B\184_7472_representative.png -1
1A\160_11019_combined.png 1B\184_7466_combined.png -1
1A\160_11033_combined.png 1B\184_7444_combined.png -1
1A\134_9285_combined.png 1B\184_7450_combined.png 1
1A\134_9255_combined.png 1B\87_4730_combined.png -1
1A\134_9293_combined.png 1B\87_4728_combined.png -1
1A\134_9297_combined.png 1B\184_7454_combined.png 1
1A\134_9273_combined.png 1B\87_4724_combined.png -1
1A\134_9271_combined.png 1B\184_7454_combined.png 1
1A\134_9253_combined.png 1B\87_4720_combined.png -1
1A\134_9253_combined.png 1B\184_7452_combined.png 1
1A\134_9297_combined.png 1B\87_4722_combined.png -1
1A\134_9267_combined.png 1B\87_4736_combined.png -1
1A\134_9251_combined.png 1B\87_4726_combined.png -1
1A\134_9261_combined.png 1B\87_4736_combined.png -1
1A\69_5841_combined.png 1B\87_4746_combined.png 1
1A\69_5855_combined.png 1B\199_8062_combined.png -1
1A\69_5843_representative.png 1B\199_8046_combined.png -1
1A\69_5849_combined.png 1B\87_4748_combined.png 1
1A\69_5861_combined.png 1B\199_8076_combined.png -1
1A\69_5879_combined.png 1B\87_4730_combined.png 1
1A\69_5875_combined.png 1B\199_8038_combined.png -1
1A\69_5849_combined.png 1B\87_4750_combined.png 1
1A\69_5859_combined.png 1B\199_8064_combined.png -1
1A\69_5841_combined.png 1B\199_8038_combined.png -1
1A\69_5879_combined.png 1B\199_8080_combined.png -1
1A\69_5853_combined.png 1B\199_8078_combined.png -1
1A\150_10039_combined.png 1B\199_8074_combined.png 1
1A\150_10045_combined.png 1B\76_4270_combined.png -1
1A\150_10033_combined.png 1B\76_4264_combined.png -1
1A\150_10049_combined.png 1B\199_8052_combined.png 1
1A\150_9989_combined.png 1B\76_4266_combined.png -1
1A\150_10051_combined.png 1B\199_8058_combined.png 1
1A\150_10033_combined.png 1B\76_4276_combined.png -1
1A\150_10043_combined.png 1B\199_8080_combined.png 1
1A\150_9989_combined.png 1B\76_4252_combined.png -1
1A\150_10013_combined.png 1B\76_4262_combined.png -1
1A\150_9991_combined.png 1B\76_4274_combined.png -1
1A\150_10063_combined.png 1B\76_4276_combined.png -1
1A\63_5255_combined.png 1B\76_4274_combined.png 1
1A\63_5263_combined.png 1B\56_3498_combined.png -1
1A\63_5277_combined.png 1B\56_3492_combined.png -1
1A\63_5273_combined.png 1B\76_4256_combined.png 1
1A\63_5293_combined.png 1B\56_3526_combined.png -1
1A\63_5265_combined.png 1B\76_4262_combined.png 1
1A\63_5297_combined.png 1B\56_3506_combined.png -1
1A\63_5275_combined.png 1B\76_4268_combined.png 1
1A\63_5285_combined.png 1B\56_3500_combined.png -1
1A\63_5257_combined.png 1B\56_3512_combined.png -1
1A\63_5269_combined.png 1B\56_3496_combined.png -1
1A\63_5255_combined.png 1B\56_3494_combined.png -1
1A\47_4351_combined.png 1B\56_3498_combined.png 1
1A\47_4349_combined.png 1B\193_7698_combined.png -1
1A\47_4325_combined.png 1B\193_7726_combined.png -1
1A\47_4361_combined.png 1B\56_3502_combined.png 1
1A\47_4343_combined.png 1B\193_7720_combined.png -1
1A\47_4351_combined.png 1B\56_3502_combined.png 1
1A\47_4323_combined.png 1B\193_7684_combined.png -1
1A\47_4345_combined.png 1B\56_3522_combined.png 1
1A\47_4337_combined.png 1B\193_7724_combined.png -1
1A\47_4353_combined.png 1B\193_7712_combined.png -1
1A\47_4357_combined.png 1B\193_7708_combined.png -1
1A\47_4327_combined.png 1B\193_7726_representative.png -1
1A\142_9603_combined.png 1B\193_7676_combined.png 1
1A\142_9551_combined.png 1B\269_10068_combined.png -1
1A\142_9571_combined.png 1B\269_10060_combined.png -1
1A\142_9595_combined.png 1B\193_7712_combined.png 1
1A\142_9569_combined.png 1B\269_10050_combined.png -1
1A\142_9569_combined.png 1B\193_7678_combined.png 1
1A\142_9579_combined.png 1B\269_10082_combined.png -1
1A\142_9563_combined.png 1B\193_7722_combined.png 1
1A\142_9557_combined.png 1B\269_10058_combined.png -1
1A\142_9573_combined.png 1B\269_10078_combined.png -1
1A\142_9611_representative.png 1B\269_10082_representative.png -1
1A\142_9605_combined.png 1B\269_10064_combined.png -1
1A\198_12543_combined.png 1B\269_10066_combined.png 1
1A\198_12533_combined.png 1B\166_7126_combined.png -1
1A\198_12537_combined.png 1B\166_7124_combined.png -1
1A\198_12521_combined.png 1B\269_10048_combined.png 1
1A\198_12529_combined.png 1B\166_7114_representative.png -1
1A\198_12529_combined.png 1B\269_10074_combined.png 1
1A\198_12561_combined.png 1B\166_7128_combined.png -1
1A\198_12539_combined.png 1B\269_10080_combined.png 1
1A\198_12529_combined.png 1B\166_7136_combined.png -1
1A\198_12515_combined.png 1B\166_7132_combined.png -1
1A\198_12541_combined.png 1B\166_7114_representative.png -1
1A\198_12533_combined.png 1B\166_7136_combined.png -1
1A\120_8831_combined.png 1B\166_7112_combined.png 1
1A\120_8859_combined.png 1B\205_8384_combined.png -1
1A\120_8859_combined.png 1B\205_8382_combined.png -1
1A\120_8861_combined.png 1B\166_7130_combined.png 1
1A\120_8859_combined.png 1B\205_8394_combined.png -1
1A\120_8831_combined.png 1B\166_7164_combined.png 1
1A\120_8837_combined.png 1B\205_8392_combined.png -1
1A\120_8865_combined.png 1B\166_7158_combined.png 1
1A\120_8835_combined.png 1B\205_8390_combined.png -1
1A\120_8861_combined.png 1B\205_8378_combined.png -1
1A\120_8861_combined.png 1B\205_8368_combined.png -1
1A\120_8869_combined.png 1B\205_8374_combined.png -1
1A\154_10419_combined.png 1B\205_8394_combined.png 1
1A\154_10405_combined.png 1B\65_3974_combined.png -1
1A\154_10401_representative.png 1B\65_3966_combined.png -1
1A\154_10405_combined.png 1B\205_8380_combined.png 1
1A\154_10423_combined.png 1B\65_3976_combined.png -1
1A\154_10411_combined.png 1B\205_8378_combined.png 1
1A\154_10413_combined.png 1B\65_3970_combined.png -1
1A\154_10429_combined.png 1B\205_8382_combined.png 1
1A\154_10419_combined.png 1B\65_3952_combined.png -1
1A\154_10433_combined.png 1B\65_3970_combined.png -1
1A\154_10421_combined.png 1B\65_3972_combined.png -1
1A\154_10429_combined.png 1B\65_3954_combined.png -1
1A\55_4923_combined.png 1B\65_3964_combined.png 1
1A\55_4903_combined.png 1B\171_7170_combined.png -1
1A\55_4891_combined.png 1B\171_7164_combined.png -1
1A\55_4901_combined.png 1B\65_3974_combined.png 1
1A\55_4923_combined.png 1B\171_7172_combined.png -1
1A\55_4913_combined.png 1B\65_3986_combined.png 1
1A\55_4929_combined.png 1B\171_7162_combined.png -1
1A\55_4935_combined.png 1B\65_3952_combined.png 1
1A\55_4887_combined.png 1B\171_7158_combined.png -1
1A\55_4897_combined.png 1B\171_7160_combined.png -1
1A\55_4903_combined.png 1B\171_7170_combined.png -1
1A\55_4933_combined.png 1B\171_7160_combined.png -1
1A\124_8889_representative.png 1B\171_7170_combined.png 1
1A\124_8895_combined.png 1B\227_9166_combined.png -1
1A\124_8901_combined.png 1B\227_9174_combined.png -1
1A\124_8895_combined.png 1B\171_7170_combined.png 1
1A\124_8905_combined.png 1B\227_9178_combined.png -1
1A\124_8889_representative.png 1B\171_7158_representative.png 1
1A\124_8897_combined.png 1B\227_9178_combined.png -1
1A\124_8903_combined.png 1B\171_7168_combined.png 1
1A\124_8895_combined.png 1B\227_9174_combined.png -1
1A\124_8897_combined.png 1B\227_9168_combined.png -1
1A\124_8893_combined.png 1B\227_9178_combined.png -1
1A\124_8907_combined.png 1B\227_9172_combined.png -1
1A\167_11423_combined.png 1B\227_9180_combined.png 1
1A\167_11421_combined.png 1B\81_4552_combined.png -1
1A\167_11417_combined.png 1B\81_4534_combined.png -1
1A\167_11423_combined.png 1B\227_9176_combined.png 1
1A\167_11409_combined.png 1B\81_4552_combined.png -1
1A\167_11409_combined.png 1B\227_9168_representative.png 1
1A\167_11397_combined.png 1B\81_4556_combined.png -1
1A\167_11429_combined.png 1B\227_9184_combined.png 1
1A\167_11399_representative.png 1B\81_4540_combined.png -1
1A\167_11417_combined.png 1B\81_4556_combined.png -1
1A\167_11399_representative.png 1B\81_4542_combined.png -1
1A\167_11409_combined.png 1B\81_4538_combined.png -1
1A\67_5611_combined.png 1B\81_4542_combined.png 1
1A\67_5627_combined.png 1B\97_5218_combined.png -1
1A\67_5629_combined.png 1B\97_5206_combined.png -1
1A\67_5625_combined.png 1B\81_4540_combined.png 1
1A\67_5641_combined.png 1B\97_5220_combined.png -1
1A\67_5613_combined.png 1B\81_4544_combined.png 1
1A\67_5611_representative.png 1B\97_5228_combined.png -1
1A\67_5639_combined.png 1B\81_4548_combined.png 1
1A\67_5625_combined.png 1B\97_5210_combined.png -1
1A\67_5609_combined.png 1B\97_5198_combined.png -1
1A\67_5633_combined.png 1B\97_5208_combined.png -1
1A\67_5629_combined.png 1B\97_5224_combined.png -1
1A\77_6469_combined.png 1B\97_5230_representative.png 1
1A\77_6449_combined.png 1B\233_9396_combined.png -1
1A\77_6475_combined.png 1B\233_9406_combined.png -1
1A\77_6491_combined.png 1B\97_5228_combined.png 1
1A\77_6475_combined.png 1B\233_9392_combined.png -1
1A\77_6489_combined.png 1B\97_5210_combined.png 1
1A\77_6457_combined.png 1B\233_9398_combined.png -1
1A\77_6463_combined.png 1B\97_5208_combined.png 1
1A\77_6451_combined.png 1B\233_9406_combined.png -1
1A\77_6481_combined.png 1B\233_9396_combined.png -1
1A\77_6465_combined.png 1B\233_9378_combined.png -1
1A\77_6463_combined.png 1B\233_9408_representative.png -1
1A\172_11673_combined.png 1B\233_9406_combined.png 1
1A\172_11689_combined.png 1B\237_9470_combined.png -1
1A\172_11707_combined.png 1B\237_9478_combined.png -1
1A\172_11677_combined.png 1B\233_9384_combined.png 1
1A\172_11707_combined.png 1B\237_9480_combined.png -1
1A\172_11701_combined.png 1B\233_9390_combined.png 1
1A\172_11681_combined.png 1B\237_9476_combined.png -1
1A\172_11717_representative.png 1B\233_9380_combined.png 1
1A\172_11681_combined.png 1B\237_9470_combined.png -1
1A\172_11693_combined.png 1B\237_9474_combined.png -1
1A\172_11707_combined.png 1B\237_9470_combined.png -1
1A\172_11711_combined.png 1B\237_9474_combined.png -1
1A\174_11773_combined.png 1B\237_9474_combined.png 1
1A\174_11767_combined.png 1B\9_2104_combined.png -1
1A\174_11795_combined.png 1B\9_2086_combined.png -1
1A\174_11785_combined.png 1B\237_9456_combined.png 1
1A\174_11763_combined.png 1B\9_2100_combined.png -1
1A\174_11761_combined.png 1B\237_9478_combined.png 1
1A\174_11763_combined.png 1B\9_2096_combined.png -1
1A\174_11795_combined.png 1B\237_9454_combined.png 1
1A\174_11783_combined.png 1B\9_2070_combined.png -1
1A\174_11757_combined.png 1B\9_2066_combined.png -1
1A\174_11757_representative.png 1B\9_2110_representative.png -1
1A\174_11789_combined.png 1B\9_2078_combined.png -1
1A\15_2543_combined.png 1B\9_2066_combined.png 1
1A\15_2547_combined.png 1B\127_6086_combined.png -1
1A\15_2581_combined.png 1B\127_6070_combined.png -1
1A\15_2585_combined.png 1B\9_2084_combined.png 1
1A\15_2549_combined.png 1B\127_6060_combined.png -1
1A\15_2591_representative.png 1B\9_2092_combined.png 1
1A\15_2555_combined.png 1B\127_6058_combined.png -1
1A\15_2551_combined.png 1B\9_2082_combined.png 1
1A\15_2591_representative.png 1B\127_6058_combined.png -1
1A\15_2591_combined.png 1B\127_6096_combined.png -1
1A\15_2547_combined.png 1B\127_6058_combined.png -1
1A\15_2551_combined.png 1B\127_6058_combined.png -1
1A\97_7535_combined.png 1B\127_6070_combined.png 1
1A\97_7523_combined.png 1B\176_7270_combined.png -1
1A\97_7515_combined.png 1B\176_7250_combined.png -1
1A\97_7541_combined.png 1B\127_6070_combined.png 1
1A\97_7547_combined.png 1B\176_7262_combined.png -1
1A\97_7545_combined.png 1B\127_6076_combined.png 1
1A\97_7515_combined.png 1B\176_7232_combined.png -1
1A\97_7529_combined.png 1B\127_6086_combined.png 1
1A\97_7517_combined.png 1B\176_7236_combined.png -1
1A\97_7517_combined.png 1B\176_7272_combined.png -1
1A\97_7523_combined.png 1B\176_7268_combined.png -1
1A\97_7549_combined.png 1B\176_7272_combined.png -1
1A\128_9031_combined.png 1B\176_7270_combined.png 1
1A\128_9003_combined.png 1B\57_3600_combined.png -1
1A\128_8995_combined.png 1B\57_3586_combined.png -1
1A\128_9035_combined.png 1B\176_7262_combined.png 1
1A\128_9013_combined.png 1B\57_3598_combined.png -1
1A\128_9013_combined.png 1B\176_7238_combined.png 1
1A\128_9001_combined.png 1B\57_3582_combined.png -1
1A\128_9015_combined.png 1B\176_7240_combined.png 1
1A\128_9033_combined.png 1B\57_3584_combined.png -1
1A\128_9041_combined.png 1B\57_3554_combined.png -1
1A\128_9035_combined.png 1B\57_3582_combined.png -1
1A\128_9037_combined.png 1B\57_3554_combined.png -1
1A\48_4433_combined.png 1B\57_3600_combined.png 1
1A\48_4441_combined.png 1B\100_5310_combined.png -1
1A\48_4413_combined.png 1B\100_5292_combined.png -1
1A\48_4407_combined.png 1B\57_3584_combined.png 1
1A\48_4445_combined.png 1B\100_5282_combined.png -1
1A\48_4425_combined.png 1B\57_3556_combined.png 1
1A\48_4423_combined.png 1B\100_5296_combined.png -1
1A\48_4413_combined.png 1B\57_3600_representative.png 1
1A\48_4445_combined.png 1B\100_5282_combined.png -1
1A\48_4401_combined.png 1B\100_5282_combined.png -1
1A\48_4415_combined.png 1B\100_5280_combined.png -1
1A\48_4437_combined.png 1B\100_5310_combined.png -1
1A\79_6567_combined.png 1B\100_5302_combined.png 1
1A\79_6535_combined.png 1B\211_8514_combined.png -1
1A\79_6561_combined.png 1B\211_8534_combined.png -1
1A\79_6573_combined.png 1B\100_5290_combined.png 1
1A\79_6581_combined.png 1B\211_8506_combined.png -1
1A\79_6581_combined.png 1B\100_5292_combined.png 1
1A\79_6539_combined.png 1B\211_8498_combined.png -1
1A\79_6541_combined.png 1B\100_5312_combined.png 1
1A\79_6583_combined.png 1B\211_8514_combined.png -1
1A\79_6545_combined.png 1B\211_8498_combined.png -1
1A\79_6541_combined.png 1B\211_8514_combined.png -1
1A\79_6591_representative.png 1B\211_8518_combined.png -1
1A\157_10565_combined.png 1B\211_8520_combined.png 1
1A\157_10589_combined.png 1B\31_2664_combined.png -1
1A\157_10563_combined.png 1B\31_2672_combined.png -1
1A\157_10557_combined.png 1B\211_8502_combined.png 1
1A\157_10555_combined.png 1B\31_2664_combined.png -1
1A\157_10571_combined.png 1B\211_8526_combined.png 1
1A\157_10609_combined.png 1B\31_2676_combined.png -1
1A\157_10567_combined.png 1B\211_8502_combined.png 1
1A\157_10553_representative.png 1B\31_2674_combined.png -1
1A\157_10599_combined.png 1B\31_2656_combined.png -1
1A\157_10567_combined.png 1B\31_2676_combined.png -1
1A\157_10599_combined.png 1B\31_2654_representative.png -1
1A\30_3265_combined.png 1B\31_2658_combined.png 1
1A\30_3259_combined.png 1B\117_5874_combined.png -1
1A\30_3273_combined.png 1B\117_5838_combined.png -1
1A\30_3283_combined.png 1B\31_2656_combined.png 1
1A\30_3257_combined.png 1B\117_5838_combined.png -1
1A\30_3289_combined.png 1B\31_2652_combined.png 1
1A\30_3281_combined.png 1B\117_5838_representative.png -1
1A\30_3277_combined.png 1B\31_2676_combined.png 1
1A\30_3283_combined.png 1B\117_5862_combined.png -1
1A\30_3265_combined.png 1B\117_5862_combined.png -1
1A\30_3291_combined.png 1B\117_5862_combined.png -1
1A\30_3273_combined.png 1B\117_5882_combined.png -1
1A\90_7247_combined.png 1B\117_5872_combined.png 1
1A\90_7279_combined.png 1B\190_7564_combined.png -1
1A\90_7261_combined.png 1B\190_7664_combined.png -1
1A\90_7229_combined.png 1B\117_5896_combined.png 1
1A\90_7213_combined.png 1B\190_7604_combined.png -1
1A\90_7261_combined.png 1B\117_5884_combined.png 1
1A\90_7281_combined.png 1B\190_7648_combined.png -1
1A\90_7283_combined.png 1B\117_5848_combined.png 1
1A\90_7231_combined.png 1B\190_7678_combined.png -1
1A\90_7277_combined.png 1B\190_7680_combined.png -1
1A\90_7237_combined.png 1B\190_7656_combined.png -1
1A\90_7233_combined.png 1B\190_7628_combined.png -1
1A\140_9455_combined.png 1B\190_7680_combined.png 1
1A\140_9441_combined.png 1B\46_3168_combined.png -1
1A\140_9419_representative.png 1B\46_3160_combined.png -1
1A\140_9433_combined.png 1B\190_7672_combined.png 1
1A\140_9477_combined.png 1B\46_3182_combined.png -1
1A\140_9461_combined.png 1B\190_7630_combined.png 1
1A\140_9419_combined.png 1B\46_3154_combined.png -1
1A\140_9479_combined.png 1B\190_7590_combined.png 1
1A\140_9427_combined.png 1B\46_3156_combined.png -1
1A\140_9477_combined.png 1B\46_3162_combined.png -1
1A\140_9443_combined.png 1B\46_3162_combined.png -1
1A\140_9477_combined.png 1B\46_3154_representative.png -1
1A\41_3911_combined.png 1B\46_3162_combined.png 1
1A\41_3913_combined.png 1B\58_3624_combined.png -1
1A\41_3887_combined.png 1B\58_3632_combined.png -1
1A\41_3901_combined.png 1B\46_3164_combined.png 1
1A\41_3899_combined.png 1B\58_3600_combined.png -1
1A\41_3893_combined.png 1B\46_3180_combined.png 1
1A\41_3881_combined.png 1B\58_3594_combined.png -1
1A\41_3917_combined.png 1B\46_3174_combined.png 1
1A\41_3881_combined.png 1B\58_3652_combined.png -1
1A\41_3913_combined.png 1B\58_3636_combined.png -1
1A\41_3883_combined.png 1B\58_3652_combined.png -1
1A\41_3889_combined.png 1B\58_3596_combined.png -1
1A\50_4519_combined.png 1B\58_3584_combined.png 1
1A\50_4459_combined.png 1B\50_3416_combined.png -1
1A\50_4495_combined.png 1B\50_3450_combined.png -1
1A\50_4515_combined.png 1B\58_3648_combined.png 1
1A\50_4459_combined.png 1B\50_3436_combined.png -1
1A\50_4455_combined.png 1B\58_3654_combined.png 1
1A\50_4519_combined.png 1B\50_3428_combined.png -1
1A\50_4485_combined.png 1B\58_3656_combined.png 1
1A\50_4515_combined.png 1B\50_3442_combined.png -1
1A\50_4471_combined.png 1B\50_3430_combined.png -1
1A\50_4521_combined.png 1B\50_3418_combined.png -1
1A\50_4509_combined.png 1B\50_3440_combined.png -1
1A\44_4253_combined.png 1B\50_3396_combined.png 1
1A\44_4257_combined.png 1B\196_7812_combined.png -1
1A\44_4247_combined.png 1B\196_7808_combined.png -1
1A\44_4245_combined.png 1B\50_3400_combined.png 1
1A\44_4267_combined.png 1B\196_7802_combined.png -1
1A\44_4271_combined.png 1B\50_3426_combined.png 1
1A\44_4275_combined.png 1B\196_7812_combined.png -1
1A\44_4251_combined.png 1B\50_3374_combined.png 1
1A\44_4243_combined.png 1B\196_7800_combined.png -1
1A\44_4253_combined.png 1B\196_7808_combined.png -1
1A\44_4271_combined.png 1B\196_7802_combined.png -1
1A\44_4239_combined.png 1B\196_7804_combined.png -1
1A\143_9711_combined.png 1B\196_7812_combined.png 1
1A\143_9713_combined.png 1B\232_9364_combined.png -1
1A\143_9727_combined.png 1B\232_9380_combined.png -1
1A\143_9721_combined.png 1B\196_7792_combined.png 1
1A\143_9707_combined.png 1B\232_9370_combined.png -1
1A\143_9683_combined.png 1B\196_7800_combined.png 1
1A\143_9727_combined.png 1B\232_9366_representative.png -1
1A\143_9729_combined.png 1B\196_7816_combined.png 1
1A\143_9701_combined.png 1B\232_9378_combined.png -1
1A\143_9717_combined.png 1B\232_9364_combined.png -1
1A\143_9715_combined.png 1B\232_9370_combined.png -1
1A\143_9723_combined.png 1B\232_9374_combined.png -1
1A\171_11663_combined.png 1B\232_9376_combined.png 1
1A\171_11653_combined.png 1B\221_8924_combined.png -1
1A\171_11649_combined.png 1B\221_8922_combined.png -1
1A\171_11671_combined.png 1B\232_9376_combined.png 1
1A\171_11655_combined.png 1B\221_8924_combined.png -1
1A\171_11661_combined.png 1B\232_9364_combined.png 1
1A\171_11655_combined.png 1B\221_8900_combined.png -1
1A\171_11645_combined.png 1B\232_9378_combined.png 1
1A\171_11671_combined.png 1B\221_8894_combined.png -1
1A\171_11661_combined.png 1B\221_8894_combined.png -1
1A\171_11651_combined.png 1B\221_8926_combined.png -1
1A\171_11675_combined.png 1B\221_8930_combined.png -1
1A\161_11087_combined.png 1B\221_8922_combined.png 1
1A\161_11121_combined.png 1B\105_5400_combined.png -1
1A\161_11101_combined.png 1B\105_5386_combined.png -1
1A\161_11097_combined.png 1B\221_8922_combined.png 1
1A\161_11103_combined.png 1B\105_5408_combined.png -1
1A\161_11123_combined.png 1B\221_8938_combined.png 1
1A\161_11091_combined.png 1B\105_5396_combined.png -1
1A\161_11123_combined.png 1B\221_8924_combined.png 1
1A\161_11105_combined.png 1B\105_5388_combined.png -1
1A\161_11125_combined.png 1B\105_5420_representative.png -1
1A\161_11109_combined.png 1B\105_5408_combined.png -1
1A\161_11121_combined.png 1B\105_5400_combined.png -1
1A\83_6701_combined.png 1B\105_5410_combined.png 1
1A\83_6695_combined.png 1B\257_9802_combined.png -1
1A\83_6721_combined.png 1B\257_9800_combined.png -1
1A\83_6725_combined.png 1B\105_5400_combined.png 1
1A\83_6705_combined.png 1B\257_9804_combined.png -1
1A\83_6687_combined.png 1B\105_5412_combined.png 1
1A\83_6697_combined.png 1B\257_9808_combined.png -1
1A\83_6713_combined.png 1B\105_5384_combined.png 1
1A\83_6699_combined.png 1B\257_9818_combined.png -1
1A\83_6729_representative.png 1B\257_9808_combined.png -1
1A\83_6687_combined.png 1B\257_9810_combined.png -1
1A\83_6703_combined.png 1B\257_9800_combined.png -1
1A\189_12199_combined.png 1B\257_9812_combined.png 1
1A\189_12219_combined.png 1B\118_5898_combined.png -1
1A\189_12201_combined.png 1B\118_5862_combined.png -1
1A\189_12203_combined.png 1B\257_9798_combined.png 1
1A\189_12195_combined.png 1B\118_5908_combined.png -1
1A\189_12215_combined.png 1B\257_9814_combined.png 1
1A\189_12195_combined.png 1B\118_5862_combined.png -1
1A\189_12219_combined.png 1B\257_9800_combined.png 1
1A\189_12231_combined.png 1B\118_5882_combined.png -1
1A\189_12211_combined.png 1B\118_5864_combined.png -1
1A\189_12217_combined.png 1B\118_5892_combined.png -1
1A\189_12235_representative.png 1B\118_5878_combined.png -1
1A\94_7435_combined.png 1B\118_5884_combined.png 1
1A\94_7461_combined.png 1B\113_5796_combined.png -1
1A\94_7467_combined.png 1B\113_5832_combined.png -1
1A\94_7437_combined.png 1B\118_5894_combined.png 1
1A\94_7463_combined.png 1B\113_5810_combined.png -1
1A\94_7465_combined.png 1B\118_5888_combined.png 1
1A\94_7475_combined.png 1B\113_5748_combined.png -1
1A\94_7455_combined.png 1B\118_5900_combined.png 1
1A\94_7471_combined.png 1B\113_5804_combined.png -1
1A\94_7433_combined.png 1B\113_5844_combined.png -1
1A\94_7443_combined.png 1B\113_5766_combined.png -1
1A\94_7463_combined.png 1B\113_5818_combined.png -1
1A\91_7309_combined.png 1B\113_5818_combined.png 1
1A\91_7309_representative.png 1B\44_3062_combined.png -1
1A\91_7287_combined.png 1B\44_3064_combined.png -1
1A\91_7305_combined.png 1B\113_5880_combined.png 1
1A\91_7301_combined.png 1B\44_3064_combined.png -1
1A\91_7289_combined.png 1B\113_5816_combined.png 1
1A\91_7307_combined.png 1B\44_3060_combined.png -1
1A\91_7297_combined.png 1B\113_5758_combined.png 1
1A\91_7299_combined.png 1B\44_3060_combined.png -1
1A\91_7309_representative.png 1B\44_3066_combined.png -1
1A\91_7305_combined.png 1B\44_3066_combined.png -1
1A\91_7291_combined.png 1B\44_3058_combined.png -1
1A\39_3765_combined.png 1B\44_3068_combined.png 1
1A\39_3773_combined.png 1B\164_6954_combined.png -1
1A\39_3777_combined.png 1B\164_6952_combined.png -1
1A\39_3751_combined.png 1B\44_3052_representative.png 1
1A\39_3765_combined.png 1B\164_6932_combined.png -1
1A\39_3761_combined.png 1B\44_3062_combined.png 1
1A\39_3781_combined.png 1B\164_6936_combined.png -1
1A\39_3773_combined.png 1B\44_3066_combined.png 1
1A\39_3779_combined.png 1B\164_6952_combined.png -1
1A\39_3751_combined.png 1B\164_6964_representative.png -1
1A\39_3761_combined.png 1B\164_6938_combined.png -1
1A\39_3761_combined.png 1B\164_6932_combined.png -1
1A\119_8621_combined.png 1B\164_6932_combined.png 1
1A\119_8659_combined.png 1B\172_7208_combined.png -1
1A\119_8661_combined.png 1B\172_7182_combined.png -1
1A\119_8617_combined.png 1B\164_6962_combined.png 1
1A\119_8651_combined.png 1B\172_7186_combined.png -1
1A\119_8651_combined.png 1B\164_6958_combined.png 1
1A\119_8663_combined.png 1B\172_7180_combined.png -1
1A\119_8645_combined.png 1B\164_6944_combined.png 1
1A\119_8635_combined.png 1B\172_7204_combined.png -1
1A\119_8639_combined.png 1B\172_7188_combined.png -1
1A\119_8631_combined.png 1B\172_7182_combined.png -1
1A\119_8649_combined.png 1B\172_7186_combined.png -1
1A\126_8971_combined.png 1B\172_7186_combined.png 1
1A\126_8945_combined.png 1B\47_3338_combined.png -1
1A\126_8951_combined.png 1B\47_3310_combined.png -1
1A\126_8943_combined.png 1B\172_7210_combined.png 1
1A\126_8953_combined.png 1B\47_3322_combined.png -1
1A\126_8955_combined.png 1B\172_7188_combined.png 1
1A\126_8943_combined.png 1B\47_3332_combined.png -1
1A\126_8973_combined.png 1B\172_7180_combined.png 1
1A\126_8949_combined.png 1B\47_3298_combined.png -1
1A\126_8933_combined.png 1B\47_3316_combined.png -1
1A\126_8933_combined.png 1B\47_3338_representative.png -1
1A\126_8973_combined.png 1B\47_3334_combined.png -1
1A\42_4133_representative.png 1B\47_3310_combined.png 1
1A\42_4119_combined.png 1B\77_4284_combined.png -1
1A\42_4125_combined.png 1B\77_4310_combined.png -1
1A\42_4083_combined.png 1B\47_3330_combined.png 1
1A\42_4097_combined.png 1B\77_4308_combined.png -1
1A\42_4133_combined.png 1B\47_3304_combined.png 1
1A\42_4079_combined.png 1B\77_4306_combined.png -1
1A\42_4121_combined.png 1B\47_3308_combined.png 1
1A\42_4117_combined.png 1B\77_4302_combined.png -1
1A\42_4105_combined.png 1B\77_4282_combined.png -1
1A\42_4129_combined.png 1B\77_4320_combined.png -1
1A\42_4101_combined.png 1B\77_4310_combined.png -1
1A\64_5333_combined.png 1B\77_4292_combined.png 1
1A\64_5317_combined.png 1B\41_3000_combined.png -1
1A\64_5339_combined.png 1B\41_3006_combined.png -1
1A\64_5361_combined.png 1B\77_4314_combined.png 1
1A\64_5331_combined.png 1B\41_3002_combined.png -1
1A\64_5321_combined.png 1B\77_4322_representative.png 1
1A\64_5355_combined.png 1B\41_3006_combined.png -1
1A\64_5339_combined.png 1B\77_4310_combined.png 1
1A\64_5331_combined.png 1B\41_2990_combined.png -1
1A\64_5317_combined.png 1B\41_3000_combined.png -1
1A\64_5345_combined.png 1B\41_3010_combined.png -1
1A\64_5319_combined.png 1B\41_3006_combined.png -1
1A\38_3709_combined.png 1B\41_2994_combined.png 1
1A\38_3697_combined.png 1B\62_3874_combined.png -1
1A\38_3713_combined.png 1B\62_3918_combined.png -1
1A\38_3723_combined.png 1B\41_3012_combined.png 1
1A\38_3707_combined.png 1B\62_3898_combined.png -1
1A\38_3711_combined.png 1B\41_2994_combined.png 1
1A\38_3687_combined.png 1B\62_3876_combined.png -1
1A\38_3727_combined.png 1B\41_3016_representative.png 1
1A\38_3685_combined.png 1B\62_3900_combined.png -1
1A\38_3725_combined.png 1B\62_3886_combined.png -1
1A\38_3695_combined.png 1B\62_3900_combined.png -1
1A\38_3697_combined.png 1B\62_3922_representative.png -1
1A\54_4849_combined.png 1B\62_3878_combined.png 1
1A\54_4827_combined.png 1B\195_7832_combined.png -1
1A\54_4845_combined.png 1B\195_7794_combined.png -1
1A\54_4823_combined.png 1B\62_3896_combined.png 1
1A\54_4811_combined.png 1B\195_7834_representative.png -1
1A\54_4851_combined.png 1B\62_3906_combined.png 1
1A\54_4839_combined.png 1B\195_7832_combined.png -1
1A\54_4855_combined.png 1B\62_3878_combined.png 1
1A\54_4827_combined.png 1B\195_7822_combined.png -1
1A\54_4839_combined.png 1B\195_7804_combined.png -1
1A\54_4859_combined.png 1B\195_7796_combined.png -1
1A\54_4809_combined.png 1B\195_7832_combined.png -1
1A\144_9699_combined.png 1B\195_7834_combined.png 1
1A\144_9713_combined.png 1B\5_2060_combined.png -1
1A\144_9739_combined.png 1B\5_2050_combined.png -1
1A\144_9743_representative.png 1B\195_7808_combined.png 1
1A\144_9709_combined.png 1B\5_2060_combined.png -1
1A\144_9717_combined.png 1B\195_7808_combined.png 1
1A\144_9707_combined.png 1B\5_2058_combined.png -1
1A\144_9717_combined.png 1B\195_7794_combined.png 1
1A\144_9743_combined.png 1B\5_2032_combined.png -1
1A\144_9719_combined.png 1B\5_2042_combined.png -1
1A\144_9713_combined.png 1B\5_2026_combined.png -1
1A\144_9729_combined.png 1B\5_2038_combined.png -1
1A\12_2507_combined.png 1B\5_2052_combined.png 1
1A\12_2497_combined.png 1B\263_9896_combined.png -1
1A\12_2475_combined.png 1B\263_9878_combined.png -1
1A\12_2483_combined.png 1B\5_2050_combined.png 1
1A\12_2501_combined.png 1B\263_9900_combined.png -1
1A\12_2505_combined.png 1B\5_2024_combined.png 1
1A\12_2499_combined.png 1B\263_9904_combined.png -1
1A\12_2493_combined.png 1B\5_2056_combined.png 1
1A\12_2497_combined.png 1B\263_9878_combined.png -1
1A\12_2481_combined.png 1B\263_9898_combined.png -1
1A\12_2477_combined.png 1B\263_9904_representative.png -1
1A\12_2505_combined.png 1B\263_9898_combined.png -1
1A\193_12319_combined.png 1B\263_9898_combined.png 1
1A\193_12291_combined.png 1B\260_9844_combined.png -1
1A\193_12325_combined.png 1B\260_9844_combined.png -1
1A\193_12295_combined.png 1B\263_9898_combined.png 1
1A\193_12305_combined.png 1B\260_9836_combined.png -1
1A\193_12291_representative.png 1B\263_9902_combined.png 1
1A\193_12307_combined.png 1B\260_9830_combined.png -1
1A\193_12307_combined.png 1B\263_9878_combined.png 1
1A\193_12323_combined.png 1B\260_9834_combined.png -1
1A\193_12313_combined.png 1B\260_9844_combined.png -1
1A\193_12289_combined.png 1B\260_9838_combined.png -1
1A\193_12295_combined.png 1B\260_9844_combined.png -1
1A\190_12289_representative.png 1B\260_9834_combined.png 1
1A\190_12245_combined.png 1B\167_7130_representative.png -1
1A\190_12285_combined.png 1B\167_7140_combined.png -1
1A\190_12253_combined.png 1B\260_9840_combined.png 1
1A\190_12289_combined.png 1B\167_7136_combined.png -1
1A\190_12277_combined.png 1B\260_9846_combined.png 1
1A\190_12269_combined.png 1B\167_7140_combined.png -1
1A\190_12281_combined.png 1B\260_9862_combined.png 1
1A\190_12249_combined.png 1B\167_7136_combined.png -1
1A\190_12267_combined.png 1B\167_7140_combined.png -1
1A\190_12255_combined.png 1B\167_7142_combined.png -1
1A\190_12247_combined.png 1B\167_7134_combined.png -1
1A\121_8863_combined.png 1B\167_7146_combined.png 1
1A\121_8875_combined.png 1B\160_6756_representative.png -1
1A\121_8865_combined.png 1B\160_6730_combined.png -1
1A\121_8865_combined.png 1B\167_7128_combined.png 1
1A\121_8871_combined.png 1B\160_6756_combined.png -1
1A\121_8859_combined.png 1B\167_7142_combined.png 1
1A\121_8857_combined.png 1B\160_6752_combined.png -1
1A\121_8861_combined.png 1B\167_7130_combined.png 1
1A\121_8867_combined.png 1B\160_6730_combined.png -1
1A\121_8875_combined.png 1B\160_6756_combined.png -1
1A\121_8865_combined.png 1B\160_6734_combined.png -1
1A\121_8867_combined.png 1B\160_6732_combined.png -1
1A\117_8381_combined.png 1B\160_6754_combined.png 1
1A\117_8361_combined.png 1B\266_9952_combined.png -1
1A\117_8383_combined.png 1B\266_9946_combined.png -1
1A\117_8385_combined.png 1B\160_6748_combined.png 1
1A\117_8357_representative.png 1B\266_9938_combined.png -1
1A\117_8371_combined.png 1B\160_6752_combined.png 1
1A\117_8359_combined.png 1B\266_9964_combined.png -1
1A\117_8371_combined.png 1B\160_6736_combined.png 1
1A\117_8375_combined.png 1B\266_9928_combined.png -1
1A\117_8391_combined.png 1B\266_9944_combined.png -1
1A\117_8385_combined.png 1B\266_9936_combined.png -1
1A\117_8385_combined.png 1B\266_9970_combined.png -1
1A\197_12367_combined.png 1B\266_9954_combined.png 1
1A\197_12405_combined.png 1B\153_6624_combined.png -1
1A\197_12379_combined.png 1B\153_6608_combined.png -1
1A\197_12389_combined.png 1B\266_9958_combined.png 1
1A\197_12429_combined.png 1B\153_6630_combined.png -1
1A\197_12413_combined.png 1B\266_9942_combined.png 1
1A\197_12395_combined.png 1B\153_6626_combined.png -1
1A\197_12397_combined.png 1B\266_9954_combined.png 1
1A\197_12403_combined.png 1B\153_6636_combined.png -1
1A\197_12379_combined.png 1B\153_6628_combined.png -1
1A\197_12389_combined.png 1B\153_6636_representative.png -1
1A\197_12395_combined.png 1B\153_6608_combined.png -1
1A\115_8251_combined.png 1B\153_6614_combined.png 1
1A\115_8209_combined.png 1B\23_2576_combined.png -1
1A\115_8231_combined.png 1B\23_2564_combined.png -1
1A\115_8245_combined.png 1B\153_6622_combined.png 1
1A\115_8227_combined.png 1B\23_2580_combined.png -1
1A\115_8257_combined.png 1B\153_6606_combined.png 1
1A\115_8257_representative.png 1B\23_2578_combined.png -1
1A\115_8219_combined.png 1B\153_6636_representative.png 1
1A\115_8241_combined.png 1B\23_2586_combined.png -1
1A\115_8231_combined.png 1B\23_2560_combined.png -1
1A\115_8215_combined.png 1B\23_2562_combined.png -1
1A\115_8257_representative.png 1B\23_2576_combined.png -1
1A\25_3171_combined.png 1B\23_2556_combined.png 1
1A\25_3177_combined.png 1B\208_8468_combined.png -1
1A\25_3173_combined.png 1B\208_8460_combined.png -1
1A\25_3177_combined.png 1B\23_2580_combined.png 1
1A\25_3189_combined.png 1B\208_8462_representative.png -1
1A\25_3163_combined.png 1B\23_2572_combined.png 1
1A\25_3173_combined.png 1B\208_8480_combined.png -1
1A\25_3161_combined.png 1B\23_2570_combined.png 1
1A\25_3193_combined.png 1B\208_8470_combined.png -1
1A\25_3147_combined.png 1B\208_8484_combined.png -1
1A\25_3183_combined.png 1B\208_8470_combined.png -1
1A\25_3147_combined.png 1B\208_8486_combined.png -1
1A\156_10547_combined.png 1B\208_8482_combined.png 1
1A\156_10551_combined.png 1B\246_9572_combined.png -1
1A\156_10513_combined.png 1B\246_9600_combined.png -1
1A\156_10515_representative.png 1B\208_8462_combined.png 1
1A\156_10537_combined.png 1B\246_9582_combined.png -1
1A\156_10551_combined.png 1B\208_8466_combined.png 1
1A\156_10525_combined.png 1B\246_9580_combined.png -1
1A\156_10533_combined.png 1B\208_8464_combined.png 1
1A\156_10551_combined.png 1B\246_9598_combined.png -1
1A\156_10515_combined.png 1B\246_9574_combined.png -1
1A\156_10549_combined.png 1B\246_9576_combined.png -1
1A\156_10527_combined.png 1B\246_9576_combined.png -1
1A\180_11931_combined.png 1B\246_9574_representative.png 1
1A\180_11913_combined.png 1B\30_2660_combined.png -1
1A\180_11923_combined.png 1B\30_2632_combined.png -1
1A\180_11945_combined.png 1B\246_9582_combined.png 1
1A\180_11949_combined.png 1B\30_2658_combined.png -1
1A\180_11913_combined.png 1B\246_9600_combined.png 1
1A\180_11949_combined.png 1B\30_2652_combined.png -1
1A\180_11941_combined.png 1B\246_9578_combined.png 1
1A\180_11905_combined.png 1B\30_2660_combined.png -1
1A\180_11921_combined.png 1B\30_2632_combined.png -1
1A\180_11963_combined.png 1B\30_2644_combined.png -1
1A\180_11917_combined.png 1B\30_2658_combined.png -1
1A\29_3251_combined.png 1B\30_2640_combined.png 1
1A\29_3281_combined.png 1B\63_3934_combined.png -1
1A\29_3255_combined.png 1B\63_3938_combined.png -1
1A\29_3273_combined.png 1B\30_2650_combined.png 1
1A\29_3255_combined.png 1B\63_3946_combined.png -1
1A\29_3263_combined.png 1B\30_2656_combined.png 1
1A\29_3249_combined.png 1B\63_3932_combined.png -1
1A\29_3259_combined.png 1B\30_2642_combined.png 1
1A\29_3269_combined.png 1B\63_3940_combined.png -1
1A\29_3235_combined.png 1B\63_3940_combined.png -1
1A\29_3261_combined.png 1B\63_3952_combined.png -1
1A\29_3263_combined.png 1B\63_3934_combined.png -1
1A\53_4841_combined.png 1B\63_3914_combined.png 1
1A\53_4843_combined.png 1B\192_7644_combined.png -1
1A\53_4827_combined.png 1B\192_7640_combined.png -1
1A\53_4819_combined.png 1B\63_3892_combined.png 1
1A\53_4865_combined.png 1B\192_7620_combined.png -1
1A\53_4827_combined.png 1B\63_3944_combined.png 1
1A\53_4843_combined.png 1B\192_7638_combined.png -1
1A\53_4823_combined.png 1B\63_3892_combined.png 1
1A\53_4825_combined.png 1B\192_7624_combined.png -1
1A\53_4837_combined.png 1B\192_7640_combined.png -1
1A\53_4849_combined.png 1B\192_7634_combined.png -1
1A\53_4829_combined.png 1B\192_7648_combined.png -1
1A\141_9477_combined.png 1B\192_7634_combined.png 1
1A\141_9511_combined.png 1B\130_6076_combined.png -1
1A\141_9505_combined.png 1B\130_6078_combined.png -1
1A\141_9505_combined.png 1B\192_7636_combined.png 1
1A\141_9473_combined.png 1B\130_6074_combined.png -1
1A\141_9493_combined.png 1B\192_7640_combined.png 1
1A\141_9473_combined.png 1B\130_6096_combined.png -1
1A\141_9519_combined.png 1B\192_7644_combined.png 1
1A\141_9481_combined.png 1B\130_6074_representative.png -1
1A\141_9515_combined.png 1B\130_6074_combined.png -1
1A\141_9473_combined.png 1B\130_6078_combined.png -1
1A\141_9483_combined.png 1B\130_6076_combined.png -1
1A\99_7559_combined.png 1B\130_6076_combined.png 1
1A\99_7561_combined.png 1B\244_9544_combined.png -1
1A\99_7539_combined.png 1B\244_9566_representative.png -1
1A\99_7545_combined.png 1B\130_6094_combined.png 1
1A\99_7537_combined.png 1B\244_9556_combined.png -1
1A\99_7539_combined.png 1B\130_6090_combined.png 1
1A\99_7529_combined.png 1B\244_9546_combined.png -1
1A\99_7559_combined.png 1B\130_6074_combined.png 1
1A\99_7551_combined.png 1B\244_9556_combined.png -1
1A\99_7533_combined.png 1B\244_9560_combined.png -1
1A\99_7537_combined.png 1B\244_9550_combined.png -1
1A\99_7541_combined.png 1B\244_9554_combined.png -1
1A\178_11879_combined.png 1B\244_9550_combined.png 1
1A\178_11863_representative.png 1B\249_9608_combined.png -1
1A\178_11881_combined.png 1B\249_9630_combined.png -1
1A\178_11879_combined.png 1B\244_9546_combined.png 1
1A\178_11895_combined.png 1B\249_9640_combined.png -1
1A\178_11865_combined.png 1B\244_9566_combined.png 1
1A\178_11863_combined.png 1B\249_9618_combined.png -1
1A\178_11869_combined.png 1B\244_9538_combined.png 1
1A\178_11899_combined.png 1B\249_9648_combined.png -1
1A\178_11897_combined.png 1B\249_9660_combined.png -1
1A\178_11879_combined.png 1B\249_9660_combined.png -1
1A\178_11879_combined.png 1B\249_9624_combined.png -1
1A\182_11981_combined.png 1B\249_9644_combined.png 1
1A\182_11985_combined.png 1B\59_3614_combined.png -1
1A\182_11957_combined.png 1B\59_3632_combined.png -1
1A\182_11995_combined.png 1B\249_9624_combined.png 1
1A\182_11989_combined.png 1B\59_3634_combined.png -1
1A\182_11951_combined.png 1B\249_9626_combined.png 1
1A\182_11955_combined.png 1B\59_3640_combined.png -1
1A\182_12003_combined.png 1B\249_9660_representative.png 1
1A\182_11997_combined.png 1B\59_3618_combined.png -1
1A\182_11951_representative.png 1B\59_3632_combined.png -1
1A\182_11949_combined.png 1B\59_3640_combined.png -1
1A\182_12001_combined.png 1B\59_3628_combined.png -1
1A\49_4471_combined.png 1B\59_3638_combined.png 1
1A\49_4477_combined.png 1B\79_4414_combined.png -1
1A\49_4457_combined.png 1B\79_4402_combined.png -1
1A\49_4467_combined.png 1B\59_3636_combined.png 1
1A\49_4491_combined.png 1B\79_4412_combined.png -1
1A\49_4453_combined.png 1B\59_3632_combined.png 1
1A\49_4491_combined.png 1B\79_4422_combined.png -1
1A\49_4453_combined.png 1B\59_3626_combined.png 1
1A\49_4475_combined.png 1B\79_4416_combined.png -1
1A\49_4489_combined.png 1B\79_4436_combined.png -1
1A\49_4487_combined.png 1B\79_4422_combined.png -1
1A\49_4455_representative.png 1B\79_4420_combined.png -1
1A\66_5505_combined.png 1B\79_4408_combined.png 1
1A\66_5473_combined.png 1B\103_5358_combined.png -1
1A\66_5491_combined.png 1B\103_5374_combined.png -1
1A\66_5499_combined.png 1B\79_4430_combined.png 1
1A\66_5487_combined.png 1B\103_5392_combined.png -1
1A\66_5485_combined.png 1B\79_4422_combined.png 1
1A\66_5483_combined.png 1B\103_5364_combined.png -1
1A\66_5469_combined.png 1B\79_4408_combined.png 1
1A\66_5461_combined.png 1B\103_5392_combined.png -1
1A\66_5477_combined.png 1B\103_5372_combined.png -1
1A\66_5477_combined.png 1B\103_5376_combined.png -1
1A\66_5503_combined.png 1B\103_5360_combined.png -1
1A\81_6691_combined.png 1B\103_5356_combined.png 1
1A\81_6639_combined.png 1B\71_4126_combined.png -1
1A\81_6695_combined.png 1B\71_4154_combined.png -1
1A\81_6657_combined.png 1B\103_5376_combined.png 1
1A\81_6691_combined.png 1B\71_4128_combined.png -1
1A\81_6693_combined.png 1B\103_5358_representative.png 1
1A\81_6661_combined.png 1B\71_4156_representative.png -1
1A\81_6649_combined.png 1B\103_5394_combined.png 1
1A\81_6639_combined.png 1B\71_4156_representative.png -1
1A\81_6653_combined.png 1B\71_4136_combined.png -1
1A\81_6675_combined.png 1B\71_4150_combined.png -1
1A\81_6639_combined.png 1B\71_4122_combined.png -1
1A\59_5133_combined.png 1B\71_4130_combined.png 1
1A\59_5149_combined.png 1B\228_9194_combined.png -1
1A\59_5097_combined.png 1B\228_9184_combined.png -1
1A\59_5137_combined.png 1B\71_4116_combined.png 1
1A\59_5119_combined.png 1B\228_9174_combined.png -1
1A\59_5101_combined.png 1B\71_4130_combined.png 1
1A\59_5119_combined.png 1B\228_9218_combined.png -1
1A\59_5115_combined.png 1B\71_4156_representative.png 1
1A\59_5105_combined.png 1B\228_9218_combined.png -1
1A\59_5129_combined.png 1B\228_9222_combined.png -1
1A\59_5149_combined.png 1B\228_9200_combined.png -1
1A\59_5119_combined.png 1B\228_9190_combined.png -1
1A\169_11457_combined.png 1B\228_9220_combined.png 1
1A\169_11491_combined.png 1B\159_6744_combined.png -1
1A\169_11473_combined.png 1B\159_6730_combined.png -1
1A\169_11451_combined.png 1B\228_9190_combined.png 1
1A\169_11491_combined.png 1B\159_6760_combined.png -1
1A\169_11473_combined.png 1B\228_9200_combined.png 1
1A\169_11493_representative.png 1B\159_6704_combined.png -1
1A\169_11479_combined.png 1B\228_9196_combined.png 1
1A\169_11491_combined.png 1B\159_6744_combined.png -1
1A\169_11493_combined.png 1B\159_6782_combined.png -1
1A\169_11473_combined.png 1B\159_6756_combined.png -1
1A\169_11431_combined.png 1B\159_6770_combined.png -1
1A\118_8535_combined.png 1B\159_6760_combined.png 1
1A\118_8557_combined.png 1B\2_1956_combined.png -1
1A\118_8533_combined.png 1B\2_1950_combined.png -1
1A\118_8549_combined.png 1B\159_6768_combined.png 1
1A\118_8539_combined.png 1B\2_1926_combined.png -1
1A\118_8531_combined.png 1B\159_6726_combined.png 1
1A\118_8561_combined.png 1B\2_1938_combined.png -1
1A\118_8547_combined.png 1B\159_6720_combined.png 1
1A\118_8545_combined.png 1B\2_1956_combined.png -1
1A\118_8553_combined.png 1B\2_1922_combined.png -1
1A\118_8563_representative.png 1B\2_1932_combined.png -1
1A\118_8549_combined.png 1B\2_1958_combined.png -1
