4A\57_3681_combined.png 4B\53_2980_combined.png 1
4A\57_3661_combined.png 4B\48_2836_combined.png -1
4A\57_3667_combined.png 4B\48_2836_combined.png -1
4A\57_3653_combined.png 4B\53_2952_combined.png 1
4A\57_3609_combined.png 4B\48_2844_combined.png -1
4A\57_3653_combined.png 4B\53_2966_combined.png 1
4A\57_3633_combined.png 4B\48_2826_combined.png -1
4A\57_3661_combined.png 4B\53_2976_combined.png 1
4A\57_3657_combined.png 4B\48_2828_combined.png -1
4A\57_3615_combined.png 4B\48_2842_combined.png -1
4A\57_3685_representative.png 4B\48_2832_combined.png -1
4A\57_3609_combined.png 4B\48_2836_combined.png -1
4A\55_3507_combined.png 4B\48_2850_representative.png 1
4A\55_3533_combined.png 4B\136_5426_combined.png -1
4A\55_3569_combined.png 4B\136_5396_combined.png -1
4A\55_3529_combined.png 4B\48_2834_combined.png 1
4A\55_3517_combined.png 4B\136_5420_combined.png -1
4A\55_3543_combined.png 4B\48_2824_combined.png 1
4A\55_3561_combined.png 4B\136_5426_combined.png -1
4A\55_3543_combined.png 4B\48_2850_combined.png 1
4A\55_3539_combined.png 4B\136_5414_combined.png -1
4A\55_3539_combined.png 4B\136_5396_combined.png -1
4A\55_3553_combined.png 4B\136_5424_combined.png -1
4A\55_3561_combined.png 4B\136_5428_representative.png -1
4A\137_6675_combined.png 4B\136_5420_combined.png 1
4A\137_6689_combined.png 4B\180_6704_combined.png -1
4A\137_6693_combined.png 4B\180_6694_combined.png -1
4A\137_6661_combined.png 4B\136_5400_combined.png 1
4A\137_6683_combined.png 4B\180_6696_combined.png -1
4A\137_6733_combined.png 4B\136_5394_combined.png 1
4A\137_6707_combined.png 4B\180_6682_combined.png -1
4A\137_6671_combined.png 4B\136_5404_combined.png 1
4A\137_6681_combined.png 4B\180_6686_combined.png -1
4A\137_6703_combined.png 4B\180_6716_combined.png -1
4A\137_6681_combined.png 4B\180_6716_representative.png -1
4A\137_6711_combined.png 4B\180_6716_combined.png -1
4A\185_8321_combined.png 4B\180_6698_combined.png 1
4A\185_8305_combined.png 4B\142_5478_combined.png -1
4A\185_8335_combined.png 4B\142_5448_combined.png -1
4A\185_8313_combined.png 4B\180_6712_combined.png 1
4A\185_8315_combined.png 4B\142_5496_combined.png -1
4A\185_8277_combined.png 4B\180_6712_combined.png 1
4A\185_8339_combined.png 4B\142_5462_combined.png -1
4A\185_8295_combined.png 4B\180_6702_combined.png 1
4A\185_8335_combined.png 4B\142_5450_combined.png -1
4A\185_8285_combined.png 4B\142_5488_combined.png -1
4A\185_8267_combined.png 4B\142_5462_combined.png -1
4A\185_8331_combined.png 4B\142_5482_combined.png -1
4A\148_6881_combined.png 4B\142_5454_combined.png 1
4A\148_6867_combined.png 4B\26_1932_combined.png -1
4A\148_6893_combined.png 4B\26_1950_combined.png -1
4A\148_6883_combined.png 4B\142_5478_combined.png 1
4A\148_6851_representative.png 4B\26_1950_combined.png -1
4A\148_6879_combined.png 4B\142_5478_combined.png 1
4A\148_6869_combined.png 4B\26_1932_combined.png -1
4A\148_6887_combined.png 4B\142_5494_combined.png 1
4A\148_6861_combined.png 4B\26_1944_combined.png -1
4A\148_6871_combined.png 4B\26_1954_combined.png -1
4A\148_6855_combined.png 4B\26_1946_combined.png -1
4A\148_6855_combined.png 4B\26_1932_combined.png -1
4A\26_2415_combined.png 4B\26_1948_combined.png 1
4A\26_2425_combined.png 4B\101_4318_combined.png -1
4A\26_2455_combined.png 4B\101_4326_combined.png -1
4A\26_2401_combined.png 4B\26_1944_combined.png 1
4A\26_2407_combined.png 4B\101_4322_combined.png -1
4A\26_2449_combined.png 4B\26_1954_combined.png 1
4A\26_2457_combined.png 4B\101_4326_combined.png -1
4A\26_2449_combined.png 4B\26_1934_representative.png 1
4A\26_2411_combined.png 4B\101_4318_combined.png -1
4A\26_2451_combined.png 4B\101_4356_combined.png -1
4A\26_2423_combined.png 4B\101_4330_combined.png -1
4A\26_2447_combined.png 4B\101_4330_combined.png -1
4A\107_5349_combined.png 4B\101_4334_combined.png 1
4A\107_5385_combined.png 4B\123_4964_combined.png -1
4A\107_5383_combined.png 4B\123_4964_representative.png -1
4A\107_5365_combined.png 4B\101_4358_combined.png 1
4A\107_5315_combined.png 4B\123_4956_combined.png -1
4A\107_5349_combined.png 4B\101_4346_combined.png 1
4A\107_5327_combined.png 4B\123_4958_combined.png -1
4A\107_5381_combined.png 4B\101_4356_combined.png 1
4A\107_5377_combined.png 4B\123_4942_combined.png -1
4A\107_5331_combined.png 4B\123_4958_combined.png -1
4A\107_5317_combined.png 4B\123_4948_combined.png -1
4A\107_5339_combined.png 4B\123_4948_combined.png -1
4A\128_6125_combined.png 4B\123_4948_combined.png 1
4A\128_6121_combined.png 4B\33_2114_combined.png -1
4A\128_6131_combined.png 4B\33_2148_combined.png -1
4A\128_6121_combined.png 4B\123_4950_combined.png 1
4A\128_6139_combined.png 4B\33_2152_combined.png -1
4A\128_6125_combined.png 4B\123_4964_representative.png 1
4A\128_6117_combined.png 4B\33_2144_combined.png -1
4A\128_6119_combined.png 4B\123_4946_combined.png 1
4A\128_6105_combined.png 4B\33_2156_combined.png -1
4A\128_6127_combined.png 4B\33_2142_combined.png -1
4A\128_6159_combined.png 4B\33_2126_combined.png -1
4A\128_6153_combined.png 4B\33_2142_combined.png -1
4A\35_2645_representative.png 4B\33_2118_combined.png 1
4A\35_2679_combined.png 4B\174_6448_representative.png -1
4A\35_2673_combined.png 4B\174_6458_combined.png -1
4A\35_2677_combined.png 4B\33_2118_combined.png 1
4A\35_2699_combined.png 4B\174_6448_representative.png -1
4A\35_2679_combined.png 4B\33_2116_combined.png 1
4A\35_2653_combined.png 4B\174_6468_combined.png -1
4A\35_2657_combined.png 4B\33_2130_combined.png 1
4A\35_2651_combined.png 4B\174_6486_combined.png -1
4A\35_2673_combined.png 4B\174_6456_combined.png -1
4A\35_2655_combined.png 4B\174_6458_combined.png -1
4A\35_2697_combined.png 4B\174_6462_combined.png -1
4A\184_8049_combined.png 4B\174_6448_combined.png 1
4A\184_8119_combined.png 4B\66_3394_combined.png -1
4A\184_8085_combined.png 4B\66_3418_combined.png -1
4A\184_8057_combined.png 4B\174_6480_combined.png 1
4A\184_8077_combined.png 4B\66_3422_combined.png -1
4A\184_8093_combined.png 4B\174_6462_combined.png 1
4A\184_8123_combined.png 4B\66_3414_combined.png -1
4A\184_8129_representative.png 4B\174_6454_combined.png 1
4A\184_8073_combined.png 4B\66_3416_combined.png -1
4A\184_8125_combined.png 4B\66_3428_combined.png -1
4A\184_8073_combined.png 4B\66_3394_combined.png -1
4A\184_8109_combined.png 4B\66_3414_combined.png -1
4A\70_4195_combined.png 4B\66_3420_combined.png 1
4A\70_4227_combined.png 4B\5_890_combined.png -1
4A\70_4187_combined.png 4B\5_892_combined.png -1
4A\70_4231_combined.png 4B\66_3412_combined.png 1
4A\70_4173_combined.png 4B\5_884_combined.png -1
4A\70_4169_combined.png 4B\66_3390_combined.png 1
4A\70_4183_combined.png 4B\5_910_combined.png -1
4A\70_4215_combined.png 4B\66_3428_combined.png 1
4A\70_4193_combined.png 4B\5_904_combined.png -1
4A\70_4225_combined.png 4B\5_924_combined.png -1
4A\70_4171_combined.png 4B\5_912_combined.png -1
4A\70_4217_combined.png 4B\5_928_combined.png -1
4A\7_1089_combined.png 4B\5_888_combined.png 1
4A\7_1041_combined.png 4B\138_5442_combined.png -1
4A\7_1077_combined.png 4B\138_5440_combined.png -1
4A\7_1083_combined.png 4B\5_878_combined.png 1
4A\7_1037_combined.png 4B\138_5442_combined.png -1
4A\7_1033_combined.png 4B\5_900_combined.png 1
4A\7_1075_combined.png 4B\138_5416_combined.png -1
4A\7_1109_representative.png 4B\5_884_combined.png 1
4A\7_1101_combined.png 4B\138_5450_combined.png -1
4A\7_1037_combined.png 4B\138_5422_combined.png -1
4A\7_1011_combined.png 4B\138_5442_combined.png -1
4A\7_1097_combined.png 4B\138_5416_combined.png -1
4A\138_6759_combined.png 4B\138_5428_combined.png 1
4A\138_6743_combined.png 4B\61_3178_combined.png -1
4A\138_6737_combined.png 4B\61_3160_combined.png -1
4A\138_6729_combined.png 4B\138_5420_combined.png 1
4A\138_6703_combined.png 4B\61_3170_combined.png -1
4A\138_6693_combined.png 4B\138_5416_combined.png 1
4A\138_6739_combined.png 4B\61_3158_representative.png -1
4A\138_6717_combined.png 4B\138_5436_combined.png 1
4A\138_6759_combined.png 4B\61_3182_combined.png -1
4A\138_6719_combined.png 4B\61_3174_combined.png -1
4A\138_6759_combined.png 4B\61_3170_combined.png -1
4A\138_6731_combined.png 4B\61_3156_combined.png -1
4A\67_3977_combined.png 4B\61_3158_representative.png 1
4A\67_3965_combined.png 4B\50_2880_combined.png -1
4A\67_3963_combined.png 4B\50_2886_combined.png -1
4A\67_3969_combined.png 4B\61_3158_combined.png 1
4A\67_3943_combined.png 4B\50_2856_combined.png -1
4A\67_3929_combined.png 4B\61_3172_combined.png 1
4A\67_3937_combined.png 4B\50_2894_combined.png -1
4A\67_3969_combined.png 4B\61_3174_combined.png 1
4A\67_3949_combined.png 4B\50_2858_combined.png -1
4A\67_3933_combined.png 4B\50_2874_combined.png -1
4A\67_3985_combined.png 4B\50_2884_combined.png -1
4A\67_3981_combined.png 4B\50_2862_combined.png -1
4A\54_3565_combined.png 4B\50_2896_combined.png 1
4A\54_3561_combined.png 4B\91_3986_combined.png -1
4A\54_3497_combined.png 4B\91_3988_combined.png -1
4A\54_3509_combined.png 4B\50_2850_combined.png 1
4A\54_3555_combined.png 4B\91_3998_combined.png -1
4A\54_3485_combined.png 4B\50_2870_combined.png 1
4A\54_3489_combined.png 4B\91_4002_combined.png -1
4A\54_3515_combined.png 4B\50_2860_combined.png 1
4A\54_3481_combined.png 4B\91_3988_combined.png -1
4A\54_3533_combined.png 4B\91_3986_combined.png -1
4A\54_3499_combined.png 4B\91_3986_combined.png -1
4A\54_3509_combined.png 4B\91_3978_combined.png -1
4A\97_4893_combined.png 4B\91_3970_combined.png 1
4A\97_4913_combined.png 4B\116_4642_combined.png -1
4A\97_4891_combined.png 4B\116_4658_combined.png -1
4A\97_4885_combined.png 4B\91_3976_combined.png 1
4A\97_4945_combined.png 4B\116_4644_combined.png -1
4A\97_4899_combined.png 4B\91_3968_combined.png 1
4A\97_4907_combined.png 4B\116_4614_combined.png -1
4A\97_4933_combined.png 4B\91_3992_combined.png 1
4A\97_4941_combined.png 4B\116_4612_representative.png -1
4A\97_4913_combined.png 4B\116_4612_representative.png -1
4A\97_4901_combined.png 4B\116_4640_combined.png -1
4A\97_4915_combined.png 4B\116_4612_representative.png -1
4A\120_5801_combined.png 4B\116_4650_combined.png 1
4A\120_5803_combined.png 4B\150_5646_combined.png -1
4A\120_5805_combined.png 4B\150_5650_combined.png -1
4A\120_5809_combined.png 4B\116_4628_combined.png 1
4A\120_5825_combined.png 4B\150_5652_combined.png -1
4A\120_5791_combined.png 4B\116_4646_combined.png 1
4A\120_5785_combined.png 4B\150_5658_combined.png -1
4A\120_5777_combined.png 4B\116_4632_combined.png 1
4A\120_5807_combined.png 4B\150_5624_representative.png -1
4A\120_5795_combined.png 4B\150_5650_combined.png -1
4A\120_5807_combined.png 4B\150_5624_combined.png -1
4A\120_5819_combined.png 4B\150_5638_combined.png -1
4A\151_7061_combined.png 4B\150_5624_representative.png 1
4A\151_7049_combined.png 4B\175_6464_combined.png -1
4A\151_7069_combined.png 4B\175_6472_representative.png -1
4A\151_7015_combined.png 4B\150_5634_combined.png 1
4A\151_7011_combined.png 4B\175_6472_representative.png -1
4A\151_7063_combined.png 4B\150_5634_combined.png 1
4A\151_7053_combined.png 4B\175_6450_combined.png -1
4A\151_7055_combined.png 4B\150_5644_combined.png 1
4A\151_7065_combined.png 4B\175_6454_combined.png -1
4A\151_7019_combined.png 4B\175_6452_combined.png -1
4A\151_7047_combined.png 4B\175_6466_combined.png -1
4A\151_7033_combined.png 4B\175_6460_combined.png -1
4A\181_8017_combined.png 4B\175_6468_combined.png 1
4A\181_8031_combined.png 4B\199_7254_combined.png -1
4A\181_8015_combined.png 4B\199_7250_combined.png -1
4A\181_8023_combined.png 4B\175_6456_combined.png 1
4A\181_8027_combined.png 4B\199_7274_combined.png -1
4A\181_8043_combined.png 4B\175_6472_combined.png 1
4A\181_8013_combined.png 4B\199_7256_combined.png -1
4A\181_8009_combined.png 4B\175_6452_combined.png 1
4A\181_8019_combined.png 4B\199_7278_combined.png -1
4A\181_8041_combined.png 4B\199_7264_combined.png -1
4A\181_8037_combined.png 4B\199_7264_combined.png -1
4A\181_8017_combined.png 4B\199_7250_combined.png -1
4A\205_9031_combined.png 4B\199_7248_combined.png 1
4A\205_9011_combined.png 4B\128_5046_combined.png -1
4A\205_8995_combined.png 4B\128_5046_combined.png -1
4A\205_9005_combined.png 4B\199_7270_combined.png 1
4A\205_9029_combined.png 4B\128_5052_combined.png -1
4A\205_9043_combined.png 4B\199_7288_representative.png 1
4A\205_8995_combined.png 4B\128_5056_combined.png -1
4A\205_9005_combined.png 4B\199_7278_combined.png 1
4A\205_9035_combined.png 4B\128_5062_combined.png -1
4A\205_9035_combined.png 4B\128_5056_combined.png -1
4A\205_9025_combined.png 4B\128_5032_combined.png -1
4A\205_9027_combined.png 4B\128_5058_combined.png -1
4A\130_6215_combined.png 4B\128_5062_combined.png 1
4A\130_6265_combined.png 4B\60_3128_combined.png -1
4A\130_6283_combined.png 4B\60_3140_combined.png -1
4A\130_6279_combined.png 4B\128_5028_combined.png 1
4A\130_6277_combined.png 4B\60_3114_combined.png -1
4A\130_6263_combined.png 4B\128_5030_combined.png 1
4A\130_6239_combined.png 4B\60_3126_combined.png -1
4A\130_6227_combined.png 4B\128_5054_combined.png 1
4A\130_6221_combined.png 4B\60_3116_combined.png -1
4A\130_6245_combined.png 4B\60_3132_combined.png -1
4A\130_6219_combined.png 4B\60_3116_combined.png -1
4A\130_6247_combined.png 4B\60_3126_combined.png -1
4A\66_3939_combined.png 4B\60_3126_combined.png 1
4A\66_3941_representative.png 4B\40_2394_combined.png -1
4A\66_3905_combined.png 4B\40_2416_combined.png -1
4A\66_3937_combined.png 4B\60_3132_combined.png 1
4A\66_3891_combined.png 4B\40_2404_combined.png -1
4A\66_3941_combined.png 4B\60_3116_representative.png 1
4A\66_3915_combined.png 4B\40_2398_combined.png -1
4A\66_3895_combined.png 4B\60_3132_combined.png 1
4A\66_3919_combined.png 4B\40_2394_combined.png -1
4A\66_3883_combined.png 4B\40_2416_combined.png -1
4A\66_3909_combined.png 4B\40_2402_combined.png -1
4A\66_3877_combined.png 4B\40_2414_combined.png -1
4A\42_2963_combined.png 4B\40_2408_combined.png 1
4A\42_2941_combined.png 4B\36_2366_combined.png -1
4A\42_2959_combined.png 4B\36_2376_combined.png -1
4A\42_2941_combined.png 4B\40_2434_representative.png 1
4A\42_2945_combined.png 4B\36_2350_combined.png -1
4A\42_2943_combined.png 4B\40_2406_combined.png 1
4A\42_2933_combined.png 4B\36_2368_combined.png -1
4A\42_2955_combined.png 4B\40_2410_combined.png 1
4A\42_2989_representative.png 4B\36_2374_combined.png -1
4A\42_2981_combined.png 4B\36_2352_combined.png -1
4A\42_2989_combined.png 4B\36_2368_combined.png -1
4A\42_2929_combined.png 4B\36_2346_combined.png -1
4A\40_2883_combined.png 4B\36_2354_combined.png 1
4A\40_2863_combined.png 4B\109_4536_combined.png -1
4A\40_2901_combined.png 4B\109_4562_combined.png -1
4A\40_2873_combined.png 4B\36_2362_combined.png 1
4A\40_2897_combined.png 4B\109_4572_combined.png -1
4A\40_2867_combined.png 4B\36_2354_combined.png 1
4A\40_2895_combined.png 4B\109_4572_combined.png -1
4A\40_2923_combined.png 4B\36_2356_combined.png 1
4A\40_2883_combined.png 4B\109_4556_combined.png -1
4A\40_2899_combined.png 4B\109_4558_combined.png -1
4A\40_2857_combined.png 4B\109_4536_combined.png -1
4A\40_2913_combined.png 4B\109_4552_combined.png -1
4A\116_5607_combined.png 4B\109_4542_combined.png 1
4A\116_5611_combined.png 4B\198_7258_combined.png -1
4A\116_5647_combined.png 4B\198_7256_combined.png -1
4A\116_5657_representative.png 4B\109_4562_combined.png 1
4A\116_5605_combined.png 4B\198_7264_combined.png -1
4A\116_5637_combined.png 4B\109_4568_combined.png 1
4A\116_5627_combined.png 4B\198_7270_combined.png -1
4A\116_5647_combined.png 4B\109_4542_combined.png 1
4A\116_5657_combined.png 4B\198_7264_combined.png -1
4A\116_5603_combined.png 4B\198_7272_combined.png -1
4A\116_5657_combined.png 4B\198_7246_combined.png -1
4A\116_5633_combined.png 4B\198_7254_combined.png -1
4A\207_9063_combined.png 4B\198_7238_representative.png 1
4A\207_9101_combined.png 4B\78_3522_combined.png -1
4A\207_9111_combined.png 4B\78_3518_combined.png -1
4A\207_9095_combined.png 4B\198_7256_combined.png 1
4A\207_9085_combined.png 4B\78_3492_combined.png -1
4A\207_9089_combined.png 4B\198_7252_combined.png 1
4A\207_9063_combined.png 4B\78_3508_combined.png -1
4A\207_9119_combined.png 4B\198_7262_combined.png 1
4A\207_9047_combined.png 4B\78_3494_combined.png -1
4A\207_9043_combined.png 4B\78_3500_combined.png -1
4A\207_9105_combined.png 4B\78_3494_combined.png -1
4A\207_9101_combined.png 4B\78_3516_combined.png -1
4A\80_4317_combined.png 4B\78_3518_combined.png 1
4A\80_4337_combined.png 4B\168_6130_combined.png -1
4A\80_4315_combined.png 4B\168_6154_combined.png -1
4A\80_4343_combined.png 4B\78_3496_combined.png 1
4A\80_4347_representative.png 4B\168_6136_combined.png -1
4A\80_4347_representative.png 4B\78_3488_combined.png 1
4A\80_4299_combined.png 4B\168_6130_combined.png -1
4A\80_4321_combined.png 4B\78_3520_combined.png 1
4A\80_4343_combined.png 4B\168_6142_combined.png -1
4A\80_4329_combined.png 4B\168_6128_combined.png -1
4A\80_4309_combined.png 4B\168_6130_combined.png -1
4A\80_4339_combined.png 4B\168_6130_combined.png -1
4A\177_7653_combined.png 4B\168_6128_combined.png 1
4A\177_7695_combined.png 4B\79_3554_combined.png -1
4A\177_7679_combined.png 4B\79_3570_combined.png -1
4A\177_7659_combined.png 4B\168_6140_combined.png 1
4A\177_7663_combined.png 4B\79_3570_combined.png -1
4A\177_7703_combined.png 4B\168_6132_combined.png 1
4A\177_7699_combined.png 4B\79_3572_combined.png -1
4A\177_7669_combined.png 4B\168_6142_combined.png 1
4A\177_7655_combined.png 4B\79_3586_combined.png -1
4A\177_7685_combined.png 4B\79_3556_combined.png -1
4A\177_7655_combined.png 4B\79_3574_combined.png -1
4A\177_7677_combined.png 4B\79_3568_combined.png -1
4A\84_4379_combined.png 4B\79_3550_combined.png 1
4A\84_4421_combined.png 4B\10_1052_combined.png -1
4A\84_4411_combined.png 4B\10_1038_combined.png -1
4A\84_4413_combined.png 4B\79_3584_combined.png 1
4A\84_4401_combined.png 4B\10_1034_combined.png -1
4A\84_4423_combined.png 4B\79_3584_combined.png 1
4A\84_4413_combined.png 4B\10_1042_combined.png -1
4A\84_4403_combined.png 4B\79_3582_combined.png 1
4A\84_4367_combined.png 4B\10_1046_combined.png -1
4A\84_4431_representative.png 4B\10_1050_combined.png -1
4A\84_4373_combined.png 4B\10_1056_combined.png -1
4A\84_4409_combined.png 4B\10_1054_combined.png -1
4A\11_1301_combined.png 4B\10_1060_combined.png 1
4A\11_1311_combined.png 4B\188_6786_combined.png -1
4A\11_1349_combined.png 4B\188_6780_combined.png -1
4A\11_1277_combined.png 4B\10_1030_combined.png 1
4A\11_1299_combined.png 4B\188_6776_combined.png -1
4A\11_1327_combined.png 4B\10_1056_combined.png 1
4A\11_1349_combined.png 4B\188_6782_combined.png -1
4A\11_1275_combined.png 4B\10_1048_combined.png 1
4A\11_1303_combined.png 4B\188_6780_combined.png -1
4A\11_1281_combined.png 4B\188_6784_combined.png -1
4A\11_1305_combined.png 4B\188_6786_combined.png -1
4A\11_1337_combined.png 4B\188_6784_combined.png -1
4A\196_8411_combined.png 4B\188_6774_combined.png 1
4A\196_8409_combined.png 4B\38_2402_combined.png -1
4A\196_8403_combined.png 4B\38_2382_combined.png -1
4A\196_8403_combined.png 4B\188_6776_combined.png 1
4A\196_8387_combined.png 4B\38_2392_combined.png -1
4A\196_8407_combined.png 4B\188_6790_combined.png 1
4A\196_8411_combined.png 4B\38_2396_combined.png -1
4A\196_8393_combined.png 4B\188_6780_combined.png 1
4A\196_8405_combined.png 4B\38_2392_combined.png -1
4A\196_8387_combined.png 4B\38_2392_combined.png -1
4A\196_8397_combined.png 4B\38_2378_combined.png -1
4A\196_8387_combined.png 4B\38_2388_combined.png -1
4A\44_2943_combined.png 4B\38_2380_representative.png 1
4A\44_2971_combined.png 4B\134_5296_combined.png -1
4A\44_2973_combined.png 4B\134_5298_representative.png -1
4A\44_2993_combined.png 4B\38_2402_combined.png 1
4A\44_3001_combined.png 4B\134_5312_combined.png -1
4A\44_2997_combined.png 4B\38_2390_combined.png 1
4A\44_2929_combined.png 4B\134_5300_combined.png -1
4A\44_2925_combined.png 4B\38_2386_combined.png 1
4A\44_2927_combined.png 4B\134_5298_representative.png -1
4A\44_2947_combined.png 4B\134_5312_combined.png -1
4A\44_2991_combined.png 4B\134_5312_combined.png -1
4A\44_2925_representative.png 4B\134_5316_combined.png -1
4A\134_6665_combined.png 4B\134_5320_combined.png 1
4A\134_6635_combined.png 4B\131_5234_combined.png -1
4A\134_6643_combined.png 4B\131_5254_combined.png -1
4A\134_6635_combined.png 4B\134_5298_representative.png 1
4A\134_6625_combined.png 4B\131_5234_combined.png -1
4A\134_6615_combined.png 4B\134_5328_combined.png 1
4A\134_6657_combined.png 4B\131_5262_combined.png -1
4A\134_6627_combined.png 4B\134_5310_combined.png 1
4A\134_6631_combined.png 4B\131_5256_combined.png -1
4A\134_6633_combined.png 4B\131_5256_combined.png -1
4A\134_6671_combined.png 4B\131_5238_combined.png -1
4A\134_6685_combined.png 4B\131_5234_combined.png -1
4A\132_6471_combined.png 4B\131_5254_combined.png 1
4A\132_6509_combined.png 4B\161_5878_combined.png -1
4A\132_6509_combined.png 4B\161_5874_combined.png -1
4A\132_6525_combined.png 4B\131_5258_combined.png 1
4A\132_6497_combined.png 4B\161_5904_combined.png -1
4A\132_6469_combined.png 4B\131_5254_combined.png 1
4A\132_6467_combined.png 4B\161_5888_combined.png -1
4A\132_6535_combined.png 4B\131_5262_combined.png 1
4A\132_6475_combined.png 4B\161_5914_combined.png -1
4A\132_6475_combined.png 4B\161_5916_combined.png -1
4A\132_6467_combined.png 4B\161_5890_combined.png -1
4A\132_6487_combined.png 4B\161_5880_combined.png -1
4A\169_7365_combined.png 4B\161_5882_combined.png 1
4A\169_7335_combined.png 4B\95_4080_combined.png -1
4A\169_7389_combined.png 4B\95_4092_combined.png -1
4A\169_7357_combined.png 4B\161_5920_combined.png 1
4A\169_7337_combined.png 4B\95_4090_combined.png -1
4A\169_7381_combined.png 4B\161_5868_combined.png 1
4A\169_7333_combined.png 4B\95_4094_combined.png -1
4A\169_7339_combined.png 4B\161_5914_combined.png 1
4A\169_7359_combined.png 4B\95_4078_combined.png -1
4A\169_7379_combined.png 4B\95_4088_combined.png -1
4A\169_7379_combined.png 4B\95_4080_combined.png -1
4A\169_7379_combined.png 4B\95_4084_combined.png -1
4A\101_5031_combined.png 4B\95_4086_combined.png 1
4A\101_5035_combined.png 4B\122_4898_combined.png -1
4A\101_5033_combined.png 4B\122_4902_combined.png -1
4A\101_5033_combined.png 4B\95_4084_combined.png 1
4A\101_5021_combined.png 4B\122_4878_representative.png -1
4A\101_5045_representative.png 4B\95_4094_representative.png 1
4A\101_5033_combined.png 4B\122_4886_combined.png -1
4A\101_5037_combined.png 4B\95_4076_combined.png 1
4A\101_5045_combined.png 4B\122_4878_representative.png -1
4A\101_5035_combined.png 4B\122_4898_combined.png -1
4A\101_5035_combined.png 4B\122_4890_combined.png -1
4A\101_5023_combined.png 4B\122_4886_combined.png -1
4A\127_6143_combined.png 4B\122_4918_combined.png 1
4A\127_6127_combined.png 4B\20_1758_combined.png -1
4A\127_6101_representative.png 4B\20_1752_combined.png -1
4A\127_6145_combined.png 4B\122_4888_combined.png 1
4A\127_6105_combined.png 4B\20_1758_combined.png -1
4A\127_6147_combined.png 4B\122_4922_combined.png 1
4A\127_6139_combined.png 4B\20_1736_combined.png -1
4A\127_6125_combined.png 4B\122_4878_representative.png 1
4A\127_6135_combined.png 4B\20_1732_combined.png -1
4A\127_6133_combined.png 4B\20_1728_combined.png -1
4A\127_6153_combined.png 4B\20_1752_combined.png -1
4A\127_6121_combined.png 4B\20_1736_combined.png -1
4A\18_2125_combined.png 4B\20_1736_combined.png 1
4A\18_2137_combined.png 4B\94_4064_combined.png -1
4A\18_2189_combined.png 4B\94_4078_combined.png -1
4A\18_2141_combined.png 4B\20_1734_combined.png 1
4A\18_2155_combined.png 4B\94_4072_combined.png -1
4A\18_2131_combined.png 4B\20_1744_combined.png 1
4A\18_2127_combined.png 4B\94_4058_combined.png -1
4A\18_2127_combined.png 4B\20_1746_combined.png 1
4A\18_2135_combined.png 4B\94_4078_combined.png -1
4A\18_2133_combined.png 4B\94_4054_representative.png -1
4A\18_2185_combined.png 4B\94_4066_combined.png -1
4A\18_2169_combined.png 4B\94_4080_combined.png -1
4A\102_5121_combined.png 4B\94_4072_combined.png 1
4A\102_5057_combined.png 4B\155_5794_combined.png -1
4A\102_5113_combined.png 4B\155_5772_combined.png -1
4A\102_5053_combined.png 4B\94_4054_combined.png 1
4A\102_5105_combined.png 4B\155_5778_combined.png -1
4A\102_5053_combined.png 4B\94_4070_combined.png 1
4A\102_5083_combined.png 4B\155_5794_combined.png -1
4A\102_5095_combined.png 4B\94_4054_representative.png 1
4A\102_5063_combined.png 4B\155_5778_combined.png -1
4A\102_5113_combined.png 4B\155_5772_combined.png -1
4A\102_5095_combined.png 4B\155_5804_combined.png -1
4A\102_5061_combined.png 4B\155_5774_combined.png -1
4A\157_7189_combined.png 4B\155_5774_combined.png 1
4A\157_7217_representative.png 4B\30_2068_combined.png -1
4A\157_7211_combined.png 4B\30_2066_combined.png -1
4A\157_7179_combined.png 4B\155_5802_combined.png 1
4A\157_7215_combined.png 4B\30_2060_combined.png -1
4A\157_7215_combined.png 4B\155_5764_combined.png 1
4A\157_7183_combined.png 4B\30_2060_combined.png -1
4A\157_7215_combined.png 4B\155_5802_combined.png 1
4A\157_7207_combined.png 4B\30_2058_combined.png -1
4A\157_7211_combined.png 4B\30_2068_combined.png -1
4A\157_7193_combined.png 4B\30_2082_combined.png -1
4A\157_7185_combined.png 4B\30_2056_combined.png -1
4A\30_2621_combined.png 4B\30_2074_combined.png 1
4A\30_2583_combined.png 4B\102_4356_combined.png -1
4A\30_2607_combined.png 4B\102_4350_combined.png -1
4A\30_2559_combined.png 4B\30_2064_combined.png 1
4A\30_2579_combined.png 4B\102_4376_combined.png -1
4A\30_2603_combined.png 4B\30_2074_combined.png 1
4A\30_2555_combined.png 4B\102_4360_combined.png -1
4A\30_2615_combined.png 4B\30_2078_combined.png 1
4A\30_2587_combined.png 4B\102_4348_combined.png -1
4A\30_2575_combined.png 4B\102_4362_combined.png -1
4A\30_2573_combined.png 4B\102_4362_combined.png -1
4A\30_2599_combined.png 4B\102_4352_combined.png -1
4A\108_5383_combined.png 4B\102_4350_combined.png 1
4A\108_5387_combined.png 4B\84_3700_representative.png -1
4A\108_5363_combined.png 4B\84_3688_combined.png -1
4A\108_5367_combined.png 4B\102_4382_representative.png 1
4A\108_5359_combined.png 4B\84_3698_combined.png -1
4A\108_5375_combined.png 4B\102_4378_combined.png 1
4A\108_5401_combined.png 4B\84_3686_combined.png -1
4A\108_5369_combined.png 4B\102_4378_combined.png 1
4A\108_5385_combined.png 4B\84_3688_combined.png -1
4A\108_5387_combined.png 4B\84_3700_representative.png -1
4A\108_5371_combined.png 4B\84_3700_representative.png -1
4A\108_5385_combined.png 4B\84_3696_combined.png -1
4A\89_4529_combined.png 4B\84_3700_representative.png 1
4A\89_4537_combined.png 4B\15_1490_combined.png -1
4A\89_4527_combined.png 4B\15_1520_combined.png -1
4A\89_4527_combined.png 4B\84_3700_representative.png 1
4A\89_4539_combined.png 4B\15_1514_combined.png -1
4A\89_4547_combined.png 4B\84_3684_combined.png 1
4A\89_4553_representative.png 4B\15_1500_combined.png -1
4A\89_4551_combined.png 4B\84_3698_combined.png 1
4A\89_4549_combined.png 4B\15_1520_combined.png -1
4A\89_4543_combined.png 4B\15_1522_combined.png -1
4A\89_4551_combined.png 4B\15_1510_combined.png -1
4A\89_4543_combined.png 4B\15_1492_combined.png -1
4A\15_1835_combined.png 4B\15_1492_combined.png 1
4A\15_1855_combined.png 4B\46_2580_combined.png -1
4A\15_1791_combined.png 4B\46_2568_combined.png -1
4A\15_1827_combined.png 4B\15_1512_combined.png 1
4A\15_1815_combined.png 4B\46_2564_combined.png -1
4A\15_1815_combined.png 4B\15_1504_combined.png 1
4A\15_1809_combined.png 4B\46_2570_combined.png -1
4A\15_1851_combined.png 4B\15_1504_combined.png 1
4A\15_1803_combined.png 4B\46_2572_combined.png -1
4A\15_1837_combined.png 4B\46_2584_combined.png -1
4A\15_1789_combined.png 4B\46_2586_combined.png -1
4A\15_1813_combined.png 4B\46_2580_combined.png -1
4A\52_3253_combined.png 4B\46_2588_combined.png 1
4A\52_3239_combined.png 4B\37_2410_combined.png -1
4A\52_3191_combined.png 4B\37_2380_combined.png -1
4A\52_3201_combined.png 4B\46_2574_combined.png 1
4A\52_3199_combined.png 4B\37_2384_combined.png -1
4A\52_3197_combined.png 4B\46_2560_combined.png 1
4A\52_3249_combined.png 4B\37_2410_combined.png -1
4A\52_3193_combined.png 4B\46_2572_combined.png 1
4A\52_3259_combined.png 4B\37_2410_combined.png -1
4A\52_3239_combined.png 4B\37_2376_combined.png -1
4A\52_3239_combined.png 4B\37_2382_combined.png -1
4A\52_3255_combined.png 4B\37_2374_combined.png -1
4A\45_3023_combined.png 4B\37_2402_combined.png 1
4A\45_3035_combined.png 4B\27_2014_combined.png -1
4A\45_2995_combined.png 4B\27_2026_combined.png -1
4A\45_2965_combined.png 4B\37_2412_combined.png 1
4A\45_3035_combined.png 4B\27_2016_combined.png -1
4A\45_3027_combined.png 4B\37_2396_combined.png 1
4A\45_3021_combined.png 4B\27_2010_combined.png -1
4A\45_3021_combined.png 4B\37_2404_combined.png 1
4A\45_2977_combined.png 4B\27_2022_combined.png -1
4A\45_2975_combined.png 4B\27_2016_combined.png -1
4A\45_2997_combined.png 4B\27_2014_combined.png -1
4A\45_3033_combined.png 4B\27_2014_combined.png -1
4A\27_2417_combined.png 4B\27_2028_representative.png 1
4A\27_2465_combined.png 4B\99_4208_combined.png -1
4A\27_2407_combined.png 4B\99_4212_combined.png -1
4A\27_2439_combined.png 4B\27_2022_combined.png 1
4A\27_2441_combined.png 4B\99_4198_combined.png -1
4A\27_2443_combined.png 4B\27_2016_combined.png 1
4A\27_2447_combined.png 4B\99_4218_combined.png -1
4A\27_2465_combined.png 4B\27_2018_combined.png 1
4A\27_2433_combined.png 4B\99_4192_combined.png -1
4A\27_2407_combined.png 4B\99_4192_combined.png -1
4A\27_2431_combined.png 4B\99_4224_combined.png -1
4A\27_2461_combined.png 4B\99_4224_representative.png -1
4A\105_5201_combined.png 4B\99_4220_combined.png 1
4A\105_5183_combined.png 4B\58_3072_combined.png -1
4A\105_5229_combined.png 4B\58_3046_combined.png -1
4A\105_5225_combined.png 4B\99_4198_combined.png 1
4A\105_5189_combined.png 4B\58_3046_combined.png -1
4A\105_5183_combined.png 4B\99_4200_combined.png 1
4A\105_5169_combined.png 4B\58_3074_combined.png -1
4A\105_5229_representative.png 4B\99_4224_combined.png 1
4A\105_5175_combined.png 4B\58_3078_combined.png -1
4A\105_5189_combined.png 4B\58_3084_combined.png -1
4A\105_5187_combined.png 4B\58_3050_combined.png -1
4A\105_5209_combined.png 4B\58_3090_combined.png -1
4A\63_3793_combined.png 4B\58_3090_combined.png 1
4A\63_3745_combined.png 4B\98_4164_combined.png -1
4A\63_3749_combined.png 4B\98_4188_representative.png -1
4A\63_3775_combined.png 4B\58_3076_combined.png 1
4A\63_3725_combined.png 4B\98_4164_combined.png -1
4A\63_3755_combined.png 4B\58_3058_combined.png 1
4A\63_3735_combined.png 4B\98_4166_combined.png -1
4A\63_3809_representative.png 4B\58_3090_combined.png 1
4A\63_3785_combined.png 4B\98_4168_combined.png -1
4A\63_3739_combined.png 4B\98_4160_combined.png -1
4A\63_3749_combined.png 4B\98_4152_combined.png -1
4A\63_3745_combined.png 4B\98_4162_combined.png -1
4A\104_5147_combined.png 4B\98_4162_combined.png 1
4A\104_5159_combined.png 4B\22_1796_combined.png -1
4A\104_5141_combined.png 4B\22_1802_combined.png -1
4A\104_5181_combined.png 4B\98_4168_combined.png 1
4A\104_5147_combined.png 4B\22_1804_combined.png -1
4A\104_5185_representative.png 4B\98_4188_representative.png 1
4A\104_5159_combined.png 4B\22_1794_combined.png -1
4A\104_5161_combined.png 4B\98_4182_combined.png 1
4A\104_5125_combined.png 4B\22_1816_combined.png -1
4A\104_5113_combined.png 4B\22_1804_combined.png -1
4A\104_5163_combined.png 4B\22_1820_combined.png -1
4A\104_5157_combined.png 4B\22_1798_combined.png -1
4A\24_2245_combined.png 4B\22_1812_combined.png 1
4A\24_2275_combined.png 4B\107_4414_combined.png -1
4A\24_2293_combined.png 4B\107_4422_combined.png -1
4A\24_2275_combined.png 4B\22_1802_combined.png 1
4A\24_2281_combined.png 4B\107_4434_representative.png -1
4A\24_2285_combined.png 4B\22_1820_combined.png 1
4A\24_2293_combined.png 4B\107_4414_combined.png -1
4A\24_2281_combined.png 4B\22_1798_combined.png 1
4A\24_2239_combined.png 4B\107_4430_combined.png -1
4A\24_2245_combined.png 4B\107_4402_combined.png -1
4A\24_2289_combined.png 4B\107_4432_combined.png -1
4A\24_2235_combined.png 4B\107_4416_combined.png -1
4A\111_5463_combined.png 4B\107_4402_combined.png 1
4A\111_5453_combined.png 4B\130_5138_combined.png -1
4A\111_5431_combined.png 4B\130_5146_combined.png -1
4A\111_5461_combined.png 4B\107_4428_combined.png 1
4A\111_5471_combined.png 4B\130_5142_combined.png -1
4A\111_5457_combined.png 4B\107_4418_combined.png 1
4A\111_5431_combined.png 4B\130_5156_combined.png -1
4A\111_5467_combined.png 4B\107_4426_combined.png 1
4A\111_5485_combined.png 4B\130_5172_combined.png -1
4A\111_5441_combined.png 4B\130_5168_combined.png -1
4A\111_5461_combined.png 4B\130_5154_combined.png -1
4A\111_5489_combined.png 4B\130_5170_combined.png -1
4A\131_6463_combined.png 4B\130_5158_combined.png 1
4A\131_6471_combined.png 4B\69_3444_combined.png -1
4A\131_6405_combined.png 4B\69_3450_combined.png -1
4A\131_6445_combined.png 4B\130_5150_combined.png 1
4A\131_6463_combined.png 4B\69_3440_combined.png -1
4A\131_6423_combined.png 4B\130_5144_combined.png 1
4A\131_6439_combined.png 4B\69_3430_combined.png -1
4A\131_6417_combined.png 4B\130_5144_combined.png 1
4A\131_6457_combined.png 4B\69_3428_combined.png -1
4A\131_6451_combined.png 4B\69_3456_representative.png -1
4A\131_6475_representative.png 4B\69_3456_combined.png -1
4A\131_6439_combined.png 4B\69_3448_combined.png -1
4A\72_4229_combined.png 4B\69_3438_combined.png 1
4A\72_4269_combined.png 4B\176_6510_combined.png -1
4A\72_4203_combined.png 4B\176_6498_combined.png -1
4A\72_4261_combined.png 4B\69_3448_combined.png 1
4A\72_4267_combined.png 4B\176_6500_combined.png -1
4A\72_4235_combined.png 4B\69_3436_combined.png 1
4A\72_4269_representative.png 4B\176_6480_combined.png -1
4A\72_4259_combined.png 4B\69_3420_combined.png 1
4A\72_4265_combined.png 4B\176_6476_combined.png -1
4A\72_4265_combined.png 4B\176_6512_combined.png -1
4A\72_4223_combined.png 4B\176_6508_combined.png -1
4A\72_4267_combined.png 4B\176_6516_combined.png -1
4A\182_8023_combined.png 4B\176_6492_combined.png 1
4A\182_8051_combined.png 4B\197_7244_combined.png -1
4A\182_8047_combined.png 4B\197_7270_combined.png -1
4A\182_8055_combined.png 4B\176_6500_combined.png 1
4A\182_8087_combined.png 4B\197_7254_combined.png -1
4A\182_8087_combined.png 4B\176_6482_combined.png 1
4A\182_8089_combined.png 4B\197_7242_combined.png -1
4A\182_8081_combined.png 4B\176_6514_combined.png 1
4A\182_8059_combined.png 4B\197_7250_combined.png -1
4A\182_8035_combined.png 4B\197_7222_combined.png -1
4A\182_8057_combined.png 4B\197_7238_combined.png -1
4A\182_8091_representative.png 4B\197_7210_combined.png -1
4A\206_9047_combined.png 4B\197_7236_combined.png 1
4A\206_9073_combined.png 4B\55_2986_combined.png -1
4A\206_9005_combined.png 4B\55_3000_combined.png -1
4A\206_9005_combined.png 4B\197_7212_combined.png 1
4A\206_9041_combined.png 4B\55_2990_combined.png -1
4A\206_9065_combined.png 4B\197_7252_combined.png 1
4A\206_9071_combined.png 4B\55_3010_combined.png -1
4A\206_9067_combined.png 4B\197_7240_combined.png 1
4A\206_9003_combined.png 4B\55_3008_combined.png -1
4A\206_9055_combined.png 4B\55_3030_combined.png -1
4A\206_9069_combined.png 4B\55_2996_combined.png -1
4A\206_9085_combined.png 4B\55_2998_combined.png -1
4A\59_3711_combined.png 4B\55_2980_combined.png 1
4A\59_3679_combined.png 4B\87_3756_combined.png -1
4A\59_3723_representative.png 4B\87_3792_combined.png -1
4A\59_3677_combined.png 4B\55_2982_combined.png 1
4A\59_3717_combined.png 4B\87_3764_combined.png -1
4A\59_3623_combined.png 4B\55_3020_combined.png 1
4A\59_3663_combined.png 4B\87_3760_combined.png -1
4A\59_3663_combined.png 4B\55_3004_combined.png 1
4A\59_3671_combined.png 4B\87_3768_combined.png -1
4A\59_3687_combined.png 4B\87_3790_combined.png -1
4A\59_3629_combined.png 4B\87_3760_combined.png -1
4A\59_3637_combined.png 4B\87_3748_combined.png -1
4A\95_4681_combined.png 4B\87_3792_combined.png 1
4A\95_4741_combined.png 4B\165_6058_combined.png -1
4A\95_4707_combined.png 4B\165_6058_combined.png -1
4A\95_4715_combined.png 4B\87_3758_combined.png 1
4A\95_4727_combined.png 4B\165_6052_combined.png -1
4A\95_4671_combined.png 4B\87_3764_combined.png 1
4A\95_4729_combined.png 4B\165_6060_combined.png -1
4A\95_4729_combined.png 4B\87_3752_combined.png 1
4A\95_4709_combined.png 4B\165_6050_combined.png -1
4A\95_4693_combined.png 4B\165_6048_combined.png -1
4A\95_4711_combined.png 4B\165_6062_combined.png -1
4A\95_4725_combined.png 4B\165_6036_combined.png -1
4A\174_7463_combined.png 4B\165_6044_combined.png 1
4A\174_7527_combined.png 4B\182_6716_combined.png -1
4A\174_7509_combined.png 4B\182_6706_representative.png -1
4A\174_7495_combined.png 4B\165_6030_combined.png 1
4A\174_7491_combined.png 4B\182_6728_combined.png -1
4A\174_7455_combined.png 4B\165_6032_combined.png 1
4A\174_7497_combined.png 4B\182_6712_combined.png -1
4A\174_7527_combined.png 4B\165_6054_combined.png 1
4A\174_7497_combined.png 4B\182_6720_combined.png -1
4A\174_7461_combined.png 4B\182_6710_combined.png -1
4A\174_7483_combined.png 4B\182_6712_combined.png -1
4A\174_7521_combined.png 4B\182_6718_combined.png -1
4A\195_8391_combined.png 4B\182_6716_combined.png 1
4A\195_8435_combined.png 4B\179_6644_combined.png -1
4A\195_8427_combined.png 4B\179_6660_combined.png -1
4A\195_8387_representative.png 4B\182_6720_combined.png 1
4A\195_8385_combined.png 4B\179_6662_combined.png -1
4A\195_8387_combined.png 4B\182_6708_combined.png 1
4A\195_8423_combined.png 4B\179_6664_combined.png -1
4A\195_8401_combined.png 4B\182_6706_combined.png 1
4A\195_8431_combined.png 4B\179_6668_combined.png -1
4A\195_8393_combined.png 4B\179_6648_combined.png -1
4A\195_8437_combined.png 4B\179_6666_combined.png -1
4A\195_8391_combined.png 4B\179_6642_combined.png -1
4A\187_8305_combined.png 4B\179_6662_combined.png 1
4A\187_8349_combined.png 4B\163_6030_combined.png -1
4A\187_8323_combined.png 4B\163_6000_combined.png -1
4A\187_8359_combined.png 4B\179_6642_combined.png 1
4A\187_8317_combined.png 4B\163_6000_combined.png -1
4A\187_8315_combined.png 4B\179_6654_combined.png 1
4A\187_8325_combined.png 4B\163_6016_combined.png -1
4A\187_8333_combined.png 4B\179_6666_combined.png 1
4A\187_8349_combined.png 4B\163_6016_combined.png -1
4A\187_8339_combined.png 4B\163_6022_combined.png -1
4A\187_8303_combined.png 4B\163_6004_combined.png -1
4A\187_8351_combined.png 4B\163_6014_combined.png -1
4A\175_7497_combined.png 4B\163_5998_combined.png 1
4A\175_7555_combined.png 4B\19_1622_combined.png -1
4A\175_7513_combined.png 4B\19_1646_combined.png -1
4A\175_7497_combined.png 4B\163_6020_combined.png 1
4A\175_7563_representative.png 4B\19_1622_combined.png -1
4A\175_7489_combined.png 4B\163_6018_combined.png 1
4A\175_7541_combined.png 4B\19_1620_combined.png -1
4A\175_7551_combined.png 4B\163_6012_combined.png 1
4A\175_7499_combined.png 4B\19_1628_combined.png -1
4A\175_7517_combined.png 4B\19_1630_combined.png -1
4A\175_7531_combined.png 4B\19_1642_combined.png -1
4A\175_7561_combined.png 4B\19_1618_combined.png -1
4A\17_1955_combined.png 4B\19_1624_combined.png 1
4A\17_1989_combined.png 4B\54_2964_combined.png -1
4A\17_2017_combined.png 4B\54_2972_combined.png -1
4A\17_1971_combined.png 4B\19_1634_combined.png 1
4A\17_1995_combined.png 4B\54_2980_combined.png -1
4A\17_1965_combined.png 4B\19_1620_combined.png 1
4A\17_1953_combined.png 4B\54_2986_combined.png -1
4A\17_2017_representative.png 4B\19_1620_combined.png 1
4A\17_2017_combined.png 4B\54_2970_combined.png -1
4A\17_2007_combined.png 4B\54_2972_combined.png -1
4A\17_1953_combined.png 4B\54_2972_combined.png -1
4A\17_2001_combined.png 4B\54_2992_combined.png -1
4A\61_3697_combined.png 4B\54_2968_combined.png 1
4A\61_3735_combined.png 4B\154_5760_combined.png -1
4A\61_3701_combined.png 4B\154_5750_combined.png -1
4A\61_3753_combined.png 4B\54_2978_combined.png 1
4A\61_3719_combined.png 4B\154_5748_combined.png -1
4A\61_3691_combined.png 4B\54_2966_representative.png 1
4A\61_3695_combined.png 4B\154_5766_combined.png -1
4A\61_3719_combined.png 4B\54_2992_combined.png 1
4A\61_3731_combined.png 4B\154_5752_combined.png -1
4A\61_3751_combined.png 4B\154_5800_combined.png -1
4A\61_3729_combined.png 4B\154_5772_combined.png -1
4A\61_3697_combined.png 4B\154_5780_combined.png -1
4A\159_7197_combined.png 4B\154_5756_combined.png 1
4A\159_7199_combined.png 4B\52_2918_combined.png -1
4A\159_7195_combined.png 4B\52_2918_combined.png -1
4A\159_7249_combined.png 4B\154_5750_combined.png 1
4A\159_7217_combined.png 4B\52_2936_combined.png -1
4A\159_7213_combined.png 4B\154_5778_combined.png 1
4A\159_7225_combined.png 4B\52_2932_combined.png -1
4A\159_7187_combined.png 4B\154_5774_combined.png 1
4A\159_7209_combined.png 4B\52_2924_combined.png -1
4A\159_7195_combined.png 4B\52_2908_combined.png -1
4A\159_7223_combined.png 4B\52_2912_combined.png -1
4A\159_7217_combined.png 4B\52_2914_combined.png -1
4A\58_3643_combined.png 4B\52_2926_combined.png 1
4A\58_3623_combined.png 4B\172_6334_combined.png -1
4A\58_3623_combined.png 4B\172_6358_combined.png -1
4A\58_3669_combined.png 4B\52_2924_combined.png 1
4A\58_3653_combined.png 4B\172_6336_combined.png -1
4A\58_3671_combined.png 4B\52_2936_combined.png 1
4A\58_3675_combined.png 4B\172_6342_combined.png -1
4A\58_3681_combined.png 4B\52_2934_combined.png 1
4A\58_3685_combined.png 4B\172_6338_combined.png -1
4A\58_3675_combined.png 4B\172_6356_combined.png -1
4A\58_3617_combined.png 4B\172_6336_representative.png -1
4A\58_3627_combined.png 4B\172_6336_combined.png -1
4A\179_7943_combined.png 4B\172_6360_combined.png 1
4A\179_7939_combined.png 4B\206_7586_combined.png -1
4A\179_7937_combined.png 4B\206_7560_combined.png -1
4A\179_7959_combined.png 4B\172_6338_combined.png 1
4A\179_7937_combined.png 4B\206_7592_representative.png -1
4A\179_7961_combined.png 4B\172_6340_combined.png 1
4A\179_7909_combined.png 4B\206_7556_combined.png -1
4A\179_7951_combined.png 4B\172_6346_combined.png 1
4A\179_7925_combined.png 4B\206_7592_representative.png -1
4A\179_7955_combined.png 4B\206_7586_combined.png -1
4A\179_7973_representative.png 4B\206_7592_combined.png -1
4A\179_7921_combined.png 4B\206_7586_combined.png -1
4A\214_9421_combined.png 4B\206_7566_combined.png 1
4A\214_9375_combined.png 4B\9_1014_combined.png -1
4A\214_9403_combined.png 4B\9_1016_combined.png -1
4A\214_9383_combined.png 4B\206_7592_representative.png 1
4A\214_9387_combined.png 4B\9_1024_combined.png -1
4A\214_9405_combined.png 4B\206_7562_combined.png 1
4A\214_9373_combined.png 4B\9_1032_combined.png -1
4A\214_9385_combined.png 4B\206_7560_combined.png 1
4A\214_9395_combined.png 4B\9_1018_combined.png -1
4A\214_9427_combined.png 4B\9_1022_combined.png -1
4A\214_9401_combined.png 4B\9_1016_combined.png -1
4A\214_9375_combined.png 4B\9_1040_combined.png -1
4A\10_1299_combined.png 4B\9_1012_combined.png 1
4A\10_1255_combined.png 4B\100_4246_combined.png -1
4A\10_1311_combined.png 4B\100_4272_combined.png -1
4A\10_1273_combined.png 4B\9_1038_combined.png 1
4A\10_1305_combined.png 4B\100_4254_combined.png -1
4A\10_1267_combined.png 4B\9_1036_combined.png 1
4A\10_1289_combined.png 4B\100_4248_combined.png -1
4A\10_1301_combined.png 4B\9_1048_combined.png 1
4A\10_1269_combined.png 4B\100_4244_combined.png -1
4A\10_1309_combined.png 4B\100_4256_combined.png -1
4A\10_1301_combined.png 4B\100_4278_combined.png -1
4A\10_1297_combined.png 4B\100_4266_combined.png -1
4A\106_5305_combined.png 4B\100_4254_combined.png 1
4A\106_5367_combined.png 4B\47_2652_combined.png -1
4A\106_5333_combined.png 4B\47_2638_combined.png -1
4A\106_5315_combined.png 4B\100_4278_combined.png 1
4A\106_5367_representative.png 4B\47_2642_combined.png -1
4A\106_5367_combined.png 4B\100_4250_combined.png 1
4A\106_5331_combined.png 4B\47_2638_combined.png -1
4A\106_5363_combined.png 4B\100_4246_representative.png 1
4A\106_5361_combined.png 4B\47_2644_combined.png -1
4A\106_5335_combined.png 4B\47_2656_combined.png -1
4A\106_5367_representative.png 4B\47_2662_combined.png -1
4A\106_5337_combined.png 4B\47_2644_combined.png -1
4A\53_3309_combined.png 4B\47_2648_combined.png 1
4A\53_3317_combined.png 4B\41_2428_combined.png -1
4A\53_3307_combined.png 4B\41_2438_combined.png -1
4A\53_3317_combined.png 4B\47_2658_combined.png 1
4A\53_3303_combined.png 4B\41_2448_combined.png -1
4A\53_3323_combined.png 4B\47_2638_combined.png 1
4A\53_3329_combined.png 4B\41_2436_combined.png -1
4A\53_3327_combined.png 4B\47_2658_combined.png 1
4A\53_3323_combined.png 4B\41_2430_combined.png -1
4A\53_3305_combined.png 4B\41_2432_combined.png -1
4A\53_3343_combined.png 4B\41_2430_combined.png -1
4A\53_3331_combined.png 4B\41_2444_combined.png -1
4A\48_3053_combined.png 4B\41_2422_combined.png 1
4A\48_3011_combined.png 4B\2_804_combined.png -1
4A\48_3061_combined.png 4B\2_810_combined.png -1
4A\48_3083_combined.png 4B\41_2420_combined.png 1
4A\48_3043_combined.png 4B\2_814_combined.png -1
4A\48_3081_combined.png 4B\41_2428_combined.png 1
4A\48_3065_combined.png 4B\2_820_combined.png -1
4A\48_3055_combined.png 4B\41_2414_combined.png 1
4A\48_3049_combined.png 4B\2_812_combined.png -1
4A\48_3063_combined.png 4B\2_808_combined.png -1
4A\48_3083_combined.png 4B\2_822_combined.png -1
4A\48_3071_combined.png 4B\2_808_combined.png -1
4A\4_957_combined.png 4B\2_820_combined.png 1
4A\4_901_combined.png 4B\106_4390_combined.png -1
4A\4_955_combined.png 4B\106_4386_combined.png -1
4A\4_929_combined.png 4B\2_806_combined.png 1
4A\4_959_combined.png 4B\106_4400_combined.png -1
4A\4_977_combined.png 4B\2_816_combined.png 1
4A\4_935_combined.png 4B\106_4406_combined.png -1
4A\4_975_combined.png 4B\2_800_combined.png 1
4A\4_927_combined.png 4B\106_4388_combined.png -1
4A\4_971_combined.png 4B\106_4392_combined.png -1
4A\4_901_combined.png 4B\106_4372_representative.png -1
4A\4_939_combined.png 4B\106_4374_combined.png -1
4A\112_5463_combined.png 4B\106_4402_combined.png 1
4A\112_5515_combined.png 4B\193_6926_representative.png -1
4A\112_5449_combined.png 4B\193_6928_combined.png -1
4A\112_5503_combined.png 4B\106_4370_combined.png 1
4A\112_5515_combined.png 4B\193_6948_combined.png -1
4A\112_5499_combined.png 4B\106_4374_combined.png 1
4A\112_5497_combined.png 4B\193_6934_combined.png -1
4A\112_5501_combined.png 4B\106_4388_combined.png 1
4A\112_5493_combined.png 4B\193_6928_combined.png -1
4A\112_5451_combined.png 4B\193_6936_combined.png -1
4A\112_5455_combined.png 4B\193_6926_combined.png -1
4A\112_5481_combined.png 4B\193_6944_combined.png -1
4A\201_8663_combined.png 4B\193_6926_representative.png 1
4A\201_8693_combined.png 4B\62_3330_combined.png -1
4A\201_8649_combined.png 4B\62_3302_combined.png -1
4A\201_8701_combined.png 4B\193_6940_combined.png 1
4A\201_8719_combined.png 4B\62_3310_combined.png -1
4A\201_8689_combined.png 4B\193_6962_combined.png 1
4A\201_8681_combined.png 4B\62_3338_representative.png -1
4A\201_8683_combined.png 4B\193_6926_representative.png 1
4A\201_8659_combined.png 4B\62_3338_combined.png -1
4A\201_8665_combined.png 4B\62_3332_combined.png -1
4A\201_8711_combined.png 4B\62_3336_combined.png -1
4A\201_8657_combined.png 4B\62_3314_combined.png -1
4A\68_4109_combined.png 4B\62_3316_combined.png 1
4A\68_4063_combined.png 4B\164_6028_combined.png -1
4A\68_4087_combined.png 4B\164_6042_representative.png -1
4A\68_4053_combined.png 4B\62_3304_combined.png 1
4A\68_4077_combined.png 4B\164_6006_combined.png -1
4A\68_4057_combined.png 4B\62_3330_combined.png 1
4A\68_4047_combined.png 4B\164_6030_combined.png -1
4A\68_4083_combined.png 4B\62_3314_combined.png 1
4A\68_4107_combined.png 4B\164_6024_combined.png -1
4A\68_4097_combined.png 4B\164_6032_combined.png -1
4A\68_4065_combined.png 4B\164_6042_combined.png -1
4A\68_4111_combined.png 4B\164_6028_combined.png -1
4A\172_7497_combined.png 4B\164_6008_combined.png 1
4A\172_7495_combined.png 4B\90_3934_combined.png -1
4A\172_7473_combined.png 4B\90_3914_combined.png -1
4A\172_7459_combined.png 4B\164_6038_combined.png 1
4A\172_7449_combined.png 4B\90_3914_combined.png -1
4A\172_7459_combined.png 4B\164_6030_combined.png 1
4A\172_7479_combined.png 4B\90_3948_combined.png -1
4A\172_7439_combined.png 4B\164_6040_combined.png 1
4A\172_7449_combined.png 4B\90_3932_combined.png -1
4A\172_7479_combined.png 4B\90_3912_combined.png -1
4A\172_7465_combined.png 4B\90_3944_combined.png -1
4A\172_7475_combined.png 4B\90_3956_combined.png -1
4A\96_4881_combined.png 4B\90_3958_combined.png 1
4A\96_4893_representative.png 4B\6_976_combined.png -1
4A\96_4817_combined.png 4B\6_968_combined.png -1
4A\96_4871_combined.png 4B\90_3948_combined.png 1
4A\96_4817_combined.png 4B\6_946_combined.png -1
4A\96_4815_combined.png 4B\90_3920_combined.png 1
4A\96_4867_combined.png 4B\6_970_combined.png -1
4A\96_4841_combined.png 4B\90_3950_combined.png 1
4A\96_4857_combined.png 4B\6_978_combined.png -1
4A\96_4865_combined.png 4B\6_976_combined.png -1
4A\96_4823_combined.png 4B\6_978_combined.png -1
4A\96_4841_combined.png 4B\6_950_combined.png -1
4A\8_1115_combined.png 4B\6_942_combined.png 1
4A\8_1123_combined.png 4B\119_4730_combined.png -1
4A\8_1119_combined.png 4B\119_4734_representative.png -1
4A\8_1119_combined.png 4B\6_950_combined.png 1
4A\8_1173_combined.png 4B\119_4734_combined.png -1
4A\8_1155_combined.png 4B\6_962_combined.png 1
4A\8_1171_combined.png 4B\119_4714_combined.png -1
4A\8_1133_combined.png 4B\6_942_combined.png 1
4A\8_1145_combined.png 4B\119_4704_combined.png -1
4A\8_1123_combined.png 4B\119_4728_combined.png -1
4A\8_1159_combined.png 4B\119_4720_combined.png -1
4A\8_1139_combined.png 4B\119_4724_combined.png -1
4A\122_5929_representative.png 4B\119_4730_combined.png 1
4A\122_5895_combined.png 4B\120_4850_combined.png -1
4A\122_5873_combined.png 4B\120_4840_combined.png -1
4A\122_5897_combined.png 4B\119_4708_combined.png 1
4A\122_5905_combined.png 4B\120_4830_combined.png -1
4A\122_5909_combined.png 4B\119_4702_combined.png 1
4A\122_5879_combined.png 4B\120_4828_combined.png -1
4A\122_5915_combined.png 4B\119_4696_combined.png 1
4A\122_5897_combined.png 4B\120_4838_combined.png -1
4A\122_5929_representative.png 4B\120_4850_combined.png -1
4A\122_5923_combined.png 4B\120_4852_combined.png -1
4A\122_5905_combined.png 4B\120_4842_combined.png -1
4A\123_6097_combined.png 4B\120_4846_combined.png 1
4A\123_6031_combined.png 4B\162_5950_combined.png -1
4A\123_6025_combined.png 4B\162_5958_combined.png -1
4A\123_6043_combined.png 4B\120_4844_combined.png 1
4A\123_6073_combined.png 4B\162_5958_combined.png -1
4A\123_6017_combined.png 4B\120_4852_combined.png 1
4A\123_6091_combined.png 4B\162_5942_combined.png -1
4A\123_6033_combined.png 4B\120_4854_combined.png 1
4A\123_6061_combined.png 4B\162_5948_combined.png -1
4A\123_6047_combined.png 4B\162_5934_combined.png -1
4A\123_6047_combined.png 4B\162_5940_combined.png -1
4A\123_6035_combined.png 4B\162_5938_combined.png -1
4A\171_7403_combined.png 4B\162_5946_combined.png 1
4A\171_7431_combined.png 4B\209_7856_combined.png -1
4A\171_7435_combined.png 4B\209_7858_combined.png -1
4A\171_7443_combined.png 4B\162_5956_combined.png 1
4A\171_7463_combined.png 4B\209_7840_combined.png -1
4A\171_7403_combined.png 4B\162_5938_combined.png 1
4A\171_7451_combined.png 4B\209_7842_combined.png -1
4A\171_7439_combined.png 4B\162_5930_representative.png 1
4A\171_7465_combined.png 4B\209_7858_representative.png -1
4A\171_7443_combined.png 4B\209_7858_combined.png -1
4A\171_7463_combined.png 4B\209_7832_combined.png -1
4A\171_7407_combined.png 4B\209_7838_combined.png -1
4A\219_9699_combined.png 4B\209_7844_combined.png 1
4A\219_9705_representative.png 4B\92_3992_combined.png -1
4A\219_9697_combined.png 4B\92_4004_combined.png -1
4A\219_9705_combined.png 4B\209_7832_combined.png 1
4A\219_9693_combined.png 4B\92_3998_combined.png -1
4A\219_9697_combined.png 4B\209_7852_combined.png 1
4A\219_9705_representative.png 4B\92_3984_combined.png -1
4A\219_9705_combined.png 4B\209_7844_combined.png 1
4A\219_9701_combined.png 4B\92_3980_combined.png -1
4A\219_9693_combined.png 4B\92_3992_combined.png -1
4A\219_9699_combined.png 4B\92_3976_combined.png -1
4A\219_9699_combined.png 4B\92_3972_combined.png -1
4A\99_5015_combined.png 4B\92_3978_combined.png 1
4A\99_5005_combined.png 4B\146_5492_combined.png -1
4A\99_4993_combined.png 4B\146_5530_combined.png -1
4A\99_4985_combined.png 4B\92_4006_combined.png 1
4A\99_5019_combined.png 4B\146_5522_combined.png -1
4A\99_4987_combined.png 4B\92_4002_combined.png 1
4A\99_5001_combined.png 4B\146_5500_combined.png -1
4A\99_4975_combined.png 4B\92_3974_combined.png 1
4A\99_4977_combined.png 4B\146_5524_combined.png -1
4A\99_4995_combined.png 4B\146_5504_combined.png -1
4A\99_4989_combined.png 4B\146_5494_combined.png -1
4A\99_4999_combined.png 4B\146_5518_combined.png -1
4A\142_6813_combined.png 4B\146_5518_combined.png 1
4A\142_6785_combined.png 4B\173_6438_combined.png -1
4A\142_6837_combined.png 4B\173_6420_combined.png -1
4A\142_6803_combined.png 4B\146_5512_combined.png 1
4A\142_6859_combined.png 4B\173_6440_combined.png -1
4A\142_6799_combined.png 4B\146_5520_combined.png 1
4A\142_6851_combined.png 4B\173_6402_combined.png -1
4A\142_6775_combined.png 4B\146_5502_combined.png 1
4A\142_6805_combined.png 4B\173_6412_combined.png -1
4A\142_6829_combined.png 4B\173_6420_combined.png -1
4A\142_6855_combined.png 4B\173_6434_combined.png -1
4A\142_6839_combined.png 4B\173_6402_combined.png -1
4A\180_8029_combined.png 4B\173_6426_combined.png 1
4A\180_8047_combined.png 4B\31_2082_combined.png -1
4A\180_8059_combined.png 4B\31_2080_combined.png -1
4A\180_8063_combined.png 4B\173_6398_combined.png 1
4A\180_8051_combined.png 4B\31_2086_combined.png -1
4A\180_8019_combined.png 4B\173_6430_combined.png 1
4A\180_8067_combined.png 4B\31_2070_combined.png -1
4A\180_8077_combined.png 4B\173_6420_combined.png 1
4A\180_8007_combined.png 4B\31_2066_combined.png -1
4A\180_8003_combined.png 4B\31_2100_combined.png -1
4A\180_8037_combined.png 4B\31_2070_representative.png -1
4A\180_8067_combined.png 4B\31_2098_combined.png -1
4A\32_2635_combined.png 4B\31_2096_combined.png 1
4A\32_2631_combined.png 4B\183_6716_combined.png -1
4A\32_2613_combined.png 4B\183_6744_representative.png -1
4A\32_2621_combined.png 4B\31_2074_combined.png 1
4A\32_2629_combined.png 4B\183_6716_combined.png -1
4A\32_2647_combined.png 4B\31_2090_combined.png 1
4A\32_2639_combined.png 4B\183_6728_combined.png -1
4A\32_2595_combined.png 4B\31_2090_combined.png 1
4A\32_2623_combined.png 4B\183_6732_combined.png -1
4A\32_2583_combined.png 4B\183_6710_combined.png -1
4A\32_2625_combined.png 4B\183_6744_combined.png -1
4A\32_2601_combined.png 4B\183_6708_combined.png -1
4A\188_8375_combined.png 4B\183_6718_combined.png 1
4A\188_8359_combined.png 4B\64_3416_combined.png -1
4A\188_8331_combined.png 4B\64_3412_combined.png -1
4A\188_8317_combined.png 4B\183_6740_combined.png 1
4A\188_8375_combined.png 4B\64_3388_combined.png -1
4A\188_8319_combined.png 4B\183_6724_combined.png 1
4A\188_8361_combined.png 4B\64_3394_combined.png -1
4A\188_8333_combined.png 4B\183_6734_combined.png 1
4A\188_8309_combined.png 4B\64_3434_combined.png -1
4A\188_8327_combined.png 4B\64_3406_combined.png -1
4A\188_8323_combined.png 4B\64_3388_representative.png -1
4A\188_8319_combined.png 4B\64_3418_combined.png -1
4A\75_4237_representative.png 4B\64_3432_combined.png 1
4A\75_4237_combined.png 4B\49_2838_combined.png -1
4A\75_4293_combined.png 4B\49_2836_representative.png -1
4A\75_4275_combined.png 4B\64_3402_combined.png 1
4A\75_4271_combined.png 4B\49_2868_combined.png -1
4A\75_4261_combined.png 4B\64_3416_combined.png 1
4A\75_4267_combined.png 4B\49_2842_combined.png -1
4A\75_4235_combined.png 4B\64_3406_combined.png 1
4A\75_4285_combined.png 4B\49_2838_combined.png -1
4A\75_4275_combined.png 4B\49_2864_combined.png -1
4A\75_4259_combined.png 4B\49_2852_combined.png -1
4A\75_4261_combined.png 4B\49_2838_combined.png -1
4A\56_3607_combined.png 4B\49_2858_combined.png 1
4A\56_3551_combined.png 4B\208_7644_combined.png -1
4A\56_3545_combined.png 4B\208_7626_combined.png -1
4A\56_3587_combined.png 4B\49_2836_representative.png 1
4A\56_3605_combined.png 4B\208_7642_combined.png -1
4A\56_3609_combined.png 4B\49_2836_representative.png 1
4A\56_3565_combined.png 4B\208_7630_combined.png -1
4A\56_3551_combined.png 4B\49_2856_combined.png 1
4A\56_3593_combined.png 4B\208_7626_combined.png -1
4A\56_3575_combined.png 4B\208_7628_combined.png -1
4A\56_3565_combined.png 4B\208_7634_combined.png -1
4A\56_3587_combined.png 4B\208_7624_combined.png -1
4A\217_9457_combined.png 4B\208_7652_combined.png 1
4A\217_9497_combined.png 4B\8_996_combined.png -1
4A\217_9479_combined.png 4B\8_1008_combined.png -1
4A\217_9491_combined.png 4B\208_7658_combined.png 1
4A\217_9457_combined.png 4B\8_1002_combined.png -1
4A\217_9465_combined.png 4B\208_7634_combined.png 1
4A\217_9463_combined.png 4B\8_1012_combined.png -1
4A\217_9447_combined.png 4B\208_7658_combined.png 1
4A\217_9445_combined.png 4B\8_1020_combined.png -1
4A\217_9459_combined.png 4B\8_1024_combined.png -1
4A\217_9485_combined.png 4B\8_1010_combined.png -1
4A\217_9481_combined.png 4B\8_1020_combined.png -1
4A\9_1263_combined.png 4B\8_1022_combined.png 1
4A\9_1251_combined.png 4B\171_6300_combined.png -1
4A\9_1265_combined.png 4B\171_6302_combined.png -1
4A\9_1219_combined.png 4B\8_1010_combined.png 1
4A\9_1283_combined.png 4B\171_6298_combined.png -1
4A\9_1261_combined.png 4B\8_1002_combined.png 1
4A\9_1243_combined.png 4B\171_6298_combined.png -1
4A\9_1265_combined.png 4B\8_1008_combined.png 1
4A\9_1235_combined.png 4B\171_6320_combined.png -1
4A\9_1231_combined.png 4B\171_6306_combined.png -1
4A\9_1283_representative.png 4B\171_6306_combined.png -1
4A\9_1277_combined.png 4B\171_6312_combined.png -1
4A\178_7855_combined.png 4B\171_6300_combined.png 1
4A\178_7881_combined.png 4B\93_4044_combined.png -1
4A\178_7903_combined.png 4B\93_4022_combined.png -1
4A\178_7871_combined.png 4B\171_6300_combined.png 1
4A\178_7873_combined.png 4B\93_4044_combined.png -1
4A\178_7897_combined.png 4B\171_6296_combined.png 1
4A\178_7873_combined.png 4B\93_4006_combined.png -1
4A\178_7851_combined.png 4B\171_6320_combined.png 1
4A\178_7897_combined.png 4B\93_4014_combined.png -1
4A\178_7885_combined.png 4B\93_4044_combined.png -1
4A\178_7911_combined.png 4B\93_4018_combined.png -1
4A\178_7901_combined.png 4B\93_4048_combined.png -1
4A\98_4957_combined.png 4B\93_4034_combined.png 1
4A\98_4961_combined.png 4B\112_4606_combined.png -1
4A\98_4935_combined.png 4B\112_4586_combined.png -1
4A\98_4959_combined.png 4B\93_4022_combined.png 1
4A\98_4949_combined.png 4B\112_4592_combined.png -1
4A\98_4973_combined.png 4B\93_4020_combined.png 1
4A\98_4949_combined.png 4B\112_4580_combined.png -1
4A\98_5001_combined.png 4B\93_4042_combined.png 1
4A\98_4997_combined.png 4B\112_4620_combined.png -1
4A\98_4983_combined.png 4B\112_4616_combined.png -1
4A\98_4935_combined.png 4B\112_4606_combined.png -1
4A\98_4991_combined.png 4B\112_4596_combined.png -1
4A\118_5699_combined.png 4B\112_4580_combined.png 1
4A\118_5721_combined.png 4B\169_6168_combined.png -1
4A\118_5665_combined.png 4B\169_6164_combined.png -1
4A\118_5725_representative.png 4B\112_4600_combined.png 1
4A\118_5709_combined.png 4B\169_6138_combined.png -1
4A\118_5695_combined.png 4B\112_4604_combined.png 1
4A\118_5693_combined.png 4B\169_6172_combined.png -1
4A\118_5709_combined.png 4B\112_4584_combined.png 1
4A\118_5651_combined.png 4B\169_6148_combined.png -1
4A\118_5653_combined.png 4B\169_6150_combined.png -1
4A\118_5721_combined.png 4B\169_6158_combined.png -1
4A\118_5655_combined.png 4B\169_6140_combined.png -1
4A\176_7617_combined.png 4B\169_6140_combined.png 1
4A\176_7655_combined.png 4B\23_1826_combined.png -1
4A\176_7635_combined.png 4B\23_1808_combined.png -1
4A\176_7605_combined.png 4B\169_6164_combined.png 1
4A\176_7631_combined.png 4B\23_1828_combined.png -1
4A\176_7639_combined.png 4B\169_6154_combined.png 1
4A\176_7623_combined.png 4B\23_1832_combined.png -1
4A\176_7647_combined.png 4B\169_6138_combined.png 1
4A\176_7615_combined.png 4B\23_1818_combined.png -1
4A\176_7617_combined.png 4B\23_1806_combined.png -1
4A\176_7653_combined.png 4B\23_1846_combined.png -1
4A\176_7631_combined.png 4B\23_1806_combined.png -1
4A\20_2211_combined.png 4B\23_1832_combined.png 1
4A\20_2193_combined.png 4B\192_6838_combined.png -1
4A\20_2207_combined.png 4B\192_6850_combined.png -1
4A\20_2245_combined.png 4B\23_1816_combined.png 1
4A\20_2205_combined.png 4B\192_6858_combined.png -1
4A\20_2213_combined.png 4B\23_1826_combined.png 1
4A\20_2227_combined.png 4B\192_6834_combined.png -1
4A\20_2207_combined.png 4B\23_1826_combined.png 1
4A\20_2251_representative.png 4B\192_6838_combined.png -1
4A\20_2205_combined.png 4B\192_6836_combined.png -1
4A\20_2221_combined.png 4B\192_6830_combined.png -1
4A\20_2247_combined.png 4B\192_6848_combined.png -1
4A\198_8541_combined.png 4B\192_6856_combined.png 1
4A\198_8491_combined.png 4B\56_3074_representative.png -1
4A\198_8497_combined.png 4B\56_3058_combined.png -1
4A\198_8539_combined.png 4B\192_6856_combined.png 1
4A\198_8523_combined.png 4B\56_3038_combined.png -1
4A\198_8563_representative.png 4B\192_6852_combined.png 1
4A\198_8513_combined.png 4B\56_3030_combined.png -1
4A\198_8489_combined.png 4B\192_6834_combined.png 1
4A\198_8503_combined.png 4B\56_3062_combined.png -1
4A\198_8501_combined.png 4B\56_3072_combined.png -1
4A\198_8489_combined.png 4B\56_3050_combined.png -1
4A\198_8559_combined.png 4B\56_3046_combined.png -1
4A\62_3741_combined.png 4B\56_3062_combined.png 1
4A\62_3715_combined.png 4B\68_3446_combined.png -1
4A\62_3741_combined.png 4B\68_3444_combined.png -1
4A\62_3741_combined.png 4B\56_3038_combined.png 1
4A\62_3769_combined.png 4B\68_3468_combined.png -1
4A\62_3741_combined.png 4B\56_3052_combined.png 1
4A\62_3769_combined.png 4B\68_3440_combined.png -1
4A\62_3785_combined.png 4B\56_3060_combined.png 1
4A\62_3763_combined.png 4B\68_3464_combined.png -1
4A\62_3773_combined.png 4B\68_3444_combined.png -1
4A\62_3773_combined.png 4B\68_3442_combined.png -1
4A\62_3733_combined.png 4B\68_3466_combined.png -1
4A\79_4309_combined.png 4B\68_3468_combined.png 1
4A\79_4357_representative.png 4B\195_7166_representative.png -1
4A\79_4271_combined.png 4B\195_7168_combined.png -1
4A\79_4317_combined.png 4B\68_3428_combined.png 1
4A\79_4281_combined.png 4B\195_7170_combined.png -1
4A\79_4353_combined.png 4B\68_3432_combined.png 1
4A\79_4297_combined.png 4B\195_7184_combined.png -1
4A\79_4337_combined.png 4B\68_3446_combined.png 1
4A\79_4343_combined.png 4B\195_7192_combined.png -1
4A\79_4333_combined.png 4B\195_7214_combined.png -1
4A\79_4349_combined.png 4B\195_7210_combined.png -1
4A\79_4299_combined.png 4B\195_7174_combined.png -1
4A\203_9005_combined.png 4B\195_7210_combined.png 1
4A\203_9017_combined.png 4B\202_7318_combined.png -1
4A\203_8945_combined.png 4B\202_7320_combined.png -1
4A\203_9003_combined.png 4B\195_7210_combined.png 1
4A\203_8987_combined.png 4B\202_7320_combined.png -1
4A\203_8965_combined.png 4B\195_7204_combined.png 1
4A\203_8973_combined.png 4B\202_7328_combined.png -1
4A\203_8977_combined.png 4B\195_7166_representative.png 1
4A\203_8997_combined.png 4B\202_7302_representative.png -1
4A\203_8979_combined.png 4B\202_7302_combined.png -1
4A\203_9019_combined.png 4B\202_7306_combined.png -1
4A\203_8969_combined.png 4B\202_7306_combined.png -1
4A\208_9117_combined.png 4B\202_7302_representative.png 1
4A\208_9087_combined.png 4B\88_3840_combined.png -1
4A\208_9099_combined.png 4B\88_3818_combined.png -1
4A\208_9081_combined.png 4B\202_7308_combined.png 1
4A\208_9137_combined.png 4B\88_3850_combined.png -1
4A\208_9175_representative.png 4B\202_7306_combined.png 1
4A\208_9073_combined.png 4B\88_3822_combined.png -1
4A\208_9153_combined.png 4B\202_7302_representative.png 1
4A\208_9073_combined.png 4B\88_3852_combined.png -1
4A\208_9123_combined.png 4B\88_3826_combined.png -1
4A\208_9125_combined.png 4B\88_3838_combined.png -1
4A\208_9073_combined.png 4B\88_3826_combined.png -1
4A\94_4715_combined.png 4B\88_3850_combined.png 1
4A\94_4683_combined.png 4B\1_802_combined.png -1
4A\94_4725_combined.png 4B\1_812_combined.png -1
4A\94_4723_combined.png 4B\88_3832_combined.png 1
4A\94_4721_combined.png 4B\1_802_combined.png -1
4A\94_4695_combined.png 4B\88_3830_combined.png 1
4A\94_4735_combined.png 4B\1_818_combined.png -1
4A\94_4765_combined.png 4B\88_3832_combined.png 1
4A\94_4717_combined.png 4B\1_832_combined.png -1
4A\94_4763_combined.png 4B\1_810_combined.png -1
4A\94_4699_combined.png 4B\1_824_combined.png -1
4A\94_4743_combined.png 4B\1_808_combined.png -1
4A\5_947_combined.png 4B\1_814_combined.png 1
4A\5_943_combined.png 4B\145_5480_combined.png -1
4A\5_987_combined.png 4B\145_5502_combined.png -1
4A\5_953_combined.png 4B\1_826_combined.png 1
4A\5_955_combined.png 4B\145_5480_combined.png -1
4A\5_945_combined.png 4B\1_832_combined.png 1
4A\5_937_combined.png 4B\145_5470_combined.png -1
4A\5_937_combined.png 4B\1_830_combined.png 1
4A\5_949_combined.png 4B\145_5500_combined.png -1
4A\5_991_combined.png 4B\145_5470_combined.png -1
4A\5_981_combined.png 4B\145_5506_combined.png -1
4A\5_949_combined.png 4B\145_5480_combined.png -1
4A\141_6757_combined.png 4B\145_5486_combined.png 1
4A\141_6811_combined.png 4B\21_1786_combined.png -1
4A\141_6763_combined.png 4B\21_1804_combined.png -1
4A\141_6821_combined.png 4B\145_5466_combined.png 1
4A\141_6809_combined.png 4B\21_1784_combined.png -1
4A\141_6769_combined.png 4B\145_5492_combined.png 1
4A\141_6797_combined.png 4B\21_1794_combined.png -1
4A\141_6789_combined.png 4B\145_5488_combined.png 1
4A\141_6771_combined.png 4B\21_1782_combined.png -1
4A\141_6821_combined.png 4B\21_1824_combined.png -1
4A\141_6831_representative.png 4B\21_1824_combined.png -1
4A\141_6769_combined.png 4B\21_1790_combined.png -1
4A\19_2183_combined.png 4B\21_1824_representative.png 1
4A\19_2205_combined.png 4B\203_7368_combined.png -1
4A\19_2173_combined.png 4B\203_7342_combined.png -1
4A\19_2211_combined.png 4B\21_1784_combined.png 1
4A\19_2197_combined.png 4B\203_7370_combined.png -1
4A\19_2189_combined.png 4B\21_1784_combined.png 1
4A\19_2171_combined.png 4B\203_7342_combined.png -1
4A\19_2219_combined.png 4B\21_1792_combined.png 1
4A\19_2221_combined.png 4B\203_7362_combined.png -1
4A\19_2163_combined.png 4B\203_7354_combined.png -1
4A\19_2167_combined.png 4B\203_7364_combined.png -1
4A\19_2205_combined.png 4B\203_7368_combined.png -1
4A\209_9121_combined.png 4B\203_7358_combined.png 1
4A\209_9113_combined.png 4B\44_2466_combined.png -1
4A\209_9149_combined.png 4B\44_2478_combined.png -1
4A\209_9159_combined.png 4B\203_7338_combined.png 1
4A\209_9163_combined.png 4B\44_2470_combined.png -1
4A\209_9163_combined.png 4B\203_7372_combined.png 1
4A\209_9149_combined.png 4B\44_2478_combined.png -1
4A\209_9151_combined.png 4B\203_7362_combined.png 1
4A\209_9095_combined.png 4B\44_2478_combined.png -1
4A\209_9165_representative.png 4B\44_2468_combined.png -1
4A\209_9165_representative.png 4B\44_2490_combined.png -1
4A\209_9151_combined.png 4B\44_2476_combined.png -1
4A\49_3103_combined.png 4B\44_2492_combined.png 1
4A\49_3127_combined.png 4B\156_5792_combined.png -1
4A\49_3095_combined.png 4B\156_5788_combined.png -1
4A\49_3083_combined.png 4B\44_2486_combined.png 1
4A\49_3099_combined.png 4B\156_5794_combined.png -1
4A\49_3121_combined.png 4B\44_2496_combined.png 1
4A\49_3113_combined.png 4B\156_5796_combined.png -1
4A\49_3149_combined.png 4B\44_2476_combined.png 1
4A\49_3109_combined.png 4B\156_5794_combined.png -1
4A\49_3115_combined.png 4B\156_5792_combined.png -1
4A\49_3089_combined.png 4B\156_5792_combined.png -1
4A\49_3093_combined.png 4B\156_5794_combined.png -1
4A\164_7259_combined.png 4B\156_5812_representative.png 1
4A\164_7319_combined.png 4B\205_7456_combined.png -1
4A\164_7269_combined.png 4B\205_7472_combined.png -1
4A\164_7321_representative.png 4B\156_5786_combined.png 1
4A\164_7253_combined.png 4B\205_7476_combined.png -1
4A\164_7279_combined.png 4B\156_5812_representative.png 1
4A\164_7305_combined.png 4B\205_7476_combined.png -1
4A\164_7315_combined.png 4B\156_5810_combined.png 1
4A\164_7251_combined.png 4B\205_7454_combined.png -1
4A\164_7259_combined.png 4B\205_7456_combined.png -1
4A\164_7277_combined.png 4B\205_7482_combined.png -1
4A\164_7303_combined.png 4B\205_7452_combined.png -1
4A\213_9327_combined.png 4B\205_7456_combined.png 1
4A\213_9325_combined.png 4B\147_5520_combined.png -1
4A\213_9323_combined.png 4B\147_5516_combined.png -1
4A\213_9333_combined.png 4B\205_7464_combined.png 1
4A\213_9317_combined.png 4B\147_5492_combined.png -1
4A\213_9335_combined.png 4B\205_7456_combined.png 1
4A\213_9313_combined.png 4B\147_5520_combined.png -1
4A\213_9305_combined.png 4B\205_7480_combined.png 1
4A\213_9345_combined.png 4B\147_5520_combined.png -1
4A\213_9373_combined.png 4B\147_5520_combined.png -1
4A\213_9369_combined.png 4B\147_5508_combined.png -1
4A\213_9311_combined.png 4B\147_5492_combined.png -1
4A\147_6857_combined.png 4B\147_5490_combined.png 1
4A\147_6869_combined.png 4B\108_4500_combined.png -1
4A\147_6899_combined.png 4B\108_4534_representative.png -1
4A\147_6885_combined.png 4B\147_5502_combined.png 1
4A\147_6859_combined.png 4B\108_4528_combined.png -1
4A\147_6893_combined.png 4B\147_5518_combined.png 1
4A\147_6885_combined.png 4B\108_4508_combined.png -1
4A\147_6915_combined.png 4B\147_5506_combined.png 1
4A\147_6867_combined.png 4B\108_4500_combined.png -1
4A\147_6883_combined.png 4B\108_4508_combined.png -1
4A\147_6867_combined.png 4B\108_4504_combined.png -1
4A\147_6867_combined.png 4B\108_4504_combined.png -1
4A\115_5555_combined.png 4B\108_4532_combined.png 1
4A\115_5577_combined.png 4B\186_6736_combined.png -1
4A\115_5565_combined.png 4B\186_6738_combined.png -1
4A\115_5551_combined.png 4B\108_4504_combined.png 1
4A\115_5597_combined.png 4B\186_6722_combined.png -1
4A\115_5581_combined.png 4B\108_4502_combined.png 1
4A\115_5603_combined.png 4B\186_6730_combined.png -1
4A\115_5561_combined.png 4B\108_4526_combined.png 1
4A\115_5589_combined.png 4B\186_6726_combined.png -1
4A\115_5581_combined.png 4B\186_6740_representative.png -1
4A\115_5603_combined.png 4B\186_6728_combined.png -1
4A\115_5565_combined.png 4B\186_6738_combined.png -1
4A\186_8305_combined.png 4B\186_6732_combined.png 1
4A\186_8301_combined.png 4B\135_5366_combined.png -1
4A\186_8303_combined.png 4B\135_5384_combined.png -1
4A\186_8303_combined.png 4B\186_6738_combined.png 1
4A\186_8299_combined.png 4B\135_5384_combined.png -1
4A\186_8289_combined.png 4B\186_6732_combined.png 1
4A\186_8281_combined.png 4B\135_5368_combined.png -1
4A\186_8279_combined.png 4B\186_6734_combined.png 1
4A\186_8305_representative.png 4B\135_5354_combined.png -1
4A\186_8305_combined.png 4B\135_5358_combined.png -1
4A\186_8289_combined.png 4B\135_5358_combined.png -1
4A\186_8293_combined.png 4B\135_5372_combined.png -1
4A\135_6681_combined.png 4B\135_5376_combined.png 1
4A\135_6621_combined.png 4B\45_2534_combined.png -1
4A\135_6691_representative.png 4B\45_2574_combined.png -1
4A\135_6621_combined.png 4B\135_5354_combined.png 1
4A\135_6673_combined.png 4B\45_2554_combined.png -1
4A\135_6623_combined.png 4B\135_5382_combined.png 1
4A\135_6621_combined.png 4B\45_2578_combined.png -1
4A\135_6691_representative.png 4B\135_5352_combined.png 1
4A\135_6625_combined.png 4B\45_2560_combined.png -1
4A\135_6651_combined.png 4B\45_2578_combined.png -1
4A\135_6675_combined.png 4B\45_2566_combined.png -1
4A\135_6661_combined.png 4B\45_2544_combined.png -1
4A\50_3167_combined.png 4B\45_2566_combined.png 1
4A\50_3121_combined.png 4B\53_2986_combined.png -1
4A\50_3157_combined.png 4B\53_2966_combined.png -1
4A\50_3107_combined.png 4B\45_2556_combined.png 1
4A\50_3123_combined.png 4B\53_2952_combined.png -1
4A\50_3111_combined.png 4B\45_2546_combined.png 1
4A\50_3169_combined.png 4B\53_2950_combined.png -1
4A\50_3139_combined.png 4B\45_2544_combined.png 1
4A\50_3173_representative.png 4B\53_2956_combined.png -1
4A\50_3097_combined.png 4B\53_2992_combined.png -1
4A\50_3115_combined.png 4B\53_2988_combined.png -1
4A\50_3125_combined.png 4B\53_2974_combined.png -1
