2A\215_11709_combined.png 2B\302_9390_combined.png 1
2A\215_11711_combined.png 2B\88_3356_combined.png -1
2A\215_11717_combined.png 2B\88_3424_combined.png -1
2A\215_11725_combined.png 2B\302_9420_representative.png 1
2A\215_11707_combined.png 2B\88_3486_combined.png -1
2A\215_11719_combined.png 2B\302_9420_representative.png 1
2A\215_11693_combined.png 2B\88_3380_combined.png -1
2A\215_11703_combined.png 2B\302_9386_combined.png 1
2A\215_11731_combined.png 2B\88_3332_combined.png -1
2A\215_11691_combined.png 2B\88_3338_combined.png -1
2A\215_11717_combined.png 2B\88_3480_combined.png -1
2A\215_11697_combined.png 2B\88_3388_combined.png -1
2A\68_4225_combined.png 2B\88_3438_combined.png 1
2A\68_4231_combined.png 2B\197_6138_combined.png -1
2A\68_4215_combined.png 2B\197_6112_combined.png -1
2A\68_4283_combined.png 2B\88_3408_combined.png 1
2A\68_4237_combined.png 2B\197_6124_combined.png -1
2A\68_4207_combined.png 2B\88_3446_combined.png 1
2A\68_4289_combined.png 2B\197_6210_combined.png -1
2A\68_4231_combined.png 2B\88_3444_combined.png 1
2A\68_4195_combined.png 2B\197_6194_combined.png -1
2A\68_4273_combined.png 2B\197_6114_combined.png -1
2A\68_4265_combined.png 2B\197_6112_combined.png -1
2A\68_4321_combined.png 2B\197_6142_combined.png -1
2A\143_7615_combined.png 2B\197_6136_combined.png 1
2A\143_7675_combined.png 2B\183_5732_combined.png -1
2A\143_7693_combined.png 2B\183_5760_combined.png -1
2A\143_7645_combined.png 2B\197_6166_combined.png 1
2A\143_7585_combined.png 2B\183_5712_combined.png -1
2A\143_7581_combined.png 2B\197_6190_combined.png 1
2A\143_7609_combined.png 2B\183_5756_combined.png -1
2A\143_7631_combined.png 2B\197_6120_combined.png 1
2A\143_7591_combined.png 2B\183_5716_combined.png -1
2A\143_7581_representative.png 2B\183_5754_combined.png -1
2A\143_7627_combined.png 2B\183_5730_combined.png -1
2A\143_7687_combined.png 2B\183_5732_combined.png -1
2A\135_7133_combined.png 2B\183_5716_combined.png 1
2A\135_7087_representative.png 2B\233_7318_combined.png -1
2A\135_7115_combined.png 2B\233_7320_combined.png -1
2A\135_7125_combined.png 2B\183_5726_combined.png 1
2A\135_7113_combined.png 2B\233_7324_combined.png -1
2A\135_7133_combined.png 2B\183_5726_combined.png 1
2A\135_7087_representative.png 2B\233_7298_combined.png -1
2A\135_7095_combined.png 2B\183_5736_combined.png 1
2A\135_7117_combined.png 2B\233_7296_representative.png -1
2A\135_7089_combined.png 2B\233_7310_combined.png -1
2A\135_7097_combined.png 2B\233_7312_combined.png -1
2A\135_7107_combined.png 2B\233_7294_combined.png -1
2A\167_9065_combined.png 2B\233_7322_combined.png 1
2A\167_9079_combined.png 2B\301_9376_combined.png -1
2A\167_9087_combined.png 2B\301_9360_combined.png -1
2A\167_9073_combined.png 2B\233_7322_combined.png 1
2A\167_9085_combined.png 2B\301_9348_combined.png -1
2A\167_9079_combined.png 2B\233_7306_combined.png 1
2A\167_9089_combined.png 2B\301_9360_combined.png -1
2A\167_9069_combined.png 2B\233_7324_combined.png 1
2A\167_9075_combined.png 2B\301_9378_representative.png -1
2A\167_9071_combined.png 2B\301_9344_combined.png -1
2A\167_9091_combined.png 2B\301_9354_combined.png -1
2A\167_9063_representative.png 2B\301_9350_combined.png -1
2A\213_11631_representative.png 2B\301_9376_combined.png 1
2A\213_11631_combined.png 2B\178_5654_combined.png -1
2A\213_11639_combined.png 2B\178_5640_combined.png -1
2A\213_11659_combined.png 2B\301_9354_combined.png 1
2A\213_11643_combined.png 2B\178_5606_combined.png -1
2A\213_11659_combined.png 2B\301_9356_combined.png 1
2A\213_11633_combined.png 2B\178_5600_combined.png -1
2A\213_11631_representative.png 2B\301_9368_combined.png 1
2A\213_11647_combined.png 2B\178_5650_combined.png -1
2A\213_11661_combined.png 2B\178_5648_combined.png -1
2A\213_11647_combined.png 2B\178_5626_combined.png -1
2A\213_11649_combined.png 2B\178_5618_combined.png -1
2A\130_6971_combined.png 2B\178_5622_combined.png 1
2A\130_6975_combined.png 2B\276_8538_combined.png -1
2A\130_6943_combined.png 2B\276_8542_combined.png -1
2A\130_6981_combined.png 2B\178_5622_combined.png 1
2A\130_6985_combined.png 2B\276_8508_combined.png -1
2A\130_6949_combined.png 2B\178_5644_combined.png 1
2A\130_6941_combined.png 2B\276_8524_combined.png -1
2A\130_6973_combined.png 2B\178_5608_combined.png 1
2A\130_6975_combined.png 2B\276_8546_combined.png -1
2A\130_6955_combined.png 2B\276_8536_combined.png -1
2A\130_6947_combined.png 2B\276_8514_combined.png -1
2A\130_6957_combined.png 2B\276_8524_combined.png -1
2A\198_10595_combined.png 2B\276_8514_combined.png 1
2A\198_10641_combined.png 2B\300_9362_combined.png -1
2A\198_10647_combined.png 2B\300_9386_combined.png -1
2A\198_10633_combined.png 2B\276_8548_combined.png 1
2A\198_10607_combined.png 2B\300_9348_combined.png -1
2A\198_10607_combined.png 2B\276_8548_combined.png 1
2A\198_10639_combined.png 2B\300_9390_combined.png -1
2A\198_10595_combined.png 2B\276_8518_combined.png 1
2A\198_10645_combined.png 2B\300_9418_combined.png -1
2A\198_10627_combined.png 2B\300_9382_combined.png -1
2A\198_10631_combined.png 2B\300_9422_representative.png -1
2A\198_10603_combined.png 2B\300_9394_combined.png -1
2A\214_11677_combined.png 2B\300_9336_combined.png 1
2A\214_11733_combined.png 2B\43_2556_combined.png -1
2A\214_11699_combined.png 2B\43_2544_combined.png -1
2A\214_11705_combined.png 2B\300_9374_combined.png 1
2A\214_11703_combined.png 2B\43_2548_combined.png -1
2A\214_11663_combined.png 2B\300_9370_combined.png 1
2A\214_11693_combined.png 2B\43_2538_combined.png -1
2A\214_11673_combined.png 2B\300_9388_combined.png 1
2A\214_11739_combined.png 2B\43_2554_combined.png -1
2A\214_11711_combined.png 2B\43_2562_representative.png -1
2A\214_11671_combined.png 2B\43_2528_combined.png -1
2A\214_11661_combined.png 2B\43_2540_combined.png -1
2A\37_3119_combined.png 2B\43_2562_representative.png 1
2A\37_3133_combined.png 2B\55_2722_combined.png -1
2A\37_3161_combined.png 2B\55_2668_combined.png -1
2A\37_3167_representative.png 2B\43_2540_combined.png 1
2A\37_3167_combined.png 2B\55_2656_combined.png -1
2A\37_3157_combined.png 2B\43_2548_combined.png 1
2A\37_3139_combined.png 2B\55_2744_representative.png -1
2A\37_3141_combined.png 2B\43_2556_combined.png 1
2A\37_3151_combined.png 2B\55_2692_combined.png -1
2A\37_3125_combined.png 2B\55_2676_combined.png -1
2A\37_3167_representative.png 2B\55_2652_combined.png -1
2A\37_3131_combined.png 2B\55_2696_combined.png -1
2A\45_3339_combined.png 2B\55_2662_combined.png 1
2A\45_3363_combined.png 2B\246_7712_combined.png -1
2A\45_3363_combined.png 2B\246_7714_combined.png -1
2A\45_3371_combined.png 2B\55_2652_combined.png 1
2A\45_3349_combined.png 2B\246_7730_combined.png -1
2A\45_3379_combined.png 2B\55_2742_combined.png 1
2A\45_3377_combined.png 2B\246_7720_combined.png -1
2A\45_3335_combined.png 2B\55_2674_combined.png 1
2A\45_3305_combined.png 2B\246_7716_combined.png -1
2A\45_3367_combined.png 2B\246_7720_combined.png -1
2A\45_3347_combined.png 2B\246_7728_combined.png -1
2A\45_3395_representative.png 2B\246_7738_combined.png -1
2A\177_9587_combined.png 2B\246_7710_combined.png 1
2A\177_9601_combined.png 2B\198_6222_combined.png -1
2A\177_9609_combined.png 2B\198_6268_combined.png -1
2A\177_9601_combined.png 2B\246_7734_combined.png 1
2A\177_9589_combined.png 2B\198_6146_combined.png -1
2A\177_9599_combined.png 2B\246_7710_combined.png 1
2A\177_9593_combined.png 2B\198_6276_combined.png -1
2A\177_9591_combined.png 2B\246_7718_combined.png 1
2A\177_9611_combined.png 2B\198_6176_combined.png -1
2A\177_9581_combined.png 2B\198_6228_combined.png -1
2A\177_9583_combined.png 2B\198_6134_combined.png -1
2A\177_9579_representative.png 2B\198_6146_combined.png -1
2A\146_7739_combined.png 2B\198_6168_combined.png 1
2A\146_7765_combined.png 2B\162_5184_combined.png -1
2A\146_7757_combined.png 2B\162_5186_combined.png -1
2A\146_7731_combined.png 2B\198_6242_combined.png 1
2A\146_7817_combined.png 2B\162_5178_combined.png -1
2A\146_7827_combined.png 2B\198_6162_combined.png 1
2A\146_7731_combined.png 2B\162_5178_combined.png -1
2A\146_7661_combined.png 2B\198_6238_combined.png 1
2A\146_7795_combined.png 2B\162_5166_combined.png -1
2A\146_7777_combined.png 2B\162_5182_combined.png -1
2A\146_7701_combined.png 2B\162_5134_representative.png -1
2A\146_7789_combined.png 2B\162_5144_combined.png -1
2A\118_6355_combined.png 2B\162_5134_combined.png 1
2A\118_6345_combined.png 2B\284_8708_combined.png -1
2A\118_6391_combined.png 2B\284_8714_combined.png -1
2A\118_6351_combined.png 2B\162_5132_combined.png 1
2A\118_6379_combined.png 2B\284_8722_combined.png -1
2A\118_6349_combined.png 2B\162_5136_combined.png 1
2A\118_6345_representative.png 2B\284_8720_combined.png -1
2A\118_6395_combined.png 2B\162_5156_combined.png 1
2A\118_6393_combined.png 2B\284_8726_combined.png -1
2A\118_6349_combined.png 2B\284_8716_combined.png -1
2A\118_6395_combined.png 2B\284_8730_combined.png -1
2A\118_6343_combined.png 2B\284_8728_combined.png -1
2A\201_10859_combined.png 2B\284_8706_combined.png 1
2A\201_10853_combined.png 2B\132_4582_combined.png -1
2A\201_10825_combined.png 2B\132_4590_combined.png -1
2A\201_10875_combined.png 2B\284_8724_combined.png 1
2A\201_10835_combined.png 2B\132_4596_representative.png -1
2A\201_10885_combined.png 2B\284_8692_combined.png 1
2A\201_10841_combined.png 2B\132_4596_representative.png -1
2A\201_10805_combined.png 2B\284_8728_combined.png 1
2A\201_10875_combined.png 2B\132_4570_combined.png -1
2A\201_10863_combined.png 2B\132_4586_combined.png -1
2A\201_10801_combined.png 2B\132_4586_combined.png -1
2A\201_10841_combined.png 2B\132_4592_combined.png -1
2A\98_5695_combined.png 2B\132_4582_combined.png 1
2A\98_5673_combined.png 2B\304_9478_combined.png -1
2A\98_5677_combined.png 2B\304_9468_combined.png -1
2A\98_5679_combined.png 2B\132_4572_combined.png 1
2A\98_5673_combined.png 2B\304_9476_combined.png -1
2A\98_5695_combined.png 2B\132_4574_combined.png 1
2A\98_5711_combined.png 2B\304_9474_combined.png -1
2A\98_5689_combined.png 2B\132_4566_combined.png 1
2A\98_5683_combined.png 2B\304_9498_representative.png -1
2A\98_5683_combined.png 2B\304_9478_combined.png -1
2A\98_5695_combined.png 2B\304_9476_combined.png -1
2A\98_5703_combined.png 2B\304_9492_combined.png -1
2A\216_11821_combined.png 2B\304_9496_combined.png 1
2A\216_11797_combined.png 2B\112_4120_combined.png -1
2A\216_11791_combined.png 2B\112_4134_combined.png -1
2A\216_11817_combined.png 2B\304_9468_combined.png 1
2A\216_11825_combined.png 2B\112_4130_combined.png -1
2A\216_11809_combined.png 2B\304_9482_combined.png 1
2A\216_11823_combined.png 2B\112_4128_combined.png -1
2A\216_11829_combined.png 2B\304_9490_combined.png 1
2A\216_11799_combined.png 2B\112_4094_combined.png -1
2A\216_11787_combined.png 2B\112_4100_combined.png -1
2A\216_11791_combined.png 2B\112_4116_combined.png -1
2A\216_11797_combined.png 2B\112_4112_combined.png -1
2A\88_5093_combined.png 2B\112_4132_combined.png 1
2A\88_5137_combined.png 2B\186_5860_combined.png -1
2A\88_5101_combined.png 2B\186_5880_combined.png -1
2A\88_5133_combined.png 2B\112_4124_combined.png 1
2A\88_5111_combined.png 2B\186_5864_combined.png -1
2A\88_5137_combined.png 2B\112_4104_combined.png 1
2A\88_5131_combined.png 2B\186_5862_combined.png -1
2A\88_5107_combined.png 2B\112_4106_combined.png 1
2A\88_5097_combined.png 2B\186_5850_combined.png -1
2A\88_5093_combined.png 2B\186_5860_combined.png -1
2A\88_5131_combined.png 2B\186_5880_combined.png -1
2A\88_5139_combined.png 2B\186_5856_combined.png -1
2A\137_7311_combined.png 2B\186_5866_combined.png 1
2A\137_7295_combined.png 2B\196_6104_combined.png -1
2A\137_7331_combined.png 2B\196_6100_combined.png -1
2A\137_7325_combined.png 2B\186_5878_combined.png 1
2A\137_7315_combined.png 2B\196_6086_combined.png -1
2A\137_7319_combined.png 2B\186_5868_combined.png 1
2A\137_7289_combined.png 2B\196_6086_combined.png -1
2A\137_7331_combined.png 2B\186_5856_combined.png 1
2A\137_7307_combined.png 2B\196_6088_combined.png -1
2A\137_7291_combined.png 2B\196_6100_combined.png -1
2A\137_7331_combined.png 2B\196_6094_combined.png -1
2A\137_7313_combined.png 2B\196_6102_combined.png -1
2A\142_7573_combined.png 2B\196_6088_combined.png 1
2A\142_7567_combined.png 2B\199_6162_combined.png -1
2A\142_7559_combined.png 2B\199_6164_combined.png -1
2A\142_7563_combined.png 2B\196_6086_combined.png 1
2A\142_7567_combined.png 2B\199_6156_combined.png -1
2A\142_7549_combined.png 2B\196_6092_combined.png 1
2A\142_7571_combined.png 2B\199_6158_combined.png -1
2A\142_7571_combined.png 2B\196_6108_combined.png 1
2A\142_7551_representative.png 2B\199_6170_combined.png -1
2A\142_7577_combined.png 2B\199_6164_combined.png -1
2A\142_7553_combined.png 2B\199_6170_combined.png -1
2A\142_7573_combined.png 2B\199_6160_combined.png -1
2A\147_7657_combined.png 2B\199_6168_combined.png 1
2A\147_7651_representative.png 2B\63_2852_combined.png -1
2A\147_7665_combined.png 2B\63_2858_combined.png -1
2A\147_7655_combined.png 2B\199_6182_combined.png 1
2A\147_7651_combined.png 2B\63_2858_combined.png -1
2A\147_7663_combined.png 2B\199_6170_combined.png 1
2A\147_7661_combined.png 2B\63_2864_combined.png -1
2A\147_7651_representative.png 2B\199_6160_combined.png 1
2A\147_7653_combined.png 2B\63_2874_combined.png -1
2A\147_7649_combined.png 2B\63_2874_combined.png -1
2A\147_7659_combined.png 2B\63_2868_combined.png -1
2A\147_7651_combined.png 2B\63_2872_combined.png -1
2A\51_3551_combined.png 2B\63_2852_combined.png 1
2A\51_3541_combined.png 2B\126_4398_combined.png -1
2A\51_3547_combined.png 2B\126_4438_combined.png -1
2A\51_3549_combined.png 2B\63_2852_combined.png 1
2A\51_3551_combined.png 2B\126_4434_combined.png -1
2A\51_3547_combined.png 2B\63_2854_combined.png 1
2A\51_3539_combined.png 2B\126_4418_combined.png -1
2A\51_3543_combined.png 2B\63_2842_combined.png 1
2A\51_3565_representative.png 2B\126_4418_combined.png -1
2A\51_3533_combined.png 2B\126_4440_combined.png -1
2A\51_3523_combined.png 2B\126_4424_combined.png -1
2A\51_3545_combined.png 2B\126_4428_combined.png -1
2A\95_5489_combined.png 2B\126_4412_combined.png 1
2A\95_5459_combined.png 2B\19_1960_combined.png -1
2A\95_5459_combined.png 2B\19_1960_combined.png -1
2A\95_5479_combined.png 2B\126_4444_combined.png 1
2A\95_5439_representative.png 2B\19_1956_combined.png -1
2A\95_5449_combined.png 2B\126_4426_combined.png 1
2A\95_5451_combined.png 2B\19_1952_combined.png -1
2A\95_5461_combined.png 2B\126_4410_combined.png 1
2A\95_5445_combined.png 2B\19_1986_combined.png -1
2A\95_5447_combined.png 2B\19_1980_combined.png -1
2A\95_5437_combined.png 2B\19_1980_combined.png -1
2A\95_5457_combined.png 2B\19_1972_combined.png -1
2A\24_2415_combined.png 2B\19_1988_representative.png 1
2A\24_2405_combined.png 2B\194_6028_combined.png -1
2A\24_2413_combined.png 2B\194_6028_combined.png -1
2A\24_2435_combined.png 2B\19_1956_combined.png 1
2A\24_2417_combined.png 2B\194_6048_combined.png -1
2A\24_2445_combined.png 2B\19_1986_combined.png 1
2A\24_2443_combined.png 2B\194_6026_combined.png -1
2A\24_2449_combined.png 2B\19_1980_combined.png 1
2A\24_2431_combined.png 2B\194_6044_combined.png -1
2A\24_2413_combined.png 2B\194_6046_combined.png -1
2A\24_2445_combined.png 2B\194_6038_combined.png -1
2A\24_2433_combined.png 2B\194_6026_combined.png -1
2A\141_7501_combined.png 2B\194_6044_combined.png 1
2A\141_7475_combined.png 2B\115_4158_combined.png -1
2A\141_7471_combined.png 2B\115_4120_combined.png -1
2A\141_7471_combined.png 2B\194_6032_combined.png 1
2A\141_7487_combined.png 2B\115_4172_combined.png -1
2A\141_7485_combined.png 2B\194_6040_combined.png 1
2A\141_7479_combined.png 2B\115_4120_combined.png -1
2A\141_7477_combined.png 2B\194_6036_combined.png 1
2A\141_7473_combined.png 2B\115_4164_combined.png -1
2A\141_7503_combined.png 2B\115_4180_combined.png -1
2A\141_7493_combined.png 2B\115_4156_combined.png -1
2A\141_7469_combined.png 2B\115_4164_combined.png -1
2A\90_5173_combined.png 2B\115_4138_combined.png 1
2A\90_5183_combined.png 2B\170_5462_combined.png -1
2A\90_5177_combined.png 2B\170_5464_combined.png -1
2A\90_5163_combined.png 2B\115_4170_combined.png 1
2A\90_5157_combined.png 2B\170_5474_combined.png -1
2A\90_5129_combined.png 2B\115_4120_combined.png 1
2A\90_5173_combined.png 2B\170_5452_combined.png -1
2A\90_5139_combined.png 2B\115_4164_combined.png 1
2A\90_5187_combined.png 2B\170_5458_combined.png -1
2A\90_5123_combined.png 2B\170_5450_combined.png -1
2A\90_5127_combined.png 2B\170_5476_combined.png -1
2A\90_5175_combined.png 2B\170_5446_representative.png -1
2A\123_6769_combined.png 2B\170_5462_combined.png 1
2A\123_6775_combined.png 2B\96_3692_combined.png -1
2A\123_6761_combined.png 2B\96_3614_combined.png -1
2A\123_6767_combined.png 2B\170_5470_combined.png 1
2A\123_6781_combined.png 2B\96_3688_combined.png -1
2A\123_6761_combined.png 2B\170_5448_combined.png 1
2A\123_6757_combined.png 2B\96_3664_combined.png -1
2A\123_6749_combined.png 2B\170_5472_combined.png 1
2A\123_6763_combined.png 2B\96_3666_combined.png -1
2A\123_6783_combined.png 2B\96_3664_combined.png -1
2A\123_6779_combined.png 2B\96_3644_combined.png -1
2A\123_6775_combined.png 2B\96_3680_combined.png -1
2A\70_4513_combined.png 2B\96_3648_combined.png 1
2A\70_4487_combined.png 2B\89_3338_combined.png -1
2A\70_4487_combined.png 2B\89_3382_combined.png -1
2A\70_4507_combined.png 2B\96_3664_combined.png 1
2A\70_4517_combined.png 2B\89_3376_combined.png -1
2A\70_4525_combined.png 2B\96_3630_combined.png 1
2A\70_4517_combined.png 2B\89_3356_combined.png -1
2A\70_4507_combined.png 2B\96_3622_combined.png 1
2A\70_4469_combined.png 2B\89_3370_combined.png -1
2A\70_4527_combined.png 2B\89_3366_combined.png -1
2A\70_4489_combined.png 2B\89_3354_combined.png -1
2A\70_4489_combined.png 2B\89_3380_combined.png -1
2A\67_4147_combined.png 2B\89_3334_combined.png 1
2A\67_4171_combined.png 2B\10_1884_combined.png -1
2A\67_4145_combined.png 2B\10_1886_combined.png -1
2A\67_4187_combined.png 2B\89_3370_combined.png 1
2A\67_4167_combined.png 2B\10_1898_combined.png -1
2A\67_4147_combined.png 2B\89_3384_representative.png 1
2A\67_4171_combined.png 2B\10_1884_combined.png -1
2A\67_4181_combined.png 2B\89_3376_combined.png 1
2A\67_4173_combined.png 2B\10_1906_combined.png -1
2A\67_4155_combined.png 2B\10_1896_combined.png -1
2A\67_4175_combined.png 2B\10_1882_combined.png -1
2A\67_4189_combined.png 2B\10_1880_combined.png -1
2A\20_2353_combined.png 2B\10_1864_combined.png 1
2A\20_2311_combined.png 2B\125_4402_combined.png -1
2A\20_2347_combined.png 2B\125_4416_combined.png -1
2A\20_2363_combined.png 2B\10_1902_combined.png 1
2A\20_2299_combined.png 2B\125_4420_combined.png -1
2A\20_2335_combined.png 2B\10_1874_combined.png 1
2A\20_2351_combined.png 2B\125_4396_combined.png -1
2A\20_2339_combined.png 2B\10_1888_combined.png 1
2A\20_2335_combined.png 2B\125_4424_combined.png -1
2A\20_2371_representative.png 2B\125_4412_combined.png -1
2A\20_2359_combined.png 2B\125_4408_combined.png -1
2A\20_2345_combined.png 2B\125_4388_combined.png -1
2A\96_5465_combined.png 2B\125_4406_combined.png 1
2A\96_5453_combined.png 2B\119_4246_combined.png -1
2A\96_5489_combined.png 2B\119_4284_combined.png -1
2A\96_5485_combined.png 2B\125_4424_combined.png 1
2A\96_5449_combined.png 2B\119_4262_combined.png -1
2A\96_5477_combined.png 2B\125_4390_combined.png 1
2A\96_5465_combined.png 2B\119_4246_combined.png -1
2A\96_5489_combined.png 2B\125_4398_combined.png 1
2A\96_5477_combined.png 2B\119_4268_combined.png -1
2A\96_5501_combined.png 2B\119_4266_combined.png -1
2A\96_5453_combined.png 2B\119_4278_combined.png -1
2A\96_5503_combined.png 2B\119_4268_combined.png -1
2A\92_5319_combined.png 2B\119_4254_combined.png 1
2A\92_5301_combined.png 2B\29_2230_combined.png -1
2A\92_5299_combined.png 2B\29_2236_combined.png -1
2A\92_5295_combined.png 2B\119_4284_representative.png 1
2A\92_5285_combined.png 2B\29_2228_combined.png -1
2A\92_5279_combined.png 2B\119_4258_combined.png 1
2A\92_5291_combined.png 2B\29_2256_combined.png -1
2A\92_5289_combined.png 2B\119_4262_combined.png 1
2A\92_5319_combined.png 2B\29_2262_combined.png -1
2A\92_5279_combined.png 2B\29_2258_combined.png -1
2A\92_5309_combined.png 2B\29_2252_combined.png -1
2A\92_5307_combined.png 2B\29_2266_combined.png -1
2A\28_2767_combined.png 2B\29_2266_combined.png 1
2A\28_2763_combined.png 2B\270_8498_combined.png -1
2A\28_2751_combined.png 2B\270_8454_combined.png -1
2A\28_2723_combined.png 2B\29_2240_combined.png 1
2A\28_2767_combined.png 2B\270_8442_combined.png -1
2A\28_2743_combined.png 2B\29_2246_combined.png 1
2A\28_2737_combined.png 2B\270_8506_combined.png -1
2A\28_2743_combined.png 2B\29_2238_combined.png 1
2A\28_2735_combined.png 2B\270_8452_combined.png -1
2A\28_2755_combined.png 2B\270_8458_combined.png -1
2A\28_2743_combined.png 2B\270_8478_combined.png -1
2A\28_2737_combined.png 2B\270_8442_combined.png -1
2A\193_10501_combined.png 2B\270_8492_combined.png 1
2A\193_10515_combined.png 2B\256_8150_combined.png -1
2A\193_10501_representative.png 2B\256_8150_combined.png -1
2A\193_10527_combined.png 2B\270_8502_combined.png 1
2A\193_10553_combined.png 2B\256_8142_combined.png -1
2A\193_10513_combined.png 2B\270_8488_combined.png 1
2A\193_10511_combined.png 2B\256_8168_combined.png -1
2A\193_10515_combined.png 2B\270_8452_combined.png 1
2A\193_10509_combined.png 2B\256_8176_combined.png -1
2A\193_10531_combined.png 2B\256_8150_combined.png -1
2A\193_10535_combined.png 2B\256_8146_combined.png -1
2A\193_10543_combined.png 2B\256_8148_combined.png -1
2A\184_10139_combined.png 2B\256_8136_combined.png 1
2A\184_10149_combined.png 2B\101_3804_combined.png -1
2A\184_10163_combined.png 2B\101_3850_combined.png -1
2A\184_10179_representative.png 2B\256_8126_combined.png 1
2A\184_10131_combined.png 2B\101_3804_combined.png -1
2A\184_10167_combined.png 2B\256_8160_combined.png 1
2A\184_10155_combined.png 2B\101_3854_representative.png -1
2A\184_10169_combined.png 2B\256_8150_combined.png 1
2A\184_10149_combined.png 2B\101_3804_combined.png -1
2A\184_10167_combined.png 2B\101_3826_combined.png -1
2A\184_10177_combined.png 2B\101_3794_combined.png -1
2A\184_10151_combined.png 2B\101_3838_combined.png -1
2A\77_4747_combined.png 2B\101_3826_combined.png 1
2A\77_4755_combined.png 2B\239_7612_combined.png -1
2A\77_4767_combined.png 2B\239_7542_combined.png -1
2A\77_4771_combined.png 2B\101_3826_combined.png 1
2A\77_4759_combined.png 2B\239_7558_combined.png -1
2A\77_4741_combined.png 2B\101_3808_combined.png 1
2A\77_4737_combined.png 2B\239_7604_combined.png -1
2A\77_4731_combined.png 2B\101_3834_combined.png 1
2A\77_4745_combined.png 2B\239_7564_combined.png -1
2A\77_4759_combined.png 2B\239_7534_combined.png -1
2A\77_4763_combined.png 2B\239_7536_combined.png -1
2A\77_4733_combined.png 2B\239_7604_combined.png -1
2A\170_9397_combined.png 2B\239_7552_combined.png 1
2A\170_9389_combined.png 2B\168_5436_combined.png -1
2A\170_9343_combined.png 2B\168_5426_combined.png -1
2A\170_9441_combined.png 2B\239_7534_combined.png 1
2A\170_9429_combined.png 2B\168_5406_representative.png -1
2A\170_9395_combined.png 2B\239_7596_combined.png 1
2A\170_9383_combined.png 2B\168_5422_combined.png -1
2A\170_9407_combined.png 2B\239_7592_combined.png 1
2A\170_9439_combined.png 2B\168_5412_combined.png -1
2A\170_9409_combined.png 2B\168_5414_combined.png -1
2A\170_9345_representative.png 2B\168_5404_combined.png -1
2A\170_9469_combined.png 2B\168_5430_combined.png -1
2A\122_6731_combined.png 2B\168_5426_combined.png 1
2A\122_6703_combined.png 2B\181_5644_combined.png -1
2A\122_6719_combined.png 2B\181_5632_combined.png -1
2A\122_6721_combined.png 2B\168_5404_combined.png 1
2A\122_6707_combined.png 2B\181_5622_combined.png -1
2A\122_6737_combined.png 2B\168_5412_combined.png 1
2A\122_6703_combined.png 2B\181_5658_combined.png -1
2A\122_6711_combined.png 2B\168_5436_combined.png 1
2A\122_6715_combined.png 2B\181_5650_combined.png -1
2A\122_6723_combined.png 2B\181_5620_combined.png -1
2A\122_6711_combined.png 2B\181_5658_combined.png -1
2A\122_6737_combined.png 2B\181_5620_combined.png -1
2A\132_6977_combined.png 2B\181_5616_combined.png 1
2A\132_7001_combined.png 2B\212_6524_combined.png -1
2A\132_7007_combined.png 2B\212_6556_combined.png -1
2A\132_6971_combined.png 2B\181_5632_combined.png 1
2A\132_6995_combined.png 2B\212_6504_combined.png -1
2A\132_6975_combined.png 2B\181_5620_combined.png 1
2A\132_6971_combined.png 2B\212_6544_combined.png -1
2A\132_6971_combined.png 2B\181_5634_combined.png 1
2A\132_6993_combined.png 2B\212_6558_combined.png -1
2A\132_7007_combined.png 2B\212_6550_combined.png -1
2A\132_6997_combined.png 2B\212_6536_combined.png -1
2A\132_7005_combined.png 2B\212_6546_combined.png -1
2A\156_8131_combined.png 2B\212_6550_combined.png 1
2A\156_8155_combined.png 2B\298_9272_combined.png -1
2A\156_8109_combined.png 2B\298_9308_combined.png -1
2A\156_8145_combined.png 2B\212_6540_combined.png 1
2A\156_8141_combined.png 2B\298_9328_combined.png -1
2A\156_8147_combined.png 2B\212_6558_combined.png 1
2A\156_8117_combined.png 2B\298_9290_combined.png -1
2A\156_8147_combined.png 2B\212_6522_combined.png 1
2A\156_8159_combined.png 2B\298_9278_combined.png -1
2A\156_8139_combined.png 2B\298_9294_combined.png -1
2A\156_8107_combined.png 2B\298_9334_combined.png -1
2A\156_8151_combined.png 2B\298_9318_combined.png -1
2A\212_11577_combined.png 2B\298_9332_combined.png 1
2A\212_11563_combined.png 2B\87_3354_combined.png -1
2A\212_11541_combined.png 2B\87_3334_combined.png -1
2A\212_11593_combined.png 2B\298_9328_combined.png 1
2A\212_11597_combined.png 2B\87_3358_combined.png -1
2A\212_11581_combined.png 2B\298_9334_combined.png 1
2A\212_11547_combined.png 2B\87_3358_combined.png -1
2A\212_11593_combined.png 2B\298_9296_combined.png 1
2A\212_11597_combined.png 2B\87_3362_combined.png -1
2A\212_11597_combined.png 2B\87_3358_combined.png -1
2A\212_11597_combined.png 2B\87_3338_combined.png -1
2A\212_11543_combined.png 2B\87_3324_combined.png -1
2A\65_4127_combined.png 2B\87_3330_combined.png 1
2A\65_4123_combined.png 2B\34_2412_combined.png -1
2A\65_4171_combined.png 2B\34_2398_combined.png -1
2A\65_4145_combined.png 2B\87_3318_combined.png 1
2A\65_4147_combined.png 2B\34_2406_combined.png -1
2A\65_4141_combined.png 2B\87_3352_combined.png 1
2A\65_4171_combined.png 2B\34_2398_combined.png -1
2A\65_4157_combined.png 2B\87_3330_combined.png 1
2A\65_4171_combined.png 2B\34_2390_combined.png -1
2A\65_4147_combined.png 2B\34_2414_combined.png -1
2A\65_4125_combined.png 2B\34_2384_combined.png -1
2A\65_4171_combined.png 2B\34_2394_combined.png -1
2A\31_2965_combined.png 2B\34_2400_combined.png 1
2A\31_2951_combined.png 2B\235_7400_combined.png -1
2A\31_2973_combined.png 2B\235_7356_combined.png -1
2A\31_2993_representative.png 2B\34_2406_combined.png 1
2A\31_2977_combined.png 2B\235_7392_combined.png -1
2A\31_2993_combined.png 2B\34_2390_combined.png 1
2A\31_2951_combined.png 2B\235_7384_combined.png -1
2A\31_2955_combined.png 2B\34_2386_combined.png 1
2A\31_2967_combined.png 2B\235_7402_combined.png -1
2A\31_2961_combined.png 2B\235_7360_combined.png -1
2A\31_2989_combined.png 2B\235_7356_combined.png -1
2A\31_2951_combined.png 2B\235_7410_combined.png -1
2A\168_9211_combined.png 2B\235_7384_combined.png 1
2A\168_9183_combined.png 2B\259_8216_combined.png -1
2A\168_9169_combined.png 2B\259_8224_combined.png -1
2A\168_9159_combined.png 2B\235_7372_combined.png 1
2A\168_9187_combined.png 2B\259_8222_combined.png -1
2A\168_9169_combined.png 2B\235_7380_combined.png 1
2A\168_9201_combined.png 2B\259_8210_combined.png -1
2A\168_9175_combined.png 2B\235_7368_combined.png 1
2A\168_9225_combined.png 2B\259_8230_combined.png -1
2A\168_9195_combined.png 2B\259_8212_representative.png -1
2A\168_9169_combined.png 2B\259_8214_combined.png -1
2A\168_9161_combined.png 2B\259_8216_combined.png -1
2A\185_10203_combined.png 2B\259_8228_combined.png 1
2A\185_10219_combined.png 2B\58_2848_combined.png -1
2A\185_10231_combined.png 2B\58_2946_combined.png -1
2A\185_10233_combined.png 2B\259_8212_representative.png 1
2A\185_10211_combined.png 2B\58_2922_combined.png -1
2A\185_10227_combined.png 2B\259_8218_combined.png 1
2A\185_10205_representative.png 2B\58_2796_combined.png -1
2A\185_10203_combined.png 2B\259_8218_combined.png 1
2A\185_10209_combined.png 2B\58_2832_combined.png -1
2A\185_10223_combined.png 2B\58_2846_combined.png -1
2A\185_10227_combined.png 2B\58_2916_combined.png -1
2A\185_10227_combined.png 2B\58_2896_combined.png -1
2A\54_3627_combined.png 2B\58_2818_combined.png 1
2A\54_3647_combined.png 2B\190_5926_combined.png -1
2A\54_3615_combined.png 2B\190_5926_combined.png -1
2A\54_3613_combined.png 2B\58_2832_combined.png 1
2A\54_3647_combined.png 2B\190_5912_combined.png -1
2A\54_3611_combined.png 2B\58_2914_combined.png 1
2A\54_3599_combined.png 2B\190_5904_combined.png -1
2A\54_3597_combined.png 2B\58_2744_combined.png 1
2A\54_3631_combined.png 2B\190_5902_combined.png -1
2A\54_3615_combined.png 2B\190_5906_combined.png -1
2A\54_3615_combined.png 2B\190_5918_combined.png -1
2A\54_3649_combined.png 2B\190_5910_combined.png -1
2A\138_7353_combined.png 2B\190_5904_representative.png 1
2A\138_7323_combined.png 2B\150_4956_combined.png -1
2A\138_7339_combined.png 2B\150_4998_combined.png -1
2A\138_7335_combined.png 2B\190_5922_combined.png 1
2A\138_7331_combined.png 2B\150_4966_combined.png -1
2A\138_7345_combined.png 2B\190_5918_combined.png 1
2A\138_7331_combined.png 2B\150_4986_combined.png -1
2A\138_7353_combined.png 2B\190_5912_combined.png 1
2A\138_7343_combined.png 2B\150_4968_combined.png -1
2A\138_7351_combined.png 2B\150_5002_combined.png -1
2A\138_7355_combined.png 2B\150_4998_combined.png -1
2A\138_7345_combined.png 2B\150_4978_combined.png -1
2A\108_6143_combined.png 2B\150_4968_combined.png 1
2A\108_6161_combined.png 2B\214_6564_combined.png -1
2A\108_6177_combined.png 2B\214_6550_combined.png -1
2A\108_6167_combined.png 2B\150_4958_combined.png 1
2A\108_6155_combined.png 2B\214_6578_combined.png -1
2A\108_6187_combined.png 2B\150_4970_combined.png 1
2A\108_6155_combined.png 2B\214_6570_combined.png -1
2A\108_6173_combined.png 2B\150_4958_combined.png 1
2A\108_6179_combined.png 2B\214_6558_combined.png -1
2A\108_6141_combined.png 2B\214_6584_combined.png -1
2A\108_6189_combined.png 2B\214_6574_combined.png -1
2A\108_6183_combined.png 2B\214_6582_combined.png -1
2A\157_8175_combined.png 2B\214_6576_combined.png 1
2A\157_8185_combined.png 2B\155_5030_representative.png -1
2A\157_8189_representative.png 2B\155_5040_combined.png -1
2A\157_8179_combined.png 2B\214_6542_combined.png 1
2A\157_8159_combined.png 2B\155_5040_combined.png -1
2A\157_8179_combined.png 2B\214_6570_combined.png 1
2A\157_8185_combined.png 2B\155_5034_combined.png -1
2A\157_8159_combined.png 2B\214_6562_combined.png 1
2A\157_8189_representative.png 2B\155_5040_combined.png -1
2A\157_8187_combined.png 2B\155_5032_combined.png -1
2A\157_8155_combined.png 2B\155_5034_combined.png -1
2A\157_8165_combined.png 2B\155_5032_combined.png -1
2A\111_6237_representative.png 2B\155_5030_combined.png 1
2A\111_6253_combined.png 2B\202_6248_combined.png -1
2A\111_6251_combined.png 2B\202_6248_combined.png -1
2A\111_6237_combined.png 2B\155_5030_representative.png 1
2A\111_6245_combined.png 2B\202_6242_combined.png -1
2A\111_6251_combined.png 2B\155_5040_combined.png 1
2A\111_6239_combined.png 2B\202_6230_combined.png -1
2A\111_6251_combined.png 2B\155_5032_combined.png 1
2A\111_6245_combined.png 2B\202_6250_combined.png -1
2A\111_6245_combined.png 2B\202_6236_combined.png -1
2A\111_6235_combined.png 2B\202_6240_combined.png -1
2A\111_6235_combined.png 2B\202_6236_combined.png -1
2A\152_7745_combined.png 2B\202_6246_combined.png 1
2A\152_7749_combined.png 2B\236_7418_combined.png -1
2A\152_7777_combined.png 2B\236_7454_combined.png -1
2A\152_7743_combined.png 2B\202_6238_combined.png 1
2A\152_7751_combined.png 2B\236_7412_combined.png -1
2A\152_7751_combined.png 2B\202_6230_combined.png 1
2A\152_7753_combined.png 2B\236_7438_combined.png -1
2A\152_7755_combined.png 2B\202_6244_combined.png 1
2A\152_7741_combined.png 2B\236_7404_combined.png -1
2A\152_7757_combined.png 2B\236_7456_combined.png -1
2A\152_7761_combined.png 2B\236_7432_combined.png -1
2A\152_7761_combined.png 2B\236_7430_combined.png -1
2A\169_9237_combined.png 2B\236_7416_combined.png 1
2A\169_9203_combined.png 2B\226_7206_combined.png -1
2A\169_9221_combined.png 2B\226_7246_combined.png -1
2A\169_9209_combined.png 2B\236_7434_combined.png 1
2A\169_9235_combined.png 2B\226_7252_combined.png -1
2A\169_9223_combined.png 2B\236_7416_combined.png 1
2A\169_9247_combined.png 2B\226_7270_combined.png -1
2A\169_9219_combined.png 2B\236_7406_representative.png 1
2A\169_9229_combined.png 2B\226_7288_combined.png -1
2A\169_9237_combined.png 2B\226_7252_combined.png -1
2A\169_9201_representative.png 2B\226_7288_combined.png -1
2A\169_9235_combined.png 2B\226_7254_combined.png -1
2A\165_9025_combined.png 2B\226_7206_combined.png 1
2A\165_8975_combined.png 2B\120_4296_combined.png -1
2A\165_8959_combined.png 2B\120_4276_combined.png -1
2A\165_9033_combined.png 2B\226_7202_combined.png 1
2A\165_8971_combined.png 2B\120_4312_combined.png -1
2A\165_9001_combined.png 2B\226_7234_combined.png 1
2A\165_9021_combined.png 2B\120_4302_combined.png -1
2A\165_9037_combined.png 2B\226_7274_combined.png 1
2A\165_8955_combined.png 2B\120_4318_combined.png -1
2A\165_9025_combined.png 2B\120_4284_combined.png -1
2A\165_8983_combined.png 2B\120_4298_combined.png -1
2A\165_8967_combined.png 2B\120_4310_combined.png -1
2A\93_5307_combined.png 2B\120_4302_combined.png 1
2A\93_5323_combined.png 2B\98_3764_combined.png -1
2A\93_5293_representative.png 2B\98_3758_combined.png -1
2A\93_5293_combined.png 2B\120_4310_combined.png 1
2A\93_5315_combined.png 2B\98_3764_combined.png -1
2A\93_5299_combined.png 2B\120_4296_combined.png 1
2A\93_5305_combined.png 2B\98_3766_combined.png -1
2A\93_5305_combined.png 2B\120_4292_combined.png 1
2A\93_5291_combined.png 2B\98_3746_combined.png -1
2A\93_5321_combined.png 2B\98_3758_combined.png -1
2A\93_5319_combined.png 2B\98_3762_combined.png -1
2A\93_5299_combined.png 2B\98_3760_combined.png -1
2A\73_4635_combined.png 2B\98_3764_combined.png 1
2A\73_4649_combined.png 2B\136_4642_combined.png -1
2A\73_4659_combined.png 2B\136_4666_combined.png -1
2A\73_4661_combined.png 2B\98_3746_combined.png 1
2A\73_4635_combined.png 2B\136_4646_combined.png -1
2A\73_4647_combined.png 2B\98_3744_combined.png 1
2A\73_4661_combined.png 2B\136_4648_combined.png -1
2A\73_4661_combined.png 2B\98_3744_combined.png 1
2A\73_4657_combined.png 2B\136_4678_combined.png -1
2A\73_4649_combined.png 2B\136_4678_combined.png -1
2A\73_4645_combined.png 2B\136_4658_combined.png -1
2A\73_4647_combined.png 2B\136_4646_combined.png -1
2A\100_5771_combined.png 2B\136_4680_representative.png 1
2A\100_5773_combined.png 2B\184_5822_combined.png -1
2A\100_5799_combined.png 2B\184_5824_combined.png -1
2A\100_5779_combined.png 2B\136_4638_combined.png 1
2A\100_5807_combined.png 2B\184_5834_representative.png -1
2A\100_5797_combined.png 2B\136_4672_combined.png 1
2A\100_5791_combined.png 2B\184_5832_combined.png -1
2A\100_5805_combined.png 2B\136_4670_combined.png 1
2A\100_5773_combined.png 2B\184_5824_combined.png -1
2A\100_5799_combined.png 2B\184_5798_combined.png -1
2A\100_5795_combined.png 2B\184_5802_combined.png -1
2A\100_5783_combined.png 2B\184_5804_combined.png -1
2A\136_7247_combined.png 2B\184_5822_combined.png 1
2A\136_7245_combined.png 2B\211_6500_combined.png -1
2A\136_7239_combined.png 2B\211_6490_combined.png -1
2A\136_7235_combined.png 2B\184_5834_representative.png 1
2A\136_7223_combined.png 2B\211_6490_combined.png -1
2A\136_7235_combined.png 2B\184_5834_representative.png 1
2A\136_7233_combined.png 2B\211_6522_combined.png -1
2A\136_7207_combined.png 2B\184_5814_combined.png 1
2A\136_7247_combined.png 2B\211_6514_combined.png -1
2A\136_7239_combined.png 2B\211_6488_combined.png -1
2A\136_7203_combined.png 2B\211_6504_combined.png -1
2A\136_7207_combined.png 2B\211_6496_combined.png -1
2A\155_8117_combined.png 2B\211_6482_combined.png 1
2A\155_8103_combined.png 2B\207_6280_combined.png -1
2A\155_8101_combined.png 2B\207_6280_combined.png -1
2A\155_8117_combined.png 2B\211_6510_combined.png 1
2A\155_8125_combined.png 2B\207_6296_combined.png -1
2A\155_8125_combined.png 2B\211_6510_combined.png 1
2A\155_8095_combined.png 2B\207_6290_combined.png -1
2A\155_8121_combined.png 2B\211_6506_combined.png 1
2A\155_8109_combined.png 2B\207_6294_combined.png -1
2A\155_8095_combined.png 2B\207_6280_combined.png -1
2A\155_8097_combined.png 2B\207_6282_combined.png -1
2A\155_8083_combined.png 2B\207_6284_combined.png -1
2A\153_7881_combined.png 2B\207_6282_combined.png 1
2A\153_7843_combined.png 2B\290_9008_combined.png -1
2A\153_7819_combined.png 2B\290_9004_combined.png -1
2A\153_7877_combined.png 2B\207_6278_combined.png 1
2A\153_7937_combined.png 2B\290_9018_representative.png -1
2A\153_7899_combined.png 2B\207_6270_combined.png 1
2A\153_7869_combined.png 2B\290_8986_combined.png -1
2A\153_7857_combined.png 2B\207_6270_combined.png 1
2A\153_7859_combined.png 2B\290_8998_combined.png -1
2A\153_7855_combined.png 2B\290_8988_combined.png -1
2A\153_7867_combined.png 2B\290_8970_combined.png -1
2A\153_7941_combined.png 2B\290_8996_combined.png -1
2A\205_11231_representative.png 2B\290_8966_combined.png 1
2A\205_11197_combined.png 2B\44_2534_representative.png -1
2A\205_11203_combined.png 2B\44_2550_combined.png -1
2A\205_11195_combined.png 2B\290_9010_combined.png 1
2A\205_11229_combined.png 2B\44_2544_combined.png -1
2A\205_11183_combined.png 2B\290_9018_combined.png 1
2A\205_11207_combined.png 2B\44_2562_combined.png -1
2A\205_11231_combined.png 2B\290_8968_combined.png 1
2A\205_11189_combined.png 2B\44_2544_combined.png -1
2A\205_11217_combined.png 2B\44_2540_combined.png -1
2A\205_11203_combined.png 2B\44_2558_combined.png -1
2A\205_11209_combined.png 2B\44_2564_combined.png -1
2A\36_3139_combined.png 2B\44_2544_combined.png 1
2A\36_3109_combined.png 2B\291_9044_combined.png -1
2A\36_3129_combined.png 2B\291_9046_combined.png -1
2A\36_3115_combined.png 2B\44_2564_combined.png 1
2A\36_3109_combined.png 2B\291_9016_combined.png -1
2A\36_3129_combined.png 2B\44_2546_combined.png 1
2A\36_3107_combined.png 2B\291_9012_combined.png -1
2A\36_3147_combined.png 2B\44_2568_combined.png 1
2A\36_3121_combined.png 2B\291_9052_combined.png -1
2A\36_3111_combined.png 2B\291_9052_combined.png -1
2A\36_3121_combined.png 2B\291_8984_combined.png -1
2A\36_3145_combined.png 2B\291_9024_combined.png -1
2A\206_11241_combined.png 2B\291_9054_combined.png 1
2A\206_11271_combined.png 2B\171_5446_combined.png -1
2A\206_11247_combined.png 2B\171_5462_combined.png -1
2A\206_11277_combined.png 2B\291_9034_combined.png 1
2A\206_11223_combined.png 2B\171_5452_combined.png -1
2A\206_11221_combined.png 2B\291_9024_combined.png 1
2A\206_11229_combined.png 2B\171_5446_combined.png -1
2A\206_11279_combined.png 2B\291_9054_combined.png 1
2A\206_11213_combined.png 2B\171_5460_combined.png -1
2A\206_11277_combined.png 2B\171_5448_combined.png -1
2A\206_11281_representative.png 2B\171_5460_combined.png -1
2A\206_11245_combined.png 2B\171_5448_combined.png -1
2A\124_6783_combined.png 2B\171_5460_combined.png 1
2A\124_6797_combined.png 2B\254_8098_combined.png -1
2A\124_6785_combined.png 2B\254_8216_combined.png -1
2A\124_6789_combined.png 2B\171_5460_combined.png 1
2A\124_6803_combined.png 2B\254_8226_combined.png -1
2A\124_6785_combined.png 2B\171_5474_combined.png 1
2A\124_6797_combined.png 2B\254_8132_combined.png -1
2A\124_6787_combined.png 2B\171_5454_combined.png 1
2A\124_6785_combined.png 2B\254_8086_combined.png -1
2A\124_6799_combined.png 2B\254_8116_combined.png -1
2A\124_6803_representative.png 2B\254_8114_combined.png -1
2A\124_6781_combined.png 2B\254_8176_combined.png -1
2A\183_10147_combined.png 2B\254_8092_combined.png 1
2A\183_10139_combined.png 2B\223_7126_combined.png -1
2A\183_10243_combined.png 2B\223_7130_combined.png -1
2A\183_10147_combined.png 2B\254_8196_combined.png 1
2A\183_10117_combined.png 2B\223_7148_combined.png -1
2A\183_10141_combined.png 2B\254_8114_combined.png 1
2A\183_10151_combined.png 2B\223_7118_combined.png -1
2A\183_10227_combined.png 2B\254_8190_combined.png 1
2A\183_10193_combined.png 2B\223_7134_combined.png -1
2A\183_10217_combined.png 2B\223_7136_combined.png -1
2A\183_10209_combined.png 2B\223_7152_combined.png -1
2A\183_10151_combined.png 2B\223_7126_combined.png -1
2A\161_8895_combined.png 2B\223_7130_combined.png 1
2A\161_8903_combined.png 2B\193_5982_combined.png -1
2A\161_8901_combined.png 2B\193_5984_combined.png -1
2A\161_8875_combined.png 2B\223_7152_combined.png 1
2A\161_8881_combined.png 2B\193_5998_combined.png -1
2A\161_8903_combined.png 2B\223_7148_combined.png 1
2A\161_8915_combined.png 2B\193_5988_combined.png -1
2A\161_8893_combined.png 2B\223_7124_combined.png 1
2A\161_8873_combined.png 2B\193_5966_combined.png -1
2A\161_8883_combined.png 2B\193_5980_combined.png -1
2A\161_8901_combined.png 2B\193_5986_combined.png -1
2A\161_8873_combined.png 2B\193_5996_combined.png -1
2A\140_7447_combined.png 2B\193_5988_combined.png 1
2A\140_7405_combined.png 2B\297_9252_combined.png -1
2A\140_7443_combined.png 2B\297_9272_representative.png -1
2A\140_7435_combined.png 2B\193_5968_combined.png 1
2A\140_7403_combined.png 2B\297_9246_combined.png -1
2A\140_7413_combined.png 2B\193_6004_combined.png 1
2A\140_7405_combined.png 2B\297_9264_combined.png -1
2A\140_7443_combined.png 2B\193_5986_combined.png 1
2A\140_7451_combined.png 2B\297_9232_combined.png -1
2A\140_7425_combined.png 2B\297_9250_combined.png -1
2A\140_7447_combined.png 2B\297_9272_combined.png -1
2A\140_7423_combined.png 2B\297_9272_representative.png -1
2A\211_11495_combined.png 2B\297_9232_combined.png 1
2A\211_11507_combined.png 2B\230_7268_combined.png -1
2A\211_11497_combined.png 2B\230_7254_combined.png -1
2A\211_11531_combined.png 2B\297_9250_combined.png 1
2A\211_11525_combined.png 2B\230_7236_combined.png -1
2A\211_11495_combined.png 2B\297_9244_combined.png 1
2A\211_11501_combined.png 2B\230_7236_combined.png -1
2A\211_11513_combined.png 2B\297_9236_combined.png 1
2A\211_11503_combined.png 2B\230_7276_combined.png -1
2A\211_11539_combined.png 2B\230_7242_combined.png -1
2A\211_11519_combined.png 2B\230_7256_combined.png -1
2A\211_11495_combined.png 2B\230_7240_combined.png -1
2A\166_9031_combined.png 2B\230_7266_combined.png 1
2A\166_9027_combined.png 2B\238_7526_representative.png -1
2A\166_9023_combined.png 2B\238_7526_combined.png -1
2A\166_9037_combined.png 2B\230_7234_combined.png 1
2A\166_9051_combined.png 2B\238_7546_combined.png -1
2A\166_9057_combined.png 2B\230_7270_combined.png 1
2A\166_9035_combined.png 2B\238_7546_combined.png -1
2A\166_9039_combined.png 2B\230_7254_combined.png 1
2A\166_9059_combined.png 2B\238_7542_combined.png -1
2A\166_9029_combined.png 2B\238_7540_combined.png -1
2A\166_9019_combined.png 2B\238_7528_combined.png -1
2A\166_9059_combined.png 2B\238_7532_combined.png -1
2A\172_9369_combined.png 2B\238_7532_combined.png 1
2A\172_9357_representative.png 2B\305_9576_combined.png -1
2A\172_9379_combined.png 2B\305_9564_combined.png -1
2A\172_9361_combined.png 2B\238_7540_combined.png 1
2A\172_9369_combined.png 2B\305_9586_combined.png -1
2A\172_9365_combined.png 2B\238_7550_combined.png 1
2A\172_9369_combined.png 2B\305_9584_combined.png -1
2A\172_9355_combined.png 2B\238_7542_combined.png 1
2A\172_9375_combined.png 2B\305_9580_combined.png -1
2A\172_9383_combined.png 2B\305_9574_combined.png -1
2A\172_9371_combined.png 2B\305_9564_combined.png -1
2A\172_9369_combined.png 2B\305_9556_combined.png -1
2A\217_11911_combined.png 2B\305_9586_combined.png 1
2A\217_11953_combined.png 2B\311_9820_combined.png -1
2A\217_11939_combined.png 2B\311_9846_representative.png -1
2A\217_11921_combined.png 2B\305_9582_combined.png 1
2A\217_11949_combined.png 2B\311_9808_combined.png -1
2A\217_11937_combined.png 2B\305_9578_combined.png 1
2A\217_11923_combined.png 2B\311_9804_combined.png -1
2A\217_11931_combined.png 2B\305_9568_combined.png 1
2A\217_11925_combined.png 2B\311_9810_combined.png -1
2A\217_11929_combined.png 2B\311_9818_combined.png -1
2A\217_11947_combined.png 2B\311_9822_combined.png -1
2A\217_11943_combined.png 2B\311_9812_combined.png -1
2A\219_12261_combined.png 2B\311_9834_combined.png 1
2A\219_12217_combined.png 2B\269_8468_combined.png -1
2A\219_12223_combined.png 2B\269_8468_representative.png -1
2A\219_12263_combined.png 2B\311_9814_combined.png 1
2A\219_12265_combined.png 2B\269_8436_combined.png -1
2A\219_12261_combined.png 2B\311_9800_combined.png 1
2A\219_12241_combined.png 2B\269_8426_combined.png -1
2A\219_12255_combined.png 2B\311_9824_combined.png 1
2A\219_12221_combined.png 2B\269_8446_combined.png -1
2A\219_12215_combined.png 2B\269_8426_combined.png -1
2A\219_12229_combined.png 2B\269_8456_combined.png -1
2A\219_12231_combined.png 2B\269_8456_combined.png -1
2A\192_10515_combined.png 2B\269_8456_combined.png 1
2A\192_10517_combined.png 2B\219_7018_combined.png -1
2A\192_10537_combined.png 2B\219_7024_combined.png -1
2A\192_10537_combined.png 2B\269_8454_combined.png 1
2A\192_10529_combined.png 2B\219_7036_combined.png -1
2A\192_10519_combined.png 2B\269_8424_combined.png 1
2A\192_10511_combined.png 2B\219_7034_combined.png -1
2A\192_10501_combined.png 2B\269_8446_combined.png 1
2A\192_10491_combined.png 2B\219_7032_combined.png -1
2A\192_10549_combined.png 2B\219_7004_combined.png -1
2A\192_10535_combined.png 2B\219_7000_representative.png -1
2A\192_10533_combined.png 2B\219_7028_combined.png -1
2A\159_8731_combined.png 2B\219_7026_combined.png 1
2A\159_8703_combined.png 2B\72_3154_combined.png -1
2A\159_8701_combined.png 2B\72_3178_combined.png -1
2A\159_8701_combined.png 2B\219_7004_combined.png 1
2A\159_8705_combined.png 2B\72_3164_combined.png -1
2A\159_8711_combined.png 2B\219_7036_combined.png 1
2A\159_8713_combined.png 2B\72_3172_combined.png -1
2A\159_8735_combined.png 2B\219_7022_combined.png 1
2A\159_8693_combined.png 2B\72_3170_combined.png -1
2A\159_8703_combined.png 2B\72_3166_combined.png -1
2A\159_8737_combined.png 2B\72_3166_combined.png -1
2A\159_8697_combined.png 2B\72_3174_combined.png -1
2A\56_3935_combined.png 2B\72_3178_combined.png 1
2A\56_3927_combined.png 2B\288_8832_combined.png -1
2A\56_3951_combined.png 2B\288_8834_combined.png -1
2A\56_3937_combined.png 2B\72_3168_combined.png 1
2A\56_3921_combined.png 2B\288_8862_combined.png -1
2A\56_3929_combined.png 2B\72_3166_combined.png 1
2A\56_3937_combined.png 2B\288_8810_combined.png -1
2A\56_3945_combined.png 2B\72_3148_combined.png 1
2A\56_3925_combined.png 2B\288_8806_combined.png -1
2A\56_3931_combined.png 2B\288_8836_combined.png -1
2A\56_3951_combined.png 2B\288_8822_combined.png -1
2A\56_3949_combined.png 2B\288_8824_combined.png -1
2A\204_10989_combined.png 2B\288_8850_combined.png 1
2A\204_10991_combined.png 2B\28_2242_combined.png -1
2A\204_11027_combined.png 2B\28_2268_combined.png -1
2A\204_10999_combined.png 2B\288_8810_combined.png 1
2A\204_11039_combined.png 2B\28_2268_combined.png -1
2A\204_10995_combined.png 2B\288_8820_combined.png 1
2A\204_11011_combined.png 2B\28_2260_combined.png -1
2A\204_11011_combined.png 2B\288_8872_combined.png 1
2A\204_10987_combined.png 2B\28_2224_combined.png -1
2A\204_11005_combined.png 2B\28_2224_combined.png -1
2A\204_11027_combined.png 2B\28_2266_combined.png -1
2A\204_11049_combined.png 2B\28_2254_combined.png -1
2A\30_2759_combined.png 2B\28_2244_combined.png 1
2A\30_2777_combined.png 2B\255_8114_combined.png -1
2A\30_2777_combined.png 2B\255_8108_combined.png -1
2A\30_2783_combined.png 2B\28_2258_combined.png 1
2A\30_2799_combined.png 2B\255_8092_combined.png -1
2A\30_2791_combined.png 2B\28_2254_combined.png 1
2A\30_2787_combined.png 2B\255_8098_combined.png -1
2A\30_2769_combined.png 2B\28_2244_combined.png 1
2A\30_2771_combined.png 2B\255_8098_combined.png -1
2A\30_2801_combined.png 2B\255_8092_combined.png -1
2A\30_2801_representative.png 2B\255_8118_combined.png -1
2A\30_2787_combined.png 2B\255_8114_combined.png -1
2A\181_10073_combined.png 2B\255_8092_combined.png 1
2A\181_10091_combined.png 2B\111_4102_combined.png -1
2A\181_10097_combined.png 2B\111_4094_combined.png -1
2A\181_10087_combined.png 2B\255_8100_combined.png 1
2A\181_10069_combined.png 2B\111_4108_combined.png -1
2A\181_10075_combined.png 2B\255_8110_combined.png 1
2A\181_10061_combined.png 2B\111_4114_combined.png -1
2A\181_10085_combined.png 2B\255_8118_combined.png 1
2A\181_10077_combined.png 2B\111_4110_combined.png -1
2A\181_10067_combined.png 2B\111_4068_combined.png -1
2A\181_10087_combined.png 2B\111_4070_combined.png -1
2A\181_10095_combined.png 2B\111_4116_combined.png -1
2A\86_5057_combined.png 2B\111_4096_combined.png 1
2A\86_5055_combined.png 2B\220_7162_combined.png -1
2A\86_5073_combined.png 2B\220_7128_combined.png -1
2A\86_5063_combined.png 2B\111_4068_combined.png 1
2A\86_5105_combined.png 2B\220_7184_representative.png -1
2A\86_5107_combined.png 2B\111_4066_combined.png 1
2A\86_5055_combined.png 2B\220_7110_combined.png -1
2A\86_5059_combined.png 2B\111_4088_combined.png 1
2A\86_5071_combined.png 2B\220_7162_combined.png -1
2A\86_5085_combined.png 2B\220_7184_representative.png -1
2A\86_5095_combined.png 2B\220_7128_combined.png -1
2A\86_5081_combined.png 2B\220_7184_representative.png -1
2A\160_8917_combined.png 2B\220_7162_combined.png 1
2A\160_8871_combined.png 2B\100_3832_combined.png -1
2A\160_8917_combined.png 2B\100_3854_combined.png -1
2A\160_8875_combined.png 2B\220_7152_combined.png 1
2A\160_8911_combined.png 2B\100_3794_combined.png -1
2A\160_8897_combined.png 2B\220_7122_combined.png 1
2A\160_8913_combined.png 2B\100_3846_combined.png -1
2A\160_8941_representative.png 2B\220_7140_combined.png 1
2A\160_8867_combined.png 2B\100_3812_combined.png -1
2A\160_8883_combined.png 2B\100_3818_combined.png -1
2A\160_8937_combined.png 2B\100_3838_combined.png -1
2A\160_8905_combined.png 2B\100_3830_combined.png -1
2A\76_4763_combined.png 2B\100_3798_combined.png 1
2A\76_4771_combined.png 2B\140_4788_combined.png -1
2A\76_4721_combined.png 2B\140_4734_combined.png -1
2A\76_4743_combined.png 2B\100_3854_combined.png 1
2A\76_4715_combined.png 2B\140_4766_combined.png -1
2A\76_4755_combined.png 2B\100_3802_combined.png 1
2A\76_4777_combined.png 2B\140_4770_combined.png -1
2A\76_4741_combined.png 2B\100_3858_combined.png 1
2A\76_4775_combined.png 2B\140_4774_combined.png -1
2A\76_4779_combined.png 2B\140_4784_combined.png -1
2A\76_4725_combined.png 2B\140_4770_combined.png -1
2A\76_4723_combined.png 2B\140_4754_combined.png -1
2A\102_5921_combined.png 2B\140_4774_combined.png 1
2A\102_5891_combined.png 2B\143_4842_combined.png -1
2A\102_5949_combined.png 2B\143_4874_combined.png -1
2A\102_5941_combined.png 2B\140_4788_representative.png 1
2A\102_5903_combined.png 2B\143_4860_combined.png -1
2A\102_5905_combined.png 2B\140_4756_combined.png 1
2A\102_5909_combined.png 2B\143_4856_combined.png -1
2A\102_5887_combined.png 2B\140_4752_combined.png 1
2A\102_5939_combined.png 2B\143_4828_combined.png -1
2A\102_5919_combined.png 2B\143_4880_representative.png -1
2A\102_5945_combined.png 2B\143_4880_representative.png -1
2A\102_5921_combined.png 2B\143_4842_combined.png -1
2A\103_6019_combined.png 2B\143_4842_combined.png 1
2A\103_6059_combined.png 2B\104_3860_combined.png -1
2A\103_6039_combined.png 2B\104_3952_combined.png -1
2A\103_6033_combined.png 2B\143_4868_combined.png 1
2A\103_6025_combined.png 2B\104_3926_combined.png -1
2A\103_6047_combined.png 2B\143_4878_combined.png 1
2A\103_6025_combined.png 2B\104_3956_combined.png -1
2A\103_6011_combined.png 2B\143_4854_combined.png 1
2A\103_6041_combined.png 2B\104_3922_combined.png -1
2A\103_6055_combined.png 2B\104_3920_combined.png -1
2A\103_6047_combined.png 2B\104_3862_combined.png -1
2A\103_6041_combined.png 2B\104_3922_combined.png -1
2A\81_4833_combined.png 2B\104_3868_combined.png 1
2A\81_4825_combined.png 2B\97_3784_combined.png -1
2A\81_4849_combined.png 2B\97_3726_combined.png -1
2A\81_4831_combined.png 2B\104_3884_combined.png 1
2A\81_4859_combined.png 2B\97_3738_combined.png -1
2A\81_4871_combined.png 2B\104_3838_combined.png 1
2A\81_4839_combined.png 2B\97_3736_combined.png -1
2A\81_4917_combined.png 2B\104_3860_combined.png 1
2A\81_4923_combined.png 2B\97_3760_combined.png -1
2A\81_4861_combined.png 2B\97_3758_combined.png -1
2A\81_4905_combined.png 2B\97_3726_combined.png -1
2A\81_4887_combined.png 2B\97_3734_combined.png -1
2A\71_4621_combined.png 2B\97_3764_combined.png 1
2A\71_4641_combined.png 2B\57_2730_combined.png -1
2A\71_4613_combined.png 2B\57_2738_combined.png -1
2A\71_4675_combined.png 2B\97_3778_combined.png 1
2A\71_4615_combined.png 2B\57_2742_combined.png -1
2A\71_4613_combined.png 2B\97_3736_combined.png 1
2A\71_4633_combined.png 2B\57_2734_combined.png -1
2A\71_4693_combined.png 2B\97_3746_combined.png 1
2A\71_4611_combined.png 2B\57_2742_combined.png -1
2A\71_4671_combined.png 2B\57_2740_combined.png -1
2A\71_4633_combined.png 2B\57_2748_combined.png -1
2A\71_4691_combined.png 2B\57_2746_combined.png -1
2A\46_3369_combined.png 2B\57_2744_combined.png 1
2A\46_3391_combined.png 2B\23_2058_combined.png -1
2A\46_3381_combined.png 2B\23_2056_combined.png -1
2A\46_3363_combined.png 2B\57_2746_combined.png 1
2A\46_3377_combined.png 2B\23_2052_combined.png -1
2A\46_3379_combined.png 2B\57_2732_combined.png 1
2A\46_3375_combined.png 2B\23_2066_combined.png -1
2A\46_3363_combined.png 2B\57_2732_combined.png 1
2A\46_3395_combined.png 2B\23_2046_combined.png -1
2A\46_3379_combined.png 2B\23_2042_combined.png -1
2A\46_3361_combined.png 2B\23_2048_combined.png -1
2A\46_3375_combined.png 2B\23_2082_combined.png -1
2A\26_2559_combined.png 2B\23_2070_combined.png 1
2A\26_2521_combined.png 2B\250_7976_combined.png -1
2A\26_2557_combined.png 2B\250_7988_combined.png -1
2A\26_2553_combined.png 2B\23_2078_combined.png 1
2A\26_2549_combined.png 2B\250_7950_combined.png -1
2A\26_2515_combined.png 2B\23_2070_combined.png 1
2A\26_2535_combined.png 2B\250_7954_combined.png -1
2A\26_2515_combined.png 2B\23_2038_combined.png 1
2A\26_2553_combined.png 2B\250_7976_combined.png -1
2A\26_2551_combined.png 2B\250_7996_combined.png -1
2A\26_2563_combined.png 2B\250_7974_combined.png -1
2A\26_2555_combined.png 2B\250_7962_combined.png -1
2A\180_9969_combined.png 2B\250_7974_combined.png 1
2A\180_9921_combined.png 2B\247_7734_combined.png -1
2A\180_9941_combined.png 2B\247_7742_combined.png -1
2A\180_9921_combined.png 2B\250_7972_combined.png 1
2A\180_9925_combined.png 2B\247_7752_combined.png -1
2A\180_9933_combined.png 2B\250_7956_combined.png 1
2A\180_9931_combined.png 2B\247_7720_combined.png -1
2A\180_9921_combined.png 2B\250_7966_combined.png 1
2A\180_9935_combined.png 2B\247_7742_combined.png -1
2A\180_9947_combined.png 2B\247_7748_combined.png -1
2A\180_9939_combined.png 2B\247_7736_combined.png -1
2A\180_9967_combined.png 2B\247_7748_combined.png -1
2A\178_9603_combined.png 2B\247_7720_combined.png 1
2A\178_9605_combined.png 2B\161_5110_combined.png -1
2A\178_9595_combined.png 2B\161_5128_combined.png -1
2A\178_9611_combined.png 2B\247_7738_combined.png 1
2A\178_9595_combined.png 2B\161_5130_combined.png -1
2A\178_9629_combined.png 2B\247_7750_combined.png 1
2A\178_9635_combined.png 2B\161_5128_combined.png -1
2A\178_9635_combined.png 2B\247_7718_combined.png 1
2A\178_9609_combined.png 2B\161_5144_combined.png -1
2A\178_9599_combined.png 2B\161_5112_representative.png -1
2A\178_9625_combined.png 2B\161_5114_combined.png -1
2A\178_9633_combined.png 2B\161_5136_combined.png -1
2A\117_6357_combined.png 2B\161_5126_combined.png 1
2A\117_6363_combined.png 2B\74_3176_combined.png -1
2A\117_6367_combined.png 2B\74_3194_combined.png -1
2A\117_6357_combined.png 2B\161_5122_combined.png 1
2A\117_6361_combined.png 2B\74_3210_combined.png -1
2A\117_6361_combined.png 2B\161_5130_combined.png 1
2A\117_6359_combined.png 2B\74_3174_combined.png -1
2A\117_6343_combined.png 2B\161_5118_combined.png 1
2A\117_6349_combined.png 2B\74_3206_combined.png -1
2A\117_6363_combined.png 2B\74_3206_combined.png -1
2A\117_6347_combined.png 2B\74_3210_representative.png -1
2A\117_6363_combined.png 2B\74_3194_combined.png -1
2A\59_3949_combined.png 2B\74_3182_combined.png 1
2A\59_3939_combined.png 2B\308_9628_combined.png -1
2A\59_3961_combined.png 2B\308_9654_combined.png -1
2A\59_3967_combined.png 2B\74_3186_combined.png 1
2A\59_3963_combined.png 2B\308_9658_combined.png -1
2A\59_3947_combined.png 2B\74_3204_combined.png 1
2A\59_3955_combined.png 2B\308_9684_combined.png -1
2A\59_3949_combined.png 2B\74_3182_combined.png 1
2A\59_3965_combined.png 2B\308_9638_combined.png -1
2A\59_3959_combined.png 2B\308_9662_combined.png -1
2A\59_3973_combined.png 2B\308_9660_combined.png -1
2A\59_3959_combined.png 2B\308_9688_representative.png -1
2A\218_12057_combined.png 2B\308_9668_combined.png 1
2A\218_12033_combined.png 2B\293_9108_combined.png -1
2A\218_12009_combined.png 2B\293_9060_combined.png -1
2A\218_12045_combined.png 2B\308_9654_combined.png 1
2A\218_12009_combined.png 2B\293_9120_combined.png -1
2A\218_12065_combined.png 2B\308_9642_combined.png 1
2A\218_12021_combined.png 2B\293_9102_combined.png -1
2A\218_12019_combined.png 2B\308_9640_combined.png 1
2A\218_12027_combined.png 2B\293_9096_combined.png -1
2A\218_12063_combined.png 2B\293_9064_combined.png -1
2A\218_12063_combined.png 2B\293_9092_combined.png -1
2A\218_12043_combined.png 2B\293_9092_combined.png -1
2A\209_11323_combined.png 2B\293_9090_combined.png 1
2A\209_11321_combined.png 2B\35_2408_combined.png -1
2A\209_11321_combined.png 2B\35_2404_combined.png -1
2A\209_11299_combined.png 2B\293_9078_combined.png 1
2A\209_11331_combined.png 2B\35_2428_combined.png -1
2A\209_11303_combined.png 2B\293_9048_combined.png 1
2A\209_11339_combined.png 2B\35_2408_combined.png -1
2A\209_11319_combined.png 2B\293_9106_combined.png 1
2A\209_11339_combined.png 2B\35_2420_combined.png -1
2A\209_11293_combined.png 2B\35_2436_combined.png -1
2A\209_11311_combined.png 2B\35_2406_combined.png -1
2A\209_11319_combined.png 2B\35_2416_combined.png -1
2A\32_3003_combined.png 2B\35_2414_combined.png 1
2A\32_2985_combined.png 2B\165_5314_representative.png -1
2A\32_3005_combined.png 2B\165_5300_combined.png -1
2A\32_3001_combined.png 2B\35_2430_combined.png 1
2A\32_2999_combined.png 2B\165_5288_combined.png -1
2A\32_2977_combined.png 2B\35_2404_combined.png 1
2A\32_2971_combined.png 2B\165_5310_combined.png -1
2A\32_2969_combined.png 2B\35_2418_combined.png 1
2A\32_2983_combined.png 2B\165_5302_combined.png -1
2A\32_2971_combined.png 2B\165_5308_combined.png -1
2A\32_3011_representative.png 2B\165_5276_combined.png -1
2A\32_2987_combined.png 2B\165_5312_combined.png -1
2A\120_6607_combined.png 2B\165_5280_combined.png 1
2A\120_6595_combined.png 2B\292_9064_combined.png -1
2A\120_6603_combined.png 2B\292_9032_combined.png -1
2A\120_6601_combined.png 2B\165_5288_combined.png 1
2A\120_6597_combined.png 2B\292_9090_combined.png -1
2A\120_6589_combined.png 2B\165_5274_combined.png 1
2A\120_6607_combined.png 2B\292_9094_representative.png -1
2A\120_6573_combined.png 2B\165_5282_combined.png 1
2A\120_6597_combined.png 2B\292_9090_combined.png -1
2A\120_6577_combined.png 2B\292_9032_combined.png -1
2A\120_6607_combined.png 2B\292_9092_combined.png -1
2A\120_6585_combined.png 2B\292_9094_representative.png -1
2A\208_11281_combined.png 2B\292_9078_combined.png 1
2A\208_11329_representative.png 2B\160_5108_combined.png -1
2A\208_11311_combined.png 2B\160_5132_combined.png -1
2A\208_11299_combined.png 2B\292_9038_combined.png 1
2A\208_11319_combined.png 2B\160_5110_combined.png -1
2A\208_11285_combined.png 2B\292_9046_combined.png 1
2A\208_11297_combined.png 2B\160_5156_combined.png -1
2A\208_11297_combined.png 2B\292_9052_combined.png 1
2A\208_11309_combined.png 2B\160_5146_combined.png -1
2A\208_11307_combined.png 2B\160_5142_combined.png -1
2A\208_11323_combined.png 2B\160_5154_combined.png -1
2A\208_11323_combined.png 2B\160_5154_combined.png -1
2A\119_6409_combined.png 2B\160_5124_combined.png 1
2A\119_6365_combined.png 2B\141_4786_combined.png -1
2A\119_6367_combined.png 2B\141_4778_combined.png -1
2A\119_6367_combined.png 2B\160_5114_combined.png 1
2A\119_6365_combined.png 2B\141_4790_combined.png -1
2A\119_6399_combined.png 2B\160_5134_combined.png 1
2A\119_6395_combined.png 2B\141_4776_combined.png -1
2A\119_6373_combined.png 2B\160_5156_combined.png 1
2A\119_6411_combined.png 2B\141_4788_combined.png -1
2A\119_6395_combined.png 2B\141_4766_combined.png -1
2A\119_6391_combined.png 2B\141_4768_combined.png -1
2A\119_6373_combined.png 2B\141_4770_combined.png -1
2A\101_5879_combined.png 2B\141_4792_combined.png 1
2A\101_5957_combined.png 2B\118_4284_combined.png -1
2A\101_5957_combined.png 2B\118_4256_combined.png -1
2A\101_5879_combined.png 2B\141_4808_combined.png 1
2A\101_5895_combined.png 2B\118_4256_combined.png -1
2A\101_5947_combined.png 2B\141_4788_combined.png 1
2A\101_5943_combined.png 2B\118_4270_combined.png -1
2A\101_5877_combined.png 2B\141_4796_combined.png 1
2A\101_5885_combined.png 2B\118_4272_combined.png -1
2A\101_5937_combined.png 2B\118_4268_combined.png -1
2A\101_5933_combined.png 2B\118_4266_combined.png -1
2A\101_5923_combined.png 2B\118_4266_combined.png -1
2A\91_5319_combined.png 2B\118_4264_combined.png 1
2A\91_5281_combined.png 2B\151_5034_combined.png -1
2A\91_5303_combined.png 2B\151_5044_combined.png -1
2A\91_5257_combined.png 2B\118_4270_combined.png 1
2A\91_5275_combined.png 2B\151_5036_combined.png -1
2A\91_5285_combined.png 2B\118_4278_combined.png 1
2A\91_5265_combined.png 2B\151_5020_combined.png -1
2A\91_5309_combined.png 2B\118_4268_combined.png 1
2A\91_5263_combined.png 2B\151_5042_combined.png -1
2A\91_5311_combined.png 2B\151_5044_combined.png -1
2A\91_5259_combined.png 2B\151_5026_combined.png -1
2A\91_5271_combined.png 2B\151_5020_combined.png -1
2A\113_6273_combined.png 2B\151_5050_combined.png 1
2A\113_6289_combined.png 2B\64_2896_combined.png -1
2A\113_6269_combined.png 2B\64_2854_combined.png -1
2A\113_6245_combined.png 2B\151_5032_combined.png 1
2A\113_6273_combined.png 2B\64_2858_combined.png -1
2A\113_6281_combined.png 2B\151_5052_combined.png 1
2A\113_6255_combined.png 2B\64_2898_representative.png -1
2A\113_6283_combined.png 2B\151_5058_combined.png 1
2A\113_6265_combined.png 2B\64_2880_combined.png -1
2A\113_6249_combined.png 2B\64_2886_combined.png -1
2A\113_6287_combined.png 2B\64_2864_combined.png -1
2A\113_6257_combined.png 2B\64_2882_combined.png -1
2A\50_3511_combined.png 2B\64_2856_combined.png 1
2A\50_3513_combined.png 2B\62_2832_combined.png -1
2A\50_3507_combined.png 2B\62_2868_representative.png -1
2A\50_3521_combined.png 2B\64_2876_combined.png 1
2A\50_3525_combined.png 2B\62_2854_combined.png -1
2A\50_3589_combined.png 2B\64_2850_combined.png 1
2A\50_3575_combined.png 2B\62_2852_combined.png -1
2A\50_3575_combined.png 2B\64_2898_representative.png 1
2A\50_3493_combined.png 2B\62_2832_combined.png -1
2A\50_3501_combined.png 2B\62_2840_combined.png -1
2A\50_3497_combined.png 2B\62_2834_combined.png -1
2A\50_3505_combined.png 2B\62_2868_combined.png -1
2A\49_3527_combined.png 2B\62_2860_combined.png 1
2A\49_3547_combined.png 2B\103_3862_combined.png -1
2A\49_3525_combined.png 2B\103_3886_combined.png -1
2A\49_3515_combined.png 2B\62_2860_combined.png 1
2A\49_3531_combined.png 2B\103_3842_combined.png -1
2A\49_3539_combined.png 2B\62_2842_combined.png 1
2A\49_3513_combined.png 2B\103_3870_combined.png -1
2A\49_3549_combined.png 2B\62_2850_combined.png 1
2A\49_3471_combined.png 2B\103_3824_combined.png -1
2A\49_3529_combined.png 2B\103_3870_combined.png -1
2A\49_3525_combined.png 2B\103_3874_combined.png -1
2A\49_3485_combined.png 2B\103_3862_combined.png -1
2A\75_4709_combined.png 2B\103_3872_combined.png 1
2A\75_4733_combined.png 2B\229_7186_combined.png -1
2A\75_4749_combined.png 2B\229_7202_combined.png -1
2A\75_4727_combined.png 2B\103_3876_combined.png 1
2A\75_4761_combined.png 2B\229_7198_combined.png -1
2A\75_4783_combined.png 2B\103_3892_combined.png 1
2A\75_4725_combined.png 2B\229_7198_combined.png -1
2A\75_4731_combined.png 2B\103_3846_combined.png 1
2A\75_4795_combined.png 2B\229_7216_combined.png -1
2A\75_4779_combined.png 2B\229_7190_combined.png -1
2A\75_4769_combined.png 2B\229_7234_combined.png -1
2A\75_4743_combined.png 2B\229_7178_combined.png -1
2A\162_8911_combined.png 2B\229_7202_combined.png 1
2A\162_8985_combined.png 2B\15_1914_combined.png -1
2A\162_8921_combined.png 2B\15_1912_combined.png -1
2A\162_8909_combined.png 2B\229_7196_combined.png 1
2A\162_8917_combined.png 2B\15_1914_combined.png -1
2A\162_8897_combined.png 2B\229_7194_combined.png 1
2A\162_8949_combined.png 2B\15_1906_combined.png -1
2A\162_8961_combined.png 2B\229_7234_combined.png 1
2A\162_8931_combined.png 2B\15_1902_combined.png -1
2A\162_8965_combined.png 2B\15_1918_combined.png -1
2A\162_8923_combined.png 2B\15_1898_combined.png -1
2A\162_8895_combined.png 2B\15_1914_combined.png -1
2A\21_2317_combined.png 2B\15_1920_combined.png 1
2A\21_2343_combined.png 2B\154_5052_combined.png -1
2A\21_2325_combined.png 2B\154_5030_representative.png -1
2A\21_2337_combined.png 2B\15_1898_combined.png 1
2A\21_2331_combined.png 2B\154_5038_combined.png -1
2A\21_2335_combined.png 2B\15_1912_combined.png 1
2A\21_2339_combined.png 2B\154_5058_combined.png -1
2A\21_2343_combined.png 2B\15_1898_combined.png 1
2A\21_2329_combined.png 2B\154_5030_combined.png -1
2A\21_2335_combined.png 2B\154_5058_combined.png -1
2A\21_2335_combined.png 2B\154_5050_combined.png -1
2A\21_2347_combined.png 2B\154_5060_combined.png -1
2A\112_6243_combined.png 2B\154_5058_combined.png 1
2A\112_6265_combined.png 2B\73_3180_combined.png -1
2A\112_6255_combined.png 2B\73_3174_combined.png -1
2A\112_6259_combined.png 2B\154_5046_combined.png 1
2A\112_6261_combined.png 2B\73_3176_combined.png -1
2A\112_6263_combined.png 2B\154_5058_combined.png 1
2A\112_6237_combined.png 2B\73_3196_combined.png -1
2A\112_6257_combined.png 2B\154_5032_combined.png 1
2A\112_6263_combined.png 2B\73_3166_combined.png -1
2A\112_6245_combined.png 2B\73_3184_combined.png -1
2A\112_6259_combined.png 2B\73_3166_combined.png -1
2A\112_6237_combined.png 2B\73_3170_combined.png -1
2A\57_3933_combined.png 2B\73_3192_combined.png 1
2A\57_3927_combined.png 2B\218_6814_combined.png -1
2A\57_3903_combined.png 2B\218_6828_combined.png -1
2A\57_3927_combined.png 2B\73_3186_combined.png 1
2A\57_3931_combined.png 2B\218_6826_combined.png -1
2A\57_3927_combined.png 2B\73_3186_combined.png 1
2A\57_3933_combined.png 2B\218_6812_combined.png -1
2A\57_3937_combined.png 2B\73_3168_representative.png 1
2A\57_3927_combined.png 2B\218_6826_combined.png -1
2A\57_3917_combined.png 2B\218_6812_combined.png -1
2A\57_3937_combined.png 2B\218_6818_combined.png -1
2A\57_3913_combined.png 2B\218_6808_combined.png -1
2A\158_8463_combined.png 2B\218_6836_combined.png 1
2A\158_8475_combined.png 2B\149_5036_combined.png -1
2A\158_8459_combined.png 2B\149_4976_combined.png -1
2A\158_8449_combined.png 2B\218_6818_combined.png 1
2A\158_8479_combined.png 2B\149_5060_combined.png -1
2A\158_8461_combined.png 2B\218_6834_combined.png 1
2A\158_8469_combined.png 2B\149_4964_combined.png -1
2A\158_8459_combined.png 2B\218_6830_combined.png 1
2A\158_8447_combined.png 2B\149_5074_combined.png -1
2A\158_8449_combined.png 2B\149_5036_combined.png -1
2A\158_8439_representative.png 2B\149_5040_combined.png -1
2A\158_8459_combined.png 2B\149_4958_combined.png -1
2A\106_6121_combined.png 2B\149_5046_combined.png 1
2A\106_6279_combined.png 2B\27_2258_combined.png -1
2A\106_6175_combined.png 2B\27_2216_combined.png -1
2A\106_6233_combined.png 2B\149_5018_combined.png 1
2A\106_6255_combined.png 2B\27_2232_combined.png -1
2A\106_6143_combined.png 2B\149_5010_combined.png 1
2A\106_6203_combined.png 2B\27_2214_combined.png -1
2A\106_6275_combined.png 2B\149_5064_combined.png 1
2A\106_6183_combined.png 2B\27_2238_combined.png -1
2A\106_6143_combined.png 2B\27_2224_combined.png -1
2A\106_6181_combined.png 2B\27_2222_combined.png -1
2A\106_6277_combined.png 2B\27_2236_combined.png -1
2A\29_2745_combined.png 2B\27_2266_representative.png 1
2A\29_2755_combined.png 2B\264_8388_combined.png -1
2A\29_2749_combined.png 2B\264_8418_combined.png -1
2A\29_2779_combined.png 2B\27_2250_combined.png 1
2A\29_2783_combined.png 2B\264_8388_combined.png -1
2A\29_2777_combined.png 2B\27_2250_combined.png 1
2A\29_2767_combined.png 2B\264_8426_combined.png -1
2A\29_2753_combined.png 2B\27_2240_combined.png 1
2A\29_2759_combined.png 2B\264_8388_combined.png -1
2A\29_2791_combined.png 2B\264_8386_combined.png -1
2A\29_2745_combined.png 2B\264_8424_combined.png -1
2A\29_2769_combined.png 2B\264_8428_combined.png -1
2A\189_10443_combined.png 2B\264_8394_combined.png 1
2A\189_10433_combined.png 2B\26_2238_combined.png -1
2A\189_10455_combined.png 2B\26_2228_combined.png -1
2A\189_10435_combined.png 2B\264_8422_combined.png 1
2A\189_10469_combined.png 2B\26_2202_combined.png -1
2A\189_10471_combined.png 2B\264_8428_combined.png 1
2A\189_10473_combined.png 2B\26_2218_combined.png -1
2A\189_10451_combined.png 2B\264_8416_combined.png 1
2A\189_10475_combined.png 2B\26_2204_combined.png -1
2A\189_10473_combined.png 2B\26_2222_combined.png -1
2A\189_10449_combined.png 2B\26_2208_combined.png -1
2A\189_10439_combined.png 2B\26_2220_combined.png -1
2A\27_2749_combined.png 2B\26_2232_combined.png 1
2A\27_2725_combined.png 2B\243_7750_combined.png -1
2A\27_2761_combined.png 2B\243_7726_combined.png -1
2A\27_2759_combined.png 2B\26_2236_combined.png 1
2A\27_2735_combined.png 2B\243_7728_combined.png -1
2A\27_2759_combined.png 2B\26_2236_combined.png 1
2A\27_2765_combined.png 2B\243_7766_combined.png -1
2A\27_2749_combined.png 2B\26_2202_combined.png 1
2A\27_2763_combined.png 2B\243_7728_combined.png -1
2A\27_2755_combined.png 2B\243_7704_combined.png -1
2A\27_2725_combined.png 2B\243_7738_combined.png -1
2A\27_2747_combined.png 2B\243_7720_combined.png -1
2A\179_9633_combined.png 2B\243_7746_combined.png 1
2A\179_9637_combined.png 2B\260_8336_combined.png -1
2A\179_9671_combined.png 2B\260_8312_combined.png -1
2A\179_9627_combined.png 2B\243_7756_combined.png 1
2A\179_9641_combined.png 2B\260_8330_combined.png -1
2A\179_9607_combined.png 2B\243_7722_combined.png 1
2A\179_9631_combined.png 2B\260_8294_combined.png -1
2A\179_9671_representative.png 2B\243_7712_combined.png 1
2A\179_9625_combined.png 2B\260_8326_combined.png -1
2A\179_9619_combined.png 2B\260_8290_combined.png -1
2A\179_9659_combined.png 2B\260_8328_combined.png -1
2A\179_9607_combined.png 2B\260_8306_combined.png -1
2A\186_10313_combined.png 2B\260_8292_combined.png 1
2A\186_10323_combined.png 2B\114_4142_combined.png -1
2A\186_10337_combined.png 2B\114_4132_combined.png -1
2A\186_10319_combined.png 2B\260_8314_combined.png 1
2A\186_10347_combined.png 2B\114_4096_combined.png -1
2A\186_10331_combined.png 2B\260_8298_combined.png 1
2A\186_10339_combined.png 2B\114_4112_combined.png -1
2A\186_10313_representative.png 2B\260_8300_combined.png 1
2A\186_10343_combined.png 2B\114_4104_combined.png -1
2A\186_10353_combined.png 2B\114_4136_combined.png -1
2A\186_10331_combined.png 2B\114_4134_combined.png -1
2A\186_10313_combined.png 2B\114_4122_combined.png -1
2A\89_5133_combined.png 2B\114_4110_combined.png 1
2A\89_5103_combined.png 2B\41_2524_combined.png -1
2A\89_5139_representative.png 2B\41_2520_combined.png -1
2A\89_5093_combined.png 2B\114_4104_combined.png 1
2A\89_5121_combined.png 2B\41_2518_combined.png -1
2A\89_5135_combined.png 2B\114_4120_combined.png 1
2A\89_5127_combined.png 2B\41_2512_combined.png -1
2A\89_5139_representative.png 2B\114_4144_combined.png 1
2A\89_5137_combined.png 2B\41_2494_combined.png -1
2A\89_5135_combined.png 2B\41_2510_combined.png -1
2A\89_5133_combined.png 2B\41_2496_representative.png -1
2A\89_5131_combined.png 2B\41_2522_combined.png -1
2A\33_3069_combined.png 2B\41_2518_combined.png 1
2A\33_3079_combined.png 2B\84_3328_combined.png -1
2A\33_3061_combined.png 2B\84_3328_combined.png -1
2A\33_3075_combined.png 2B\41_2502_combined.png 1
2A\33_3057_combined.png 2B\84_3338_combined.png -1
2A\33_3059_combined.png 2B\41_2518_combined.png 1
2A\33_3083_combined.png 2B\84_3320_combined.png -1
2A\33_3093_combined.png 2B\41_2510_combined.png 1
2A\33_3057_combined.png 2B\84_3308_combined.png -1
2A\33_3077_combined.png 2B\84_3346_combined.png -1
2A\33_3073_combined.png 2B\84_3322_combined.png -1
2A\33_3059_combined.png 2B\84_3334_combined.png -1
2A\62_4077_combined.png 2B\84_3344_combined.png 1
2A\62_4095_combined.png 2B\8_1844_combined.png -1
2A\62_4073_combined.png 2B\8_1852_combined.png -1
2A\62_4093_combined.png 2B\84_3348_combined.png 1
2A\62_4081_combined.png 2B\8_1868_combined.png -1
2A\62_4083_combined.png 2B\84_3346_combined.png 1
2A\62_4075_representative.png 2B\8_1872_combined.png -1
2A\62_4093_combined.png 2B\84_3338_combined.png 1
2A\62_4075_combined.png 2B\8_1852_combined.png -1
2A\62_4075_representative.png 2B\8_1856_combined.png -1
2A\62_4077_combined.png 2B\8_1842_combined.png -1
2A\62_4073_combined.png 2B\8_1866_combined.png -1
2A\19_2293_combined.png 2B\8_1842_combined.png 1
2A\19_2291_combined.png 2B\133_4618_combined.png -1
2A\19_2301_combined.png 2B\133_4630_combined.png -1
2A\19_2305_combined.png 2B\8_1850_combined.png 1
2A\19_2283_combined.png 2B\133_4608_combined.png -1
2A\19_2311_combined.png 2B\8_1868_combined.png 1
2A\19_2285_combined.png 2B\133_4606_combined.png -1
2A\19_2297_combined.png 2B\8_1874_combined.png 1
2A\19_2287_combined.png 2B\133_4630_combined.png -1
2A\19_2279_combined.png 2B\133_4614_combined.png -1
2A\19_2299_combined.png 2B\133_4604_combined.png -1
2A\19_2283_combined.png 2B\133_4612_combined.png -1
2A\99_5729_combined.png 2B\133_4598_combined.png 1
2A\99_5759_combined.png 2B\187_5898_combined.png -1
2A\99_5761_representative.png 2B\187_5926_combined.png -1
2A\99_5747_combined.png 2B\133_4628_combined.png 1
2A\99_5761_combined.png 2B\187_5920_combined.png -1
2A\99_5735_combined.png 2B\133_4622_combined.png 1
2A\99_5743_combined.png 2B\187_5902_combined.png -1
2A\99_5751_combined.png 2B\133_4606_combined.png 1
2A\99_5759_combined.png 2B\187_5938_combined.png -1
2A\99_5755_combined.png 2B\187_5946_combined.png -1
2A\99_5761_combined.png 2B\187_5924_combined.png -1
2A\99_5745_combined.png 2B\187_5950_representative.png -1
2A\139_7381_combined.png 2B\187_5912_combined.png 1
2A\139_7349_combined.png 2B\127_4432_combined.png -1
2A\139_7361_combined.png 2B\127_4452_combined.png -1
2A\139_7349_combined.png 2B\187_5922_combined.png 1
2A\139_7365_combined.png 2B\127_4436_combined.png -1
2A\139_7361_combined.png 2B\187_5942_combined.png 1
2A\139_7353_combined.png 2B\127_4424_combined.png -1
2A\139_7381_combined.png 2B\187_5920_combined.png 1
2A\139_7399_combined.png 2B\127_4446_combined.png -1
2A\139_7395_combined.png 2B\127_4414_combined.png -1
2A\139_7377_combined.png 2B\127_4448_combined.png -1
2A\139_7389_combined.png 2B\127_4428_combined.png -1
2A\97_5521_combined.png 2B\127_4452_combined.png 1
2A\97_5503_combined.png 2B\105_3920_combined.png -1
2A\97_5549_representative.png 2B\105_3936_combined.png -1
2A\97_5535_combined.png 2B\127_4432_combined.png 1
2A\97_5547_combined.png 2B\105_3936_combined.png -1
2A\97_5507_combined.png 2B\127_4462_combined.png 1
2A\97_5531_combined.png 2B\105_3928_combined.png -1
2A\97_5499_combined.png 2B\127_4460_combined.png 1
2A\97_5543_combined.png 2B\105_3910_combined.png -1
2A\97_5519_combined.png 2B\105_3924_combined.png -1
2A\97_5549_representative.png 2B\105_3922_combined.png -1
2A\97_5505_combined.png 2B\105_3908_combined.png -1
2A\83_4883_combined.png 2B\105_3936_combined.png 1
2A\83_4871_combined.png 2B\75_3192_combined.png -1
2A\83_4881_combined.png 2B\75_3190_combined.png -1
2A\83_4863_combined.png 2B\105_3934_combined.png 1
2A\83_4865_combined.png 2B\75_3218_combined.png -1
2A\83_4853_combined.png 2B\105_3938_representative.png 1
2A\83_4855_combined.png 2B\75_3216_combined.png -1
2A\83_4871_combined.png 2B\105_3914_combined.png 1
2A\83_4863_combined.png 2B\75_3220_combined.png -1
2A\83_4883_combined.png 2B\75_3194_combined.png -1
2A\83_4877_combined.png 2B\75_3186_representative.png -1
2A\83_4883_representative.png 2B\75_3200_combined.png -1
2A\58_3937_combined.png 2B\75_3186_combined.png 1
2A\58_3953_combined.png 2B\83_3328_combined.png -1
2A\58_3929_combined.png 2B\83_3296_combined.png -1
2A\58_3953_combined.png 2B\75_3188_combined.png 1
2A\58_3941_combined.png 2B\83_3284_combined.png -1
2A\58_3957_combined.png 2B\75_3214_combined.png 1
2A\58_3937_combined.png 2B\83_3306_combined.png -1
2A\58_3945_combined.png 2B\75_3186_combined.png 1
2A\58_3927_combined.png 2B\83_3310_combined.png -1
2A\58_3933_combined.png 2B\83_3326_combined.png -1
2A\58_3947_combined.png 2B\83_3296_combined.png -1
2A\58_3941_combined.png 2B\83_3286_combined.png -1
2A\61_4095_combined.png 2B\83_3330_combined.png 1
2A\61_4099_combined.png 2B\174_5534_combined.png -1
2A\61_4081_combined.png 2B\174_5548_combined.png -1
2A\61_4123_combined.png 2B\83_3282_combined.png 1
2A\61_4131_representative.png 2B\174_5546_combined.png -1
2A\61_4121_combined.png 2B\83_3278_combined.png 1
2A\61_4077_combined.png 2B\174_5552_combined.png -1
2A\61_4071_combined.png 2B\83_3336_representative.png 1
2A\61_4081_combined.png 2B\174_5520_combined.png -1
2A\61_4083_combined.png 2B\174_5532_combined.png -1
2A\61_4101_combined.png 2B\174_5512_combined.png -1
2A\61_4077_combined.png 2B\174_5554_combined.png -1
2A\126_6867_combined.png 2B\174_5542_combined.png 1
2A\126_6835_combined.png 2B\261_8376_combined.png -1
2A\126_6871_combined.png 2B\261_8344_combined.png -1
2A\126_6861_combined.png 2B\174_5506_representative.png 1
2A\126_6825_combined.png 2B\261_8378_combined.png -1
2A\126_6863_combined.png 2B\174_5532_combined.png 1
2A\126_6855_combined.png 2B\261_8386_combined.png -1
2A\126_6865_combined.png 2B\174_5542_combined.png 1
2A\126_6855_combined.png 2B\261_8362_combined.png -1
2A\126_6847_combined.png 2B\261_8378_combined.png -1
2A\126_6865_combined.png 2B\261_8384_combined.png -1
2A\126_6845_combined.png 2B\261_8386_representative.png -1
2A\187_10387_combined.png 2B\261_8380_combined.png 1
2A\187_10391_combined.png 2B\175_5552_combined.png -1
2A\187_10395_combined.png 2B\175_5568_combined.png -1
2A\187_10417_combined.png 2B\261_8350_combined.png 1
2A\187_10407_combined.png 2B\175_5582_combined.png -1
2A\187_10383_combined.png 2B\261_8372_combined.png 1
2A\187_10407_combined.png 2B\175_5526_combined.png -1
2A\187_10397_combined.png 2B\261_8364_combined.png 1
2A\187_10405_combined.png 2B\175_5526_combined.png -1
2A\187_10405_combined.png 2B\175_5586_combined.png -1
2A\187_10383_combined.png 2B\175_5568_combined.png -1
2A\187_10385_combined.png 2B\175_5550_combined.png -1
2A\128_6951_combined.png 2B\175_5582_combined.png 1
2A\128_6945_combined.png 2B\4_1828_combined.png -1
2A\128_6935_combined.png 2B\4_1874_combined.png -1
2A\128_6927_combined.png 2B\175_5546_combined.png 1
2A\128_6921_combined.png 2B\4_1844_combined.png -1
2A\128_6935_combined.png 2B\175_5592_combined.png 1
2A\128_6963_combined.png 2B\4_1830_combined.png -1
2A\128_6963_combined.png 2B\175_5586_combined.png 1
2A\128_6937_combined.png 2B\4_1842_combined.png -1
2A\128_6939_combined.png 2B\4_1844_combined.png -1
2A\128_6963_representative.png 2B\4_1814_combined.png -1
2A\128_6921_combined.png 2B\4_1834_combined.png -1
2A\16_2213_combined.png 2B\4_1824_combined.png 1
2A\16_2231_combined.png 2B\302_9378_combined.png -1
2A\16_2239_combined.png 2B\302_9388_combined.png -1
2A\16_2201_combined.png 2B\4_1806_combined.png 1
2A\16_2215_combined.png 2B\302_9414_combined.png -1
2A\16_2245_combined.png 2B\4_1820_combined.png 1
2A\16_2199_combined.png 2B\302_9408_combined.png -1
2A\16_2227_combined.png 2B\4_1832_combined.png 1
2A\16_2213_combined.png 2B\302_9420_combined.png -1
2A\16_2221_combined.png 2B\302_9384_combined.png -1
2A\16_2247_combined.png 2B\302_9400_combined.png -1
2A\16_2201_combined.png 2B\302_9396_combined.png -1
