1A\10_2391_combined.png 1B\2_1966_combined.png 1
1A\10_2377_combined.png 1B\203_8292_combined.png -1
1A\10_2387_combined.png 1B\203_8250_combined.png -1
1A\10_2379_combined.png 1B\2_1946_combined.png 1
1A\10_2395_combined.png 1B\203_8294_representative.png -1
1A\10_2377_combined.png 1B\203_8294_representative.png -1
1A\10_2395_combined.png 1B\2_1944_combined.png 1
1A\10_2391_combined.png 1B\203_8252_combined.png -1
1A\10_2381_combined.png 1B\203_8292_combined.png -1
1A\10_2391_combined.png 1B\2_1970_combined.png 1
1A\10_2389_combined.png 1B\203_8246_combined.png -1
1A\10_2393_combined.png 1B\203_8294_combined.png -1
1A\10_2389_combined.png 1B\2_1958_combined.png 1
1A\10_2391_combined.png 1B\203_8266_combined.png -1
1A\10_2377_combined.png 1B\203_8282_combined.png -1
1A\10_2375_combined.png 1B\2_1932_combined.png 1
1A\10_2377_combined.png 1B\203_8288_combined.png -1
1A\10_2389_combined.png 1B\203_8262_combined.png -1
1A\152_10327_combined.png 1B\203_8246_combined.png 1
1A\152_10295_combined.png 1B\114_5794_combined.png -1
1A\152_10315_combined.png 1B\114_5822_combined.png -1
1A\152_10277_combined.png 1B\203_8270_combined.png 1
1A\152_10295_combined.png 1B\114_5810_combined.png -1
1A\152_10311_combined.png 1B\114_5820_combined.png -1
1A\152_10283_combined.png 1B\203_8280_combined.png 1
1A\152_10307_combined.png 1B\114_5780_combined.png -1
1A\152_10273_combined.png 1B\114_5800_combined.png -1
1A\152_10327_combined.png 1B\203_8262_combined.png 1
1A\152_10303_combined.png 1B\114_5784_combined.png -1
1A\152_10315_combined.png 1B\114_5786_combined.png -1
1A\152_10299_combined.png 1B\203_8282_combined.png 1
1A\152_10323_combined.png 1B\114_5832_combined.png -1
1A\152_10301_combined.png 1B\114_5778_combined.png -1
1A\152_10275_combined.png 1B\203_8258_combined.png 1
1A\152_10319_combined.png 1B\114_5786_combined.png -1
1A\152_10319_combined.png 1B\114_5784_combined.png -1
1A\88_7189_combined.png 1B\114_5792_combined.png 1
1A\88_7145_combined.png 1B\72_4136_combined.png -1
1A\88_7171_combined.png 1B\72_4150_combined.png -1
1A\88_7155_combined.png 1B\114_5824_combined.png 1
1A\88_7169_combined.png 1B\72_4154_combined.png -1
1A\88_7189_combined.png 1B\72_4138_combined.png -1
1A\88_7179_combined.png 1B\114_5820_combined.png 1
1A\88_7157_combined.png 1B\72_4156_combined.png -1
1A\88_7139_representative.png 1B\72_4124_combined.png -1
1A\88_7165_combined.png 1B\114_5820_combined.png 1
1A\88_7191_combined.png 1B\72_4128_combined.png -1
1A\88_7169_combined.png 1B\72_4150_combined.png -1
1A\88_7137_combined.png 1B\114_5790_combined.png 1
1A\88_7143_combined.png 1B\72_4168_combined.png -1
1A\88_7153_combined.png 1B\72_4152_combined.png -1
1A\88_7143_combined.png 1B\114_5808_combined.png 1
1A\88_7149_combined.png 1B\72_4160_combined.png -1
1A\88_7175_combined.png 1B\72_4166_combined.png -1
1A\60_5151_combined.png 1B\72_4126_combined.png 1
1A\60_5141_combined.png 1B\181_7394_combined.png -1
1A\60_5137_combined.png 1B\181_7390_combined.png -1
1A\60_5155_combined.png 1B\72_4178_representative.png 1
1A\60_5133_combined.png 1B\181_7368_combined.png -1
1A\60_5135_combined.png 1B\181_7396_combined.png -1
1A\60_5131_combined.png 1B\72_4168_combined.png 1
1A\60_5167_combined.png 1B\181_7392_combined.png -1
1A\60_5133_combined.png 1B\181_7366_combined.png -1
1A\60_5141_combined.png 1B\72_4170_combined.png 1
1A\60_5149_combined.png 1B\181_7394_combined.png -1
1A\60_5139_combined.png 1B\181_7360_combined.png -1
1A\60_5137_combined.png 1B\72_4130_combined.png 1
1A\60_5169_combined.png 1B\181_7376_combined.png -1
1A\60_5155_combined.png 1B\181_7352_combined.png -1
1A\60_5169_combined.png 1B\72_4158_combined.png 1
1A\60_5147_combined.png 1B\181_7372_combined.png -1
1A\60_5149_combined.png 1B\181_7350_representative.png -1
1A\132_9135_combined.png 1B\181_7352_combined.png 1
1A\132_9131_combined.png 1B\85_4706_combined.png -1
1A\132_9147_combined.png 1B\85_4696_combined.png -1
1A\132_9179_combined.png 1B\181_7396_combined.png 1
1A\132_9151_combined.png 1B\85_4722_combined.png -1
1A\132_9141_combined.png 1B\85_4746_combined.png -1
1A\132_9143_combined.png 1B\181_7352_combined.png 1
1A\132_9171_combined.png 1B\85_4716_combined.png -1
1A\132_9135_combined.png 1B\85_4716_combined.png -1
1A\132_9125_combined.png 1B\181_7352_combined.png 1
1A\132_9183_combined.png 1B\85_4748_combined.png -1
1A\132_9157_combined.png 1B\85_4696_combined.png -1
1A\132_9133_combined.png 1B\181_7364_combined.png 1
1A\132_9173_combined.png 1B\85_4694_combined.png -1
1A\132_9123_combined.png 1B\85_4702_combined.png -1
1A\132_9163_combined.png 1B\181_7384_combined.png 1
1A\132_9149_combined.png 1B\85_4724_combined.png -1
1A\132_9139_combined.png 1B\85_4736_combined.png -1
1A\68_5805_combined.png 1B\85_4732_combined.png 1
1A\68_5803_combined.png 1B\51_3410_combined.png -1
1A\68_5833_combined.png 1B\51_3422_combined.png -1
1A\68_5797_representative.png 1B\85_4746_combined.png 1
1A\68_5841_combined.png 1B\51_3414_combined.png -1
1A\68_5819_combined.png 1B\51_3412_combined.png -1
1A\68_5811_combined.png 1B\85_4722_combined.png 1
1A\68_5825_combined.png 1B\51_3422_combined.png -1
1A\68_5843_combined.png 1B\51_3418_combined.png -1
1A\68_5817_combined.png 1B\85_4740_combined.png 1
